{"contracts/base/Factory.sol":{"l":{"11":163,"15":163,"19":0,"27":58,"29":57},"path":"/Users/vuquangthinh/Documents/untangled.finance/untangled-protocol-open/contracts/base/Factory.sol","s":{"1":163,"2":58,"3":57},"b":{"1":[163,0],"2":[163,0]},"f":{"1":163,"2":163,"3":0,"4":58},"fnMap":{"1":{"name":"__Factory__init","line":10,"loc":{"start":{"line":10,"column":4},"end":{"line":12,"column":4}}},"2":{"name":"__Factory__init_unchained","line":14,"loc":{"start":{"line":14,"column":4},"end":{"line":16,"column":4}}},"3":{"name":"_setFactoryAdmin","line":18,"loc":{"start":{"line":18,"column":4},"end":{"line":20,"column":4}}},"4":{"name":"_deployInstance","line":26,"loc":{"start":{"line":26,"column":4},"end":{"line":30,"column":4}}}},"statementMap":{"1":{"start":{"line":11,"column":8},"end":{"line":11,"column":47}},"2":{"start":{"line":27,"column":8},"end":{"line":27,"column":114}},"3":{"start":{"line":29,"column":8},"end":{"line":29,"column":29}}},"branchMap":{"1":{"line":10,"type":"if","locations":[{"start":{"line":10,"column":61},"end":{"line":10,"column":61}},{"start":{"line":10,"column":61},"end":{"line":10,"column":61}}]},"2":{"line":14,"type":"if","locations":[{"start":{"line":14,"column":71},"end":{"line":14,"column":71}},{"start":{"line":14,"column":71},"end":{"line":14,"column":71}}]}}},"contracts/base/IPauseable.sol":{"l":{},"path":"/Users/vuquangthinh/Documents/untangled.finance/untangled-protocol-open/contracts/base/IPauseable.sol","s":{},"b":{},"f":{},"fnMap":{},"statementMap":{},"branchMap":{}},"contracts/base/UntangledBase.sol":{"l":{"27":328,"31":328,"32":328,"36":557,"37":557,"38":557,"39":557,"43":694,"45":694,"46":694,"48":694,"52":1,"56":1,"60":1},"path":"/Users/vuquangthinh/Documents/untangled.finance/untangled-protocol-open/contracts/base/UntangledBase.sol","s":{"1":328,"2":328,"3":557,"4":557,"5":557,"6":557,"7":694,"8":694,"9":694,"10":694,"11":1,"12":1,"13":1},"b":{"1":[328,0],"2":[557,0],"3":[694,0],"4":[0,694],"5":[1,0],"6":[1,0],"7":[1,0]},"f":{"1":328,"2":328,"3":557,"4":694,"5":1,"6":1,"7":1},"fnMap":{"1":{"name":"isAdmin","line":26,"loc":{"start":{"line":26,"column":4},"end":{"line":28,"column":4}}},"2":{"name":"onlyAdmin","line":30,"loc":{"start":{"line":30,"column":4},"end":{"line":33,"column":4}}},"3":{"name":"__UntangledBase__init","line":35,"loc":{"start":{"line":35,"column":4},"end":{"line":40,"column":4}}},"4":{"name":"__UntangledBase__init_unchained","line":42,"loc":{"start":{"line":42,"column":4},"end":{"line":49,"column":4}}},"5":{"name":"pause","line":51,"loc":{"start":{"line":51,"column":4},"end":{"line":53,"column":4}}},"6":{"name":"unpause","line":55,"loc":{"start":{"line":55,"column":4},"end":{"line":57,"column":4}}},"7":{"name":"setRoleAdmin","line":59,"loc":{"start":{"line":59,"column":4},"end":{"line":61,"column":4}}}},"statementMap":{"1":{"start":{"line":27,"column":8},"end":{"line":27,"column":48}},"2":{"start":{"line":31,"column":8},"end":{"line":31,"column":87}},"3":{"start":{"line":36,"column":8},"end":{"line":36,"column":34}},"4":{"start":{"line":37,"column":8},"end":{"line":37,"column":41}},"5":{"start":{"line":38,"column":8},"end":{"line":38,"column":49}},"6":{"start":{"line":39,"column":8},"end":{"line":39,"column":45}},"7":{"start":{"line":43,"column":8},"end":{"line":43,"column":53}},"8":{"start":{"line":45,"column":8},"end":{"line":45,"column":51}},"9":{"start":{"line":46,"column":8},"end":{"line":46,"column":36}},"10":{"start":{"line":48,"column":8},"end":{"line":48,"column":44}},"11":{"start":{"line":52,"column":8},"end":{"line":52,"column":15}},"12":{"start":{"line":56,"column":8},"end":{"line":56,"column":17}},"13":{"start":{"line":60,"column":8},"end":{"line":60,"column":37}}},"branchMap":{"1":{"line":31,"type":"if","locations":[{"start":{"line":31,"column":8},"end":{"line":31,"column":8}},{"start":{"line":31,"column":8},"end":{"line":31,"column":8}}]},"2":{"line":35,"type":"if","locations":[{"start":{"line":35,"column":59},"end":{"line":35,"column":59}},{"start":{"line":35,"column":59},"end":{"line":35,"column":59}}]},"3":{"line":42,"type":"if","locations":[{"start":{"line":42,"column":69},"end":{"line":42,"column":69}},{"start":{"line":42,"column":69},"end":{"line":42,"column":69}}]},"4":{"line":43,"type":"if","locations":[{"start":{"line":43,"column":8},"end":{"line":43,"column":8}},{"start":{"line":43,"column":8},"end":{"line":43,"column":8}}]},"5":{"line":51,"type":"if","locations":[{"start":{"line":51,"column":36},"end":{"line":51,"column":36}},{"start":{"line":51,"column":36},"end":{"line":51,"column":36}}]},"6":{"line":55,"type":"if","locations":[{"start":{"line":55,"column":38},"end":{"line":55,"column":38}},{"start":{"line":55,"column":38},"end":{"line":55,"column":38}}]},"7":{"line":59,"type":"if","locations":[{"start":{"line":59,"column":66},"end":{"line":59,"column":66}},{"start":{"line":59,"column":66},"end":{"line":59,"column":66}}]}}},"contracts/interfaces/ICrowdSale.sol":{"l":{},"path":"/Users/vuquangthinh/Documents/untangled.finance/untangled-protocol-open/contracts/interfaces/ICrowdSale.sol","s":{},"b":{},"f":{},"fnMap":{},"statementMap":{},"branchMap":{}},"contracts/interfaces/IDistributionAssessor.sol":{"l":{},"path":"/Users/vuquangthinh/Documents/untangled.finance/untangled-protocol-open/contracts/interfaces/IDistributionAssessor.sol","s":{},"b":{},"f":{},"fnMap":{},"statementMap":{},"branchMap":{}},"contracts/interfaces/IDistributionOperator.sol":{"l":{},"path":"/Users/vuquangthinh/Documents/untangled.finance/untangled-protocol-open/contracts/interfaces/IDistributionOperator.sol","s":{},"b":{},"f":{},"fnMap":{},"statementMap":{},"branchMap":{}},"contracts/interfaces/IDistributionTranche.sol":{"l":{},"path":"/Users/vuquangthinh/Documents/untangled.finance/untangled-protocol-open/contracts/interfaces/IDistributionTranche.sol","s":{},"b":{},"f":{},"fnMap":{},"statementMap":{},"branchMap":{}},"contracts/interfaces/IGo.sol":{"l":{},"path":"/Users/vuquangthinh/Documents/untangled.finance/untangled-protocol-open/contracts/interfaces/IGo.sol","s":{},"b":{},"f":{},"fnMap":{},"statementMap":{},"branchMap":{}},"contracts/interfaces/ILoanAssetToken.sol":{"l":{},"path":"/Users/vuquangthinh/Documents/untangled.finance/untangled-protocol-open/contracts/interfaces/ILoanAssetToken.sol","s":{},"b":{},"f":{},"fnMap":{},"statementMap":{},"branchMap":{}},"contracts/interfaces/ILoanInterestTermsContract.sol":{"l":{},"path":"/Users/vuquangthinh/Documents/untangled.finance/untangled-protocol-open/contracts/interfaces/ILoanInterestTermsContract.sol","s":{},"b":{},"f":{},"fnMap":{},"statementMap":{},"branchMap":{}},"contracts/interfaces/ILoanKernel.sol":{"l":{},"path":"/Users/vuquangthinh/Documents/untangled.finance/untangled-protocol-open/contracts/interfaces/ILoanKernel.sol","s":{},"b":{},"f":{},"fnMap":{},"statementMap":{},"branchMap":{}},"contracts/interfaces/ILoanRegistry.sol":{"l":{},"path":"/Users/vuquangthinh/Documents/untangled.finance/untangled-protocol-open/contracts/interfaces/ILoanRegistry.sol","s":{},"b":{},"f":{},"fnMap":{},"statementMap":{},"branchMap":{}},"contracts/interfaces/ILoanRepaymentRouter.sol":{"l":{},"path":"/Users/vuquangthinh/Documents/untangled.finance/untangled-protocol-open/contracts/interfaces/ILoanRepaymentRouter.sol","s":{},"b":{},"f":{},"fnMap":{},"statementMap":{},"branchMap":{}},"contracts/interfaces/INoteToken.sol":{"l":{},"path":"/Users/vuquangthinh/Documents/untangled.finance/untangled-protocol-open/contracts/interfaces/INoteToken.sol","s":{},"b":{},"f":{},"fnMap":{},"statementMap":{},"branchMap":{}},"contracts/interfaces/INoteTokenFactory.sol":{"l":{},"path":"/Users/vuquangthinh/Documents/untangled.finance/untangled-protocol-open/contracts/interfaces/INoteTokenFactory.sol","s":{},"b":{},"f":{},"fnMap":{},"statementMap":{},"branchMap":{}},"contracts/interfaces/IRequiresUID.sol":{"l":{},"path":"/Users/vuquangthinh/Documents/untangled.finance/untangled-protocol-open/contracts/interfaces/IRequiresUID.sol","s":{},"b":{},"f":{},"fnMap":{},"statementMap":{},"branchMap":{}},"contracts/interfaces/ISecuritizationManager.sol":{"l":{},"path":"/Users/vuquangthinh/Documents/untangled.finance/untangled-protocol-open/contracts/interfaces/ISecuritizationManager.sol","s":{},"b":{},"f":{},"fnMap":{},"statementMap":{},"branchMap":{}},"contracts/interfaces/ISecuritizationPool.sol":{"l":{},"path":"/Users/vuquangthinh/Documents/untangled.finance/untangled-protocol-open/contracts/interfaces/ISecuritizationPool.sol","s":{},"b":{},"f":{},"fnMap":{},"statementMap":{},"branchMap":{}},"contracts/interfaces/ISecuritizationPoolValueService.sol":{"l":{},"path":"/Users/vuquangthinh/Documents/untangled.finance/untangled-protocol-open/contracts/interfaces/ISecuritizationPoolValueService.sol","s":{},"b":{},"f":{},"fnMap":{},"statementMap":{},"branchMap":{}},"contracts/interfaces/ITokenGenerationEventFactory.sol":{"l":{},"path":"/Users/vuquangthinh/Documents/untangled.finance/untangled-protocol-open/contracts/interfaces/ITokenGenerationEventFactory.sol","s":{},"b":{},"f":{},"fnMap":{},"statementMap":{},"branchMap":{}},"contracts/interfaces/IUntangledERC721.sol":{"l":{},"path":"/Users/vuquangthinh/Documents/untangled.finance/untangled-protocol-open/contracts/interfaces/IUntangledERC721.sol","s":{},"b":{},"f":{},"fnMap":{},"statementMap":{},"branchMap":{}},"contracts/libraries/ConfigHelper.sol":{"l":{"36":2492,"40":482,"44":16,"48":31,"52":23,"56":29,"63":39,"67":91,"71":15,"75":862,"79":427,"84":13,"88":272,"92":21,"98":86,"105":43,"109":10,"116":9,"120":23},"path":"/Users/vuquangthinh/Documents/untangled.finance/untangled-protocol-open/contracts/libraries/ConfigHelper.sol","s":{"1":2492,"2":482,"3":16,"4":31,"5":23,"6":29,"7":39,"8":91,"9":15,"10":862,"11":427,"12":13,"13":272,"14":21,"15":86,"16":43,"17":10,"18":9,"19":23},"b":{},"f":{"1":2492,"2":482,"3":16,"4":31,"5":23,"6":29,"7":39,"8":91,"9":15,"10":862,"11":427,"12":13,"13":272,"14":21,"15":86,"16":43,"17":10,"18":9,"19":23},"fnMap":{"1":{"name":"getAddress","line":35,"loc":{"start":{"line":35,"column":4},"end":{"line":37,"column":4}}},"2":{"name":"getSecuritizationManager","line":39,"loc":{"start":{"line":39,"column":4},"end":{"line":41,"column":4}}},"3":{"name":"getSecuritizationPool","line":43,"loc":{"start":{"line":43,"column":4},"end":{"line":45,"column":4}}},"4":{"name":"getNoteTokenFactory","line":47,"loc":{"start":{"line":47,"column":4},"end":{"line":49,"column":4}}},"5":{"name":"getNoteToken","line":51,"loc":{"start":{"line":51,"column":4},"end":{"line":53,"column":4}}},"6":{"name":"getTokenGenerationEventFactory","line":55,"loc":{"start":{"line":55,"column":4},"end":{"line":60,"column":4}}},"7":{"name":"getDistributionOperator","line":62,"loc":{"start":{"line":62,"column":4},"end":{"line":64,"column":4}}},"8":{"name":"getLoanAssetToken","line":66,"loc":{"start":{"line":66,"column":4},"end":{"line":68,"column":4}}},"9":{"name":"getAcceptedInvoiceToken","line":70,"loc":{"start":{"line":70,"column":4},"end":{"line":72,"column":4}}},"10":{"name":"getLoanRegistry","line":74,"loc":{"start":{"line":74,"column":4},"end":{"line":76,"column":4}}},"11":{"name":"getLoanInterestTermsContract","line":78,"loc":{"start":{"line":78,"column":4},"end":{"line":81,"column":4}}},"12":{"name":"getLoanRepaymentRouter","line":83,"loc":{"start":{"line":83,"column":4},"end":{"line":85,"column":4}}},"13":{"name":"getLoanKernel","line":87,"loc":{"start":{"line":87,"column":4},"end":{"line":89,"column":4}}},"14":{"name":"getDistributionTranche","line":91,"loc":{"start":{"line":91,"column":4},"end":{"line":93,"column":4}}},"15":{"name":"getSecuritizationPoolValueService","line":95,"loc":{"start":{"line":95,"column":4},"end":{"line":102,"column":4}}},"16":{"name":"getDistributionAssessor","line":104,"loc":{"start":{"line":104,"column":4},"end":{"line":106,"column":4}}},"17":{"name":"getMintedIncreasingInterestTGE","line":108,"loc":{"start":{"line":108,"column":4},"end":{"line":113,"column":4}}},"18":{"name":"getMintedNormalTGE","line":115,"loc":{"start":{"line":115,"column":4},"end":{"line":117,"column":4}}},"19":{"name":"getGo","line":119,"loc":{"start":{"line":119,"column":4},"end":{"line":121,"column":4}}}},"statementMap":{"1":{"start":{"line":36,"column":8},"end":{"line":36,"column":55}},"2":{"start":{"line":40,"column":8},"end":{"line":40,"column":111}},"3":{"start":{"line":44,"column":8},"end":{"line":44,"column":105}},"4":{"start":{"line":48,"column":8},"end":{"line":48,"column":102}},"5":{"start":{"line":52,"column":8},"end":{"line":52,"column":87}},"6":{"start":{"line":56,"column":8},"end":{"line":56,"column":2985}},"7":{"start":{"line":63,"column":8},"end":{"line":63,"column":109}},"8":{"start":{"line":67,"column":8},"end":{"line":67,"column":98}},"9":{"start":{"line":71,"column":8},"end":{"line":71,"column":109}},"10":{"start":{"line":75,"column":8},"end":{"line":75,"column":93}},"11":{"start":{"line":79,"column":8},"end":{"line":79,"column":4212}},"12":{"start":{"line":84,"column":8},"end":{"line":84,"column":108}},"13":{"start":{"line":88,"column":8},"end":{"line":88,"column":89}},"14":{"start":{"line":92,"column":8},"end":{"line":92,"column":107}},"15":{"start":{"line":98,"column":8},"end":{"line":98,"column":5006}},"16":{"start":{"line":105,"column":8},"end":{"line":105,"column":109}},"17":{"start":{"line":109,"column":8},"end":{"line":109,"column":5527}},"18":{"start":{"line":116,"column":8},"end":{"line":116,"column":99}},"19":{"start":{"line":120,"column":8},"end":{"line":120,"column":72}}},"branchMap":{}},"contracts/libraries/Configuration.sol":{"l":{},"path":"/Users/vuquangthinh/Documents/untangled.finance/untangled-protocol-open/contracts/libraries/Configuration.sol","s":{},"b":{},"f":{},"fnMap":{},"statementMap":{},"branchMap":{}},"contracts/libraries/UnpackLoanParamtersLib.sol":{"l":{"29":2075,"47":415,"50":415,"52":415,"56":415,"59":415,"62":415,"85":415},"path":"/Users/vuquangthinh/Documents/untangled.finance/untangled-protocol-open/contracts/libraries/UnpackLoanParamtersLib.sol","s":{"1":2075,"2":415,"3":415,"4":415,"5":415,"6":415,"7":415,"8":415},"b":{},"f":{"1":2075,"2":415,"3":415},"fnMap":{"1":{"name":"_bitShiftRight","line":28,"loc":{"start":{"line":28,"column":4},"end":{"line":30,"column":4}}},"2":{"name":"_unpackLoanTermsParametersFromBytes","line":35,"loc":{"start":{"line":35,"column":4},"end":{"line":69,"column":4}}},"3":{"name":"unpackParametersFromBytes","line":74,"loc":{"start":{"line":74,"column":4},"end":{"line":86,"column":4}}}},"statementMap":{"1":{"start":{"line":29,"column":8},"end":{"line":29,"column":41}},"2":{"start":{"line":47,"column":8},"end":{"line":47,"column":1466}},"3":{"start":{"line":50,"column":8},"end":{"line":50,"column":117}},"4":{"start":{"line":52,"column":8},"end":{"line":52,"column":1882}},"5":{"start":{"line":56,"column":8},"end":{"line":56,"column":2140}},"6":{"start":{"line":59,"column":8},"end":{"line":59,"column":2289}},"7":{"start":{"line":62,"column":8},"end":{"line":62,"column":2357}},"8":{"start":{"line":85,"column":8},"end":{"line":85,"column":62}}},"branchMap":{}},"contracts/libraries/UntangledMath.sol":{"l":{"14":621,"65":220,"66":220},"path":"/Users/vuquangthinh/Documents/untangled.finance/untangled-protocol-open/contracts/libraries/UntangledMath.sol","s":{},"b":{},"f":{"1":621,"2":220},"fnMap":{"1":{"name":"rpow","line":9,"loc":{"start":{"line":9,"column":4},"end":{"line":62,"column":4}}},"2":{"name":"uncheckedInc","line":64,"loc":{"start":{"line":64,"column":4},"end":{"line":68,"column":4}}}},"statementMap":{},"branchMap":{}},"contracts/protocol/factory/ProxyAdmin.sol":{"l":{},"path":"/Users/vuquangthinh/Documents/untangled.finance/untangled-protocol-open/contracts/protocol/factory/ProxyAdmin.sol","s":{},"b":{},"f":{},"fnMap":{},"statementMap":{},"branchMap":{}},"contracts/protocol/Go.sol":{"l":{"25":3,"26":2,"30":54,"34":54,"35":54,"36":54,"37":54,"38":54,"43":1,"47":55,"48":55,"49":55,"50":55,"51":55,"52":55,"53":55,"54":55,"55":55,"56":55,"57":55,"74":28,"76":28,"77":1,"80":27,"81":40,"83":40,"84":40,"85":23,"97":17,"98":17,"99":1,"104":3,"112":2,"113":2,"114":22,"117":2,"126":1,"130":1},"path":"/Users/vuquangthinh/Documents/untangled.finance/untangled-protocol-open/contracts/protocol/Go.sol","s":{"1":3,"2":54,"3":54,"4":54,"5":54,"6":54,"7":1,"8":28,"9":28,"10":1,"11":27,"12":40,"13":40,"14":40,"15":23,"16":17,"17":17,"18":1,"19":3,"20":2,"21":2,"22":2,"23":1,"24":1},"b":{"1":[2,1],"2":[54,0],"3":[54,0],"4":[1,0],"5":[28,0],"6":[1,27],"7":[23,17],"8":[1,16],"9":[1,1]},"f":{"1":3,"2":54,"3":1,"4":55,"5":28,"6":2,"7":1,"8":1},"fnMap":{"1":{"name":"onlyAdmin","line":24,"loc":{"start":{"line":24,"column":4},"end":{"line":27,"column":4}}},"2":{"name":"initialize","line":29,"loc":{"start":{"line":29,"column":4},"end":{"line":39,"column":4}}},"3":{"name":"performUpgrade","line":42,"loc":{"start":{"line":42,"column":4},"end":{"line":44,"column":4}}},"4":{"name":"_performUpgrade","line":46,"loc":{"start":{"line":46,"column":4},"end":{"line":58,"column":4}}},"5":{"name":"goOnlyIdTypes","line":73,"loc":{"start":{"line":73,"column":4},"end":{"line":105,"column":4}}},"6":{"name":"getAllIdTypes","line":110,"loc":{"start":{"line":110,"column":4},"end":{"line":118,"column":4}}},"7":{"name":"go","line":125,"loc":{"start":{"line":125,"column":4},"end":{"line":127,"column":4}}},"8":{"name":"initZapperRole","line":129,"loc":{"start":{"line":129,"column":4},"end":{"line":131,"column":4}}}},"statementMap":{"1":{"start":{"line":25,"column":8},"end":{"line":25,"column":96}},"2":{"start":{"line":30,"column":8},"end":{"line":30,"column":1042}},"3":{"start":{"line":34,"column":8},"end":{"line":34,"column":39}},"4":{"start":{"line":35,"column":8},"end":{"line":35,"column":36}},"5":{"start":{"line":36,"column":8},"end":{"line":36,"column":44}},"6":{"start":{"line":37,"column":8},"end":{"line":37,"column":24}},"7":{"start":{"line":43,"column":8},"end":{"line":43,"column":32}},"8":{"start":{"line":74,"column":8},"end":{"line":74,"column":70}},"9":{"start":{"line":76,"column":8},"end":{"line":76,"column":3019}},"10":{"start":{"line":77,"column":12},"end":{"line":77,"column":23}},"11":{"start":{"line":80,"column":8},"end":{"line":80,"column":3100}},"12":{"start":{"line":81,"column":12},"end":{"line":81,"column":43}},"13":{"start":{"line":83,"column":12},"end":{"line":83,"column":80}},"14":{"start":{"line":84,"column":12},"end":{"line":84,"column":3295}},"15":{"start":{"line":85,"column":16},"end":{"line":85,"column":27}},"16":{"start":{"line":97,"column":12},"end":{"line":97,"column":83}},"17":{"start":{"line":98,"column":12},"end":{"line":98,"column":4064}},"18":{"start":{"line":99,"column":16},"end":{"line":99,"column":74}},"19":{"start":{"line":104,"column":8},"end":{"line":104,"column":20}},"20":{"start":{"line":112,"column":8},"end":{"line":112,"column":71}},"21":{"start":{"line":113,"column":8},"end":{"line":113,"column":4584}},"22":{"start":{"line":117,"column":8},"end":{"line":117,"column":26}},"23":{"start":{"line":126,"column":8},"end":{"line":126,"column":54}},"24":{"start":{"line":130,"column":8},"end":{"line":130,"column":45}}},"branchMap":{"1":{"line":25,"type":"if","locations":[{"start":{"line":25,"column":8},"end":{"line":25,"column":8}},{"start":{"line":25,"column":8},"end":{"line":25,"column":8}}]},"2":{"line":29,"type":"if","locations":[{"start":{"line":29,"column":79},"end":{"line":29,"column":79}},{"start":{"line":29,"column":79},"end":{"line":29,"column":79}}]},"3":{"line":30,"type":"if","locations":[{"start":{"line":30,"column":8},"end":{"line":30,"column":8}},{"start":{"line":30,"column":8},"end":{"line":30,"column":8}}]},"4":{"line":42,"type":"if","locations":[{"start":{"line":42,"column":39},"end":{"line":42,"column":39}},{"start":{"line":42,"column":39},"end":{"line":42,"column":39}}]},"5":{"line":74,"type":"if","locations":[{"start":{"line":74,"column":8},"end":{"line":74,"column":8}},{"start":{"line":74,"column":8},"end":{"line":74,"column":8}}]},"6":{"line":76,"type":"if","locations":[{"start":{"line":76,"column":8},"end":{"line":76,"column":8}},{"start":{"line":76,"column":8},"end":{"line":76,"column":8}}]},"7":{"line":84,"type":"if","locations":[{"start":{"line":84,"column":12},"end":{"line":84,"column":12}},{"start":{"line":84,"column":12},"end":{"line":84,"column":12}}]},"8":{"line":98,"type":"if","locations":[{"start":{"line":98,"column":12},"end":{"line":98,"column":12}},{"start":{"line":98,"column":12},"end":{"line":98,"column":12}}]},"9":{"line":129,"type":"if","locations":[{"start":{"line":129,"column":39},"end":{"line":129,"column":39}},{"start":{"line":129,"column":39},"end":{"line":129,"column":39}}]}}},"contracts/protocol/IGo.sol":{"l":{},"path":"/Users/vuquangthinh/Documents/untangled.finance/untangled-protocol-open/contracts/protocol/IGo.sol","s":{},"b":{},"f":{},"fnMap":{},"statementMap":{},"branchMap":{}},"contracts/protocol/loan/ILoanInterestTermsContract.sol":{"l":{},"path":"/Users/vuquangthinh/Documents/untangled.finance/untangled-protocol-open/contracts/protocol/loan/ILoanInterestTermsContract.sol","s":{},"b":{},"f":{},"fnMap":{},"statementMap":{},"branchMap":{}},"contracts/protocol/loan/ILoanKernel.sol":{"l":{},"path":"/Users/vuquangthinh/Documents/untangled.finance/untangled-protocol-open/contracts/protocol/loan/ILoanKernel.sol","s":{},"b":{},"f":{},"fnMap":{},"statementMap":{},"branchMap":{}},"contracts/protocol/loan/ILoanRegistry.sol":{"l":{},"path":"/Users/vuquangthinh/Documents/untangled.finance/untangled-protocol-open/contracts/protocol/loan/ILoanRegistry.sol","s":{},"b":{},"f":{},"fnMap":{},"statementMap":{},"branchMap":{}},"contracts/protocol/loan/ILoanRepaymentRouter.sol":{"l":{},"path":"/Users/vuquangthinh/Documents/untangled.finance/untangled-protocol-open/contracts/protocol/loan/ILoanRepaymentRouter.sol","s":{},"b":{},"f":{},"fnMap":{},"statementMap":{},"branchMap":{}},"contracts/protocol/loan/LoanInterestTermsContract.sol":{"l":{"40":54,"42":54,"71":23,"72":21,"76":7,"80":6,"84":15,"85":14,"89":6,"93":6,"97":5,"110":14,"111":14,"123":6,"125":5,"127":5,"128":5,"148":6,"149":6,"153":6,"154":6,"156":6,"158":6,"159":6,"161":6,"165":6,"168":6,"169":5,"170":5,"171":5,"173":5,"176":1,"177":0,"180":1,"181":1,"184":1,"190":6,"194":6,"196":6,"201":4,"206":2,"207":2,"208":2,"209":6,"211":2,"225":210,"227":210,"229":210,"230":210,"231":210,"233":210,"234":210,"235":210,"236":0,"239":210,"257":1,"258":1,"259":1,"260":1,"261":1,"265":1,"266":1,"268":1,"273":205,"283":415,"284":1,"286":412,"288":0,"290":2,"292":0,"294":0,"296":0,"308":415,"309":415,"310":415,"311":415,"312":415,"314":415,"316":415,"318":415,"320":415,"321":415,"323":415,"331":415,"336":415,"339":415,"358":208,"362":208,"386":210,"388":210,"390":210,"391":0,"393":210,"417":210,"418":2,"420":208,"423":208,"424":208,"427":208,"429":204,"431":0,"433":204,"435":0,"442":204,"451":4,"452":0,"458":4,"462":208},"path":"/Users/vuquangthinh/Documents/untangled.finance/untangled-protocol-open/contracts/protocol/loan/LoanInterestTermsContract.sol","s":{"1":54,"2":23,"3":7,"4":15,"5":14,"6":6,"7":5,"8":5,"9":5,"10":6,"11":6,"12":6,"13":6,"14":6,"15":6,"16":6,"17":6,"18":6,"19":5,"20":5,"21":5,"22":1,"23":0,"24":1,"25":1,"26":1,"27":6,"28":6,"29":6,"30":4,"31":2,"32":2,"33":2,"34":2,"35":210,"36":210,"37":210,"38":210,"39":210,"40":210,"41":210,"42":210,"43":1,"44":1,"45":1,"46":1,"47":1,"48":1,"49":205,"50":415,"51":1,"52":414,"53":412,"54":2,"55":0,"56":2,"57":2,"58":0,"59":0,"60":0,"61":0,"62":0,"63":415,"64":415,"65":415,"66":415,"67":415,"68":415,"69":415,"70":415,"71":415,"72":415,"73":415,"74":208,"75":208,"76":210,"77":210,"78":210,"79":2,"80":208,"81":208,"82":208,"83":208,"84":204,"85":204,"86":4,"87":208},"b":{"1":[54,0],"2":[21,2],"3":[6,1],"4":[14,1],"5":[16,0],"6":[15,1],"7":[14,1],"8":[7,0],"9":[7,0],"10":[6,1],"11":[5,1],"12":[6,1],"13":[6,0],"14":[6,0],"15":[6,0],"16":[6,0],"17":[5,1],"18":[0,1],"19":[1,0],"20":[0,210],"21":[1,414],"22":[412,2],"23":[0,2],"24":[2,0],"25":[0,0],"26":[0,0],"27":[0,210],"28":[2,208],"29":[0,208],"30":[0,208],"31":[204,4],"32":[0,204],"33":[0,204],"34":[0,4]},"f":{"1":54,"2":23,"3":7,"4":15,"5":6,"6":6,"7":5,"8":14,"9":6,"10":6,"11":4,"12":2,"13":210,"14":1,"15":205,"16":415,"17":415,"18":208,"19":210,"20":210},"fnMap":{"1":{"name":"initialize","line":39,"loc":{"start":{"line":39,"column":4},"end":{"line":43,"column":4}}},"2":{"name":"onlyKernel","line":70,"loc":{"start":{"line":70,"column":4},"end":{"line":73,"column":4}}},"3":{"name":"onlyRouter","line":75,"loc":{"start":{"line":75,"column":4},"end":{"line":81,"column":4}}},"4":{"name":"onlyHaventStartedLoan","line":83,"loc":{"start":{"line":83,"column":4},"end":{"line":86,"column":4}}},"5":{"name":"_addRepaidPrincipalAmount","line":88,"loc":{"start":{"line":88,"column":4},"end":{"line":90,"column":4}}},"6":{"name":"_addRepaidInterestAmount","line":92,"loc":{"start":{"line":92,"column":4},"end":{"line":94,"column":4}}},"7":{"name":"_setCompletedRepayment","line":96,"loc":{"start":{"line":96,"column":4},"end":{"line":98,"column":4}}},"8":{"name":"registerTermStart","line":107,"loc":{"start":{"line":102,"column":4},"end":{"line":112,"column":4}}},"9":{"name":"registerConcludeLoan","line":120,"loc":{"start":{"line":115,"column":4},"end":{"line":129,"column":4}}},"10":{"name":"registerRepayment","line":147,"loc":{"start":{"line":141,"column":4},"end":{"line":197,"column":4}}},"11":{"name":"getValueRepaidToDate","line":200,"loc":{"start":{"line":200,"column":4},"end":{"line":202,"column":4}}},"12":{"name":"isCompletedRepayments","line":205,"loc":{"start":{"line":205,"column":4},"end":{"line":212,"column":4}}},"13":{"name":"getExpectedRepaymentValues","line":219,"loc":{"start":{"line":219,"column":4},"end":{"line":248,"column":4}}},"14":{"name":"getMultiExpectedRepaymentValues","line":251,"loc":{"start":{"line":251,"column":4},"end":{"line":269,"column":4}}},"15":{"name":"getInterestRate","line":272,"loc":{"start":{"line":272,"column":4},"end":{"line":274,"column":4}}},"16":{"name":"_getAmortizationUnitLengthInSeconds","line":278,"loc":{"start":{"line":278,"column":4},"end":{"line":298,"column":4}}},"17":{"name":"_unpackParamsForAgreementID","line":303,"loc":{"start":{"line":303,"column":4},"end":{"line":348,"column":4}}},"18":{"name":"_calculateInterestForDuration","line":351,"loc":{"start":{"line":351,"column":4},"end":{"line":370,"column":4}}},"19":{"name":"_getExpectedRepaymentValuesToTimestamp","line":377,"loc":{"start":{"line":377,"column":4},"end":{"line":404,"column":4}}},"20":{"name":"_calculateInterestAmountToTimestamp","line":407,"loc":{"start":{"line":407,"column":4},"end":{"line":463,"column":4}}}},"statementMap":{"1":{"start":{"line":40,"column":8},"end":{"line":40,"column":52}},"2":{"start":{"line":71,"column":8},"end":{"line":71,"column":116}},"3":{"start":{"line":76,"column":8},"end":{"line":76,"column":2934}},"4":{"start":{"line":84,"column":8},"end":{"line":84,"column":89}},"5":{"start":{"line":111,"column":8},"end":{"line":111,"column":19}},"6":{"start":{"line":123,"column":8},"end":{"line":123,"column":90}},"7":{"start":{"line":125,"column":8},"end":{"line":125,"column":63}},"8":{"start":{"line":127,"column":8},"end":{"line":127,"column":49}},"9":{"start":{"line":128,"column":8},"end":{"line":128,"column":19}},"10":{"start":{"line":148,"column":8},"end":{"line":148,"column":63}},"11":{"start":{"line":149,"column":8},"end":{"line":149,"column":5615}},"12":{"start":{"line":153,"column":8},"end":{"line":153,"column":95}},"13":{"start":{"line":154,"column":8},"end":{"line":154,"column":88}},"14":{"start":{"line":156,"column":8},"end":{"line":156,"column":50}},"15":{"start":{"line":158,"column":8},"end":{"line":158,"column":33}},"16":{"start":{"line":159,"column":8},"end":{"line":159,"column":32}},"17":{"start":{"line":165,"column":8},"end":{"line":165,"column":111}},"18":{"start":{"line":168,"column":8},"end":{"line":168,"column":6698}},"19":{"start":{"line":169,"column":12},"end":{"line":169,"column":46}},"20":{"start":{"line":170,"column":12},"end":{"line":170,"column":66}},"21":{"start":{"line":171,"column":12},"end":{"line":171,"column":68}},"22":{"start":{"line":176,"column":12},"end":{"line":176,"column":7172}},"23":{"start":{"line":177,"column":16},"end":{"line":177,"column":71}},"24":{"start":{"line":180,"column":16},"end":{"line":180,"column":70}},"25":{"start":{"line":181,"column":16},"end":{"line":181,"column":7474}},"26":{"start":{"line":184,"column":20},"end":{"line":184,"column":94}},"27":{"start":{"line":190,"column":8},"end":{"line":190,"column":79}},"28":{"start":{"line":194,"column":8},"end":{"line":194,"column":98}},"29":{"start":{"line":196,"column":8},"end":{"line":196,"column":22}},"30":{"start":{"line":201,"column":8},"end":{"line":201,"column":88}},"31":{"start":{"line":206,"column":8},"end":{"line":206,"column":62}},"32":{"start":{"line":207,"column":8},"end":{"line":207,"column":57}},"33":{"start":{"line":208,"column":8},"end":{"line":208,"column":8743}},"34":{"start":{"line":211,"column":8},"end":{"line":211,"column":21}},"35":{"start":{"line":225,"column":8},"end":{"line":225,"column":102}},"36":{"start":{"line":227,"column":8},"end":{"line":227,"column":63}},"37":{"start":{"line":229,"column":8},"end":{"line":229,"column":75}},"38":{"start":{"line":230,"column":8},"end":{"line":230,"column":73}},"39":{"start":{"line":231,"column":8},"end":{"line":231,"column":92}},"40":{"start":{"line":233,"column":8},"end":{"line":233,"column":80}},"41":{"start":{"line":234,"column":8},"end":{"line":234,"column":44}},"42":{"start":{"line":235,"column":8},"end":{"line":235,"column":9883}},"43":{"start":{"line":257,"column":8},"end":{"line":257,"column":80}},"44":{"start":{"line":258,"column":8},"end":{"line":258,"column":79}},"45":{"start":{"line":259,"column":8},"end":{"line":259,"column":56}},"46":{"start":{"line":260,"column":8},"end":{"line":260,"column":10813}},"47":{"start":{"line":261,"column":12},"end":{"line":261,"column":10911}},"48":{"start":{"line":268,"column":8},"end":{"line":268,"column":54}},"49":{"start":{"line":273,"column":8},"end":{"line":273,"column":68}},"50":{"start":{"line":283,"column":8},"end":{"line":283,"column":11770}},"51":{"start":{"line":284,"column":12},"end":{"line":284,"column":43}},"52":{"start":{"line":285,"column":15},"end":{"line":285,"column":11913}},"53":{"start":{"line":286,"column":12},"end":{"line":286,"column":41}},"54":{"start":{"line":287,"column":15},"end":{"line":287,"column":12052}},"55":{"start":{"line":288,"column":12},"end":{"line":288,"column":40}},"56":{"start":{"line":289,"column":15},"end":{"line":289,"column":12189}},"57":{"start":{"line":290,"column":12},"end":{"line":290,"column":41}},"58":{"start":{"line":291,"column":15},"end":{"line":291,"column":12328}},"59":{"start":{"line":292,"column":12},"end":{"line":292,"column":42}},"60":{"start":{"line":293,"column":15},"end":{"line":293,"column":12469}},"61":{"start":{"line":294,"column":12},"end":{"line":294,"column":41}},"62":{"start":{"line":296,"column":12},"end":{"line":296,"column":52}},"63":{"start":{"line":308,"column":8},"end":{"line":308,"column":26}},"64":{"start":{"line":309,"column":8},"end":{"line":309,"column":42}},"65":{"start":{"line":310,"column":8},"end":{"line":310,"column":63}},"66":{"start":{"line":314,"column":8},"end":{"line":314,"column":31}},"67":{"start":{"line":316,"column":8},"end":{"line":316,"column":28}},"68":{"start":{"line":318,"column":8},"end":{"line":318,"column":39}},"69":{"start":{"line":320,"column":8},"end":{"line":320,"column":45}},"70":{"start":{"line":321,"column":8},"end":{"line":321,"column":33}},"71":{"start":{"line":331,"column":8},"end":{"line":331,"column":13988}},"72":{"start":{"line":336,"column":8},"end":{"line":336,"column":14286}},"73":{"start":{"line":339,"column":8},"end":{"line":339,"column":14373}},"74":{"start":{"line":358,"column":8},"end":{"line":358,"column":15204}},"75":{"start":{"line":362,"column":8},"end":{"line":362,"column":15390}},"76":{"start":{"line":386,"column":8},"end":{"line":386,"column":86}},"77":{"start":{"line":390,"column":8},"end":{"line":390,"column":16571}},"78":{"start":{"line":417,"column":8},"end":{"line":417,"column":17543}},"79":{"start":{"line":418,"column":12},"end":{"line":418,"column":20}},"80":{"start":{"line":420,"column":8},"end":{"line":420,"column":28}},"81":{"start":{"line":423,"column":8},"end":{"line":423,"column":115}},"82":{"start":{"line":424,"column":8},"end":{"line":424,"column":111}},"83":{"start":{"line":427,"column":8},"end":{"line":427,"column":17968}},"84":{"start":{"line":429,"column":12},"end":{"line":429,"column":18066}},"85":{"start":{"line":433,"column":16},"end":{"line":433,"column":18222}},"86":{"start":{"line":451,"column":12},"end":{"line":451,"column":18936}},"87":{"start":{"line":462,"column":8},"end":{"line":462,"column":23}}},"branchMap":{"1":{"line":39,"type":"if","locations":[{"start":{"line":39,"column":51},"end":{"line":39,"column":51}},{"start":{"line":39,"column":51},"end":{"line":39,"column":51}}]},"2":{"line":71,"type":"if","locations":[{"start":{"line":71,"column":8},"end":{"line":71,"column":8}},{"start":{"line":71,"column":8},"end":{"line":71,"column":8}}]},"3":{"line":76,"type":"if","locations":[{"start":{"line":76,"column":8},"end":{"line":76,"column":8}},{"start":{"line":76,"column":8},"end":{"line":76,"column":8}}]},"4":{"line":84,"type":"if","locations":[{"start":{"line":84,"column":8},"end":{"line":84,"column":8}},{"start":{"line":84,"column":8},"end":{"line":84,"column":8}}]},"5":{"line":105,"type":"if","locations":[{"start":{"line":105,"column":8},"end":{"line":105,"column":8}},{"start":{"line":105,"column":8},"end":{"line":105,"column":8}}]},"6":{"line":106,"type":"if","locations":[{"start":{"line":106,"column":8},"end":{"line":106,"column":8}},{"start":{"line":106,"column":8},"end":{"line":106,"column":8}}]},"7":{"line":107,"type":"if","locations":[{"start":{"line":107,"column":8},"end":{"line":107,"column":8}},{"start":{"line":107,"column":8},"end":{"line":107,"column":8}}]},"8":{"line":118,"type":"if","locations":[{"start":{"line":118,"column":8},"end":{"line":118,"column":8}},{"start":{"line":118,"column":8},"end":{"line":118,"column":8}}]},"9":{"line":119,"type":"if","locations":[{"start":{"line":119,"column":8},"end":{"line":119,"column":8}},{"start":{"line":119,"column":8},"end":{"line":119,"column":8}}]},"10":{"line":120,"type":"if","locations":[{"start":{"line":120,"column":8},"end":{"line":120,"column":8}},{"start":{"line":120,"column":8},"end":{"line":120,"column":8}}]},"11":{"line":123,"type":"if","locations":[{"start":{"line":123,"column":8},"end":{"line":123,"column":8}},{"start":{"line":123,"column":8},"end":{"line":123,"column":8}}]},"12":{"line":147,"type":"if","locations":[{"start":{"line":147,"column":22},"end":{"line":147,"column":22}},{"start":{"line":147,"column":22},"end":{"line":147,"column":22}}]},"13":{"line":149,"type":"if","locations":[{"start":{"line":149,"column":8},"end":{"line":149,"column":8}},{"start":{"line":149,"column":8},"end":{"line":149,"column":8}}]},"14":{"line":153,"type":"if","locations":[{"start":{"line":153,"column":8},"end":{"line":153,"column":8}},{"start":{"line":153,"column":8},"end":{"line":153,"column":8}}]},"15":{"line":154,"type":"if","locations":[{"start":{"line":154,"column":8},"end":{"line":154,"column":8}},{"start":{"line":154,"column":8},"end":{"line":154,"column":8}}]},"16":{"line":165,"type":"if","locations":[{"start":{"line":165,"column":8},"end":{"line":165,"column":8}},{"start":{"line":165,"column":8},"end":{"line":165,"column":8}}]},"17":{"line":168,"type":"if","locations":[{"start":{"line":168,"column":8},"end":{"line":168,"column":8}},{"start":{"line":168,"column":8},"end":{"line":168,"column":8}}]},"18":{"line":176,"type":"if","locations":[{"start":{"line":176,"column":12},"end":{"line":176,"column":12}},{"start":{"line":176,"column":12},"end":{"line":176,"column":12}}]},"19":{"line":181,"type":"if","locations":[{"start":{"line":181,"column":16},"end":{"line":181,"column":16}},{"start":{"line":181,"column":16},"end":{"line":181,"column":16}}]},"20":{"line":235,"type":"if","locations":[{"start":{"line":235,"column":8},"end":{"line":235,"column":8}},{"start":{"line":235,"column":8},"end":{"line":235,"column":8}}]},"21":{"line":283,"type":"if","locations":[{"start":{"line":283,"column":8},"end":{"line":283,"column":8}},{"start":{"line":283,"column":8},"end":{"line":283,"column":8}}]},"22":{"line":285,"type":"if","locations":[{"start":{"line":285,"column":15},"end":{"line":285,"column":15}},{"start":{"line":285,"column":15},"end":{"line":285,"column":15}}]},"23":{"line":287,"type":"if","locations":[{"start":{"line":287,"column":15},"end":{"line":287,"column":15}},{"start":{"line":287,"column":15},"end":{"line":287,"column":15}}]},"24":{"line":289,"type":"if","locations":[{"start":{"line":289,"column":15},"end":{"line":289,"column":15}},{"start":{"line":289,"column":15},"end":{"line":289,"column":15}}]},"25":{"line":291,"type":"if","locations":[{"start":{"line":291,"column":15},"end":{"line":291,"column":15}},{"start":{"line":291,"column":15},"end":{"line":291,"column":15}}]},"26":{"line":293,"type":"if","locations":[{"start":{"line":293,"column":15},"end":{"line":293,"column":15}},{"start":{"line":293,"column":15},"end":{"line":293,"column":15}}]},"27":{"line":390,"type":"if","locations":[{"start":{"line":390,"column":8},"end":{"line":390,"column":8}},{"start":{"line":390,"column":8},"end":{"line":390,"column":8}}]},"28":{"line":417,"type":"if","locations":[{"start":{"line":417,"column":8},"end":{"line":417,"column":8}},{"start":{"line":417,"column":8},"end":{"line":417,"column":8}}]},"29":{"line":423,"type":"if","locations":[{"start":{"line":423,"column":77},"end":{"line":423,"column":77}},{"start":{"line":423,"column":81},"end":{"line":423,"column":114}}]},"30":{"line":424,"type":"if","locations":[{"start":{"line":424,"column":73},"end":{"line":424,"column":73}},{"start":{"line":424,"column":77},"end":{"line":424,"column":110}}]},"31":{"line":427,"type":"if","locations":[{"start":{"line":427,"column":8},"end":{"line":427,"column":8}},{"start":{"line":427,"column":8},"end":{"line":427,"column":8}}]},"32":{"line":429,"type":"if","locations":[{"start":{"line":429,"column":12},"end":{"line":429,"column":12}},{"start":{"line":429,"column":12},"end":{"line":429,"column":12}}]},"33":{"line":433,"type":"if","locations":[{"start":{"line":433,"column":16},"end":{"line":433,"column":16}},{"start":{"line":433,"column":16},"end":{"line":433,"column":16}}]},"34":{"line":451,"type":"if","locations":[{"start":{"line":451,"column":12},"end":{"line":451,"column":12}},{"start":{"line":451,"column":12},"end":{"line":451,"column":12}}]}}},"contracts/protocol/loan/LoanKernel.sol":{"l":{"17":54,"19":54,"23":19,"24":18,"28":17,"32":16,"36":15,"53":14,"68":14,"72":14,"73":14,"74":14,"75":22,"83":14,"93":14,"94":14,"108":14,"109":14,"126":19,"128":13,"150":14,"151":14,"152":22,"154":14,"162":14,"163":14,"164":22,"166":14,"173":14,"174":14,"175":22,"177":14,"184":14,"185":14,"186":22,"188":14,"195":14,"196":14,"197":22,"199":14,"203":19,"204":19,"205":19,"206":19,"210":5,"214":7,"218":6,"224":10,"225":9,"226":8,"228":7,"229":1,"232":5,"236":5,"248":5,"249":5,"250":5,"286":15,"288":14,"289":14,"297":14,"298":14,"299":20,"301":19,"313":13,"318":13,"334":22,"354":14,"355":14,"356":22,"360":14},"path":"/Users/vuquangthinh/Documents/untangled.finance/untangled-protocol-open/contracts/protocol/loan/LoanKernel.sol","s":{"1":54,"2":19,"3":18,"4":17,"5":16,"6":14,"7":14,"8":14,"9":14,"10":14,"11":14,"12":14,"13":14,"14":14,"15":19,"16":13,"17":14,"18":14,"19":14,"20":14,"21":14,"22":14,"23":14,"24":14,"25":14,"26":14,"27":14,"28":14,"29":14,"30":14,"31":14,"32":19,"33":19,"34":5,"35":7,"36":6,"37":10,"38":9,"39":8,"40":7,"41":1,"42":5,"43":5,"44":5,"45":5,"46":5,"47":15,"48":14,"49":14,"50":14,"51":14,"52":20,"53":19,"54":13,"55":13,"56":22,"57":14,"58":14,"59":14},"b":{"1":[54,0],"2":[18,1],"3":[17,1],"4":[16,1],"5":[15,1],"6":[13,0],"7":[10,0],"8":[9,1],"9":[8,1],"10":[7,1],"11":[1,5],"12":[0,1],"13":[5,0],"14":[5,0],"15":[5,0],"16":[19,0],"17":[19,0],"18":[15,4],"19":[14,1],"20":[19,1],"21":[13,0]},"f":{"1":54,"2":19,"3":14,"4":14,"5":14,"6":19,"7":14,"8":14,"9":14,"10":14,"11":14,"12":19,"13":5,"14":7,"15":6,"16":10,"17":5,"18":0,"19":15,"20":22,"21":14},"fnMap":{"1":{"name":"initialize","line":16,"loc":{"start":{"line":16,"column":4},"end":{"line":20,"column":4}}},"2":{"name":"validFillingOrderAddresses","line":22,"loc":{"start":{"line":22,"column":4},"end":{"line":37,"column":4}}},"3":{"name":"_getIssuance","line":47,"loc":{"start":{"line":47,"column":4},"end":{"line":69,"column":4}}},"4":{"name":"_getDebtOrderHashes","line":71,"loc":{"start":{"line":71,"column":4},"end":{"line":84,"column":4}}},"5":{"name":"_getLoanOrder","line":86,"loc":{"start":{"line":86,"column":4},"end":{"line":110,"column":4}}},"6":{"name":"_issueDebtAgreements","line":113,"loc":{"start":{"line":113,"column":4},"end":{"line":141,"column":4}}},"7":{"name":"_debtorsFromOrderAddresses","line":146,"loc":{"start":{"line":146,"column":4},"end":{"line":155,"column":4}}},"8":{"name":"_principalAmountsFromOrderValues","line":158,"loc":{"start":{"line":158,"column":4},"end":{"line":167,"column":4}}},"9":{"name":"_expirationTimestampsFromOrderValues","line":169,"loc":{"start":{"line":169,"column":4},"end":{"line":178,"column":4}}},"10":{"name":"_saltFromOrderValues","line":180,"loc":{"start":{"line":180,"column":4},"end":{"line":189,"column":4}}},"11":{"name":"_riskScoresFromOrderValues","line":191,"loc":{"start":{"line":191,"column":4},"end":{"line":200,"column":4}}},"12":{"name":"_getAssetPurposeAndRiskScore","line":202,"loc":{"start":{"line":202,"column":4},"end":{"line":207,"column":4}}},"13":{"name":"_burnLoanAssetToken","line":209,"loc":{"start":{"line":209,"column":4},"end":{"line":211,"column":4}}},"14":{"name":"_assertDebtExisting","line":213,"loc":{"start":{"line":213,"column":4},"end":{"line":215,"column":4}}},"15":{"name":"_assertCompletedRepayment","line":217,"loc":{"start":{"line":217,"column":4},"end":{"line":219,"column":4}}},"16":{"name":"concludeLoan","line":223,"loc":{"start":{"line":223,"column":4},"end":{"line":237,"column":4}}},"17":{"name":"concludeLoans","line":247,"loc":{"start":{"line":243,"column":4},"end":{"line":252,"column":4}}},"18":{"name":"_tokenIdsValidate","line":254,"loc":{"start":{"line":254,"column":4},"end":{"line":260,"column":4}}},"19":{"name":"fillDebtOrder","line":284,"loc":{"start":{"line":270,"column":4},"end":{"line":325,"column":4}}},"20":{"name":"_getDebtOrderHash","line":327,"loc":{"start":{"line":327,"column":4},"end":{"line":345,"column":4}}},"21":{"name":"_genLoanAgreementIds","line":347,"loc":{"start":{"line":347,"column":4},"end":{"line":361,"column":4}}}},"statementMap":{"1":{"start":{"line":17,"column":8},"end":{"line":17,"column":52}},"2":{"start":{"line":23,"column":8},"end":{"line":23,"column":115}},"3":{"start":{"line":24,"column":8},"end":{"line":24,"column":817}},"4":{"start":{"line":28,"column":8},"end":{"line":28,"column":985}},"5":{"start":{"line":32,"column":8},"end":{"line":32,"column":1147}},"6":{"start":{"line":53,"column":8},"end":{"line":53,"column":1791}},"7":{"start":{"line":68,"column":8},"end":{"line":68,"column":23}},"8":{"start":{"line":72,"column":8},"end":{"line":72,"column":59}},"9":{"start":{"line":73,"column":8},"end":{"line":73,"column":62}},"10":{"start":{"line":74,"column":8},"end":{"line":74,"column":2720}},"11":{"start":{"line":83,"column":8},"end":{"line":83,"column":27}},"12":{"start":{"line":93,"column":8},"end":{"line":93,"column":78}},"13":{"start":{"line":94,"column":8},"end":{"line":94,"column":3513}},"14":{"start":{"line":109,"column":8},"end":{"line":109,"column":24}},"15":{"start":{"line":126,"column":8},"end":{"line":126,"column":63}},"16":{"start":{"line":128,"column":8},"end":{"line":128,"column":5132}},"17":{"start":{"line":150,"column":8},"end":{"line":150,"column":57}},"18":{"start":{"line":151,"column":8},"end":{"line":151,"column":5829}},"19":{"start":{"line":154,"column":8},"end":{"line":154,"column":22}},"20":{"start":{"line":162,"column":8},"end":{"line":162,"column":66}},"21":{"start":{"line":163,"column":8},"end":{"line":163,"column":6280}},"22":{"start":{"line":166,"column":8},"end":{"line":166,"column":31}},"23":{"start":{"line":173,"column":8},"end":{"line":173,"column":70}},"24":{"start":{"line":174,"column":8},"end":{"line":174,"column":6703}},"25":{"start":{"line":177,"column":8},"end":{"line":177,"column":35}},"26":{"start":{"line":184,"column":8},"end":{"line":184,"column":55}},"27":{"start":{"line":185,"column":8},"end":{"line":185,"column":7127}},"28":{"start":{"line":188,"column":8},"end":{"line":188,"column":20}},"29":{"start":{"line":195,"column":8},"end":{"line":195,"column":56}},"30":{"start":{"line":196,"column":8},"end":{"line":196,"column":7534}},"31":{"start":{"line":199,"column":8},"end":{"line":199,"column":25}},"32":{"start":{"line":203,"column":8},"end":{"line":203,"column":64}},"33":{"start":{"line":206,"column":8},"end":{"line":206,"column":39}},"34":{"start":{"line":210,"column":8},"end":{"line":210,"column":62}},"35":{"start":{"line":214,"column":8},"end":{"line":214,"column":87}},"36":{"start":{"line":218,"column":8},"end":{"line":218,"column":86}},"37":{"start":{"line":224,"column":8},"end":{"line":224,"column":67}},"38":{"start":{"line":225,"column":8},"end":{"line":225,"column":66}},"39":{"start":{"line":226,"column":8},"end":{"line":226,"column":69}},"40":{"start":{"line":228,"column":8},"end":{"line":228,"column":9016}},"41":{"start":{"line":229,"column":12},"end":{"line":229,"column":81}},"42":{"start":{"line":232,"column":8},"end":{"line":232,"column":9203}},"43":{"start":{"line":236,"column":8},"end":{"line":236,"column":39}},"44":{"start":{"line":248,"column":8},"end":{"line":248,"column":50}},"45":{"start":{"line":249,"column":8},"end":{"line":249,"column":9736}},"46":{"start":{"line":250,"column":12},"end":{"line":250,"column":68}},"47":{"start":{"line":286,"column":8},"end":{"line":286,"column":94}},"48":{"start":{"line":288,"column":8},"end":{"line":288,"column":98}},"49":{"start":{"line":289,"column":8},"end":{"line":289,"column":11346}},"50":{"start":{"line":297,"column":8},"end":{"line":297,"column":75}},"51":{"start":{"line":298,"column":8},"end":{"line":298,"column":11682}},"52":{"start":{"line":299,"column":12},"end":{"line":299,"column":121}},"53":{"start":{"line":301,"column":12},"end":{"line":301,"column":11904}},"54":{"start":{"line":313,"column":12},"end":{"line":313,"column":12445}},"55":{"start":{"line":318,"column":12},"end":{"line":318,"column":12653}},"56":{"start":{"line":334,"column":8},"end":{"line":334,"column":13157}},"57":{"start":{"line":354,"column":8},"end":{"line":354,"column":68}},"58":{"start":{"line":355,"column":8},"end":{"line":355,"column":13815}},"59":{"start":{"line":360,"column":8},"end":{"line":360,"column":27}}},"branchMap":{"1":{"line":16,"type":"if","locations":[{"start":{"line":16,"column":51},"end":{"line":16,"column":51}},{"start":{"line":16,"column":51},"end":{"line":16,"column":51}}]},"2":{"line":23,"type":"if","locations":[{"start":{"line":23,"column":8},"end":{"line":23,"column":8}},{"start":{"line":23,"column":8},"end":{"line":23,"column":8}}]},"3":{"line":24,"type":"if","locations":[{"start":{"line":24,"column":8},"end":{"line":24,"column":8}},{"start":{"line":24,"column":8},"end":{"line":24,"column":8}}]},"4":{"line":28,"type":"if","locations":[{"start":{"line":28,"column":8},"end":{"line":28,"column":8}},{"start":{"line":28,"column":8},"end":{"line":28,"column":8}}]},"5":{"line":32,"type":"if","locations":[{"start":{"line":32,"column":8},"end":{"line":32,"column":8}},{"start":{"line":32,"column":8},"end":{"line":32,"column":8}}]},"6":{"line":128,"type":"if","locations":[{"start":{"line":128,"column":8},"end":{"line":128,"column":8}},{"start":{"line":128,"column":8},"end":{"line":128,"column":8}}]},"7":{"line":223,"type":"if","locations":[{"start":{"line":223,"column":103},"end":{"line":223,"column":103}},{"start":{"line":223,"column":103},"end":{"line":223,"column":103}}]},"8":{"line":224,"type":"if","locations":[{"start":{"line":224,"column":8},"end":{"line":224,"column":8}},{"start":{"line":224,"column":8},"end":{"line":224,"column":8}}]},"9":{"line":225,"type":"if","locations":[{"start":{"line":225,"column":8},"end":{"line":225,"column":8}},{"start":{"line":225,"column":8},"end":{"line":225,"column":8}}]},"10":{"line":226,"type":"if","locations":[{"start":{"line":226,"column":8},"end":{"line":226,"column":8}},{"start":{"line":226,"column":8},"end":{"line":226,"column":8}}]},"11":{"line":228,"type":"if","locations":[{"start":{"line":228,"column":8},"end":{"line":228,"column":8}},{"start":{"line":228,"column":8},"end":{"line":228,"column":8}}]},"12":{"line":228,"type":"cond-expr","locations":[{"start":{"line":228,"column":12},"end":{"line":228,"column":44}},{"start":{"line":228,"column":49},"end":{"line":228,"column":87}}]},"13":{"line":232,"type":"if","locations":[{"start":{"line":232,"column":8},"end":{"line":232,"column":8}},{"start":{"line":232,"column":8},"end":{"line":232,"column":8}}]},"14":{"line":247,"type":"if","locations":[{"start":{"line":247,"column":15},"end":{"line":247,"column":15}},{"start":{"line":247,"column":15},"end":{"line":247,"column":15}}]},"15":{"line":247,"type":"if","locations":[{"start":{"line":247,"column":29},"end":{"line":247,"column":29}},{"start":{"line":247,"column":29},"end":{"line":247,"column":29}}]},"16":{"line":282,"type":"if","locations":[{"start":{"line":282,"column":8},"end":{"line":282,"column":8}},{"start":{"line":282,"column":8},"end":{"line":282,"column":8}}]},"17":{"line":283,"type":"if","locations":[{"start":{"line":283,"column":8},"end":{"line":283,"column":8}},{"start":{"line":283,"column":8},"end":{"line":283,"column":8}}]},"18":{"line":284,"type":"if","locations":[{"start":{"line":284,"column":8},"end":{"line":284,"column":8}},{"start":{"line":284,"column":8},"end":{"line":284,"column":8}}]},"19":{"line":286,"type":"if","locations":[{"start":{"line":286,"column":8},"end":{"line":286,"column":8}},{"start":{"line":286,"column":8},"end":{"line":286,"column":8}}]},"20":{"line":299,"type":"if","locations":[{"start":{"line":299,"column":12},"end":{"line":299,"column":12}},{"start":{"line":299,"column":12},"end":{"line":299,"column":12}}]},"21":{"line":313,"type":"if","locations":[{"start":{"line":313,"column":12},"end":{"line":313,"column":12}},{"start":{"line":313,"column":12},"end":{"line":313,"column":12}}]}}},"contracts/protocol/loan/LoanRegistry.sol":{"l":{"18":54,"19":54,"23":13,"24":13,"28":11,"32":11,"49":13,"50":13,"62":13,"64":13,"65":13,"70":1,"75":1,"76":1,"81":6,"86":1,"91":6,"96":2,"101":6,"106":198,"114":415,"119":210,"127":415,"133":1,"142":6,"143":6,"150":1,"151":1,"152":1,"157":5},"path":"/Users/vuquangthinh/Documents/untangled.finance/untangled-protocol-open/contracts/protocol/loan/LoanRegistry.sol","s":{"1":54,"2":13,"3":11,"4":13,"5":13,"6":13,"7":13,"8":1,"9":1,"10":1,"11":6,"12":1,"13":6,"14":2,"15":6,"16":198,"17":415,"18":210,"19":415,"20":1,"21":6,"22":1},"b":{"1":[54,0],"2":[13,0],"3":[11,0],"4":[13,0],"5":[13,0],"6":[13,0],"7":[6,0],"8":[5,0],"9":[5,0]},"f":{"1":54,"2":13,"3":11,"4":13,"5":1,"6":1,"7":6,"8":1,"9":6,"10":2,"11":6,"12":198,"13":415,"14":210,"15":415,"16":1,"17":6,"18":1,"19":5},"fnMap":{"1":{"name":"initialize","line":17,"loc":{"start":{"line":17,"column":4},"end":{"line":20,"column":4}}},"2":{"name":"onlyLoanKernel","line":22,"loc":{"start":{"line":22,"column":4},"end":{"line":25,"column":4}}},"3":{"name":"onlyLoanInterestTermsContract","line":27,"loc":{"start":{"line":27,"column":4},"end":{"line":33,"column":4}}},"4":{"name":"insert","line":48,"loc":{"start":{"line":39,"column":4},"end":{"line":66,"column":4}}},"5":{"name":"getLoanDebtor","line":69,"loc":{"start":{"line":69,"column":4},"end":{"line":71,"column":4}}},"6":{"name":"getLoanTermParams","line":74,"loc":{"start":{"line":74,"column":4},"end":{"line":77,"column":4}}},"7":{"name":"getPrincipalTokenAddress","line":80,"loc":{"start":{"line":80,"column":4},"end":{"line":82,"column":4}}},"8":{"name":"getDebtor","line":85,"loc":{"start":{"line":85,"column":4},"end":{"line":87,"column":4}}},"9":{"name":"getTermContract","line":90,"loc":{"start":{"line":90,"column":4},"end":{"line":92,"column":4}}},"10":{"name":"getRiskScore","line":95,"loc":{"start":{"line":95,"column":4},"end":{"line":97,"column":4}}},"11":{"name":"getAssetPurpose","line":100,"loc":{"start":{"line":100,"column":4},"end":{"line":102,"column":4}}},"12":{"name":"getEntry","line":105,"loc":{"start":{"line":105,"column":4},"end":{"line":107,"column":4}}},"13":{"name":"getIssuanceBlockTimestamp","line":113,"loc":{"start":{"line":113,"column":4},"end":{"line":115,"column":4}}},"14":{"name":"getLastRepaymentTimestamp","line":118,"loc":{"start":{"line":118,"column":4},"end":{"line":120,"column":4}}},"15":{"name":"getTermsContractParameters","line":126,"loc":{"start":{"line":126,"column":4},"end":{"line":128,"column":4}}},"16":{"name":"getExpirationTimestamp","line":131,"loc":{"start":{"line":131,"column":4},"end":{"line":134,"column":4}}},"17":{"name":"updateLastRepaymentTimestamp","line":141,"loc":{"start":{"line":138,"column":4},"end":{"line":144,"column":4}}},"18":{"name":"principalPaymentInfo","line":147,"loc":{"start":{"line":147,"column":4},"end":{"line":153,"column":4}}},"19":{"name":"setCompletedLoan","line":156,"loc":{"start":{"line":156,"column":4},"end":{"line":158,"column":4}}}},"statementMap":{"1":{"start":{"line":18,"column":8},"end":{"line":18,"column":42}},"2":{"start":{"line":23,"column":8},"end":{"line":23,"column":98}},"3":{"start":{"line":28,"column":8},"end":{"line":28,"column":931}},"4":{"start":{"line":49,"column":8},"end":{"line":49,"column":83}},"5":{"start":{"line":50,"column":8},"end":{"line":50,"column":1710}},"6":{"start":{"line":64,"column":8},"end":{"line":64,"column":47}},"7":{"start":{"line":65,"column":8},"end":{"line":65,"column":19}},"8":{"start":{"line":70,"column":8},"end":{"line":70,"column":38}},"9":{"start":{"line":75,"column":8},"end":{"line":75,"column":49}},"10":{"start":{"line":76,"column":8},"end":{"line":76,"column":31}},"11":{"start":{"line":81,"column":8},"end":{"line":81,"column":57}},"12":{"start":{"line":86,"column":8},"end":{"line":86,"column":42}},"13":{"start":{"line":91,"column":8},"end":{"line":91,"column":52}},"14":{"start":{"line":96,"column":8},"end":{"line":96,"column":45}},"15":{"start":{"line":101,"column":8},"end":{"line":101,"column":48}},"16":{"start":{"line":106,"column":8},"end":{"line":106,"column":35}},"17":{"start":{"line":114,"column":8},"end":{"line":114,"column":58}},"18":{"start":{"line":119,"column":8},"end":{"line":119,"column":54}},"19":{"start":{"line":127,"column":8},"end":{"line":127,"column":46}},"20":{"start":{"line":133,"column":8},"end":{"line":133,"column":55}},"21":{"start":{"line":143,"column":8},"end":{"line":143,"column":63}},"22":{"start":{"line":150,"column":8},"end":{"line":150,"column":53}}},"branchMap":{"1":{"line":17,"type":"if","locations":[{"start":{"line":17,"column":60},"end":{"line":17,"column":60}},{"start":{"line":17,"column":60},"end":{"line":17,"column":60}}]},"2":{"line":23,"type":"if","locations":[{"start":{"line":23,"column":8},"end":{"line":23,"column":8}},{"start":{"line":23,"column":8},"end":{"line":23,"column":8}}]},"3":{"line":28,"type":"if","locations":[{"start":{"line":28,"column":8},"end":{"line":28,"column":8}},{"start":{"line":28,"column":8},"end":{"line":28,"column":8}}]},"4":{"line":48,"type":"if","locations":[{"start":{"line":48,"column":24},"end":{"line":48,"column":24}},{"start":{"line":48,"column":24},"end":{"line":48,"column":24}}]},"5":{"line":48,"type":"if","locations":[{"start":{"line":48,"column":38},"end":{"line":48,"column":38}},{"start":{"line":48,"column":38},"end":{"line":48,"column":38}}]},"6":{"line":49,"type":"if","locations":[{"start":{"line":49,"column":8},"end":{"line":49,"column":8}},{"start":{"line":49,"column":8},"end":{"line":49,"column":8}}]},"7":{"line":141,"type":"if","locations":[{"start":{"line":141,"column":22},"end":{"line":141,"column":22}},{"start":{"line":141,"column":22},"end":{"line":141,"column":22}}]},"8":{"line":156,"type":"if","locations":[{"start":{"line":156,"column":67},"end":{"line":156,"column":67}},{"start":{"line":156,"column":67},"end":{"line":156,"column":67}}]},"9":{"line":156,"type":"if","locations":[{"start":{"line":156,"column":81},"end":{"line":156,"column":81}},{"start":{"line":156,"column":81},"end":{"line":156,"column":81}}]}}},"contracts/protocol/loan/LoanRepaymentRouter.sol":{"l":{"20":54,"21":54,"27":6,"30":6,"31":0,"32":0,"35":6,"49":6,"50":6,"51":6,"53":6,"62":6,"63":6,"64":6,"65":6,"66":6,"70":6,"72":6,"74":6,"76":5,"80":6,"81":6,"90":6,"91":6,"92":6,"96":6,"101":6,"102":6},"path":"/Users/vuquangthinh/Documents/untangled.finance/untangled-protocol-open/contracts/protocol/loan/LoanRepaymentRouter.sol","s":{"1":54,"2":6,"3":6,"4":0,"5":0,"6":6,"7":6,"8":6,"9":6,"10":6,"11":6,"12":6,"13":6,"14":6,"15":6,"16":6,"17":6,"18":6,"19":5,"20":6,"21":6,"22":6,"23":6,"24":6,"25":6,"26":6,"27":6},"b":{"1":[54,0],"2":[6,0],"3":[0,6],"4":[6,0],"5":[6,0],"6":[6,0],"7":[5,1],"8":[6,0],"9":[6,0],"10":[6,0],"11":[6,0]},"f":{"1":54,"2":6,"3":6,"4":6},"fnMap":{"1":{"name":"initialize","line":19,"loc":{"start":{"line":19,"column":4},"end":{"line":22,"column":4}}},"2":{"name":"_assertRepaymentRequest","line":26,"loc":{"start":{"line":26,"column":4},"end":{"line":36,"column":4}}},"3":{"name":"_doRepay","line":41,"loc":{"start":{"line":41,"column":4},"end":{"line":82,"column":4}}},"4":{"name":"repayInBatch","line":89,"loc":{"start":{"line":85,"column":4},"end":{"line":103,"column":4}}}},"statementMap":{"1":{"start":{"line":20,"column":8},"end":{"line":20,"column":42}},"2":{"start":{"line":27,"column":8},"end":{"line":27,"column":86}},"3":{"start":{"line":30,"column":8},"end":{"line":30,"column":1350}},"4":{"start":{"line":31,"column":12},"end":{"line":31,"column":81}},"5":{"start":{"line":32,"column":12},"end":{"line":32,"column":24}},"6":{"start":{"line":35,"column":8},"end":{"line":35,"column":19}},"7":{"start":{"line":49,"column":8},"end":{"line":49,"column":63}},"8":{"start":{"line":50,"column":8},"end":{"line":50,"column":74}},"9":{"start":{"line":51,"column":8},"end":{"line":51,"column":89}},"10":{"start":{"line":53,"column":8},"end":{"line":53,"column":2266}},"11":{"start":{"line":62,"column":8},"end":{"line":62,"column":2521}},"12":{"start":{"line":63,"column":12},"end":{"line":63,"column":79}},"13":{"start":{"line":64,"column":12},"end":{"line":64,"column":114}},"14":{"start":{"line":65,"column":12},"end":{"line":65,"column":51}},"15":{"start":{"line":66,"column":12},"end":{"line":66,"column":2817}},"16":{"start":{"line":70,"column":12},"end":{"line":70,"column":69}},"17":{"start":{"line":72,"column":8},"end":{"line":72,"column":93}},"18":{"start":{"line":74,"column":8},"end":{"line":74,"column":3195}},"19":{"start":{"line":76,"column":12},"end":{"line":76,"column":90}},"20":{"start":{"line":80,"column":8},"end":{"line":80,"column":84}},"21":{"start":{"line":81,"column":8},"end":{"line":81,"column":19}},"22":{"start":{"line":90,"column":8},"end":{"line":90,"column":56}},"23":{"start":{"line":91,"column":8},"end":{"line":91,"column":3865}},"24":{"start":{"line":92,"column":12},"end":{"line":92,"column":3932}},"25":{"start":{"line":96,"column":12},"end":{"line":96,"column":4105}},"26":{"start":{"line":101,"column":8},"end":{"line":101,"column":63}},"27":{"start":{"line":102,"column":8},"end":{"line":102,"column":19}}},"branchMap":{"1":{"line":19,"type":"if","locations":[{"start":{"line":19,"column":60},"end":{"line":19,"column":60}},{"start":{"line":19,"column":60},"end":{"line":19,"column":60}}]},"2":{"line":27,"type":"if","locations":[{"start":{"line":27,"column":8},"end":{"line":27,"column":8}},{"start":{"line":27,"column":8},"end":{"line":27,"column":8}}]},"3":{"line":30,"type":"if","locations":[{"start":{"line":30,"column":8},"end":{"line":30,"column":8}},{"start":{"line":30,"column":8},"end":{"line":30,"column":8}}]},"4":{"line":62,"type":"if","locations":[{"start":{"line":62,"column":8},"end":{"line":62,"column":8}},{"start":{"line":62,"column":8},"end":{"line":62,"column":8}}]},"5":{"line":64,"type":"if","locations":[{"start":{"line":64,"column":12},"end":{"line":64,"column":12}},{"start":{"line":64,"column":12},"end":{"line":64,"column":12}}]},"6":{"line":66,"type":"if","locations":[{"start":{"line":66,"column":12},"end":{"line":66,"column":12}},{"start":{"line":66,"column":12},"end":{"line":66,"column":12}}]},"7":{"line":74,"type":"if","locations":[{"start":{"line":74,"column":8},"end":{"line":74,"column":8}},{"start":{"line":74,"column":8},"end":{"line":74,"column":8}}]},"8":{"line":89,"type":"if","locations":[{"start":{"line":89,"column":24},"end":{"line":89,"column":24}},{"start":{"line":89,"column":24},"end":{"line":89,"column":24}}]},"9":{"line":89,"type":"if","locations":[{"start":{"line":89,"column":38},"end":{"line":89,"column":38}},{"start":{"line":89,"column":38},"end":{"line":89,"column":38}}]},"10":{"line":92,"type":"if","locations":[{"start":{"line":92,"column":12},"end":{"line":92,"column":12}},{"start":{"line":92,"column":12},"end":{"line":92,"column":12}}]},"11":{"line":96,"type":"if","locations":[{"start":{"line":96,"column":12},"end":{"line":96,"column":12}},{"start":{"line":96,"column":12},"end":{"line":96,"column":12}}]}}},"contracts/protocol/loan/LoanTyping.sol":{"l":{},"path":"/Users/vuquangthinh/Documents/untangled.finance/untangled-protocol-open/contracts/protocol/loan/LoanTyping.sol","s":{},"b":{},"f":{},"fnMap":{},"statementMap":{},"branchMap":{}},"contracts/protocol/note-sale/base/LongSaleInterest.sol":{"l":{},"path":"/Users/vuquangthinh/Documents/untangled.finance/untangled-protocol-open/contracts/protocol/note-sale/base/LongSaleInterest.sol","s":{},"b":{},"f":{},"fnMap":{},"statementMap":{},"branchMap":{}},"contracts/protocol/note-sale/crowdsale/Crowdsale.sol":{"l":{"55":23,"56":23,"57":23,"58":23,"59":23,"63":3,"64":3,"68":22,"72":22,"76":3,"81":2,"85":2,"87":2,"89":2,"94":22,"98":22,"100":22,"105":20,"107":20,"119":22,"121":22,"124":18,"125":18,"127":18,"129":18,"130":18,"131":18,"133":18,"135":18,"140":4,"146":7,"150":7,"155":1,"160":1,"177":22,"179":22,"180":22,"181":18,"189":22,"194":18,"195":18,"196":5,"197":5,"199":18,"204":0,"208":18,"213":18,"229":18,"234":20,"235":20,"237":20,"239":20,"244":3,"249":18,"253":15},"path":"/Users/vuquangthinh/Documents/untangled.finance/untangled-protocol-open/contracts/protocol/note-sale/crowdsale/Crowdsale.sol","s":{"1":23,"2":3,"3":22,"4":3,"5":2,"6":2,"7":2,"8":22,"9":22,"10":20,"11":22,"12":22,"13":18,"14":18,"15":18,"16":18,"17":18,"18":4,"19":7,"20":1,"21":1,"22":22,"23":22,"24":22,"25":18,"26":22,"27":18,"28":18,"29":5,"30":18,"31":0,"32":18,"33":18,"34":18,"35":20,"36":20,"37":20,"38":3,"39":18,"40":15},"b":{"1":[23,0],"2":[3,0],"3":[22,0],"4":[2,0],"5":[2,0],"6":[2,0],"7":[2,0],"8":[2,0],"9":[22,0],"10":[0,22],"11":[20,0],"12":[22,0],"13":[22,0],"14":[22,0],"15":[7,0],"16":[22,0],"17":[22,0],"18":[18,4],"19":[18,0],"20":[5,13],"21":[18,0],"22":[18,0],"23":[20,0],"24":[20,0]},"f":{"1":23,"2":3,"3":22,"4":3,"5":2,"6":22,"7":20,"8":22,"9":4,"10":7,"11":1,"12":1,"13":22,"14":22,"15":18,"16":0,"17":18,"18":18,"19":18,"20":20,"21":3,"22":18,"23":15},"fnMap":{"1":{"name":"__Crowdsale__init","line":54,"loc":{"start":{"line":49,"column":4},"end":{"line":60,"column":4}}},"2":{"name":"securitizationPoolRestricted","line":62,"loc":{"start":{"line":62,"column":4},"end":{"line":65,"column":4}}},"3":{"name":"smpRestricted","line":67,"loc":{"start":{"line":67,"column":4},"end":{"line":73,"column":4}}},"4":{"name":"currencyRaisedByInvestor","line":75,"loc":{"start":{"line":75,"column":4},"end":{"line":77,"column":4}}},"5":{"name":"addFunding","line":80,"loc":{"start":{"line":80,"column":4},"end":{"line":90,"column":4}}},"6":{"name":"setHasStarted","line":93,"loc":{"start":{"line":93,"column":4},"end":{"line":101,"column":4}}},"7":{"name":"_newSaleRound","line":104,"loc":{"start":{"line":104,"column":4},"end":{"line":108,"column":4}}},"8":{"name":"buyTokens","line":118,"loc":{"start":{"line":114,"column":4},"end":{"line":136,"column":4}}},"9":{"name":"isDistributedFully","line":139,"loc":{"start":{"line":139,"column":4},"end":{"line":141,"column":4}}},"10":{"name":"onRedeem","line":145,"loc":{"start":{"line":145,"column":4},"end":{"line":151,"column":4}}},"11":{"name":"getTokenRemainAmount","line":154,"loc":{"start":{"line":154,"column":4},"end":{"line":156,"column":4}}},"12":{"name":"getCurrencyRemainAmount","line":159,"loc":{"start":{"line":159,"column":4},"end":{"line":161,"column":4}}},"13":{"name":"_defaultPreValidatePurchase","line":172,"loc":{"start":{"line":172,"column":4},"end":{"line":182,"column":4}}},"14":{"name":"_preValidatePurchase","line":184,"loc":{"start":{"line":184,"column":4},"end":{"line":190,"column":4}}},"15":{"name":"_deliverTokens","line":193,"loc":{"start":{"line":193,"column":4},"end":{"line":200,"column":4}}},"16":{"name":"_ejectTokens","line":203,"loc":{"start":{"line":203,"column":4},"end":{"line":205,"column":4}}},"17":{"name":"_processPurchase","line":207,"loc":{"start":{"line":207,"column":4},"end":{"line":209,"column":4}}},"18":{"name":"_claimPayment","line":212,"loc":{"start":{"line":212,"column":4},"end":{"line":217,"column":4}}},"19":{"name":"_forwardFunds","line":228,"loc":{"start":{"line":228,"column":4},"end":{"line":230,"column":4}}},"20":{"name":"_setTotalCap","line":233,"loc":{"start":{"line":233,"column":4},"end":{"line":240,"column":4}}},"21":{"name":"totalCapReached","line":243,"loc":{"start":{"line":243,"column":4},"end":{"line":245,"column":4}}},"22":{"name":"isUnderTotalCap","line":248,"loc":{"start":{"line":248,"column":4},"end":{"line":250,"column":4}}},"23":{"name":"currencyRaised","line":252,"loc":{"start":{"line":252,"column":4},"end":{"line":254,"column":4}}}},"statementMap":{"1":{"start":{"line":55,"column":8},"end":{"line":55,"column":52}},"2":{"start":{"line":63,"column":8},"end":{"line":63,"column":70}},"3":{"start":{"line":68,"column":8},"end":{"line":68,"column":2038}},"4":{"start":{"line":76,"column":8},"end":{"line":76,"column":50}},"5":{"start":{"line":81,"column":8},"end":{"line":81,"column":2515}},"6":{"start":{"line":85,"column":8},"end":{"line":85,"column":62}},"7":{"start":{"line":89,"column":8},"end":{"line":89,"column":37}},"8":{"start":{"line":94,"column":8},"end":{"line":94,"column":2960}},"9":{"start":{"line":100,"column":8},"end":{"line":100,"column":38}},"10":{"start":{"line":105,"column":8},"end":{"line":105,"column":61}},"11":{"start":{"line":119,"column":8},"end":{"line":119,"column":60}},"12":{"start":{"line":121,"column":8},"end":{"line":121,"column":69}},"13":{"start":{"line":129,"column":8},"end":{"line":129,"column":43}},"14":{"start":{"line":130,"column":8},"end":{"line":130,"column":49}},"15":{"start":{"line":131,"column":8},"end":{"line":131,"column":84}},"16":{"start":{"line":133,"column":8},"end":{"line":133,"column":69}},"17":{"start":{"line":135,"column":8},"end":{"line":135,"column":26}},"18":{"start":{"line":140,"column":8},"end":{"line":140,"column":42}},"19":{"start":{"line":146,"column":8},"end":{"line":146,"column":4827}},"20":{"start":{"line":155,"column":8},"end":{"line":155,"column":53}},"21":{"start":{"line":160,"column":8},"end":{"line":160,"column":41}},"22":{"start":{"line":177,"column":8},"end":{"line":177,"column":83}},"23":{"start":{"line":179,"column":8},"end":{"line":179,"column":64}},"24":{"start":{"line":180,"column":8},"end":{"line":180,"column":57}},"25":{"start":{"line":181,"column":8},"end":{"line":181,"column":74}},"26":{"start":{"line":189,"column":8},"end":{"line":189,"column":76}},"27":{"start":{"line":194,"column":8},"end":{"line":194,"column":48}},"28":{"start":{"line":195,"column":8},"end":{"line":195,"column":7018}},"29":{"start":{"line":197,"column":12},"end":{"line":197,"column":65}},"30":{"start":{"line":199,"column":8},"end":{"line":199,"column":47}},"31":{"start":{"line":204,"column":8},"end":{"line":204,"column":42}},"32":{"start":{"line":208,"column":8},"end":{"line":208,"column":47}},"33":{"start":{"line":213,"column":8},"end":{"line":213,"column":7804}},"34":{"start":{"line":229,"column":8},"end":{"line":229,"column":114}},"35":{"start":{"line":234,"column":8},"end":{"line":234,"column":46}},"36":{"start":{"line":235,"column":8},"end":{"line":235,"column":82}},"37":{"start":{"line":239,"column":8},"end":{"line":239,"column":37}},"38":{"start":{"line":244,"column":8},"end":{"line":244,"column":42}},"39":{"start":{"line":249,"column":8},"end":{"line":249,"column":59}},"40":{"start":{"line":253,"column":8},"end":{"line":253,"column":30}}},"branchMap":{"1":{"line":54,"type":"if","locations":[{"start":{"line":54,"column":15},"end":{"line":54,"column":15}},{"start":{"line":54,"column":15},"end":{"line":54,"column":15}}]},"2":{"line":63,"type":"if","locations":[{"start":{"line":63,"column":8},"end":{"line":63,"column":8}},{"start":{"line":63,"column":8},"end":{"line":63,"column":8}}]},"3":{"line":68,"type":"if","locations":[{"start":{"line":68,"column":8},"end":{"line":68,"column":8}},{"start":{"line":68,"column":8},"end":{"line":68,"column":8}}]},"4":{"line":80,"type":"if","locations":[{"start":{"line":80,"column":54},"end":{"line":80,"column":54}},{"start":{"line":80,"column":54},"end":{"line":80,"column":54}}]},"5":{"line":80,"type":"if","locations":[{"start":{"line":80,"column":67},"end":{"line":80,"column":67}},{"start":{"line":80,"column":67},"end":{"line":80,"column":67}}]},"6":{"line":81,"type":"if","locations":[{"start":{"line":81,"column":8},"end":{"line":81,"column":8}},{"start":{"line":81,"column":8},"end":{"line":81,"column":8}}]},"7":{"line":82,"type":"cond-expr","locations":[{"start":{"line":82,"column":12},"end":{"line":82,"column":44}},{"start":{"line":82,"column":49},"end":{"line":82,"column":108}}]},"8":{"line":85,"type":"if","locations":[{"start":{"line":85,"column":8},"end":{"line":85,"column":8}},{"start":{"line":85,"column":8},"end":{"line":85,"column":8}}]},"9":{"line":94,"type":"if","locations":[{"start":{"line":94,"column":8},"end":{"line":94,"column":8}},{"start":{"line":94,"column":8},"end":{"line":94,"column":8}}]},"10":{"line":95,"type":"cond-expr","locations":[{"start":{"line":95,"column":12},"end":{"line":95,"column":44}},{"start":{"line":95,"column":49},"end":{"line":95,"column":108}}]},"11":{"line":105,"type":"if","locations":[{"start":{"line":105,"column":8},"end":{"line":105,"column":8}},{"start":{"line":105,"column":8},"end":{"line":105,"column":8}}]},"12":{"line":118,"type":"if","locations":[{"start":{"line":118,"column":21},"end":{"line":118,"column":21}},{"start":{"line":118,"column":21},"end":{"line":118,"column":21}}]},"13":{"line":118,"type":"if","locations":[{"start":{"line":118,"column":35},"end":{"line":118,"column":35}},{"start":{"line":118,"column":35},"end":{"line":118,"column":35}}]},"14":{"line":118,"type":"if","locations":[{"start":{"line":118,"column":48},"end":{"line":118,"column":48}},{"start":{"line":118,"column":48},"end":{"line":118,"column":48}}]},"15":{"line":146,"type":"if","locations":[{"start":{"line":146,"column":8},"end":{"line":146,"column":8}},{"start":{"line":146,"column":8},"end":{"line":146,"column":8}}]},"16":{"line":177,"type":"if","locations":[{"start":{"line":177,"column":8},"end":{"line":177,"column":8}},{"start":{"line":177,"column":8},"end":{"line":177,"column":8}}]},"17":{"line":179,"type":"if","locations":[{"start":{"line":179,"column":8},"end":{"line":179,"column":8}},{"start":{"line":179,"column":8},"end":{"line":179,"column":8}}]},"18":{"line":180,"type":"if","locations":[{"start":{"line":180,"column":8},"end":{"line":180,"column":8}},{"start":{"line":180,"column":8},"end":{"line":180,"column":8}}]},"19":{"line":181,"type":"if","locations":[{"start":{"line":181,"column":8},"end":{"line":181,"column":8}},{"start":{"line":181,"column":8},"end":{"line":181,"column":8}}]},"20":{"line":195,"type":"if","locations":[{"start":{"line":195,"column":8},"end":{"line":195,"column":8}},{"start":{"line":195,"column":8},"end":{"line":195,"column":8}}]},"21":{"line":213,"type":"if","locations":[{"start":{"line":213,"column":8},"end":{"line":213,"column":8}},{"start":{"line":213,"column":8},"end":{"line":213,"column":8}}]},"22":{"line":229,"type":"if","locations":[{"start":{"line":229,"column":8},"end":{"line":229,"column":8}},{"start":{"line":229,"column":8},"end":{"line":229,"column":8}}]},"23":{"line":234,"type":"if","locations":[{"start":{"line":234,"column":8},"end":{"line":234,"column":8}},{"start":{"line":234,"column":8},"end":{"line":234,"column":8}}]},"24":{"line":235,"type":"if","locations":[{"start":{"line":235,"column":8},"end":{"line":235,"column":8}},{"start":{"line":235,"column":8},"end":{"line":235,"column":8}}]}}},"contracts/protocol/note-sale/crowdsale/FinalizableCrowdsale.sol":{"l":{"14":9,"21":7,"22":6,"23":6,"24":4,"26":4,"27":0,"28":0,"30":0,"31":0,"33":0,"37":4,"38":4},"path":"/Users/vuquangthinh/Documents/untangled.finance/untangled-protocol-open/contracts/protocol/note-sale/crowdsale/FinalizableCrowdsale.sol","s":{"1":9,"2":7,"3":6,"4":6,"5":4,"6":0,"7":0,"8":0,"9":0,"10":4,"11":4},"b":{"1":[7,0],"2":[6,1],"3":[6,0],"4":[4,2],"5":[4,0],"6":[0,4],"7":[0,0]},"f":{"1":9,"2":7,"3":4},"fnMap":{"1":{"name":"finalized","line":13,"loc":{"start":{"line":13,"column":4},"end":{"line":15,"column":4}}},"2":{"name":"finalize","line":20,"loc":{"start":{"line":20,"column":4},"end":{"line":39,"column":4}}},"3":{"name":"_finalization","line":42,"loc":{"start":{"line":42,"column":4},"end":{"line":44,"column":4}}}},"statementMap":{"1":{"start":{"line":14,"column":8},"end":{"line":14,"column":25}},"2":{"start":{"line":21,"column":8},"end":{"line":21,"column":93}},"3":{"start":{"line":22,"column":8},"end":{"line":22,"column":71}},"4":{"start":{"line":23,"column":8},"end":{"line":23,"column":84}},"5":{"start":{"line":26,"column":8},"end":{"line":26,"column":1129}},"6":{"start":{"line":27,"column":12},"end":{"line":27,"column":35}},"7":{"start":{"line":30,"column":12},"end":{"line":30,"column":1298}},"8":{"start":{"line":31,"column":16},"end":{"line":31,"column":66}},"9":{"start":{"line":33,"column":16},"end":{"line":33,"column":40}},"10":{"start":{"line":37,"column":8},"end":{"line":37,"column":22}},"11":{"start":{"line":38,"column":8},"end":{"line":38,"column":33}}},"branchMap":{"1":{"line":20,"type":"if","locations":[{"start":{"line":20,"column":82},"end":{"line":20,"column":82}},{"start":{"line":20,"column":82},"end":{"line":20,"column":82}}]},"2":{"line":21,"type":"if","locations":[{"start":{"line":21,"column":8},"end":{"line":21,"column":8}},{"start":{"line":21,"column":8},"end":{"line":21,"column":8}}]},"3":{"line":22,"type":"if","locations":[{"start":{"line":22,"column":8},"end":{"line":22,"column":8}},{"start":{"line":22,"column":8},"end":{"line":22,"column":8}}]},"4":{"line":23,"type":"if","locations":[{"start":{"line":23,"column":8},"end":{"line":23,"column":8}},{"start":{"line":23,"column":8},"end":{"line":23,"column":8}}]},"5":{"line":23,"type":"cond-expr","locations":[{"start":{"line":23,"column":16},"end":{"line":23,"column":26}},{"start":{"line":23,"column":31},"end":{"line":23,"column":47}}]},"6":{"line":26,"type":"if","locations":[{"start":{"line":26,"column":8},"end":{"line":26,"column":8}},{"start":{"line":26,"column":8},"end":{"line":26,"column":8}}]},"7":{"line":30,"type":"if","locations":[{"start":{"line":30,"column":12},"end":{"line":30,"column":12}},{"start":{"line":30,"column":12},"end":{"line":30,"column":12}}]}}},"contracts/protocol/note-sale/crowdsale/ICrowdSale.sol":{"l":{},"path":"/Users/vuquangthinh/Documents/untangled.finance/untangled-protocol-open/contracts/protocol/note-sale/crowdsale/ICrowdSale.sol","s":{},"b":{},"f":{},"fnMap":{},"statementMap":{},"branchMap":{}},"contracts/protocol/note-sale/crowdsale/IFinalizableCrowdsale.sol":{"l":{},"path":"/Users/vuquangthinh/Documents/untangled.finance/untangled-protocol-open/contracts/protocol/note-sale/crowdsale/IFinalizableCrowdsale.sol","s":{},"b":{},"f":{},"fnMap":{},"statementMap":{},"branchMap":{}},"contracts/protocol/note-sale/crowdsale/IncreasingInterestCrowdsale.sol":{"l":{"26":11,"27":10,"28":10,"32":10,"34":10,"35":10,"36":10,"37":10,"39":10,"48":2,"49":0,"53":2,"56":2,"58":2,"59":1,"61":1,"67":2,"69":2,"77":9,"78":5},"path":"/Users/vuquangthinh/Documents/untangled.finance/untangled-protocol-open/contracts/protocol/note-sale/crowdsale/IncreasingInterestCrowdsale.sol","s":{"1":11,"2":10,"3":10,"4":10,"5":10,"6":2,"7":0,"8":2,"9":2,"10":2,"11":1,"12":1,"13":2,"14":9,"15":5},"b":{"1":[11,0],"2":[10,1],"3":[1,9],"4":[10,0],"5":[10,0],"6":[10,0],"7":[0,2],"8":[1,1],"9":[5,0]},"f":{"1":11,"2":2,"3":2,"4":9},"fnMap":{"1":{"name":"setInterestRange","line":25,"loc":{"start":{"line":20,"column":4},"end":{"line":45,"column":4}}},"2":{"name":"getCurrentInterest","line":47,"loc":{"start":{"line":47,"column":4},"end":{"line":63,"column":4}}},"3":{"name":"_finalization","line":66,"loc":{"start":{"line":66,"column":4},"end":{"line":70,"column":4}}},"4":{"name":"_preValidatePurchase","line":72,"loc":{"start":{"line":72,"column":4},"end":{"line":79,"column":4}}}},"statementMap":{"1":{"start":{"line":26,"column":8},"end":{"line":26,"column":174}},"2":{"start":{"line":27,"column":8},"end":{"line":27,"column":80}},"3":{"start":{"line":28,"column":8},"end":{"line":28,"column":1055}},"4":{"start":{"line":32,"column":8},"end":{"line":32,"column":84}},"5":{"start":{"line":39,"column":8},"end":{"line":39,"column":1497}},"6":{"start":{"line":48,"column":8},"end":{"line":48,"column":1732}},"7":{"start":{"line":49,"column":12},"end":{"line":49,"column":20}},"8":{"start":{"line":53,"column":8},"end":{"line":53,"column":59}},"9":{"start":{"line":56,"column":8},"end":{"line":56,"column":112}},"10":{"start":{"line":58,"column":8},"end":{"line":58,"column":2209}},"11":{"start":{"line":59,"column":12},"end":{"line":59,"column":32}},"12":{"start":{"line":61,"column":12},"end":{"line":61,"column":34}},"13":{"start":{"line":67,"column":8},"end":{"line":67,"column":28}},"14":{"start":{"line":77,"column":8},"end":{"line":77,"column":75}},"15":{"start":{"line":78,"column":8},"end":{"line":78,"column":86}}},"branchMap":{"1":{"line":25,"type":"if","locations":[{"start":{"line":25,"column":13},"end":{"line":25,"column":13}},{"start":{"line":25,"column":13},"end":{"line":25,"column":13}}]},"2":{"line":26,"type":"if","locations":[{"start":{"line":26,"column":8},"end":{"line":26,"column":8}},{"start":{"line":26,"column":8},"end":{"line":26,"column":8}}]},"3":{"line":26,"type":"cond-expr","locations":[{"start":{"line":26,"column":16},"end":{"line":26,"column":48}},{"start":{"line":26,"column":53},"end":{"line":26,"column":112}}]},"4":{"line":27,"type":"if","locations":[{"start":{"line":27,"column":8},"end":{"line":27,"column":8}},{"start":{"line":27,"column":8},"end":{"line":27,"column":8}}]},"5":{"line":28,"type":"if","locations":[{"start":{"line":28,"column":8},"end":{"line":28,"column":8}},{"start":{"line":28,"column":8},"end":{"line":28,"column":8}}]},"6":{"line":32,"type":"if","locations":[{"start":{"line":32,"column":8},"end":{"line":32,"column":8}},{"start":{"line":32,"column":8},"end":{"line":32,"column":8}}]},"7":{"line":48,"type":"if","locations":[{"start":{"line":48,"column":8},"end":{"line":48,"column":8}},{"start":{"line":48,"column":8},"end":{"line":48,"column":8}}]},"8":{"line":58,"type":"if","locations":[{"start":{"line":58,"column":8},"end":{"line":58,"column":8}},{"start":{"line":58,"column":8},"end":{"line":58,"column":8}}]},"9":{"line":78,"type":"if","locations":[{"start":{"line":78,"column":8},"end":{"line":78,"column":8}},{"start":{"line":78,"column":8},"end":{"line":78,"column":8}}]}}},"contracts/protocol/note-sale/crowdsale/TimedCrowdsale.sol":
[...]
rt":{"line":194,"column":8},"end":{"line":194,"column":51}},"36":{"start":{"line":198,"column":8},"end":{"line":198,"column":91}}},"branchMap":{"1":{"line":40,"type":"if","locations":[{"start":{"line":40,"column":13},"end":{"line":40,"column":13}},{"start":{"line":40,"column":13},"end":{"line":40,"column":13}}]},"2":{"line":61,"type":"if","locations":[{"start":{"line":61,"column":8},"end":{"line":61,"column":8}},{"start":{"line":61,"column":8},"end":{"line":61,"column":8}}]},"3":{"line":62,"type":"if","locations":[{"start":{"line":62,"column":8},"end":{"line":62,"column":8}},{"start":{"line":62,"column":8},"end":{"line":62,"column":8}}]},"4":{"line":73,"type":"if","locations":[{"start":{"line":73,"column":15},"end":{"line":73,"column":15}},{"start":{"line":73,"column":15},"end":{"line":73,"column":15}}]},"5":{"line":74,"type":"if","locations":[{"start":{"line":74,"column":8},"end":{"line":74,"column":8}},{"start":{"line":74,"column":8},"end":{"line":74,"column":8}}]},"6":{"line":96,"type":"if","locations":[{"start":{"line":96,"column":8},"end":{"line":96,"column":8}},{"start":{"line":96,"column":8},"end":{"line":96,"column":8}}]},"7":{"line":99,"type":"if","locations":[{"start":{"line":99,"column":12},"end":{"line":99,"column":12}},{"start":{"line":99,"column":12},"end":{"line":99,"column":12}}]},"8":{"line":107,"type":"if","locations":[{"start":{"line":107,"column":12},"end":{"line":107,"column":12}},{"start":{"line":107,"column":12},"end":{"line":107,"column":12}}]},"9":{"line":110,"type":"if","locations":[{"start":{"line":110,"column":12},"end":{"line":110,"column":12}},{"start":{"line":110,"column":12},"end":{"line":110,"column":12}}]},"10":{"line":118,"type":"if","locations":[{"start":{"line":118,"column":12},"end":{"line":118,"column":12}},{"start":{"line":118,"column":12},"end":{"line":118,"column":12}}]}}},"contracts/tokens/ERC721/IUntangledERC721.sol":{"l":{"15":270,"23":270,"27":1,"31":0},"path":"/Users/vuquangthinh/Documents/untangled.finance/untangled-protocol-open/contracts/tokens/ERC721/IUntangledERC721.sol","s":{"1":270,"2":270,"3":1,"4":0},"b":{"1":[270,0],"2":[270,0],"3":[1,3],"4":[0,0]},"f":{"1":270,"2":270,"3":1,"4":0},"fnMap":{"1":{"name":"__UntangledERC721__init","line":14,"loc":{"start":{"line":10,"column":4},"end":{"line":16,"column":4}}},"2":{"name":"__UntangledERC721__init_unchained","line":22,"loc":{"start":{"line":18,"column":4},"end":{"line":24,"column":4}}},"3":{"name":"mint","line":26,"loc":{"start":{"line":26,"column":4},"end":{"line":28,"column":4}}},"4":{"name":"safeMint","line":30,"loc":{"start":{"line":30,"column":4},"end":{"line":32,"column":4}}}},"statementMap":{"1":{"start":{"line":15,"column":8},"end":{"line":15,"column":68}},"2":{"start":{"line":23,"column":8},"end":{"line":23,"column":82}},"3":{"start":{"line":27,"column":8},"end":{"line":27,"column":25}},"4":{"start":{"line":31,"column":8},"end":{"line":31,"column":29}}},"branchMap":{"1":{"line":14,"type":"if","locations":[{"start":{"line":14,"column":15},"end":{"line":14,"column":15}},{"start":{"line":14,"column":15},"end":{"line":14,"column":15}}]},"2":{"line":22,"type":"if","locations":[{"start":{"line":22,"column":15},"end":{"line":22,"column":15}},{"start":{"line":22,"column":15},"end":{"line":22,"column":15}}]},"3":{"line":26,"type":"if","locations":[{"start":{"line":26,"column":62},"end":{"line":26,"column":62}},{"start":{"line":26,"column":62},"end":{"line":26,"column":62}}]},"4":{"line":30,"type":"if","locations":[{"start":{"line":30,"column":66},"end":{"line":30,"column":66}},{"start":{"line":30,"column":66},"end":{"line":30,"column":66}}]}}},"contracts/tokens/ERC721/LATValidator.sol":{"l":{"21":18,"22":17,"26":19,"28":18,"29":18,"32":18,"34":18,"38":216,"39":216,"45":22,"49":18,"53":18,"57":0},"path":"/Users/vuquangthinh/Documents/untangled.finance/untangled-protocol-open/contracts/tokens/ERC721/LATValidator.sol","s":{"1":18,"2":19,"3":18,"4":216,"5":216,"6":22,"7":18,"8":18,"9":0},"b":{"1":[17,1],"2":[18,1],"3":[216,0],"4":[216,0]},"f":{"1":18,"2":19,"3":216,"4":216,"5":22,"6":18,"7":0},"fnMap":{"1":{"name":"requireValidator","line":20,"loc":{"start":{"line":20,"column":4},"end":{"line":23,"column":4}}},"2":{"name":"requireNonceValid","line":25,"loc":{"start":{"line":25,"column":4},"end":{"line":35,"column":4}}},"3":{"name":"__LATValidator_init","line":37,"loc":{"start":{"line":37,"column":4},"end":{"line":40,"column":4}}},"4":{"name":"__LATValidator_init_unchained","line":42,"loc":{"start":{"line":42,"column":4},"end":{"line":42,"column":72}}},"5":{"name":"nonce","line":44,"loc":{"start":{"line":44,"column":4},"end":{"line":46,"column":4}}},"6":{"name":"_checkValidator","line":48,"loc":{"start":{"line":48,"column":4},"end":{"line":54,"column":4}}},"7":{"name":"domainSeparatorV4","line":56,"loc":{"start":{"line":56,"column":4},"end":{"line":58,"column":4}}}},"statementMap":{"1":{"start":{"line":21,"column":8},"end":{"line":21,"column":82}},"2":{"start":{"line":26,"column":8},"end":{"line":26,"column":82}},"3":{"start":{"line":32,"column":8},"end":{"line":32,"column":62}},"4":{"start":{"line":38,"column":8},"end":{"line":38,"column":66}},"5":{"start":{"line":39,"column":8},"end":{"line":39,"column":38}},"6":{"start":{"line":45,"column":8},"end":{"line":45,"column":31}},"7":{"start":{"line":49,"column":8},"end":{"line":49,"column":1703}},"8":{"start":{"line":53,"column":8},"end":{"line":53,"column":87}},"9":{"start":{"line":57,"column":8},"end":{"line":57,"column":35}}},"branchMap":{"1":{"line":21,"type":"if","locations":[{"start":{"line":21,"column":8},"end":{"line":21,"column":8}},{"start":{"line":21,"column":8},"end":{"line":21,"column":8}}]},"2":{"line":26,"type":"if","locations":[{"start":{"line":26,"column":8},"end":{"line":26,"column":8}},{"start":{"line":26,"column":8},"end":{"line":26,"column":8}}]},"3":{"line":37,"type":"if","locations":[{"start":{"line":37,"column":44},"end":{"line":37,"column":44}},{"start":{"line":37,"column":44},"end":{"line":37,"column":44}}]},"4":{"line":42,"type":"if","locations":[{"start":{"line":42,"column":54},"end":{"line":42,"column":54}},{"start":{"line":42,"column":54},"end":{"line":42,"column":54}}]}}},"contracts/tokens/ERC721/LoanAssetToken.sol":{"l":{"26":216,"27":216,"29":216,"31":216,"32":216,"34":216,"35":216,"42":200,"43":200,"50":1,"54":2,"58":6,"62":204,"69":1,"70":1,"71":1,"72":1,"79":17,"80":16},"path":"/Users/vuquangthinh/Documents/untangled.finance/untangled-protocol-open/contracts/tokens/ERC721/LoanAssetToken.sol","s":{"1":216,"2":216,"3":216,"4":216,"5":216,"6":216,"7":200,"8":1,"9":2,"10":6,"11":204,"12":1,"13":1,"14":17,"15":16},"b":{"1":[216,0],"2":[19,0],"3":[18,1],"4":[17,1],"5":[16,1]},"f":{"1":216,"2":200,"3":1,"4":2,"5":6,"6":204,"7":1,"8":17},"fnMap":{"1":{"name":"initialize","line":25,"loc":{"start":{"line":20,"column":4},"end":{"line":36,"column":4}}},"2":{"name":"getExpectedRepaymentValues","line":38,"loc":{"start":{"line":38,"column":4},"end":{"line":47,"column":4}}},"3":{"name":"getExpirationTimestamp","line":49,"loc":{"start":{"line":49,"column":4},"end":{"line":51,"column":4}}},"4":{"name":"getRiskScore","line":53,"loc":{"start":{"line":53,"column":4},"end":{"line":55,"column":4}}},"5":{"name":"getAssetPurpose","line":57,"loc":{"start":{"line":57,"column":4},"end":{"line":59,"column":4}}},"6":{"name":"getInterestRate","line":61,"loc":{"start":{"line":61,"column":4},"end":{"line":63,"column":4}}},"7":{"name":"getTotalExpectedRepaymentValue","line":65,"loc":{"start":{"line":65,"column":4},"end":{"line":73,"column":4}}},"8":{"name":"safeMint","line":78,"loc":{"start":{"line":75,"column":4},"end":{"line":81,"column":4}}}},"statementMap":{"1":{"start":{"line":26,"column":8},"end":{"line":26,"column":58}},"2":{"start":{"line":27,"column":8},"end":{"line":27,"column":28}},"3":{"start":{"line":31,"column":8},"end":{"line":31,"column":85}},"4":{"start":{"line":32,"column":8},"end":{"line":32,"column":58}},"5":{"start":{"line":34,"column":8},"end":{"line":34,"column":65}},"6":{"start":{"line":35,"column":8},"end":{"line":35,"column":45}},"7":{"start":{"line":42,"column":8},"end":{"line":42,"column":46}},"8":{"start":{"line":50,"column":8},"end":{"line":50,"column":83}},"9":{"start":{"line":54,"column":8},"end":{"line":54,"column":73}},"10":{"start":{"line":58,"column":8},"end":{"line":58,"column":76}},"11":{"start":{"line":62,"column":8},"end":{"line":62,"column":89}},"12":{"start":{"line":69,"column":8},"end":{"line":69,"column":31}},"13":{"start":{"line":70,"column":8},"end":{"line":70,"column":30}},"14":{"start":{"line":79,"column":8},"end":{"line":79,"column":95}},"15":{"start":{"line":80,"column":8},"end":{"line":80,"column":43}}},"branchMap":{"1":{"line":25,"type":"if","locations":[{"start":{"line":25,"column":13},"end":{"line":25,"column":13}},{"start":{"line":25,"column":13},"end":{"line":25,"column":13}}]},"2":{"line":78,"type":"if","locations":[{"start":{"line":78,"column":30},"end":{"line":78,"column":30}},{"start":{"line":78,"column":30},"end":{"line":78,"column":30}}]},"3":{"line":78,"type":"if","locations":[{"start":{"line":78,"column":52},"end":{"line":78,"column":52}},{"start":{"line":78,"column":52},"end":{"line":78,"column":52}}]},"4":{"line":78,"type":"if","locations":[{"start":{"line":78,"column":79},"end":{"line":78,"column":79}},{"start":{"line":78,"column":79},"end":{"line":78,"column":79}}]},"5":{"line":79,"type":"if","locations":[{"start":{"line":79,"column":8},"end":{"line":79,"column":8}},{"start":{"line":79,"column":8},"end":{"line":79,"column":8}}]}}},"contracts/tokens/ERC721/types.sol":{"l":{},"path":"/Users/vuquangthinh/Documents/untangled.finance/untangled-protocol-open/contracts/tokens/ERC721/types.sol","s":{},"b":{},"f":{},"fnMap":{},"statementMap":{},"branchMap":{}},"contracts/uid/IRequiresUID.sol":{"l":{},"path":"/Users/vuquangthinh/Documents/untangled.finance/untangled-protocol-open/contracts/uid/IRequiresUID.sol","s":{},"b":{},"f":{},"fnMap":{},"statementMap":{},"branchMap":{}},"contracts/uid/IUniqueIdentity.sol":{"l":{},"path":"/Users/vuquangthinh/Documents/untangled.finance/untangled-protocol-open/contracts/uid/IUniqueIdentity.sol","s":{},"b":{},"f":{},"fnMap":{},"statementMap":{},"branchMap":{}},"contracts/uid/UniqueIdentity.sol":{"l":{"39":54,"41":54,"42":54,"47":54,"52":54,"53":54,"57":18,"58":18,"59":72,"68":1,"76":1,"84":11,"93":1,"94":1,"98":12,"99":12,"100":12,"102":12,"111":1,"113":1,"114":1,"125":14,"129":13,"138":12,"140":12,"143":12,"144":12,"145":12,"154":1,"156":1,"168":1,"169":1,"170":1,"174":13,"175":13,"180":0,"181":0,"182":0,"184":0},"path":"/Users/vuquangthinh/Documents/untangled.finance/untangled-protocol-open/contracts/uid/UniqueIdentity.sol","s":{"1":54,"2":54,"3":54,"4":54,"5":54,"6":54,"7":18,"8":18,"9":1,"10":1,"11":11,"12":1,"13":1,"14":12,"15":12,"16":12,"17":12,"18":1,"19":1,"20":1,"21":14,"22":13,"23":12,"24":12,"25":12,"26":12,"27":1,"28":1,"29":1,"30":1,"31":0,"32":0,"33":0,"34":0},"b":{"1":[54,0],"2":[54,0],"3":[54,0],"4":[54,0],"5":[18,0],"6":[18,0],"7":[11,0],"8":[11,0],"9":[1,0],"10":[1,0],"11":[1,0],"12":[12,0],"13":[12,0],"14":[12,0],"15":[1,0],"16":[1,0],"17":[1,0],"18":[13,1],"19":[12,1],"20":[12,0],"21":[12,0],"22":[1,0],"23":[1,0],"24":[0,0],"25":[0,0],"26":[0,0],"27":[0,0]},"f":{"1":54,"2":54,"3":54,"4":18,"5":1,"6":1,"7":11,"8":1,"9":12,"10":1,"11":14,"12":12,"13":1,"14":13,"15":0},"fnMap":{"1":{"name":"initialize","line":38,"loc":{"start":{"line":38,"column":4},"end":{"line":43,"column":4}}},"2":{"name":"__UniqueIdentity_init","line":46,"loc":{"start":{"line":46,"column":4},"end":{"line":48,"column":4}}},"3":{"name":"__UniqueIdentity_init_unchained","line":51,"loc":{"start":{"line":51,"column":4},"end":{"line":54,"column":4}}},"4":{"name":"setSupportedUIDTypes","line":56,"loc":{"start":{"line":56,"column":4},"end":{"line":61,"column":4}}},"5":{"name":"name","line":67,"loc":{"start":{"line":67,"column":4},"end":{"line":69,"column":4}}},"6":{"name":"symbol","line":75,"loc":{"start":{"line":75,"column":4},"end":{"line":77,"column":4}}},"7":{"name":"mint","line":83,"loc":{"start":{"line":79,"column":4},"end":{"line":85,"column":4}}},"8":{"name":"mintTo","line":92,"loc":{"start":{"line":87,"column":4},"end":{"line":95,"column":4}}},"9":{"name":"_mintTo","line":97,"loc":{"start":{"line":97,"column":4},"end":{"line":103,"column":4}}},"10":{"name":"burn","line":110,"loc":{"start":{"line":105,"column":4},"end":{"line":115,"column":4}}},"11":{"name":"_beforeTokenTransfer","line":117,"loc":{"start":{"line":117,"column":4},"end":{"line":130,"column":4}}},"12":{"name":"onlySigner","line":132,"loc":{"start":{"line":132,"column":4},"end":{"line":146,"column":4}}},"13":{"name":"onlySignerMintTo","line":148,"loc":{"start":{"line":148,"column":4},"end":{"line":171,"column":4}}},"14":{"name":"incrementNonce","line":173,"loc":{"start":{"line":173,"column":4},"end":{"line":176,"column":4}}},"15":{"name":"unlockWrongToken","line":179,"loc":{"start":{"line":179,"column":4},"end":{"line":189,"column":4}}}},"statementMap":{"1":{"start":{"line":39,"column":8},"end":{"line":39,"column":68}},"2":{"start":{"line":41,"column":8},"end":{"line":41,"column":45}},"3":{"start":{"line":42,"column":8},"end":{"line":42,"column":35}},"4":{"start":{"line":47,"column":8},"end":{"line":47,"column":45}},"5":{"start":{"line":52,"column":8},"end":{"line":52,"column":37}},"6":{"start":{"line":53,"column":8},"end":{"line":53,"column":45}},"7":{"start":{"line":57,"column":8},"end":{"line":57,"column":79}},"8":{"start":{"line":58,"column":8},"end":{"line":58,"column":2562}},"9":{"start":{"line":68,"column":8},"end":{"line":68,"column":32}},"10":{"start":{"line":76,"column":8},"end":{"line":76,"column":20}},"11":{"start":{"line":84,"column":8},"end":{"line":84,"column":32}},"12":{"start":{"line":93,"column":8},"end":{"line":93,"column":78}},"13":{"start":{"line":94,"column":8},"end":{"line":94,"column":29}},"14":{"start":{"line":98,"column":8},"end":{"line":98,"column":83}},"15":{"start":{"line":99,"column":8},"end":{"line":99,"column":63}},"16":{"start":{"line":100,"column":8},"end":{"line":100,"column":82}},"17":{"start":{"line":102,"column":8},"end":{"line":102,"column":38}},"18":{"start":{"line":111,"column":8},"end":{"line":111,"column":28}},"19":{"start":{"line":113,"column":8},"end":{"line":113,"column":55}},"20":{"start":{"line":114,"column":8},"end":{"line":114,"column":67}},"21":{"start":{"line":125,"column":8},"end":{"line":125,"column":4674}},"22":{"start":{"line":129,"column":8},"end":{"line":129,"column":73}},"23":{"start":{"line":138,"column":8},"end":{"line":138,"column":68}},"24":{"start":{"line":140,"column":8},"end":{"line":140,"column":5148}},"25":{"start":{"line":143,"column":8},"end":{"line":143,"column":80}},"26":{"start":{"line":144,"column":8},"end":{"line":144,"column":109}},"27":{"start":{"line":154,"column":8},"end":{"line":154,"column":68}},"28":{"start":{"line":156,"column":8},"end":{"line":156,"column":5727}},"29":{"start":{"line":168,"column":8},"end":{"line":168,"column":80}},"30":{"start":{"line":169,"column":8},"end":{"line":169,"column":109}},"31":{"start":{"line":180,"column":8},"end":{"line":180,"column":6408}},"32":{"start":{"line":181,"column":12},"end":{"line":181,"column":119}},"33":{"start":{"line":182,"column":12},"end":{"line":182,"column":47}},"34":{"start":{"line":184,"column":12},"end":{"line":184,"column":6639}}},"branchMap":{"1":{"line":38,"type":"if","locations":[{"start":{"line":38,"column":65},"end":{"line":38,"column":65}},{"start":{"line":38,"column":65},"end":{"line":38,"column":65}}]},"2":{"line":39,"type":"if","locations":[{"start":{"line":39,"column":8},"end":{"line":39,"column":8}},{"start":{"line":39,"column":8},"end":{"line":39,"column":8}}]},"3":{"line":46,"type":"if","locations":[{"start":{"line":46,"column":59},"end":{"line":46,"column":59}},{"start":{"line":46,"column":59},"end":{"line":46,"column":59}}]},"4":{"line":51,"type":"if","locations":[{"start":{"line":51,"column":69},"end":{"line":51,"column":69}},{"start":{"line":51,"column":69},"end":{"line":51,"column":69}}]},"5":{"line":56,"type":"if","locations":[{"start":{"line":56,"column":89},"end":{"line":56,"column":89}},{"start":{"line":56,"column":89},"end":{"line":56,"column":89}}]},"6":{"line":57,"type":"if","locations":[{"start":{"line":57,"column":8},"end":{"line":57,"column":8}},{"start":{"line":57,"column":8},"end":{"line":57,"column":8}}]},"7":{"line":83,"type":"if","locations":[{"start":{"line":83,"column":30},"end":{"line":83,"column":30}},{"start":{"line":83,"column":30},"end":{"line":83,"column":30}}]},"8":{"line":83,"type":"if","locations":[{"start":{"line":83,"column":81},"end":{"line":83,"column":81}},{"start":{"line":83,"column":81},"end":{"line":83,"column":81}}]},"9":{"line":92,"type":"if","locations":[{"start":{"line":92,"column":30},"end":{"line":92,"column":30}},{"start":{"line":92,"column":30},"end":{"line":92,"column":30}}]},"10":{"line":92,"type":"if","locations":[{"start":{"line":92,"column":84},"end":{"line":92,"column":84}},{"start":{"line":92,"column":84},"end":{"line":92,"column":84}}]},"11":{"line":93,"type":"if","locations":[{"start":{"line":93,"column":8},"end":{"line":93,"column":8}},{"start":{"line":93,"column":8},"end":{"line":93,"column":8}}]},"12":{"line":98,"type":"if","locations":[{"start":{"line":98,"column":8},"end":{"line":98,"column":8}},{"start":{"line":98,"column":8},"end":{"line":98,"column":8}}]},"13":{"line":99,"type":"if","locations":[{"start":{"line":99,"column":8},"end":{"line":99,"column":8}},{"start":{"line":99,"column":8},"end":{"line":99,"column":8}}]},"14":{"line":100,"type":"if","locations":[{"start":{"line":100,"column":8},"end":{"line":100,"column":8}},{"start":{"line":100,"column":8},"end":{"line":100,"column":8}}]},"15":{"line":110,"type":"if","locations":[{"start":{"line":110,"column":22},"end":{"line":110,"column":22}},{"start":{"line":110,"column":22},"end":{"line":110,"column":22}}]},"16":{"line":110,"type":"if","locations":[{"start":{"line":110,"column":68},"end":{"line":110,"column":68}},{"start":{"line":110,"column":68},"end":{"line":110,"column":68}}]},"17":{"line":114,"type":"if","locations":[{"start":{"line":114,"column":8},"end":{"line":114,"column":8}},{"start":{"line":114,"column":8},"end":{"line":114,"column":8}}]},"18":{"line":125,"type":"if","locations":[{"start":{"line":125,"column":8},"end":{"line":125,"column":8}},{"start":{"line":125,"column":8},"end":{"line":125,"column":8}}]},"19":{"line":126,"type":"cond-expr","locations":[{"start":{"line":126,"column":12},"end":{"line":126,"column":51}},{"start":{"line":126,"column":56},"end":{"line":126,"column":95}}]},"20":{"line":138,"type":"if","locations":[{"start":{"line":138,"column":8},"end":{"line":138,"column":8}},{"start":{"line":138,"column":8},"end":{"line":138,"column":8}}]},"21":{"line":144,"type":"if","locations":[{"start":{"line":144,"column":8},"end":{"line":144,"column":8}},{"start":{"line":144,"column":8},"end":{"line":144,"column":8}}]},"22":{"line":154,"type":"if","locations":[{"start":{"line":154,"column":8},"end":{"line":154,"column":8}},{"start":{"line":154,"column":8},"end":{"line":154,"column":8}}]},"23":{"line":169,"type":"if","locations":[{"start":{"line":169,"column":8},"end":{"line":169,"column":8}},{"start":{"line":169,"column":8},"end":{"line":169,"column":8}}]},"24":{"line":179,"type":"if","locations":[{"start":{"line":179,"column":52},"end":{"line":179,"column":52}},{"start":{"line":179,"column":52},"end":{"line":179,"column":52}}]},"25":{"line":180,"type":"if","locations":[{"start":{"line":180,"column":8},"end":{"line":180,"column":8}},{"start":{"line":180,"column":8},"end":{"line":180,"column":8}}]},"26":{"line":182,"type":"if","locations":[{"start":{"line":182,"column":12},"end":{"line":182,"column":12}},{"start":{"line":182,"column":12},"end":{"line":182,"column":12}}]},"27":{"line":184,"type":"if","locations":[{"start":{"line":184,"column":12},"end":{"line":184,"column":12}},{"start":{"line":184,"column":12},"end":{"line":184,"column":12}}]}}}}