{"contracts/base/Factory.sol":{"l":{"7":28,"8":28,"15":28},"path":"/Users/khanhpham/Desktop/untangled/untangled-protocol-open/contracts/base/Factory.sol","s":{"1":28,"2":28},"b":{},"f":{"1":28},"fnMap":{"1":{"name":"deployMinimal","line":6,"loc":{"start":{"line":6,"column":4},"end":{"line":16,"column":4}}}},"statementMap":{"1":{"start":{"line":7,"column":8},"end":{"line":7,"column":45}},"2":{"start":{"line":15,"column":8},"end":{"line":15,"column":20}}},"branchMap":{}},"contracts/base/UntangledBase.sol":{"l":{"27":546,"31":674,"32":674,"33":674,"35":674,"37":674,"38":674,"40":674,"44":3,"48":3},"path":"/Users/khanhpham/Desktop/untangled/untangled-protocol-open/contracts/base/UntangledBase.sol","s":{"1":546,"2":674,"3":674,"4":674,"5":674,"6":674,"7":674,"8":674,"9":3,"10":3},"b":{"1":[546,0],"2":[674,0],"3":[0,674],"4":[3,0],"5":[3,0]},"f":{"1":546,"2":674,"3":3,"4":3},"fnMap":{"1":{"name":"__UntangledBase__init","line":26,"loc":{"start":{"line":26,"column":4},"end":{"line":28,"column":4}}},"2":{"name":"__UntangledBase__init_unchained","line":30,"loc":{"start":{"line":30,"column":4},"end":{"line":41,"column":4}}},"3":{"name":"pause","line":43,"loc":{"start":{"line":43,"column":4},"end":{"line":45,"column":4}}},"4":{"name":"unpause","line":47,"loc":{"start":{"line":47,"column":4},"end":{"line":49,"column":4}}}},"statementMap":{"1":{"start":{"line":27,"column":8},"end":{"line":27,"column":45}},"2":{"start":{"line":31,"column":8},"end":{"line":31,"column":34}},"3":{"start":{"line":32,"column":8},"end":{"line":32,"column":41}},"4":{"start":{"line":33,"column":8},"end":{"line":33,"column":49}},"5":{"start":{"line":35,"column":8},"end":{"line":35,"column":53}},"6":{"start":{"line":37,"column":8},"end":{"line":37,"column":44}},"7":{"start":{"line":38,"column":8},"end":{"line":38,"column":36}},"8":{"start":{"line":40,"column":8},"end":{"line":40,"column":44}},"9":{"start":{"line":44,"column":8},"end":{"line":44,"column":15}},"10":{"start":{"line":48,"column":8},"end":{"line":48,"column":17}}},"branchMap":{"1":{"line":26,"type":"if","locations":[{"start":{"line":26,"column":59},"end":{"line":26,"column":59}},{"start":{"line":26,"column":59},"end":{"line":26,"column":59}}]},"2":{"line":30,"type":"if","locations":[{"start":{"line":30,"column":69},"end":{"line":30,"column":69}},{"start":{"line":30,"column":69},"end":{"line":30,"column":69}}]},"3":{"line":35,"type":"if","locations":[{"start":{"line":35,"column":8},"end":{"line":35,"column":8}},{"start":{"line":35,"column":8},"end":{"line":35,"column":8}}]},"4":{"line":43,"type":"if","locations":[{"start":{"line":43,"column":28},"end":{"line":43,"column":28}},{"start":{"line":43,"column":28},"end":{"line":43,"column":28}}]},"5":{"line":47,"type":"if","locations":[{"start":{"line":47,"column":30},"end":{"line":47,"column":30}},{"start":{"line":47,"column":30},"end":{"line":47,"column":30}}]}}},"contracts/interfaces/ICrowdSale.sol":{"l":{},"path":"/Users/khanhpham/Desktop/untangled/untangled-protocol-open/contracts/interfaces/ICrowdSale.sol","s":{},"b":{},"f":{},"fnMap":{},"statementMap":{},"branchMap":{}},"contracts/interfaces/IDistributionAssessor.sol":{"l":{},"path":"/Users/khanhpham/Desktop/untangled/untangled-protocol-open/contracts/interfaces/IDistributionAssessor.sol","s":{},"b":{},"f":{},"fnMap":{},"statementMap":{},"branchMap":{}},"contracts/interfaces/IDistributionOperator.sol":{"l":{},"path":"/Users/khanhpham/Desktop/untangled/untangled-protocol-open/contracts/interfaces/IDistributionOperator.sol","s":{},"b":{},"f":{},"fnMap":{},"statementMap":{},"branchMap":{}},"contracts/interfaces/IDistributionTranche.sol":{"l":{},"path":"/Users/khanhpham/Desktop/untangled/untangled-protocol-open/contracts/interfaces/IDistributionTranche.sol","s":{},"b":{},"f":{},"fnMap":{},"statementMap":{},"branchMap":{}},"contracts/interfaces/IGo.sol":{"l":{},"path":"/Users/khanhpham/Desktop/untangled/untangled-protocol-open/contracts/interfaces/IGo.sol","s":{},"b":{},"f":{},"fnMap":{},"statementMap":{},"branchMap":{}},"contracts/interfaces/ILoanInterestTermsContract.sol":{"l":{},"path":"/Users/khanhpham/Desktop/untangled/untangled-protocol-open/contracts/interfaces/ILoanInterestTermsContract.sol","s":{},"b":{},"f":{},"fnMap":{},"statementMap":{},"branchMap":{}},"contracts/interfaces/ILoanKernel.sol":{"l":{},"path":"/Users/khanhpham/Desktop/untangled/untangled-protocol-open/contracts/interfaces/ILoanKernel.sol","s":{},"b":{},"f":{},"fnMap":{},"statementMap":{},"branchMap":{}},"contracts/interfaces/ILoanRegistry.sol":{"l":{},"path":"/Users/khanhpham/Desktop/untangled/untangled-protocol-open/contracts/interfaces/ILoanRegistry.sol","s":{},"b":{},"f":{},"fnMap":{},"statementMap":{},"branchMap":{}},"contracts/interfaces/ILoanRepaymentRouter.sol":{"l":{},"path":"/Users/khanhpham/Desktop/untangled/untangled-protocol-open/contracts/interfaces/ILoanRepaymentRouter.sol","s":{},"b":{},"f":{},"fnMap":{},"statementMap":{},"branchMap":{}},"contracts/interfaces/IMintedIncreasingInterestTGE.sol":{"l":{},"path":"/Users/khanhpham/Desktop/untangled/untangled-protocol-open/contracts/interfaces/IMintedIncreasingInterestTGE.sol","s":{},"b":{},"f":{},"fnMap":{},"statementMap":{},"branchMap":{}},"contracts/interfaces/INoteToken.sol":{"l":{},"path":"/Users/khanhpham/Desktop/untangled/untangled-protocol-open/contracts/interfaces/INoteToken.sol","s":{},"b":{},"f":{},"fnMap":{},"statementMap":{},"branchMap":{}},"contracts/interfaces/INoteTokenFactory.sol":{"l":{},"path":"/Users/khanhpham/Desktop/untangled/untangled-protocol-open/contracts/interfaces/INoteTokenFactory.sol","s":{},"b":{},"f":{},"fnMap":{},"statementMap":{},"branchMap":{}},"contracts/interfaces/IRequiresUID.sol":{"l":{},"path":"/Users/khanhpham/Desktop/untangled/untangled-protocol-open/contracts/interfaces/IRequiresUID.sol","s":{},"b":{},"f":{},"fnMap":{},"statementMap":{},"branchMap":{}},"contracts/interfaces/ISecuritizationManager.sol":{"l":{},"path":"/Users/khanhpham/Desktop/untangled/untangled-protocol-open/contracts/interfaces/ISecuritizationManager.sol","s":{},"b":{},"f":{},"fnMap":{},"statementMap":{},"branchMap":{}},"contracts/interfaces/ISecuritizationPool.sol":{"l":{},"path":"/Users/khanhpham/Desktop/untangled/untangled-protocol-open/contracts/interfaces/ISecuritizationPool.sol","s":{},"b":{},"f":{},"fnMap":{},"statementMap":{},"branchMap":{}},"contracts/interfaces/ISecuritizationPoolValueService.sol":{"l":{},"path":"/Users/khanhpham/Desktop/untangled/untangled-protocol-open/contracts/interfaces/ISecuritizationPoolValueService.sol","s":{},"b":{},"f":{},"fnMap":{},"statementMap":{},"branchMap":{}},"contracts/interfaces/ITokenGenerationEventFactory.sol":{"l":{},"path":"/Users/khanhpham/Desktop/untangled/untangled-protocol-open/contracts/interfaces/ITokenGenerationEventFactory.sol","s":{},"b":{},"f":{},"fnMap":{},"statementMap":{},"branchMap":{}},"contracts/interfaces/IUniqueIdentity.sol":{"l":{},"path":"/Users/khanhpham/Desktop/untangled/untangled-protocol-open/contracts/interfaces/IUniqueIdentity.sol","s":{},"b":{},"f":{},"fnMap":{},"statementMap":{},"branchMap":{}},"contracts/interfaces/IUntangledERC721.sol":{"l":{"15":223,"23":223,"27":1,"31":16},"path":"/Users/khanhpham/Desktop/untangled/untangled-protocol-open/contracts/interfaces/IUntangledERC721.sol","s":{"1":223,"2":223,"3":1,"4":16},"b":{"1":[223,0],"2":[223,0],"3":[1,3],"4":[16,0]},"f":{"1":223,"2":223,"3":1,"4":16},"fnMap":{"1":{"name":"__UntangledERC721__init","line":14,"loc":{"start":{"line":10,"column":4},"end":{"line":16,"column":4}}},"2":{"name":"__UntangledERC721__init_unchained","line":22,"loc":{"start":{"line":18,"column":4},"end":{"line":24,"column":4}}},"3":{"name":"mint","line":26,"loc":{"start":{"line":26,"column":4},"end":{"line":28,"column":4}}},"4":{"name":"safeMint","line":30,"loc":{"start":{"line":30,"column":4},"end":{"line":32,"column":4}}}},"statementMap":{"1":{"start":{"line":15,"column":8},"end":{"line":15,"column":68}},"2":{"start":{"line":23,"column":8},"end":{"line":23,"column":82}},"3":{"start":{"line":27,"column":8},"end":{"line":27,"column":25}},"4":{"start":{"line":31,"column":8},"end":{"line":31,"column":29}}},"branchMap":{"1":{"line":14,"type":"if","locations":[{"start":{"line":14,"column":15},"end":{"line":14,"column":15}},{"start":{"line":14,"column":15},"end":{"line":14,"column":15}}]},"2":{"line":22,"type":"if","locations":[{"start":{"line":22,"column":15},"end":{"line":22,"column":15}},{"start":{"line":22,"column":15},"end":{"line":22,"column":15}}]},"3":{"line":26,"type":"if","locations":[{"start":{"line":26,"column":62},"end":{"line":26,"column":62}},{"start":{"line":26,"column":62},"end":{"line":26,"column":62}}]},"4":{"line":30,"type":"if","locations":[{"start":{"line":30,"column":66},"end":{"line":30,"column":66}},{"start":{"line":30,"column":66},"end":{"line":30,"column":66}}]}}},"contracts/libraries/ConfigHelper.sol":{"l":{"33":1932,"37":117,"41":15,"45":26,"49":20,"56":28,"60":69,"64":15,"68":946,"72":350,"77":13,"81":225,"85":21,"93":32,"100":29,"104":7,"111":6,"118":13},"path":"/Users/khanhpham/Desktop/untangled/untangled-protocol-open/contracts/libraries/ConfigHelper.sol","s":{"1":1932,"2":117,"3":15,"4":26,"5":20,"6":28,"7":69,"8":15,"9":946,"10":350,"11":13,"12":225,"13":21,"14":32,"15":29,"16":7,"17":6,"18":13},"b":{},"f":{"1":1932,"2":117,"3":15,"4":26,"5":20,"6":28,"7":69,"8":15,"9":946,"10":350,"11":13,"12":225,"13":21,"14":32,"15":29,"16":7,"17":6,"18":13},"fnMap":{"1":{"name":"getAddress","line":32,"loc":{"start":{"line":32,"column":4},"end":{"line":34,"column":4}}},"2":{"name":"getSecuritizationManager","line":36,"loc":{"start":{"line":36,"column":4},"end":{"line":38,"column":4}}},"3":{"name":"getSecuritizationPool","line":40,"loc":{"start":{"line":40,"column":4},"end":{"line":42,"column":4}}},"4":{"name":"getNoteTokenFactory","line":44,"loc":{"start":{"line":44,"column":4},"end":{"line":46,"column":4}}},"5":{"name":"getTokenGenerationEventFactory","line":48,"loc":{"start":{"line":48,"column":4},"end":{"line":53,"column":4}}},"6":{"name":"getDistributionOperator","line":55,"loc":{"start":{"line":55,"column":4},"end":{"line":57,"column":4}}},"7":{"name":"getLoanAssetToken","line":59,"loc":{"start":{"line":59,"column":4},"end":{"line":61,"column":4}}},"8":{"name":"getAcceptedInvoiceToken","line":63,"loc":{"start":{"line":63,"column":4},"end":{"line":65,"column":4}}},"9":{"name":"getLoanRegistry","line":67,"loc":{"start":{"line":67,"column":4},"end":{"line":69,"column":4}}},"10":{"name":"getLoanInterestTermsContract","line":71,"loc":{"start":{"line":71,"column":4},"end":{"line":74,"column":4}}},"11":{"name":"getLoanRepaymentRouter","line":76,"loc":{"start":{"line":76,"column":4},"end":{"line":78,"column":4}}},"12":{"name":"getLoanKernel","line":80,"loc":{"start":{"line":80,"column":4},"end":{"line":82,"column":4}}},"13":{"name":"getDistributionTranche","line":84,"loc":{"start":{"line":84,"column":4},"end":{"line":86,"column":4}}},"14":{"name":"getSecuritizationPoolValueService","line":88,"loc":{"start":{"line":88,"column":4},"end":{"line":97,"column":4}}},"15":{"name":"getDistributionAssessor","line":99,"loc":{"start":{"line":99,"column":4},"end":{"line":101,"column":4}}},"16":{"name":"getMintedIncreasingInterestTGE","line":103,"loc":{"start":{"line":103,"column":4},"end":{"line":108,"column":4}}},"17":{"name":"getMintedNormalTGE","line":110,"loc":{"start":{"line":110,"column":4},"end":{"line":115,"column":4}}},"18":{"name":"getGo","line":117,"loc":{"start":{"line":117,"column":4},"end":{"line":119,"column":4}}}},"statementMap":{"1":{"start":{"line":33,"column":8},"end":{"line":33,"column":55}},"2":{"start":{"line":37,"column":8},"end":{"line":37,"column":111}},"3":{"start":{"line":41,"column":8},"end":{"line":41,"column":105}},"4":{"start":{"line":45,"column":8},"end":{"line":45,"column":102}},"5":{"start":{"line":49,"column":8},"end":{"line":49,"column":2179}},"6":{"start":{"line":56,"column":8},"end":{"line":56,"column":109}},"7":{"start":{"line":60,"column":8},"end":{"line":60,"column":99}},"8":{"start":{"line":64,"column":8},"end":{"line":64,"column":109}},"9":{"start":{"line":68,"column":8},"end":{"line":68,"column":93}},"10":{"start":{"line":72,"column":8},"end":{"line":72,"column":3408}},"11":{"start":{"line":77,"column":8},"end":{"line":77,"column":108}},"12":{"start":{"line":81,"column":8},"end":{"line":81,"column":89}},"13":{"start":{"line":85,"column":8},"end":{"line":85,"column":107}},"14":{"start":{"line":93,"column":8},"end":{"line":93,"column":4216}},"15":{"start":{"line":100,"column":8},"end":{"line":100,"column":109}},"16":{"start":{"line":104,"column":8},"end":{"line":104,"column":4737}},"17":{"start":{"line":111,"column":8},"end":{"line":111,"column":5001}},"18":{"start":{"line":118,"column":8},"end":{"line":118,"column":72}}},"branchMap":{}},"contracts/libraries/Configuration.sol":{"l":{},"path":"/Users/khanhpham/Desktop/untangled/untangled-protocol-open/contracts/libraries/Configuration.sol","s":{},"b":{},"f":{},"fnMap":{},"statementMap":{},"branchMap":{}},"contracts/libraries/UnpackLoanParamtersLib.sol":{"l":{"29":1690,"47":338,"50":338,"52":338,"56":338,"59":338,"62":338,"85":338},"path":"/Users/khanhpham/Desktop/untangled/untangled-protocol-open/contracts/libraries/UnpackLoanParamtersLib.sol","s":{"1":1690,"2":338,"3":338,"4":338,"5":338,"6":338,"7":338,"8":338},"b":{},"f":{"1":1690,"2":338,"3":338},"fnMap":{"1":{"name":"_bitShiftRight","line":28,"loc":{"start":{"line":28,"column":4},"end":{"line":30,"column":4}}},"2":{"name":"_unpackLoanTermsParametersFromBytes","line":35,"loc":{"start":{"line":35,"column":4},"end":{"line":69,"column":4}}},"3":{"name":"unpackParametersFromBytes","line":74,"loc":{"start":{"line":74,"column":4},"end":{"line":86,"column":4}}}},"statementMap":{"1":{"start":{"line":29,"column":8},"end":{"line":29,"column":41}},"2":{"start":{"line":47,"column":8},"end":{"line":47,"column":1466}},"3":{"start":{"line":50,"column":8},"end":{"line":50,"column":117}},"4":{"start":{"line":52,"column":8},"end":{"line":52,"column":1882}},"5":{"start":{"line":56,"column":8},"end":{"line":56,"column":2140}},"6":{"start":{"line":59,"column":8},"end":{"line":59,"column":2289}},"7":{"start":{"line":62,"column":8},"end":{"line":62,"column":2357}},"8":{"start":{"line":85,"column":8},"end":{"line":85,"column":62}}},"branchMap":{}},"contracts/libraries/UntangledMath.sol":{"l":{"14":216,"65":177,"66":177},"path":"/Users/khanhpham/Desktop/untangled/untangled-protocol-open/contracts/libraries/UntangledMath.sol","s":{},"b":{},"f":{"1":216,"2":177},"fnMap":{"1":{"name":"rpow","line":9,"loc":{"start":{"line":9,"column":4},"end":{"line":62,"column":4}}},"2":{"name":"uncheckedInc","line":64,"loc":{"start":{"line":64,"column":4},"end":{"line":68,"column":4}}}},"statementMap":{},"branchMap":{}},"contracts/protocol/Go.sol":{"l":{"25":3,"26":2,"33":53,"37":53,"38":53,"39":53,"40":53,"41":53,"46":1,"50":54,"51":54,"52":54,"53":54,"54":54,"55":54,"56":54,"57":54,"58":54,"59":54,"60":54,"80":18,"82":18,"83":1,"86":17,"87":30,"89":30,"90":30,"91":13,"103":17,"104":17,"105":1,"110":3,"118":2,"119":2,"120":22,"123":2,"132":1,"136":1},"path":"/Users/khanhpham/Desktop/untangled/untangled-protocol-open/contracts/protocol/Go.sol","s":{"1":3,"2":53,"3":53,"4":53,"5":53,"6":53,"7":1,"8":18,"9":18,"10":1,"11":17,"12":30,"13":30,"14":30,"15":13,"16":17,"17":17,"18":1,"19":3,"20":2,"21":2,"22":2,"23":1,"24":1},"b":{"1":[2,1],"2":[53,0],"3":[53,0],"4":[1,0],"5":[18,0],"6":[1,17],"7":[13,17],"8":[1,16],"9":[1,1]},"f":{"1":3,"2":53,"3":1,"4":54,"5":18,"6":2,"7":1,"8":1},"fnMap":{"1":{"name":"onlyAdmin","line":24,"loc":{"start":{"line":24,"column":2},"end":{"line":27,"column":2}}},"2":{"name":"initialize","line":32,"loc":{"start":{"line":29,"column":2},"end":{"line":42,"column":2}}},"3":{"name":"performUpgrade","line":45,"loc":{"start":{"line":45,"column":2},"end":{"line":47,"column":2}}},"4":{"name":"_performUpgrade","line":49,"loc":{"start":{"line":49,"column":2},"end":{"line":61,"column":2}}},"5":{"name":"goOnlyIdTypes","line":76,"loc":{"start":{"line":76,"column":2},"end":{"line":111,"column":2}}},"6":{"name":"getAllIdTypes","line":116,"loc":{"start":{"line":116,"column":2},"end":{"line":124,"column":2}}},"7":{"name":"go","line":131,"loc":{"start":{"line":131,"column":2},"end":{"line":133,"column":2}}},"8":{"name":"initZapperRole","line":135,"loc":{"start":{"line":135,"column":2},"end":{"line":137,"column":2}}}},"statementMap":{"1":{"start":{"line":25,"column":4},"end":{"line":25,"column":92}},"2":{"start":{"line":33,"column":4},"end":{"line":33,"column":1041}},"3":{"start":{"line":37,"column":4},"end":{"line":37,"column":35}},"4":{"start":{"line":38,"column":4},"end":{"line":38,"column":32}},"5":{"start":{"line":39,"column":4},"end":{"line":39,"column":40}},"6":{"start":{"line":40,"column":4},"end":{"line":40,"column":20}},"7":{"start":{"line":46,"column":4},"end":{"line":46,"column":28}},"8":{"start":{"line":80,"column":4},"end":{"line":80,"column":66}},"9":{"start":{"line":82,"column":4},"end":{"line":82,"column":2898}},"10":{"start":{"line":83,"column":6},"end":{"line":83,"column":17}},"11":{"start":{"line":86,"column":4},"end":{"line":86,"column":2965}},"12":{"start":{"line":87,"column":6},"end":{"line":87,"column":37}},"13":{"start":{"line":89,"column":6},"end":{"line":89,"column":74}},"14":{"start":{"line":90,"column":6},"end":{"line":90,"column":3140}},"15":{"start":{"line":91,"column":8},"end":{"line":91,"column":19}},"16":{"start":{"line":103,"column":6},"end":{"line":103,"column":77}},"17":{"start":{"line":104,"column":6},"end":{"line":104,"column":3877}},"18":{"start":{"line":105,"column":8},"end":{"line":105,"column":66}},"19":{"start":{"line":110,"column":4},"end":{"line":110,"column":16}},"20":{"start":{"line":118,"column":4},"end":{"line":118,"column":67}},"21":{"start":{"line":119,"column":4},"end":{"line":119,"column":4349}},"22":{"start":{"line":123,"column":4},"end":{"line":123,"column":22}},"23":{"start":{"line":132,"column":4},"end":{"line":132,"column":50}},"24":{"start":{"line":136,"column":4},"end":{"line":136,"column":41}}},"branchMap":{"1":{"line":25,"type":"if","locations":[{"start":{"line":25,"column":4},"end":{"line":25,"column":4}},{"start":{"line":25,"column":4},"end":{"line":25,"column":4}}]},"2":{"line":32,"type":"if","locations":[{"start":{"line":32,"column":11},"end":{"line":32,"column":11}},{"start":{"line":32,"column":11},"end":{"line":32,"column":11}}]},"3":{"line":33,"type":"if","locations":[{"start":{"line":33,"column":4},"end":{"line":33,"column":4}},{"start":{"line":33,"column":4},"end":{"line":33,"column":4}}]},"4":{"line":45,"type":"if","locations":[{"start":{"line":45,"column":37},"end":{"line":45,"column":37}},{"start":{"line":45,"column":37},"end":{"line":45,"column":37}}]},"5":{"line":80,"type":"if","locations":[{"start":{"line":80,"column":4},"end":{"line":80,"column":4}},{"start":{"line":80,"column":4},"end":{"line":80,"column":4}}]},"6":{"line":82,"type":"if","locations":[{"start":{"line":82,"column":4},"end":{"line":82,"column":4}},{"start":{"line":82,"column":4},"end":{"line":82,"column":4}}]},"7":{"line":90,"type":"if","locations":[{"start":{"line":90,"column":6},"end":{"line":90,"column":6}},{"start":{"line":90,"column":6},"end":{"line":90,"column":6}}]},"8":{"line":104,"type":"if","locations":[{"start":{"line":104,"column":6},"end":{"line":104,"column":6}},{"start":{"line":104,"column":6},"end":{"line":104,"column":6}}]},"9":{"line":135,"type":"if","locations":[{"start":{"line":135,"column":37},"end":{"line":135,"column":37}},{"start":{"line":135,"column":37},"end":{"line":135,"column":37}}]}}},"contracts/protocol/loan/LoanInterestTermsContract.sol":{"l":{"40":53,"42":53,"71":23,"72":21,"76":7,"80":6,"84":15,"85":14,"89":6,"93":6,"97":5,"110":14,"111":14,"123":6,"125":5,"127":5,"128":5,"148":6,"149":6,"153":6,"154":6,"156":6,"158":6,"159":6,"161":6,"165":6,"168":6,"169":5,"170":5,"171":5,"173":5,"176":1,"177":0,"180":1,"181":1,"184":1,"190":6,"194":6,"196":6,"201":4,"206":2,"207":2,"208":2,"209":6,"211":2,"225":214,"227":214,"229":214,"230":214,"231":214,"233":214,"234":214,"235":214,"236":0,"239":214,"257":1,"258":1,"259":1,"260":1,"261":1,"265":1,"266":1,"268":1,"273":124,"283":338,"284":1,"286":335,"288":0,"290":2,"292":0,"294":0,"296":0,"308":338,"309":338,"310":338,"311":338,"312":338,"314":338,"316":338,"318":338,"320":338,"321":338,"323":338,"331":338,"336":338,"339":338,"358":142,"362":142,"386":214,"388":214,"390":214,"391":0,"393":214,"417":214,"418":72,"420":142,"423":142,"424":142,"427":142,"429":137,"430":0,"432":137,"434":0,"441":137,"450":5,"451":0,"457":5,"460":0,"463":142},"path":"/Users/khanhpham/Desktop/untangled/untangled-protocol-open/contracts/protocol/loan/LoanInterestTermsContract.sol","s":{"1":53,"2":23,"3":7,"4":15,"5":14,"6":6,"7":5,"8":5,"9":5,"10":6,"11":6,"12":6,"13":6,"14":6,"15":6,"16":6,"17":6,"18":6,"19":5,"20":5,"21":5,"22":1,"23":0,"24":1,"25":1,"26":1,"27":6,"28":6,"29":6,"30":4,"31":2,"32":2,"33":2,"34":2,"35":214,"36":214,"37":214,"38":214,"39":214,"40":214,"41":214,"42":214,"43":1,"44":1,"45":1,"46":1,"47":1,"48":1,"49":124,"50":338,"51":1,"52":337,"53":335,"54":2,"55":0,"56":2,"57":2,"58":0,"59":0,"60":0,"61":0,"62":0,"63":338,"64":338,"65":338,"66":338,"67":338,"68":338,"69":338,"70":338,"71":338,"72":338,"73":338,"74":142,"75":142,"76":214,"77":214,"78":214,"79":72,"80":142,"81":142,"82":142,"83":142,"84":137,"85":137,"86":5,"87":5,"88":142},"b":{"1":[53,0],"2":[21,2],"3":[6,1],"4":[14,1],"5":[16,0],"6":[15,1],"7":[14,1],"8":[7,0],"9":[7,0],"10":[6,1],"11":[5,1],"12":[6,1],"13":[6,0],"14":[6,0],"15":[6,0],"16":[6,0],"17":[5,1],"18":[0,1],"19":[1,0],"20":[0,214],"21":[1,337],"22":[335,2],"23":[0,2],"24":[2,0],"25":[0,0],"26":[0,0],"27":[0,214],"28":[72,142],"29":[0,142],"30":[0,142],"31":[137,5],"32":[0,137],"33":[0,137],"34":[5,0],"35":[0,5]},"f":{"1":53,"2":23,"3":7,"4":15,"5":6,"6":6,"7":5,"8":14,"9":6,"10":6,"11":4,"12":2,"13":214,"14":1,"15":124,"16":338,"17":338,"18":142,"19":214,"20":214},"fnMap":{"1":{"name":"initialize","line":39,"loc":{"start":{"line":39,"column":4},"end":{"line":43,"column":4}}},"2":{"name":"onlyKernel","line":70,"loc":{"start":{"line":70,"column":4},"end":{"line":73,"column":4}}},"3":{"name":"onlyRouter","line":75,"loc":{"start":{"line":75,"column":4},"end":{"line":81,"column":4}}},"4":{"name":"onlyHaventStartedLoan","line":83,"loc":{"start":{"line":83,"column":4},"end":{"line":86,"column":4}}},"5":{"name":"_addRepaidPrincipalAmount","line":88,"loc":{"start":{"line":88,"column":4},"end":{"line":90,"column":4}}},"6":{"name":"_addRepaidInterestAmount","line":92,"loc":{"start":{"line":92,"column":4},"end":{"line":94,"column":4}}},"7":{"name":"_setCompletedRepayment","line":96,"loc":{"start":{"line":96,"column":4},"end":{"line":98,"column":4}}},"8":{"name":"registerTermStart","line":107,"loc":{"start":{"line":102,"column":4},"end":{"line":112,"column":4}}},"9":{"name":"registerConcludeLoan","line":120,"loc":{"start":{"line":115,"column":4},"end":{"line":129,"column":4}}},"10":{"name":"registerRepayment","line":147,"loc":{"start":{"line":141,"column":4},"end":{"line":197,"column":4}}},"11":{"name":"getValueRepaidToDate","line":200,"loc":{"start":{"line":200,"column":4},"end":{"line":202,"column":4}}},"12":{"name":"isCompletedRepayments","line":205,"loc":{"start":{"line":205,"column":4},"end":{"line":212,"column":4}}},"13":{"name":"getExpectedRepaymentValues","line":219,"loc":{"start":{"line":219,"column":4},"end":{"line":248,"column":4}}},"14":{"name":"getMultiExpectedRepaymentValues","line":251,"loc":{"start":{"line":251,"column":4},"end":{"line":269,"column":4}}},"15":{"name":"getInterestRate","line":272,"loc":{"start":{"line":272,"column":4},"end":{"line":274,"column":4}}},"16":{"name":"_getAmortizationUnitLengthInSeconds","line":278,"loc":{"start":{"line":278,"column":4},"end":{"line":298,"column":4}}},"17":{"name":"_unpackParamsForAgreementID","line":303,"loc":{"start":{"line":303,"column":4},"end":{"line":348,"column":4}}},"18":{"name":"_calculateInterestForDuration","line":351,"loc":{"start":{"line":351,"column":4},"end":{"line":370,"column":4}}},"19":{"name":"_getExpectedRepaymentValuesToTimestamp","line":377,"loc":{"start":{"line":377,"column":4},"end":{"line":404,"column":4}}},"20":{"name":"_calculateInterestAmountToTimestamp","line":407,"loc":{"start":{"line":407,"column":4},"end":{"line":464,"column":4}}}},"statementMap":{"1":{"start":{"line":40,"column":8},"end":{"line":40,"column":52}},"2":{"start":{"line":71,"column":8},"end":{"line":71,"column":116}},"3":{"start":{"line":76,"column":8},"end":{"line":76,"column":2934}},"4":{"start":{"line":84,"column":8},"end":{"line":84,"column":89}},"5":{"start":{"line":111,"column":8},"end":{"line":111,"column":19}},"6":{"start":{"line":123,"column":8},"end":{"line":123,"column":90}},"7":{"start":{"line":125,"column":8},"end":{"line":125,"column":63}},"8":{"start":{"line":127,"column":8},"end":{"line":127,"column":49}},"9":{"start":{"line":128,"column":8},"end":{"line":128,"column":19}},"10":{"start":{"line":148,"column":8},"end":{"line":148,"column":63}},"11":{"start":{"line":149,"column":8},"end":{"line":149,"column":5615}},"12":{"start":{"line":153,"column":8},"end":{"line":153,"column":95}},"13":{"start":{"line":154,"column":8},"end":{"line":154,"column":88}},"14":{"start":{"line":156,"column":8},"end":{"line":156,"column":50}},"15":{"start":{"line":158,"column":8},"end":{"line":158,"column":33}},"16":{"start":{"line":159,"column":8},"end":{"line":159,"column":32}},"17":{"start":{"line":165,"column":8},"end":{"line":165,"column":111}},"18":{"start":{"line":168,"column":8},"end":{"line":168,"column":6698}},"19":{"start":{"line":169,"column":12},"end":{"line":169,"column":46}},"20":{"start":{"line":170,"column":12},"end":{"line":170,"column":66}},"21":{"start":{"line":171,"column":12},"end":{"line":171,"column":68}},"22":{"start":{"line":176,"column":12},"end":{"line":176,"column":7172}},"23":{"start":{"line":177,"column":16},"end":{"line":177,"column":71}},"24":{"start":{"line":180,"column":16},"end":{"line":180,"column":70}},"25":{"start":{"line":181,"column":16},"end":{"line":181,"column":7474}},"26":{"start":{"line":184,"column":20},"end":{"line":184,"column":94}},"27":{"start":{"line":190,"column":8},"end":{"line":190,"column":79}},"28":{"start":{"line":194,"column":8},"end":{"line":194,"column":98}},"29":{"start":{"line":196,"column":8},"end":{"line":196,"column":22}},"30":{"start":{"line":201,"column":8},"end":{"line":201,"column":88}},"31":{"start":{"line":206,"column":8},"end":{"line":206,"column":62}},"32":{"start":{"line":207,"column":8},"end":{"line":207,"column":57}},"33":{"start":{"line":208,"column":8},"end":{"line":208,"column":8743}},"34":{"start":{"line":211,"column":8},"end":{"line":211,"column":21}},"35":{"start":{"line":225,"column":8},"end":{"line":225,"column":102}},"36":{"start":{"line":227,"column":8},"end":{"line":227,"column":63}},"37":{"start":{"line":229,"column":8},"end":{"line":229,"column":75}},"38":{"start":{"line":230,"column":8},"end":{"line":230,"column":73}},"39":{"start":{"line":231,"column":8},"end":{"line":231,"column":92}},"40":{"start":{"line":233,"column":8},"end":{"line":233,"column":80}},"41":{"start":{"line":234,"column":8},"end":{"line":234,"column":40}},"42":{"start":{"line":235,"column":8},"end":{"line":235,"column":9849}},"43":{"start":{"line":257,"column":8},"end":{"line":257,"column":80}},"44":{"start":{"line":258,"column":8},"end":{"line":258,"column":79}},"45":{"start":{"line":259,"column":8},"end":{"line":259,"column":56}},"46":{"start":{"line":260,"column":8},"end":{"line":260,"column":10779}},"47":{"start":{"line":261,"column":12},"end":{"line":261,"column":10847}},"48":{"start":{"line":268,"column":8},"end":{"line":268,"column":54}},"49":{"start":{"line":273,"column":8},"end":{"line":273,"column":68}},"50":{"start":{"line":283,"column":8},"end":{"line":283,"column":11706}},"51":{"start":{"line":284,"column":12},"end":{"line":284,"column":43}},"52":{"start":{"line":285,"column":15},"end":{"line":285,"column":11849}},"53":{"start":{"line":286,"column":12},"end":{"line":286,"column":41}},"54":{"start":{"line":287,"column":15},"end":{"line":287,"column":11988}},"55":{"start":{"line":288,"column":12},"end":{"line":288,"column":40}},"56":{"start":{"line":289,"column":15},"end":{"line":289,"column":12125}},"57":{"start":{"line":290,"column":12},"end":{"line":290,"column":41}},"58":{"start":{"line":291,"column":15},"end":{"line":291,"column":12264}},"59":{"start":{"line":292,"column":12},"end":{"line":292,"column":42}},"60":{"start":{"line":293,"column":15},"end":{"line":293,"column":12405}},"61":{"start":{"line":294,"column":12},"end":{"line":294,"column":41}},"62":{"start":{"line":296,"column":12},"end":{"line":296,"column":52}},"63":{"start":{"line":308,"column":8},"end":{"line":308,"column":26}},"64":{"start":{"line":309,"column":8},"end":{"line":309,"column":42}},"65":{"start":{"line":310,"column":8},"end":{"line":310,"column":63}},"66":{"start":{"line":314,"column":8},"end":{"line":314,"column":31}},"67":{"start":{"line":316,"column":8},"end":{"line":316,"column":28}},"68":{"start":{"line":318,"column":8},"end":{"line":318,"column":39}},"69":{"start":{"line":320,"column":8},"end":{"line":320,"column":45}},"70":{"start":{"line":321,"column":8},"end":{"line":321,"column":33}},"71":{"start":{"line":331,"column":8},"end":{"line":331,"column":13924}},"72":{"start":{"line":336,"column":8},"end":{"line":336,"column":14222}},"73":{"start":{"line":339,"column":8},"end":{"line":339,"column":14309}},"74":{"start":{"line":358,"column":8},"end":{"line":358,"column":15140}},"75":{"start":{"line":362,"column":8},"end":{"line":362,"column":15326}},"76":{"start":{"line":386,"column":8},"end":{"line":386,"column":86}},"77":{"start":{"line":390,"column":8},"end":{"line":390,"column":16507}},"78":{"start":{"line":417,"column":8},"end":{"line":417,"column":17479}},"79":{"start":{"line":418,"column":12},"end":{"line":418,"column":20}},"80":{"start":{"line":420,"column":8},"end":{"line":420,"column":28}},"81":{"start":{"line":423,"column":8},"end":{"line":423,"column":115}},"82":{"start":{"line":424,"column":8},"end":{"line":424,"column":111}},"83":{"start":{"line":427,"column":8},"end":{"line":427,"column":17904}},"84":{"start":{"line":429,"column":12},"end":{"line":429,"column":18002}},"85":{"start":{"line":432,"column":16},"end":{"line":432,"column":18136}},"86":{"start":{"line":448,"column":15},"end":{"line":448,"column":18777}},"87":{"start":{"line":450,"column":12},"end":{"line":450,"column":18887}},"88":{"start":{"line":463,"column":8},"end":{"line":463,"column":23}}},"branchMap":{"1":{"line":39,"type":"if","locations":[{"start":{"line":39,"column":51},"end":{"line":39,"column":51}},{"start":{"line":39,"column":51},"end":{"line":39,"column":51}}]},"2":{"line":71,"type":"if","locations":[{"start":{"line":71,"column":8},"end":{"line":71,"column":8}},{"start":{"line":71,"column":8},"end":{"line":71,"column":8}}]},"3":{"line":76,"type":"if","locations":[{"start":{"line":76,"column":8},"end":{"line":76,"column":8}},{"start":{"line":76,"column":8},"end":{"line":76,"column":8}}]},"4":{"line":84,"type":"if","locations":[{"start":{"line":84,"column":8},"end":{"line":84,"column":8}},{"start":{"line":84,"column":8},"end":{"line":84,"column":8}}]},"5":{"line":105,"type":"if","locations":[{"start":{"line":105,"column":8},"end":{"line":105,"column":8}},{"start":{"line":105,"column":8},"end":{"line":105,"column":8}}]},"6":{"line":106,"type":"if","locations":[{"start":{"line":106,"column":8},"end":{"line":106,"column":8}},{"start":{"line":106,"column":8},"end":{"line":106,"column":8}}]},"7":{"line":107,"type":"if","locations":[{"start":{"line":107,"column":8},"end":{"line":107,"column":8}},{"start":{"line":107,"column":8},"end":{"line":107,"column":8}}]},"8":{"line":118,"type":"if","locations":[{"start":{"line":118,"column":8},"end":{"line":118,"column":8}},{"start":{"line":118,"column":8},"end":{"line":118,"column":8}}]},"9":{"line":119,"type":"if","locations":[{"start":{"line":119,"column":8},"end":{"line":119,"column":8}},{"start":{"line":119,"column":8},"end":{"line":119,"column":8}}]},"10":{"line":120,"type":"if","locations":[{"start":{"line":120,"column":8},"end":{"line":120,"column":8}},{"start":{"line":120,"column":8},"end":{"line":120,"column":8}}]},"11":{"line":123,"type":"if","locations":[{"start":{"line":123,"column":8},"end":{"line":123,"column":8}},{"start":{"line":123,"column":8},"end":{"line":123,"column":8}}]},"12":{"line":147,"type":"if","locations":[{"start":{"line":147,"column":22},"end":{"line":147,"column":22}},{"start":{"line":147,"column":22},"end":{"line":147,"column":22}}]},"13":{"line":149,"type":"if","locations":[{"start":{"line":149,"column":8},"end":{"line":149,"column":8}},{"start":{"line":149,"column":8},"end":{"line":149,"column":8}}]},"14":{"line":153,"type":"if","locations":[{"start":{"line":153,"column":8},"end":{"line":153,"column":8}},{"start":{"line":153,"column":8},"end":{"line":153,"column":8}}]},"15":{"line":154,"type":"if","locations":[{"start":{"line":154,"column":8},"end":{"line":154,"column":8}},{"start":{"line":154,"column":8},"end":{"line":154,"column":8}}]},"16":{"line":165,"type":"if","locations":[{"start":{"line":165,"column":8},"end":{"line":165,"column":8}},{"start":{"line":165,"column":8},"end":{"line":165,"column":8}}]},"17":{"line":168,"type":"if","locations":[{"start":{"line":168,"column":8},"end":{"line":168,"column":8}},{"start":{"line":168,"column":8},"end":{"line":168,"column":8}}]},"18":{"line":176,"type":"if","locations":[{"start":{"line":176,"column":12},"end":{"line":176,"column":12}},{"start":{"line":176,"column":12},"end":{"line":176,"column":12}}]},"19":{"line":181,"type":"if","locations":[{"start":{"line":181,"column":16},"end":{"line":181,"column":16}},{"start":{"line":181,"column":16},"end":{"line":181,"column":16}}]},"20":{"line":235,"type":"if","locations":[{"start":{"line":235,"column":8},"end":{"line":235,"column":8}},{"start":{"line":235,"column":8},"end":{"line":235,"column":8}}]},"21":{"line":283,"type":"if","locations":[{"start":{"line":283,"column":8},"end":{"line":283,"column":8}},{"start":{"line":283,"column":8},"end":{"line":283,"column":8}}]},"22":{"line":285,"type":"if","locations":[{"start":{"line":285,"column":15},"end":{"line":285,"column":15}},{"start":{"line":285,"column":15},"end":{"line":285,"column":15}}]},"23":{"line":287,"type":"if","locations":[{"start":{"line":287,"column":15},"end":{"line":287,"column":15}},{"start":{"line":287,"column":15},"end":{"line":287,"column":15}}]},"24":{"line":289,"type":"if","locations":[{"start":{"line":289,"column":15},"end":{"line":289,"column":15}},{"start":{"line":289,"column":15},"end":{"line":289,"column":15}}]},"25":{"line":291,"type":"if","locations":[{"start":{"line":291,"column":15},"end":{"line":291,"column":15}},{"start":{"line":291,"column":15},"end":{"line":291,"column":15}}]},"26":{"line":293,"type":"if","locations":[{"start":{"line":293,"column":15},"end":{"line":293,"column":15}},{"start":{"line":293,"column":15},"end":{"line":293,"column":15}}]},"27":{"line":390,"type":"if","locations":[{"start":{"line":390,"column":8},"end":{"line":390,"column":8}},{"start":{"line":390,"column":8},"end":{"line":390,"column":8}}]},"28":{"line":417,"type":"if","locations":[{"start":{"line":417,"column":8},"end":{"line":417,"column":8}},{"start":{"line":417,"column":8},"end":{"line":417,"column":8}}]},"29":{"line":423,"type":"if","locations":[{"start":{"line":423,"column":77},"end":{"line":423,"column":77}},{"start":{"line":423,"column":81},"end":{"line":423,"column":114}}]},"30":{"line":424,"type":"if","locations":[{"start":{"line":424,"column":73},"end":{"line":424,"column":73}},{"start":{"line":424,"column":77},"end":{"line":424,"column":110}}]},"31":{"line":427,"type":"if","locations":[{"start":{"line":427,"column":8},"end":{"line":427,"column":8}},{"start":{"line":427,"column":8},"end":{"line":427,"column":8}}]},"32":{"line":429,"type":"if","locations":[{"start":{"line":429,"column":12},"end":{"line":429,"column":12}},{"start":{"line":429,"column":12},"end":{"line":429,"column":12}}]},"33":{"line":432,"type":"if","locations":[{"start":{"line":432,"column":16},"end":{"line":432,"column":16}},{"start":{"line":432,"column":16},"end":{"line":432,"column":16}}]},"34":{"line":448,"type":"if","locations":[{"start":{"line":448,"column":15},"end":{"line":448,"column":15}},{"start":{"line":448,"column":15},"end":{"line":448,"column":15}}]},"35":{"line":450,"type":"if","locations":[{"start":{"line":450,"column":12},"end":{"line":450,"column":12}},{"start":{"line":450,"column":12},"end":{"line":450,"column":12}}]}}},"contracts/protocol/loan/LoanKernel.sol":{"l":{"16":53,"18":53,"22":16,"23":15,"27":14,"31":13,"35":12,"52":11,"67":11,"71":11,"72":11,"73":11,"74":19,"82":11,"92":11,"93":11,"107":11,"108":11,"125":16,"127":13,"150":11,"151":11,"152":19,"154":11,"163":11,"164":11,"165":19,"167":11,"175":11,"176":11,"177":19,"179":11,"187":11,"188":11,"189":19,"191":11,"199":11,"200":11,"201":19,"203":11,"207":16,"208":16,"209":16,"210":16,"214":5,"218":7,"222":6,"232":10,"233":9,"234":8,"236":7,"237":1,"240":5,"244":5,"256":5,"257":5,"258":5,"276":12,"278":11,"279":11,"287":11,"288":11,"289":17,"291":16,"303":13,"308":13,"324":19,"344":11,"345":11,"346":19,"350":11},"path":"/Users/khanhpham/Desktop/untangled/untangled-protocol-open/contracts/protocol/loan/LoanKernel.sol","s":{"1":53,"2":16,"3":15,"4":14,"5":13,"6":11,"7":11,"8":11,"9":11,"10":11,"11":11,"12":11,"13":11,"14":11,"15":16,"16":13,"17":11,"18":11,"19":11,"20":11,"21":11,"22":11,"23":11,"24":11,"25":11,"26":11,"27":11,"28":11,"29":11,"30":11,"31":11,"32":16,"33":16,"34":5,"35":7,"36":6,"37":10,"38":9,"39":8,"40":7,"41":1,"42":5,"43":5,"44":5,"45":5,"46":5,"47":12,"48":11,"49":11,"50":11,"51":11,"52":17,"53":16,"54":13,"55":13,"56":19,"57":11,"58":11,"59":11},"b":{"1":[53,0],"2":[15,1],"3":[14,1],"4":[13,1],"5":[12,1],"6":[13,0],"7":[10,0],"8":[9,1],"9":[8,1],"10":[7,1],"11":[1,5],"12":[0,1],"13":[5,0],"14":[5,0],"15":[5,0],"16":[16,0],"17":[16,0],"18":[12,4],"19":[11,1],"20":[16,1],"21":[13,0]},"f":{"1":53,"2":16,"3":11,"4":11,"5":11,"6":16,"7":11,"8":11,"9":11,"10":11,"11":11,"12":16,"13":5,"14":7,"15":6,"16":10,"17":5,"18":12,"19":19,"20":11},"fnMap":{"1":{"name":"initialize","line":15,"loc":{"start":{"line":15,"column":4},"end":{"line":19,"column":4}}},"2":{"name":"validFillingOrderAddresses","line":21,"loc":{"start":{"line":21,"column":4},"end":{"line":36,"column":4}}},"3":{"name":"_getIssuance","line":46,"loc":{"start":{"line":46,"column":4},"end":{"line":68,"column":4}}},"4":{"name":"_getDebtOrderHashes","line":70,"loc":{"start":{"line":70,"column":4},"end":{"line":83,"column":4}}},"5":{"name":"_getLoanOrder","line":85,"loc":{"start":{"line":85,"column":4},"end":{"line":109,"column":4}}},"6":{"name":"_issueDebtAgreements","line":112,"loc":{"start":{"line":112,"column":4},"end":{"line":140,"column":4}}},"7":{"name":"_debtorsFromOrderAddresses","line":145,"loc":{"start":{"line":145,"column":4},"end":{"line":155,"column":4}}},"8":{"name":"_principalAmountsFromOrderValues","line":158,"loc":{"start":{"line":158,"column":4},"end":{"line":168,"column":4}}},"9":{"name":"_expirationTimestampsFromOrderValues","line":170,"loc":{"start":{"line":170,"column":4},"end":{"line":180,"column":4}}},"10":{"name":"_saltFromOrderValues","line":182,"loc":{"start":{"line":182,"column":4},"end":{"line":192,"column":4}}},"11":{"name":"_riskScoresFromOrderValues","line":194,"loc":{"start":{"line":194,"column":4},"end":{"line":204,"column":4}}},"12":{"name":"_getAssetPurposeAndRiskScore","line":206,"loc":{"start":{"line":206,"column":4},"end":{"line":211,"column":4}}},"13":{"name":"_burnLoanAssetToken","line":213,"loc":{"start":{"line":213,"column":4},"end":{"line":215,"column":4}}},"14":{"name":"_assertDebtExisting","line":217,"loc":{"start":{"line":217,"column":4},"end":{"line":219,"column":4}}},"15":{"name":"_assertCompletedRepayment","line":221,"loc":{"start":{"line":221,"column":4},"end":{"line":223,"column":4}}},"16":{"name":"concludeLoan","line":231,"loc":{"start":{"line":227,"column":4},"end":{"line":245,"column":4}}},"17":{"name":"concludeLoans","line":255,"loc":{"start":{"line":251,"column":4},"end":{"line":260,"column":4}}},"18":{"name":"fillDebtOrder","line":275,"loc":{"start":{"line":270,"column":4},"end":{"line":315,"column":4}}},"19":{"name":"_getDebtOrderHash","line":317,"loc":{"start":{"line":317,"column":4},"end":{"line":335,"column":4}}},"20":{"name":"_genLoanAgreementIds","line":337,"loc":{"start":{"line":337,"column":4},"end":{"line":351,"column":4}}}},"statementMap":{"1":{"start":{"line":16,"column":8},"end":{"line":16,"column":52}},"2":{"start":{"line":22,"column":8},"end":{"line":22,"column":115}},"3":{"start":{"line":23,"column":8},"end":{"line":23,"column":777}},"4":{"start":{"line":27,"column":8},"end":{"line":27,"column":945}},"5":{"start":{"line":31,"column":8},"end":{"line":31,"column":1107}},"6":{"start":{"line":52,"column":8},"end":{"line":52,"column":1751}},"7":{"start":{"line":67,"column":8},"end":{"line":67,"column":23}},"8":{"start":{"line":71,"column":8},"end":{"line":71,"column":59}},"9":{"start":{"line":72,"column":8},"end":{"line":72,"column":62}},"10":{"start":{"line":73,"column":8},"end":{"line":73,"column":2680}},"11":{"start":{"line":82,"column":8},"end":{"line":82,"column":27}},"12":{"start":{"line":92,"column":8},"end":{"line":92,"column":78}},"13":{"start":{"line":93,"column":8},"end":{"line":93,"column":3473}},"14":{"start":{"line":108,"column":8},"end":{"line":108,"column":24}},"15":{"start":{"line":125,"column":8},"end":{"line":125,"column":75}},"16":{"start":{"line":127,"column":8},"end":{"line":127,"column":5016}},"17":{"start":{"line":150,"column":8},"end":{"line":150,"column":57}},"18":{"start":{"line":151,"column":8},"end":{"line":151,"column":5705}},"19":{"start":{"line":154,"column":8},"end":{"line":154,"column":22}},"20":{"start":{"line":163,"column":8},"end":{"line":163,"column":66}},"21":{"start":{"line":164,"column":8},"end":{"line":164,"column":6162}},"22":{"start":{"line":167,"column":8},"end":{"line":167,"column":31}},"23":{"start":{"line":175,"column":8},"end":{"line":175,"column":70}},"24":{"start":{"line":176,"column":8},"end":{"line":176,"column":6591}},"25":{"start":{"line":179,"column":8},"end":{"line":179,"column":35}},"26":{"start":{"line":187,"column":8},"end":{"line":187,"column":55}},"27":{"start":{"line":188,"column":8},"end":{"line":188,"column":7021}},"28":{"start":{"line":191,"column":8},"end":{"line":191,"column":20}},"29":{"start":{"line":199,"column":8},"end":{"line":199,"column":56}},"30":{"start":{"line":200,"column":8},"end":{"line":200,"column":7434}},"31":{"start":{"line":203,"column":8},"end":{"line":203,"column":25}},"32":{"start":{"line":207,"column":8},"end":{"line":207,"column":64}},"33":{"start":{"line":210,"column":8},"end":{"line":210,"column":39}},"34":{"start":{"line":214,"column":8},"end":{"line":214,"column":62}},"35":{"start":{"line":218,"column":8},"end":{"line":218,"column":87}},"36":{"start":{"line":222,"column":8},"end":{"line":222,"column":86}},"37":{"start":{"line":232,"column":8},"end":{"line":232,"column":67}},"38":{"start":{"line":233,"column":8},"end":{"line":233,"column":66}},"39":{"start":{"line":234,"column":8},"end":{"line":234,"column":69}},"40":{"start":{"line":236,"column":8},"end":{"line":236,"column":8946}},"41":{"start":{"line":237,"column":12},"end":{"line":237,"column":81}},"42":{"start":{"line":240,"column":8},"end":{"line":240,"column":9133}},"43":{"start":{"line":244,"column":8},"end":{"line":244,"column":39}},"44":{"start":{"line":256,"column":8},"end":{"line":256,"column":50}},"45":{"start":{"line":257,"column":8},"end":{"line":257,"column":9666}},"46":{"start":{"line":258,"column":12},"end":{"line":258,"column":68}},"47":{"start":{"line":276,"column":8},"end":{"line":276,"column":94}},"48":{"start":{"line":278,"column":8},"end":{"line":278,"column":98}},"49":{"start":{"line":279,"column":8},"end":{"line":279,"column":10851}},"50":{"start":{"line":287,"column":8},"end":{"line":287,"column":75}},"51":{"start":{"line":288,"column":8},"end":{"line":288,"column":11187}},"52":{"start":{"line":289,"column":12},"end":{"line":289,"column":105}},"53":{"start":{"line":291,"column":12},"end":{"line":291,"column":11393}},"54":{"start":{"line":303,"column":12},"end":{"line":303,"column":11935}},"55":{"start":{"line":308,"column":12},"end":{"line":308,"column":12127}},"56":{"start":{"line":324,"column":8},"end":{"line":324,"column":12631}},"57":{"start":{"line":344,"column":8},"end":{"line":344,"column":68}},"58":{"start":{"line":345,"column":8},"end":{"line":345,"column":13289}},"59":{"start":{"line":350,"column":8},"end":{"line":350,"column":27}}},"branchMap":{"1":{"line":15,"type":"if","locations":[{"start":{"line":15,"column":51},"end":{"line":15,"column":51}},{"start":{"line":15,"column":51},"end":{"line":15,"column":51}}]},"2":{"line":22,"type":"if","locations":[{"start":{"line":22,"column":8},"end":{"line":22,"column":8}},{"start":{"line":22,"column":8},"end":{"line":22,"column":8}}]},"3":{"line":23,"type":"if","locations":[{"start":{"line":23,"column":8},"end":{"line":23,"column":8}},{"start":{"line":23,"column":8},"end":{"line":23,"column":8}}]},"4":{"line":27,"type":"if","locations":[{"start":{"line":27,"column":8},"end":{"line":27,"column":8}},{"start":{"line":27,"column":8},"end":{"line":27,"column":8}}]},"5":{"line":31,"type":"if","locations":[{"start":{"line":31,"column":8},"end":{"line":31,"column":8}},{"start":{"line":31,"column":8},"end":{"line":31,"column":8}}]},"6":{"line":127,"type":"if","locations":[{"start":{"line":127,"column":8},"end":{"line":127,"column":8}},{"start":{"line":127,"column":8},"end":{"line":127,"column":8}}]},"7":{"line":231,"type":"if","locations":[{"start":{"line":231,"column":22},"end":{"line":231,"column":22}},{"start":{"line":231,"column":22},"end":{"line":231,"column":22}}]},"8":{"line":232,"type":"if","locations":[{"start":{"line":232,"column":8},"end":{"line":232,"column":8}},{"start":{"line":232,"column":8},"end":{"line":232,"column":8}}]},"9":{"line":233,"type":"if","locations":[{"start":{"line":233,"column":8},"end":{"line":233,"column":8}},{"start":{"line":233,"column":8},"end":{"line":233,"column":8}}]},"10":{"line":234,"type":"if","locations":[{"start":{"line":234,"column":8},"end":{"line":234,"column":8}},{"start":{"line":234,"column":8},"end":{"line":234,"column":8}}]},"11":{"line":236,"type":"if","locations":[{"start":{"line":236,"column":8},"end":{"line":236,"column":8}},{"start":{"line":236,"column":8},"end":{"line":236,"column":8}}]},"12":{"line":236,"type":"cond-expr","locations":[{"start":{"line":236,"column":12},"end":{"line":236,"column":44}},{"start":{"line":236,"column":49},"end":{"line":236,"column":87}}]},"13":{"line":240,"type":"if","locations":[{"start":{"line":240,"column":8},"end":{"line":240,"column":8}},{"start":{"line":240,"column":8},"end":{"line":240,"column":8}}]},"14":{"line":255,"type":"if","locations":[{"start":{"line":255,"column":15},"end":{"line":255,"column":15}},{"start":{"line":255,"column":15},"end":{"line":255,"column":15}}]},"15":{"line":255,"type":"if","locations":[{"start":{"line":255,"column":29},"end":{"line":255,"column":29}},{"start":{"line":255,"column":29},"end":{"line":255,"column":29}}]},"16":{"line":275,"type":"if","locations":[{"start":{"line":275,"column":15},"end":{"line":275,"column":15}},{"start":{"line":275,"column":15},"end":{"line":275,"column":15}}]},"17":{"line":275,"type":"if","locations":[{"start":{"line":275,"column":29},"end":{"line":275,"column":29}},{"start":{"line":275,"column":29},"end":{"line":275,"column":29}}]},"18":{"line":275,"type":"if","locations":[{"start":{"line":275,"column":42},"end":{"line":275,"column":42}},{"start":{"line":275,"column":42},"end":{"line":275,"column":42}}]},"19":{"line":276,"type":"if","locations":[{"start":{"line":276,"column":8},"end":{"line":276,"column":8}},{"start":{"line":276,"column":8},"end":{"line":276,"column":8}}]},"20":{"line":289,"type":"if","locations":[{"start":{"line":289,"column":12},"end":{"line":289,"column":12}},{"start":{"line":289,"column":12},"end":{"line":289,"column":12}}]},"21":{"line":303,"type":"if","locations":[{"start":{"line":303,"column":12},"end":{"line":303,"column":12}},{"start":{"line":303,"column":12},"end":{"line":303,"column":12}}]}}},"contracts/protocol/loan/LoanRegistry.sol":{"l":{"16":53,"17":53,"21":13,"22":13,"26":11,"30":11,"47":13,"48":13,"60":13,"61":13,"66":1,"71":1,"72":1,"77":6,"82":1,"87":6,"92":121,"97":123,"105":338,"110":214,"118":338,"124":120,"134":6,"144":1,"145":1,"146":1,"151":5},"path":"/Users/khanhpham/Desktop/untangled/untangled-protocol-open/contracts/protocol/loan/LoanRegistry.sol","s":{"1":53,"2":13,"3":11,"4":13,"5":13,"6":13,"7":1,"8":1,"9":1,"10":6,"11":1,"12":6,"13":121,"14":123,"15":338,"16":214,"17":338,"18":120,"19":1},"b":{"1":[53,0],"2":[13,0],"3":[11,0],"4":[13,0],"5":[13,0],"6":[13,0],"7":[13,0],"8":[6,0],"9":[5,0],"10":[5,0],"11":[5,0]},"f":{"1":53,"2":13,"3":11,"4":13,"5":1,"6":1,"7":6,"8":1,"9":6,"10":121,"11":123,"12":338,"13":214,"14":338,"15":120,"16":6,"17":1,"18":5},"fnMap":{"1":{"name":"initialize","line":15,"loc":{"start":{"line":15,"column":4},"end":{"line":18,"column":4}}},"2":{"name":"onlyLoanKernel","line":20,"loc":{"start":{"line":20,"column":4},"end":{"line":23,"column":4}}},"3":{"name":"onlyLoanInterestTermsContract","line":25,"loc":{"start":{"line":25,"column":4},"end":{"line":31,"column":4}}},"4":{"name":"insert","line":46,"loc":{"start":{"line":37,"column":4},"end":{"line":62,"column":4}}},"5":{"name":"getLoanDebtor","line":65,"loc":{"start":{"line":65,"column":4},"end":{"line":67,"column":4}}},"6":{"name":"getLoanTermParams","line":70,"loc":{"start":{"line":70,"column":4},"end":{"line":73,"column":4}}},"7":{"name":"getPrincipalTokenAddress","line":76,"loc":{"start":{"line":76,"column":4},"end":{"line":78,"column":4}}},"8":{"name":"getDebtor","line":81,"loc":{"start":{"line":81,"column":4},"end":{"line":83,"column":4}}},"9":{"name":"getTermContract","line":86,"loc":{"start":{"line":86,"column":4},"end":{"line":88,"column":4}}},"10":{"name":"getRiskScore","line":91,"loc":{"start":{"line":91,"column":4},"end":{"line":93,"column":4}}},"11":{"name":"getAssetPurpose","line":96,"loc":{"start":{"line":96,"column":4},"end":{"line":98,"column":4}}},"12":{"name":"getIssuanceBlockTimestamp","line":104,"loc":{"start":{"line":104,"column":4},"end":{"line":106,"column":4}}},"13":{"name":"getLastRepaymentTimestamp","line":109,"loc":{"start":{"line":109,"column":4},"end":{"line":111,"column":4}}},"14":{"name":"getTermsContractParameters","line":117,"loc":{"start":{"line":117,"column":4},"end":{"line":119,"column":4}}},"15":{"name":"getExpirationTimestamp","line":122,"loc":{"start":{"line":122,"column":4},"end":{"line":125,"column":4}}},"16":{"name":"updateLastRepaymentTimestamp","line":132,"loc":{"start":{"line":129,"column":4},"end":{"line":135,"column":4}}},"17":{"name":"principalPaymentInfo","line":138,"loc":{"start":{"line":138,"column":4},"end":{"line":147,"column":4}}},"18":{"name":"setCompletedLoan","line":150,"loc":{"start":{"line":150,"column":4},"end":{"line":152,"column":4}}}},"statementMap":{"1":{"start":{"line":16,"column":8},"end":{"line":16,"column":42}},"2":{"start":{"line":21,"column":8},"end":{"line":21,"column":98}},"3":{"start":{"line":26,"column":8},"end":{"line":26,"column":766}},"4":{"start":{"line":47,"column":8},"end":{"line":47,"column":83}},"5":{"start":{"line":48,"column":8},"end":{"line":48,"column":1558}},"6":{"start":{"line":61,"column":8},"end":{"line":61,"column":19}},"7":{"start":{"line":66,"column":8},"end":{"line":66,"column":38}},"8":{"start":{"line":71,"column":8},"end":{"line":71,"column":49}},"9":{"start":{"line":72,"column":8},"end":{"line":72,"column":31}},"10":{"start":{"line":77,"column":8},"end":{"line":77,"column":57}},"11":{"start":{"line":82,"column":8},"end":{"line":82,"column":42}},"12":{"start":{"line":87,"column":8},"end":{"line":87,"column":52}},"13":{"start":{"line":92,"column":8},"end":{"line":92,"column":45}},"14":{"start":{"line":97,"column":8},"end":{"line":97,"column":48}},"15":{"start":{"line":105,"column":8},"end":{"line":105,"column":58}},"16":{"start":{"line":110,"column":8},"end":{"line":110,"column":54}},"17":{"start":{"line":118,"column":8},"end":{"line":118,"column":46}},"18":{"start":{"line":124,"column":8},"end":{"line":124,"column":55}},"19":{"start":{"line":144,"column":8},"end":{"line":144,"column":53}}},"branchMap":{"1":{"line":15,"type":"if","locations":[{"start":{"line":15,"column":60},"end":{"line":15,"column":60}},{"start":{"line":15,"column":60},"end":{"line":15,"column":60}}]},"2":{"line":21,"type":"if","locations":[{"start":{"line":21,"column":8},"end":{"line":21,"column":8}},{"start":{"line":21,"column":8},"end":{"line":21,"column":8}}]},"3":{"line":26,"type":"if","locations":[{"start":{"line":26,"column":8},"end":{"line":26,"column":8}},{"start":{"line":26,"column":8},"end":{"line":26,"column":8}}]},"4":{"line":46,"type":"if","locations":[{"start":{"line":46,"column":24},"end":{"line":46,"column":24}},{"start":{"line":46,"column":24},"end":{"line":46,"column":24}}]},"5":{"line":46,"type":"if","locations":[{"start":{"line":46,"column":38},"end":{"line":46,"column":38}},{"start":{"line":46,"column":38},"end":{"line":46,"column":38}}]},"6":{"line":46,"type":"if","locations":[{"start":{"line":46,"column":51},"end":{"line":46,"column":51}},{"start":{"line":46,"column":51},"end":{"line":46,"column":51}}]},"7":{"line":47,"type":"if","locations":[{"start":{"line":47,"column":8},"end":{"line":47,"column":8}},{"start":{"line":47,"column":8},"end":{"line":47,"column":8}}]},"8":{"line":132,"type":"if","locations":[{"start":{"line":132,"column":8},"end":{"line":132,"column":8}},{"start":{"line":132,"column":8},"end":{"line":132,"column":8}}]},"9":{"line":150,"type":"if","locations":[{"start":{"line":150,"column":67},"end":{"line":150,"column":67}},{"start":{"line":150,"column":67},"end":{"line":150,"column":67}}]},"10":{"line":150,"type":"if","locations":[{"start":{"line":150,"column":81},"end":{"line":150,"column":81}},{"start":{"line":150,"column":81},"end":{"line":150,"column":81}}]},"11":{"line":150,"type":"if","locations":[{"start":{"line":150,"column":94},"end":{"line":150,"column":94}},{"start":{"line":150,"column":94},"end":{"line":150,"column":94}}]}}},"contracts/protocol/loan/LoanRepaymentRouter.sol":{"l":{"18":53,"19":53,"30":6,"31":6,"34":6,"35":0,"36":0,"40":6,"44":0,"45":0,"47":6,"61":6,"62":6,"63":6,"65":6,"74":6,"75":6,"76":6,"77":6,"78":6,"82":6,"84":6,"86":6,"88":5,"92":6,"93":6,"102":6,"103":6,"104":6,"108":6,"113":6,"114":6},"path":"/Users/khanhpham/Desktop/untangled/untangled-protocol-open/contracts/protocol/loan/LoanRepaymentRouter.sol","s":{"1":53,"2":6,"3":6,"4":6,"5":0,"6":0,"7":6,"8":0,"9":0,"10":6,"11":6,"12":6,"13":6,"14":6,"15":6,"16":6,"17":6,"18":6,"19":6,"20":6,"21":6,"22":6,"23":5,"24":6,"25":6,"26":6,"27":6,"28":6,"29":6,"30":6,"31":6},"b":{"1":[53,0],"2":[6,0],"3":[6,0],"4":[0,6],"5":[0,6],"6":[0,0],"7":[6,0],"8":[6,0],"9":[6,0],"10":[5,1],"11":[6,0],"12":[6,0],"13":[6,0],"14":[6,0]},"f":{"1":53,"2":6,"3":6,"4":6},"fnMap":{"1":{"name":"initialize","line":17,"loc":{"start":{"line":17,"column":4},"end":{"line":20,"column":4}}},"2":{"name":"_assertRepaymentRequest","line":24,"loc":{"start":{"line":24,"column":4},"end":{"line":48,"column":4}}},"3":{"name":"_doRepay","line":53,"loc":{"start":{"line":53,"column":4},"end":{"line":94,"column":4}}},"4":{"name":"repayInBatch","line":101,"loc":{"start":{"line":97,"column":4},"end":{"line":115,"column":4}}}},"statementMap":{"1":{"start":{"line":18,"column":8},"end":{"line":18,"column":42}},"2":{"start":{"line":30,"column":8},"end":{"line":30,"column":86}},"3":{"start":{"line":31,"column":8},"end":{"line":31,"column":58}},"4":{"start":{"line":34,"column":8},"end":{"line":34,"column":1274}},"5":{"start":{"line":35,"column":12},"end":{"line":35,"column":81}},"6":{"start":{"line":36,"column":12},"end":{"line":36,"column":24}},"7":{"start":{"line":40,"column":8},"end":{"line":40,"column":1574}},"8":{"start":{"line":44,"column":12},"end":{"line":44,"column":94}},"9":{"start":{"line":45,"column":12},"end":{"line":45,"column":24}},"10":{"start":{"line":47,"column":8},"end":{"line":47,"column":19}},"11":{"start":{"line":61,"column":8},"end":{"line":61,"column":63}},"12":{"start":{"line":62,"column":8},"end":{"line":62,"column":74}},"13":{"start":{"line":63,"column":8},"end":{"line":63,"column":89}},"14":{"start":{"line":65,"column":8},"end":{"line":65,"column":2580}},"15":{"start":{"line":74,"column":8},"end":{"line":74,"column":2835}},"16":{"start":{"line":75,"column":12},"end":{"line":75,"column":79}},"17":{"start":{"line":76,"column":12},"end":{"line":76,"column":114}},"18":{"start":{"line":77,"column":12},"end":{"line":77,"column":51}},"19":{"start":{"line":78,"column":12},"end":{"line":78,"column":3131}},"20":{"start":{"line":82,"column":12},"end":{"line":82,"column":69}},"21":{"start":{"line":84,"column":8},"end":{"line":84,"column":93}},"22":{"start":{"line":86,"column":8},"end":{"line":86,"column":3498}},"23":{"start":{"line":88,"column":12},"end":{"line":88,"column":90}},"24":{"start":{"line":92,"column":8},"end":{"line":92,"column":84}},"25":{"start":{"line":93,"column":8},"end":{"line":93,"column":19}},"26":{"start":{"line":102,"column":8},"end":{"line":102,"column":56}},"27":{"start":{"line":103,"column":8},"end":{"line":103,"column":4168}},"28":{"start":{"line":104,"column":12},"end":{"line":104,"column":4235}},"29":{"start":{"line":108,"column":12},"end":{"line":108,"column":4434}},"30":{"start":{"line":113,"column":8},"end":{"line":113,"column":63}},"31":{"start":{"line":114,"column":8},"end":{"line":114,"column":19}}},"branchMap":{"1":{"line":17,"type":"if","locations":[{"start":{"line":17,"column":60},"end":{"line":17,"column":60}},{"start":{"line":17,"column":60},"end":{"line":17,"column":60}}]},"2":{"line":30,"type":"if","locations":[{"start":{"line":30,"column":8},"end":{"line":30,"column":8}},{"start":{"line":30,"column":8},"end":{"line":30,"column":8}}]},"3":{"line":31,"type":"if","locations":[{"start":{"line":31,"column":8},"end":{"line":31,"column":8}},{"start":{"line":31,"column":8},"end":{"line":31,"column":8}}]},"4":{"line":34,"type":"if","locations":[{"start":{"line":34,"column":8},"end":{"line":34,"column":8}},{"start":{"line":34,"column":8},"end":{"line":34,"column":8}}]},"5":{"line":40,"type":"if","locations":[{"start":{"line":40,"column":8},"end":{"line":40,"column":8}},{"start":{"line":40,"column":8},"end":{"line":40,"column":8}}]},"6":{"line":41,"type":"cond-expr","locations":[{"start":{"line":41,"column":12},"end":{"line":41,"column":60}},{"start":{"line":42,"column":12},"end":{"line":42,"column":75}}]},"7":{"line":74,"type":"if","locations":[{"start":{"line":74,"column":8},"end":{"line":74,"column":8}},{"start":{"line":74,"column":8},"end":{"line":74,"column":8}}]},"8":{"line":76,"type":"if","locations":[{"start":{"line":76,"column":12},"end":{"line":76,"column":12}},{"start":{"line":76,"column":12},"end":{"line":76,"column":12}}]},"9":{"line":78,"type":"if","locations":[{"start":{"line":78,"column":12},"end":{"line":78,"column":12}},{"start":{"line":78,"column":12},"end":{"line":78,"column":12}}]},"10":{"line":86,"type":"if","locations":[{"start":{"line":86,"column":8},"end":{"line":86,"column":8}},{"start":{"line":86,"column":8},"end":{"line":86,"column":8}}]},"11":{"line":101,"type":"if","locations":[{"start":{"line":101,"column":24},"end":{"line":101,"column":24}},{"start":{"line":101,"column":24},"end":{"line":101,"column":24}}]},"12":{"line":101,"type":"if","locations":[{"start":{"line":101,"column":38},"end":{"line":101,"column":38}},{"start":{"line":101,"column":38},"end":{"line":101,"column":38}}]},"13":{"line":104,"type":"if","locations":[{"start":{"line":104,"column":12},"end":{"line":104,"column":12}},{"start":{"line":104,"column":12},"end":{"line":104,"column":12}}]},"14":{"line":108,"type":"if","locations":[{"start":{"line":108,"column":12},"end":{"line":108,"column":12}},{"start":{"line":108,"column":12},"end":{"line":108,"column":12}}]}}},"contracts/protocol/loan/LoanTyping.sol":{"l":{},"path":"/Users/khanhpham/Desktop/untangled/untangled-protocol-open/contracts/protocol/loan/LoanTyping.sol","s":{},"b":{},"f":{},"fnMap":{},"statementMap":{},"branchMap":{}},"contracts/protocol/note-sale/base/LongSaleInterest.sol":{"l":{},"path":"/Users/khanhpham/Desktop/untangled/untangled-protocol-open/contracts/protocol/note-sale/base/LongSaleInterest.sol","s":{},"b":{},"f":{},"fnMap":{},"statementMap":{},"branchMap":{}},"contracts/protocol/note-sale/crowdsale/Crowdsale.sol":{"l":{"50":16,"51":16,"52":16,"53":16,"54":16,"58":3,"59":3,"63":12,"67":12,"72":2,"76":2,"78":2,"80":2,"85":12,"87":12,"88":12,"100":12,"102":12,"105":12,"106":12,"108":12,"110":12,"111":12,"112":12,"114":12,"116":12,"121":3,"126":1,"131":1,"148":12,"150":12,"151":12,"159":12,"164":12,"169":0,"173":12,"178":12,"194":12,"199":12,"200":12,"202":12,"204":12,"209":1,"214":12},"path":"/Users/khanhpham/Desktop/untangled/untangled-protocol-open/contracts/protocol/note-sale/crowdsale/Crowdsale.sol","s":{"1":16,"2":3,"3":12,"4":2,"5":2,"6":2,"7":12,"8":12,"9":12,"10":12,"11":12,"12":12,"13":12,"14":12,"15":3,"16":1,"17":1,"18":12,"19":12,"20":12,"21":12,"22":12,"23":0,"24":12,"25":12,"26":12,"27":12,"28":12,"29":12,"30":1,"31":12},"b":{"1":[16,0],"2":[3,0],"3":[12,0],"4":[2,0],"5":[2,0],"6":[2,0],"7":[2,0],"8":[2,0],"9":[12,0],"10":[12,0],"11":[12,0],"12":[12,0],"13":[12,0],"14":[12,0],"15":[12,0],"16":[12,0],"17":[12,0],"18":[12,0],"19":[12,0]},"f":{"1":16,"2":3,"3":12,"4":2,"5":12,"6":12,"7":3,"8":1,"9":1,"10":12,"11":12,"12":12,"13":0,"14":12,"15":12,"16":12,"17":12,"18":1,"19":12},"fnMap":{"1":{"name":"__Crowdsale__init","line":49,"loc":{"start":{"line":44,"column":4},"end":{"line":55,"column":4}}},"2":{"name":"securitizationPoolRestricted","line":57,"loc":{"start":{"line":57,"column":4},"end":{"line":60,"column":4}}},"3":{"name":"smpRestricted","line":62,"loc":{"start":{"line":62,"column":4},"end":{"line":68,"column":4}}},"4":{"name":"addFunding","line":71,"loc":{"start":{"line":71,"column":4},"end":{"line":81,"column":4}}},"5":{"name":"_newSaleRound","line":84,"loc":{"start":{"line":84,"column":4},"end":{"line":89,"column":4}}},"6":{"name":"buyTokens","line":99,"loc":{"start":{"line":95,"column":4},"end":{"line":117,"column":4}}},"7":{"name":"isDistributedFully","line":120,"loc":{"start":{"line":120,"column":4},"end":{"line":122,"column":4}}},"8":{"name":"getTokenRemainAmount","line":125,"loc":{"start":{"line":125,"column":4},"end":{"line":127,"column":4}}},"9":{"name":"getCurrencyRemainAmount","line":130,"loc":{"start":{"line":130,"column":4},"end":{"line":132,"column":4}}},"10":{"name":"_defaultPreValidatePurchase","line":143,"loc":{"start":{"line":143,"column":4},"end":{"line":152,"column":4}}},"11":{"name":"_preValidatePurchase","line":154,"loc":{"start":{"line":154,"column":4},"end":{"line":160,"column":4}}},"12":{"name":"_deliverTokens","line":163,"loc":{"start":{"line":163,"column":4},"end":{"line":165,"column":4}}},"13":{"name":"_ejectTokens","line":168,"loc":{"start":{"line":168,"column":4},"end":{"line":170,"column":4}}},"14":{"name":"_processPurchase","line":172,"loc":{"start":{"line":172,"column":4},"end":{"line":174,"column":4}}},"15":{"name":"_claimPayment","line":177,"loc":{"start":{"line":177,"column":4},"end":{"line":182,"column":4}}},"16":{"name":"_forwardFunds","line":193,"loc":{"start":{"line":193,"column":4},"end":{"line":195,"column":4}}},"17":{"name":"_setTotalCap","line":198,"loc":{"start":{"line":198,"column":4},"end":{"line":205,"column":4}}},"18":{"name":"totalCapReached","line":208,"loc":{"start":{"line":208,"column":4},"end":{"line":210,"column":4}}},"19":{"name":"isUnderTotalCap","line":213,"loc":{"start":{"line":213,"column":4},"end":{"line":215,"column":4}}}},"statementMap":{"1":{"start":{"line":50,"column":8},"end":{"line":50,"column":52}},"2":{"start":{"line":58,"column":8},"end":{"line":58,"column":70}},"3":{"start":{"line":63,"column":8},"end":{"line":63,"column":1835}},"4":{"start":{"line":72,"column":8},"end":{"line":72,"column":2165}},"5":{"start":{"line":76,"column":8},"end":{"line":76,"column":62}},"6":{"start":{"line":80,"column":8},"end":{"line":80,"column":37}},"7":{"start":{"line":85,"column":8},"end":{"line":85,"column":61}},"8":{"start":{"line":100,"column":8},"end":{"line":100,"column":60}},"9":{"start":{"line":102,"column":8},"end":{"line":102,"column":69}},"10":{"start":{"line":110,"column":8},"end":{"line":110,"column":43}},"11":{"start":{"line":111,"column":8},"end":{"line":111,"column":49}},"12":{"start":{"line":112,"column":8},"end":{"line":112,"column":84}},"13":{"start":{"line":114,"column":8},"end":{"line":114,"column":69}},"14":{"start":{"line":116,"column":8},"end":{"line":116,"column":26}},"15":{"start":{"line":121,"column":8},"end":{"line":121,"column":41}},"16":{"start":{"line":126,"column":8},"end":{"line":126,"column":53}},"17":{"start":{"line":131,"column":8},"end":{"line":131,"column":40}},"18":{"start":{"line":148,"column":8},"end":{"line":148,"column":83}},"19":{"start":{"line":150,"column":8},"end":{"line":150,"column":64}},"20":{"start":{"line":151,"column":8},"end":{"line":151,"column":74}},"21":{"start":{"line":159,"column":8},"end":{"line":159,"column":76}},"22":{"start":{"line":164,"column":8},"end":{"line":164,"column":55}},"23":{"start":{"line":169,"column":8},"end":{"line":169,"column":42}},"24":{"start":{"line":173,"column":8},"end":{"line":173,"column":47}},"25":{"start":{"line":178,"column":8},"end":{"line":178,"column":6331}},"26":{"start":{"line":194,"column":8},"end":{"line":194,"column":114}},"27":{"start":{"line":199,"column":8},"end":{"line":199,"column":46}},"28":{"start":{"line":200,"column":8},"end":{"line":200,"column":81}},"29":{"start":{"line":204,"column":8},"end":{"line":204,"column":37}},"30":{"start":{"line":209,"column":8},"end":{"line":209,"column":41}},"31":{"start":{"line":214,"column":8},"end":{"line":214,"column":58}}},"branchMap":{"1":{"line":49,"type":"if","locations":[{"start":{"line":49,"column":15},"end":{"line":49,"column":15}},{"start":{"line":49,"column":15},"end":{"line":49,"column":15}}]},"2":{"line":58,"type":"if","locations":[{"start":{"line":58,"column":8},"end":{"line":58,"column":8}},{"start":{"line":58,"column":8},"end":{"line":58,"column":8}}]},"3":{"line":63,"type":"if","locations":[{"start":{"line":63,"column":8},"end":{"line":63,"column":8}},{"start":{"line":63,"column":8},"end":{"line":63,"column":8}}]},"4":{"line":71,"type":"if","locations":[{"start":{"line":71,"column":54},"end":{"line":71,"column":54}},{"start":{"line":71,"column":54},"end":{"line":71,"column":54}}]},"5":{"line":71,"type":"if","locations":[{"start":{"line":71,"column":67},"end":{"line":71,"column":67}},{"start":{"line":71,"column":67},"end":{"line":71,"column":67}}]},"6":{"line":72,"type":"if","locations":[{"start":{"line":72,"column":8},"end":{"line":72,"column":8}},{"start":{"line":72,"column":8},"end":{"line":72,"column":8}}]},"7":{"line":73,"type":"cond-expr","locations":[{"start":{"line":73,"column":12},"end":{"line":73,"column":44}},{"start":{"line":73,"column":49},"end":{"line":73,"column":108}}]},"8":{"line":76,"type":"if","locations":[{"start":{"line":76,"column":8},"end":{"line":76,"column":8}},{"start":{"line":76,"column":8},"end":{"line":76,"column":8}}]},"9":{"line":85,"type":"if","locations":[{"start":{"line":85,"column":8},"end":{"line":85,"column":8}},{"start":{"line":85,"column":8},"end":{"line":85,"column":8}}]},"10":{"line":99,"type":"if","locations":[{"start":{"line":99,"column":15},"end":{"line":99,"column":15}},{"start":{"line":99,"column":15},"end":{"line":99,"column":15}}]},"11":{"line":99,"type":"if","locations":[{"start":{"line":99,"column":29},"end":{"line":99,"column":29}},{"start":{"line":99,"column":29},"end":{"line":99,"column":29}}]},"12":{"line":99,"type":"if","locations":[{"start":{"line":99,"column":42},"end":{"line":99,"column":42}},{"start":{"line":99,"column":42},"end":{"line":99,"column":42}}]},"13":{"line":148,"type":"if","locations":[{"start":{"line":148,"column":8},"end":{"line":148,"column":8}},{"start":{"line":148,"column":8},"end":{"line":148,"column":8}}]},"14":{"line":150,"type":"if","locations":[{"start":{"line":150,"column":8},"end":{"line":150,"column":8}},{"start":{"line":150,"column":8},"end":{"line":150,"column":8}}]},"15":{"line":151,"type":"if","locations":[{"start":{"line":151,"column":8},"end":{"line":151,"column":8}},{"start":{"line":151,"column":8},"end":{"line":151,"column":8}}]},"16":{"line":178,"type":"if","locations":[{"start":{"line":178,"column":8},"end":{"line":178,"column":8}},{"start":{"line":178,"column":8},"end":{"line":178,"column":8}}]},"17":{"line":194,"type":"if","locations":[{"start":{"line":194,"column":8},"end":{"line":194,"column":8}},{"start":{"line":194,"column":8},"end":{"line":194,"column":8}}]},"18":{"line":199,"type":"if","locations":[{"start":{"line":199,"column":8},"end":{"line":199,"column":8}},{"start":{"line":199,"column":8},"end":{"line":199,"column":8}}]},"19":{"line":200,"type":"if","locations":[{"start":{"line":200,"column":8},"end":{"line":200,"column":8}},{"start":{"line":200,"column":8},"end":{"line":200,"column":8}}]}}},"contracts/protocol/note-sale/crowdsale/FinalizableCrowdsale.sol":{"l":{"23":3,"24":3,"25":3,"27":3,"28":0,"29":0,"31":0,"32":0,"34":0,"38":3,"39":3},"path":"/Users/khanhpham/Desktop/untangled/untangled-protocol-open/contracts/protocol/note-sale/crowdsale/FinalizableCrowdsale.sol","s":{"1":3,"2":3,"3":3,"4":0,"5":0,"6":0,"7":0,"8":3,"9":3},"b":{"1":[3,0],"2":[3,0],"3":[3,0],"4":[3,0],"5":[3,0],"6":[3,0],"7":[0,3],"8":[0,0]},"f":{"1":3,"2":3},"fnMap":{"1":{"name":"finalize","line":21,"loc":{"start":{"line":17,"column":4},"end":{"line":40,"column":4}}},"2":{"name":"_finalization","line":43,"loc":{"start":{"line":43,"column":4},"end":{"line":45,"column":4}}}},"statementMap":{"1":{"start":{"line":23,"column":8},"end":{"line":23,"column":69}},"2":{"start":{"line":24,"column":8},"end":{"line":24,"column":84}},"3":{"start":{"line":27,"column":8},"end":{"line":27,"column":964}},"4":{"start":{"line":28,"column":12},"end":{"line":28,"column":35}},"5":{"start":{"line":31,"column":12},"end":{"line":31,"column":1133}},"6":{"start":{"line":32,"column":16},"end":{"line":32,"column":66}},"7":{"start":{"line":34,"column":16},"end":{"line":34,"column":40}},"8":{"start":{"line":38,"column":8},"end":{"line":38,"column":22}},"9":{"start":{"line":39,"column":8},"end":{"line":39,"column":33}}},"branchMap":{"1":{"line":19,"type":"if","locations":[{"start":{"line":19,"column":8},"end":{"line":19,"column":8}},{"start":{"line":19,"column":8},"end":{"line":19,"column":8}}]},"2":{"line":20,"type":"if","locations":[{"start":{"line":20,"column":8},"end":{"line":20,"column":8}},{"start":{"line":20,"column":8},"end":{"line":20,"column":8}}]},"3":{"line":21,"type":"if","locations":[{"start":{"line":21,"column":8},"end":{"line":21,"column":8}},{"start":{"line":21,"column":8},"end":{"line":21,"column":8}}]},"4":{"line":23,"type":"if","locations":[{"start":{"line":23,"column":8},"end":{"line":23,"column":8}},{"start":{"line":23,"column":8},"end":{"line":23,"column":8}}]},"5":{"line":24,"type":"if","locations":[{"start":{"line":24,"column":8},"end":{"line":24,"column":8}},{"start":{"line":24,"column":8},"end":{"line":24,"column":8}}]},"6":{"line":24,"type":"cond-expr","locations":[{"start":{"line":24,"column":16},"end":{"line":24,"column":26}},{"start":{"line":24,"column":31},"end":{"line":24,"column":47}}]},"7":{"line":27,"type":"if","locations":[{"start":{"line":27,"column":8},"end":{"line":27,"column":8}},{"start":{"line":27,"column":8},"end":{"line":27,"column":8}}]},"8":{"line":31,"type":"if","locations":[{"start":{"line":31,"column":12},"end":{"line":31,"column":12}},{"start":{"line":31,"column":12},"end":{"line":31,"column":12}}]}}},"contracts/protocol/note-sale/crowdsale/IncreasingInterestCrowdsale.sol":{"l":{"26":6,"27":6,"28":6,"32":6,"34":6,"35":6,"36":6,"37":6,"39":6,"48":1,"49":0,"53":1,"56":1,"58":1,"59":0,"61":1,"67":1,"69":1,"70":1,"78":7,"79":7},"path":"/Users/khanhpham/Desktop/untangled/untangled-protocol-open/contracts/protocol/note-sale/crowdsale/IncreasingInterestCrowdsale.sol","s":{"1":6,"2":6,"3":6,"4":6,"5":6,"6":1,"7":0,"8":1,"9":1,"10":1,"11":0,"12":1,"13":1,"14":1,"15":7,"16":7},"b":{"1":[6,0],"2":[6,0],"3":[6,0],"4":[0,6],"5":[6,0],"6":[6,0],"7":[6,0],"8":[0,1],"9":[0,1],"10":[7,0]},"f":{"1":6,"2":1,"3":1,"4":7},"fnMap":{"1":{"name":"setInterestRange","line":25,"loc":{"start":{"line":20,"column":4},"end":{"line":45,"column":4}}},"2":{"name":"getCurrentInterest","line":47,"loc":{"start":{"line":47,"column":4},"end":{"line":63,"column":4}}},"3":{"name":"_finalization","line":66,"loc":{"start":{"line":66,"column":4},"end":{"line":71,"column":4}}},"4":{"name":"_preValidatePurchase","line":73,"loc":{"start":{"line":73,"column":4},"end":{"line":80,"column":4}}}},"statementMap":{"1":{"start":{"line":26,"column":8},"end":{"line":26,"column":174}},"2":{"start":{"line":27,"column":8},"end":{"line":27,"column":80}},"3":{"start":{"line":28,"column":8},"end":{"line":28,"column":1068}},"4":{"start":{"line":32,"column":8},"end":{"line":32,"column":84}},"5":{"start":{"line":39,"column":8},"end":{"line":39,"column":1510}},"6":{"start":{"line":48,"column":8},"end":{"line":48,"column":1745}},"7":{"start":{"line":49,"column":12},"end":{"line":49,"column":20}},"8":{"start":{"line":53,"column":8},"end":{"line":53,"column":59}},"9":{"start":{"line":56,"column":8},"end":{"line":56,"column":112}},"10":{"start":{"line":58,"column":8},"end":{"line":58,"column":2222}},"11":{"start":{"line":59,"column":12},"end":{"line":59,"column":32}},"12":{"start":{"line":61,"column":12},"end":{"line":61,"column":34}},"13":{"start":{"line":67,"column":8},"end":{"line":67,"column":28}},"14":{"start":{"line":70,"column":8},"end":{"line":70,"column":70}},"15":{"start":{"line":78,"column":8},"end":{"line":78,"column":75}},"16":{"start":{"line":79,"column":8},"end":{"line":79,"column":86}}},"branchMap":{"1":{"line":25,"type":"if","locations":[{"start":{"line":25,"column":13},"end":{"line":25,"column":13}},{"start":{"line":25,"column":13},"end":{"line":25,"column":13}}]},"2":{"line":25,"type":"if","locations":[{"start":{"line":25,"column":27},"end":{"line":25,"column":27}},{"start":{"line":25,"column":27},"end":{"line":25,"column":27}}]},"3":{"line":26,"type":"if","locations":[{"start":{"line":26,"column":8},"end":{"line":26,"column":8}},{"start":{"line":26,"column":8},"end":{"line":26,"column":8}}]},"4":{"line":26,"type":"cond-expr","locations":[{"start":{"line":26,"column":16},"end":{"line":26,"column":48}},{"start":{"line":26,"column":53},"end":{"line":26,"column":112}}]},"5":{"line":27,"type":"if","locations":[{"start":{"line":27,"column":8},"end":{"line":27,"column":8}},{"start":{"line":27,"column":8},"end":{"line":27,"column":8}}]},"6":{"line":28,"type":"if","locations":[{"start":{"line":28,"column":8},"end":{"line":28,"column":8}},{"start":{"line":28,"column":8},"end":{"line":28,"column":8}}]},"7":{"line":32,"type":"if","locations":[{"start":{"line":32,"column":8},"end":{"line":32,"column":8}},{"start":{"line":32,"column":8},"end":{"line":32,"column":8}}]},"8":{"line":48,"type":"if","locations":[{"start":{"line":48,"column":8},"end":{"line":48,"column":8}},{"start":{"line":48,"column":8},"end":{"line":48,"column":8}}]},"9":{"line":58,"type":"if","locations":[{"start":{"line":58,"column":8},"end":{"line":58,"column":8}},{"start":{"line":58,"column":8},"end":{"line":58,"column":8}}]},"10":{"line":79,"type":"if","locations":[{"start":{"line":79,"column":8},"end":{"line":79,"column":8}},{"start":{"line":79,"column":8},"end":{"line":79,"column":8}}]}}},"contracts/protocol/note-sale/crowdsale/TimedCrowdsale.sol":{"l":{"26":2,"28":2,"32":1,"33":0,"37":3,"38":1,"41":2,"46":17,"51":2,"53":1,"54":1,"59":15,"60":14,"62":13,"63":0,"66":13,"67":0,"70":13,"71":13,"73":13,"78":1,"79":1},"path":"/Users/khanhpham/Desktop/untangled/untangled-protocol-open/contracts/protocol/note-sale/crowdsale/TimedCrowdsale.sol","s":{"1":2,"2":1,"3":3,"4":1,"5":2,"6":17,"7":2,"8":1,"9":15,"10":14,"11":13,"12":13,"13":13,"14":1},"b":{"1":[2,0],"2":[0,1],"3":[0,0],"4":[1,2],"5":[2,0],"6":[2,0],"7":[2,0],"8":[1,1],"9":[15,0],"10":[14,1],"11":[2,12],"12":[13,1],"13":[0,13],"14":[0,13],"15":[1,0],"16":[1,0],"17":[1,0]},"f":{"1":2,"2":1,"3":3,"4":17,"5":2,"6":15,"7":1},"fnMap":{"1":{"name":"__TimedCrowdsale__init","line":25,"loc":{"start":{"line":20,"column":4},"end":{"line":29,"column":4}}},"2":{"name":"onlyWhileOpen","line":31,"loc":{"start":{"line":31,"column":4},"end":{"line":34,"column":4}}},"3":{"name":"isOpen","line":36,"loc":{"start":{"line":36,"column":4},"end":{"line":42,"column":4}}},"4":{"name":"hasClosed","line":44,"loc":{"start":{"line":44,"column":4},"end":{"line":47,"column":4}}},"5":{"name":"extendTime","line":50,"loc":{"start":{"line":50,"column":4},"end":{"line":55,"column":4}}},"6":{"name":"newSaleRoundTime","line":58,"loc":{"start":{"line":58,"column":4},"end":{"line":74,"column":4}}},"7":{"name":"setUsingTimeLimit","line":77,"loc":{"start":{"line":77,"column":4},"end":{"line":80,"column":4}}}},"statementMap":{"1":{"start":{"line":26,"column":8},"end":{"line":26,"column":61}},"2":{"start":{"line":32,"column":8},"end":{"line":32,"column":68}},"3":{"start":{"line":37,"column":8},"end":{"line":37,"column":1061}},"4":{"start":{"line":38,"column":12},"end":{"line":38,"column":23}},"5":{"start":{"line":41,"column":8},"end":{"line":41,"column":79}},"6":{"start":{"line":46,"column":8},"end":{"line":46,"column":44}},"7":{"start":{"line":51,"column":8},"end":{"line":51,"column":111}},"8":{"start":{"line":53,"column":8},"end":{"line":53,"column":64}},"9":{"start":{"line":59,"column":8},"end":{"line":59,"column":156}},"10":{"start":{"line":60,"column":8},"end":{"line":60,"column":107}},"11":{"start":{"line":62,"column":8},"end":{"line":62,"column":2320}},"12":{"start":{"line":66,"column":8},"end":{"line":66,"column":2425}},"13":{"start":{"line":73,"column":8},"end":{"line":73,"column":64}},"14":{"start":{"line":79,"column":8},"end":{"line":79,"column":49}}},"branchMap":{"1":{"line":25,"type":"if","locations":[{"start":{"line":25,"column":15},"end":{"line":25,"column":15}},{"start":{"line":25,"column":15},"end":{"line":25,"column":15}}]},"2":{"line":32,"type":"if","locations":[{"start":{"line":32,"column":8},"end":{"line":32,"column":8}},{"start":{"line":32,"column":8},"end":{"line":32,"column":8}}]},"3":{"line":32,"type":"cond-expr","locations":[{"start":{"line":32,"column":16},"end":{"line":32,"column":23}},{"start":{"line":32,"column":28},"end":{"line":32,"column":39}}]},"4":{"line":37,"type":"if","locations":[{"start":{"line":37,"column":8},"end":{"line":37,"column":8}},{"start":{"line":37,"column":8},"end":{"line":37,"column":8}}]},"5":{"line":50,"type":"if","locations":[{"start":{"line":50,"column":57},"end":{"line":50,"column":57}},{"start":{"line":50,"column":57},"end":{"line":50,"column":57}}]},"6":{"line":50,"type":"if","locations":[{"start":{"line":50,"column":71},"end":{"line":50,"column":71}},{"start":{"line":50,"column":71},"end":{"line":50,"column":71}}]},"7":{"line":50,"type":"if","locations":[{"start":{"line":50,"column":84},"end":{"line":50,"column":84}},{"start":{"line":50,"column":84},"end":{"line":50,"column":84}}]},"8":{"line":51,"type":"if","locations":[{"start":{"line":51,"column":8},"end":{"line":51,"column":8}},{"start":{"line":51,"column":8},"end":{"line":51,"column":8}}]},"9":{"line":58,"type":"if","locations":[{"start":{"line":58,"column":85},"end":{"line":58,"column":85}},{"start":{"line":58,"column":8
[...]
mn":54}},{"start":{"line":136,"column":54},"end":{"line":136,"column":54}}]},"48":{"line":136,"type":"if","locations":[{"start":{"line":136,"column":83},"end":{"line":136,"column":83}},{"start":{"line":136,"column":83},"end":{"line":136,"column":83}}]},"49":{"line":136,"type":"if","locations":[{"start":{"line":136,"column":97},"end":{"line":136,"column":97}},{"start":{"line":136,"column":97},"end":{"line":136,"column":97}}]},"50":{"line":140,"type":"if","locations":[{"start":{"line":140,"column":46},"end":{"line":140,"column":46}},{"start":{"line":140,"column":46},"end":{"line":140,"column":46}}]},"51":{"line":140,"type":"if","locations":[{"start":{"line":140,"column":75},"end":{"line":140,"column":75}},{"start":{"line":140,"column":75},"end":{"line":140,"column":75}}]},"52":{"line":140,"type":"if","locations":[{"start":{"line":140,"column":89},"end":{"line":140,"column":89}},{"start":{"line":140,"column":89},"end":{"line":140,"column":89}}]}}},"contracts/tokens/ERC20/NoteToken.sol":{"l":{"17":20,"19":20,"20":20,"21":20,"25":102},"path":"/Users/khanhpham/Desktop/untangled/untangled-protocol-open/contracts/tokens/ERC20/NoteToken.sol","s":{"1":20,"2":102},"b":{"1":[20,0]},"f":{"1":20,"2":102},"fnMap":{"1":{"name":"constructor","line":16,"loc":{"start":{"line":10,"column":4},"end":{"line":22,"column":4}}},"2":{"name":"decimals","line":24,"loc":{"start":{"line":24,"column":4},"end":{"line":26,"column":4}}}},"statementMap":{"1":{"start":{"line":17,"column":8},"end":{"line":17,"column":77}},"2":{"start":{"line":25,"column":8},"end":{"line":25,"column":17}}},"branchMap":{"1":{"line":17,"type":"if","locations":[{"start":{"line":17,"column":8},"end":{"line":17,"column":8}},{"start":{"line":17,"column":8},"end":{"line":17,"column":8}}]}}},"contracts/tokens/ERC721/invoice/AcceptedInvoiceToken.sol":{"l":{"39":53,"40":53,"55":1,"64":2,"65":2,"77":2,"80":1,"83":1,"84":1,"98":2,"99":2,"101":2,"102":2,"104":2,"106":2,"108":2,"110":2,"111":2,"112":1,"115":2,"117":2,"119":2,"120":1,"121":1,"123":1,"126":2,"129":2,"130":2,"146":1,"148":1,"159":1,"161":1,"165":2,"174":1,"175":1,"176":1,"177":1,"181":1,"185":1,"189":1,"193":1,"197":1,"201":4},"path":"/Users/khanhpham/Desktop/untangled/untangled-protocol-open/contracts/tokens/ERC721/invoice/AcceptedInvoiceToken.sol","s":{"1":53,"2":1,"3":2,"4":2,"5":2,"6":1,"7":1,"8":1,"9":2,"10":2,"11":2,"12":2,"13":2,"14":2,"15":2,"16":2,"17":2,"18":2,"19":2,"20":2,"21":1,"22":2,"23":2,"24":2,"25":1,"26":1,"27":1,"28":2,"29":1,"30":1,"31":1,"32":1,"33":1,"34":1,"35":1,"36":4},"b":{"1":[53,0],"2":[0,2],"3":[2,0],"4":[2,0],"5":[1,1],"6":[2,0],"7":[2,0],"8":[2,0],"9":[1,1],"10":[1,1]},"f":{"1":53,"2":1,"3":2,"4":2,"5":2,"6":1,"7":2,"8":1,"9":1,"10":1,"11":1,"12":1,"13":1,"14":4},"fnMap":{"1":{"name":"initialize","line":38,"loc":{"start":{"line":33,"column":4},"end":{"line":41,"column":4}}},"2":{"name":"_generateEntryHash","line":48,"loc":{"start":{"line":48,"column":4},"end":{"line":56,"column":4}}},"3":{"name":"_transferTokensFrom","line":58,"loc":{"start":{"line":58,"column":4},"end":{"line":66,"column":4}}},"4":{"name":"createBatch","line":76,"loc":{"start":{"line":68,"column":4},"end":{"line":95,"column":4}}},"5":{"name":"payInBatch","line":97,"loc":{"start":{"line":97,"column":4},"end":{"line":131,"column":4}}},"6":{"name":"_createAIT","line":136,"loc":{"start":{"line":136,"column":4},"end":{"line":162,"column":4}}},"7":{"name":"getExpectedRepaymentValues","line":164,"loc":{"start":{"line":164,"column":4},"end":{"line":166,"column":4}}},"8":{"name":"getTotalExpectedRepaymentValue","line":168,"loc":{"start":{"line":168,"column":4},"end":{"line":178,"column":4}}},"9":{"name":"getExpirationTimestamp","line":180,"loc":{"start":{"line":180,"column":4},"end":{"line":182,"column":4}}},"10":{"name":"getInterestRate","line":184,"loc":{"start":{"line":184,"column":4},"end":{"line":186,"column":4}}},"11":{"name":"getAssetPurpose","line":188,"loc":{"start":{"line":188,"column":4},"end":{"line":190,"column":4}}},"12":{"name":"getRiskScore","line":192,"loc":{"start":{"line":192,"column":4},"end":{"line":194,"column":4}}},"13":{"name":"getFiatAmount","line":196,"loc":{"start":{"line":196,"column":4},"end":{"line":198,"column":4}}},"14":{"name":"isPaid","line":200,"loc":{"start":{"line":200,"column":4},"end":{"line":202,"column":4}}}},"statementMap":{"1":{"start":{"line":39,"column":8},"end":{"line":39,"column":58}},"2":{"start":{"line":55,"column":8},"end":{"line":55,"column":91}},"3":{"start":{"line":64,"column":8},"end":{"line":64,"column":103}},"4":{"start":{"line":65,"column":8},"end":{"line":65,"column":106}},"5":{"start":{"line":77,"column":8},"end":{"line":77,"column":93}},"6":{"start":{"line":80,"column":8},"end":{"line":80,"column":2732}},"7":{"start":{"line":83,"column":8},"end":{"line":83,"column":2887}},"8":{"start":{"line":84,"column":12},"end":{"line":84,"column":2954}},"9":{"start":{"line":98,"column":8},"end":{"line":98,"column":48}},"10":{"start":{"line":99,"column":8},"end":{"line":99,"column":72}},"11":{"start":{"line":101,"column":8},"end":{"line":101,"column":3549}},"12":{"start":{"line":102,"column":12},"end":{"line":102,"column":72}},"13":{"start":{"line":104,"column":12},"end":{"line":104,"column":76}},"14":{"start":{"line":106,"column":12},"end":{"line":106,"column":115}},"15":{"start":{"line":108,"column":12},"end":{"line":108,"column":86}},"16":{"start":{"line":110,"column":12},"end":{"line":110,"column":40}},"17":{"start":{"line":111,"column":12},"end":{"line":111,"column":4017}},"18":{"start":{"line":115,"column":12},"end":{"line":115,"column":51}},"19":{"start":{"line":117,"column":12},"end":{"line":117,"column":94}},"20":{"start":{"line":119,"column":12},"end":{"line":119,"column":4357}},"21":{"start":{"line":121,"column":16},"end":{"line":121,"column":39}},"22":{"start":{"line":126,"column":12},"end":{"line":126,"column":106}},"23":{"start":{"line":129,"column":8},"end":{"line":129,"column":60}},"24":{"start":{"line":130,"column":8},"end":{"line":130,"column":19}},"25":{"start":{"line":146,"column":8},"end":{"line":146,"column":92}},"26":{"start":{"line":159,"column":8},"end":{"line":159,"column":41}},"27":{"start":{"line":161,"column":8},"end":{"line":161,"column":33}},"28":{"start":{"line":165,"column":8},"end":{"line":165,"column":95}},"29":{"start":{"line":174,"column":8},"end":{"line":174,"column":31}},"30":{"start":{"line":175,"column":8},"end":{"line":175,"column":30}},"31":{"start":{"line":181,"column":8},"end":{"line":181,"column":49}},"32":{"start":{"line":185,"column":8},"end":{"line":185,"column":16}},"33":{"start":{"line":189,"column":8},"end":{"line":189,"column":54}},"34":{"start":{"line":193,"column":8},"end":{"line":193,"column":54}},"35":{"start":{"line":197,"column":8},"end":{"line":197,"column":51}},"36":{"start":{"line":201,"column":8},"end":{"line":201,"column":91}}},"branchMap":{"1":{"line":38,"type":"if","locations":[{"start":{"line":38,"column":13},"end":{"line":38,"column":13}},{"start":{"line":38,"column":13},"end":{"line":38,"column":13}}]},"2":{"line":64,"type":"if","locations":[{"start":{"line":64,"column":8},"end":{"line":64,"column":8}},{"start":{"line":64,"column":8},"end":{"line":64,"column":8}}]},"3":{"line":65,"type":"if","locations":[{"start":{"line":65,"column":8},"end":{"line":65,"column":8}},{"start":{"line":65,"column":8},"end":{"line":65,"column":8}}]},"4":{"line":76,"type":"if","locations":[{"start":{"line":76,"column":15},"end":{"line":76,"column":15}},{"start":{"line":76,"column":15},"end":{"line":76,"column":15}}]},"5":{"line":77,"type":"if","locations":[{"start":{"line":77,"column":8},"end":{"line":77,"column":8}},{"start":{"line":77,"column":8},"end":{"line":77,"column":8}}]},"6":{"line":99,"type":"if","locations":[{"start":{"line":99,"column":8},"end":{"line":99,"column":8}},{"start":{"line":99,"column":8},"end":{"line":99,"column":8}}]},"7":{"line":102,"type":"if","locations":[{"start":{"line":102,"column":12},"end":{"line":102,"column":12}},{"start":{"line":102,"column":12},"end":{"line":102,"column":12}}]},"8":{"line":108,"type":"if","locations":[{"start":{"line":108,"column":12},"end":{"line":108,"column":12}},{"start":{"line":108,"column":12},"end":{"line":108,"column":12}}]},"9":{"line":111,"type":"if","locations":[{"start":{"line":111,"column":12},"end":{"line":111,"column":12}},{"start":{"line":111,"column":12},"end":{"line":111,"column":12}}]},"10":{"line":119,"type":"if","locations":[{"start":{"line":119,"column":12},"end":{"line":119,"column":12}},{"start":{"line":119,"column":12},"end":{"line":119,"column":12}}]}}},"contracts/tokens/ERC721/LoanAssetToken.sol":{"l":{"22":170,"24":170,"26":170,"27":168,"35":204,"36":204,"43":120,"47":121,"51":123,"55":123,"64":203,"65":203,"66":203,"67":203},"path":"/Users/khanhpham/Desktop/untangled/untangled-protocol-open/contracts/tokens/ERC721/LoanAssetToken.sol","s":{"1":170,"2":170,"3":168,"4":204,"5":120,"6":121,"7":123,"8":123,"9":203,"10":203},"b":{"1":[170,0]},"f":{"1":170,"2":204,"3":120,"4":121,"5":123,"6":123,"7":203},"fnMap":{"1":{"name":"initialize","line":21,"loc":{"start":{"line":16,"column":4},"end":{"line":28,"column":4}}},"2":{"name":"getExpectedRepaymentValues","line":30,"loc":{"start":{"line":30,"column":4},"end":{"line":40,"column":4}}},"3":{"name":"getExpirationTimestamp","line":42,"loc":{"start":{"line":42,"column":4},"end":{"line":44,"column":4}}},"4":{"name":"getRiskScore","line":46,"loc":{"start":{"line":46,"column":4},"end":{"line":48,"column":4}}},"5":{"name":"getAssetPurpose","line":50,"loc":{"start":{"line":50,"column":4},"end":{"line":52,"column":4}}},"6":{"name":"getInterestRate","line":54,"loc":{"start":{"line":54,"column":4},"end":{"line":56,"column":4}}},"7":{"name":"getTotalExpectedRepaymentValue","line":58,"loc":{"start":{"line":58,"column":4},"end":{"line":68,"column":4}}}},"statementMap":{"1":{"start":{"line":22,"column":8},"end":{"line":22,"column":58}},"2":{"start":{"line":26,"column":8},"end":{"line":26,"column":65}},"3":{"start":{"line":27,"column":8},"end":{"line":27,"column":45}},"4":{"start":{"line":35,"column":8},"end":{"line":35,"column":46}},"5":{"start":{"line":43,"column":8},"end":{"line":43,"column":83}},"6":{"start":{"line":47,"column":8},"end":{"line":47,"column":73}},"7":{"start":{"line":51,"column":8},"end":{"line":51,"column":76}},"8":{"start":{"line":55,"column":8},"end":{"line":55,"column":89}},"9":{"start":{"line":64,"column":8},"end":{"line":64,"column":31}},"10":{"start":{"line":65,"column":8},"end":{"line":65,"column":30}}},"branchMap":{"1":{"line":21,"type":"if","locations":[{"start":{"line":21,"column":13},"end":{"line":21,"column":13}},{"start":{"line":21,"column":13},"end":{"line":21,"column":13}}]}}},"contracts/uid/UniqueIdentity.sol":{"l":{"39":53,"41":53,"42":53,"47":53,"52":53,"53":53,"57":25,"58":25,"59":100,"68":1,"76":1,"84":8,"93":1,"94":1,"98":9,"99":9,"100":9,"102":9,"111":1,"113":1,"114":1,"125":11,"129":10,"138":9,"140":9,"143":9,"144":9,"145":9,"154":1,"156":1,"168":1,"169":1,"170":1,"174":10,"175":10,"180":0,"181":0,"183":0},"path":"/Users/khanhpham/Desktop/untangled/untangled-protocol-open/contracts/uid/UniqueIdentity.sol","s":{"1":53,"2":53,"3":53,"4":53,"5":53,"6":53,"7":25,"8":25,"9":1,"10":1,"11":8,"12":1,"13":1,"14":9,"15":9,"16":9,"17":9,"18":1,"19":1,"20":1,"21":11,"22":10,"23":9,"24":9,"25":9,"26":9,"27":1,"28":1,"29":1,"30":1,"31":0,"32":0,"33":0},"b":{"1":[53,0],"2":[53,0],"3":[53,0],"4":[53,0],"5":[25,0],"6":[25,0],"7":[8,0],"8":[8,0],"9":[1,0],"10":[1,0],"11":[1,0],"12":[9,0],"13":[9,0],"14":[9,0],"15":[1,0],"16":[1,0],"17":[1,0],"18":[10,1],"19":[9,1],"20":[9,0],"21":[9,0],"22":[1,0],"23":[1,0],"24":[0,0],"25":[0,0]},"f":{"1":53,"2":53,"3":53,"4":25,"5":1,"6":1,"7":8,"8":1,"9":9,"10":1,"11":11,"12":9,"13":1,"14":10,"15":0},"fnMap":{"1":{"name":"initialize","line":38,"loc":{"start":{"line":38,"column":4},"end":{"line":43,"column":4}}},"2":{"name":"__UniqueIdentity_init","line":46,"loc":{"start":{"line":46,"column":4},"end":{"line":48,"column":4}}},"3":{"name":"__UniqueIdentity_init_unchained","line":51,"loc":{"start":{"line":51,"column":4},"end":{"line":54,"column":4}}},"4":{"name":"setSupportedUIDTypes","line":56,"loc":{"start":{"line":56,"column":4},"end":{"line":61,"column":4}}},"5":{"name":"name","line":67,"loc":{"start":{"line":67,"column":4},"end":{"line":69,"column":4}}},"6":{"name":"symbol","line":75,"loc":{"start":{"line":75,"column":4},"end":{"line":77,"column":4}}},"7":{"name":"mint","line":83,"loc":{"start":{"line":79,"column":4},"end":{"line":85,"column":4}}},"8":{"name":"mintTo","line":92,"loc":{"start":{"line":87,"column":4},"end":{"line":95,"column":4}}},"9":{"name":"_mintTo","line":97,"loc":{"start":{"line":97,"column":4},"end":{"line":103,"column":4}}},"10":{"name":"burn","line":110,"loc":{"start":{"line":105,"column":4},"end":{"line":115,"column":4}}},"11":{"name":"_beforeTokenTransfer","line":117,"loc":{"start":{"line":117,"column":4},"end":{"line":130,"column":4}}},"12":{"name":"onlySigner","line":132,"loc":{"start":{"line":132,"column":4},"end":{"line":146,"column":4}}},"13":{"name":"onlySignerMintTo","line":148,"loc":{"start":{"line":148,"column":4},"end":{"line":171,"column":4}}},"14":{"name":"incrementNonce","line":173,"loc":{"start":{"line":173,"column":4},"end":{"line":176,"column":4}}},"15":{"name":"unlockWrongToken","line":179,"loc":{"start":{"line":179,"column":4},"end":{"line":185,"column":4}}}},"statementMap":{"1":{"start":{"line":39,"column":8},"end":{"line":39,"column":68}},"2":{"start":{"line":41,"column":8},"end":{"line":41,"column":45}},"3":{"start":{"line":42,"column":8},"end":{"line":42,"column":35}},"4":{"start":{"line":47,"column":8},"end":{"line":47,"column":45}},"5":{"start":{"line":52,"column":8},"end":{"line":52,"column":37}},"6":{"start":{"line":53,"column":8},"end":{"line":53,"column":45}},"7":{"start":{"line":57,"column":8},"end":{"line":57,"column":79}},"8":{"start":{"line":58,"column":8},"end":{"line":58,"column":2441}},"9":{"start":{"line":68,"column":8},"end":{"line":68,"column":32}},"10":{"start":{"line":76,"column":8},"end":{"line":76,"column":20}},"11":{"start":{"line":84,"column":8},"end":{"line":84,"column":32}},"12":{"start":{"line":93,"column":8},"end":{"line":93,"column":78}},"13":{"start":{"line":94,"column":8},"end":{"line":94,"column":29}},"14":{"start":{"line":98,"column":8},"end":{"line":98,"column":83}},"15":{"start":{"line":99,"column":8},"end":{"line":99,"column":63}},"16":{"start":{"line":100,"column":8},"end":{"line":100,"column":82}},"17":{"start":{"line":102,"column":8},"end":{"line":102,"column":38}},"18":{"start":{"line":111,"column":8},"end":{"line":111,"column":28}},"19":{"start":{"line":113,"column":8},"end":{"line":113,"column":55}},"20":{"start":{"line":114,"column":8},"end":{"line":114,"column":67}},"21":{"start":{"line":125,"column":8},"end":{"line":125,"column":4553}},"22":{"start":{"line":129,"column":8},"end":{"line":129,"column":73}},"23":{"start":{"line":138,"column":8},"end":{"line":138,"column":68}},"24":{"start":{"line":140,"column":8},"end":{"line":140,"column":5027}},"25":{"start":{"line":143,"column":8},"end":{"line":143,"column":80}},"26":{"start":{"line":144,"column":8},"end":{"line":144,"column":109}},"27":{"start":{"line":154,"column":8},"end":{"line":154,"column":68}},"28":{"start":{"line":156,"column":8},"end":{"line":156,"column":5606}},"29":{"start":{"line":168,"column":8},"end":{"line":168,"column":80}},"30":{"start":{"line":169,"column":8},"end":{"line":169,"column":109}},"31":{"start":{"line":180,"column":8},"end":{"line":180,"column":6305}},"32":{"start":{"line":181,"column":12},"end":{"line":181,"column":60}},"33":{"start":{"line":183,"column":12},"end":{"line":183,"column":83}}},"branchMap":{"1":{"line":38,"type":"if","locations":[{"start":{"line":38,"column":65},"end":{"line":38,"column":65}},{"start":{"line":38,"column":65},"end":{"line":38,"column":65}}]},"2":{"line":39,"type":"if","locations":[{"start":{"line":39,"column":8},"end":{"line":39,"column":8}},{"start":{"line":39,"column":8},"end":{"line":39,"column":8}}]},"3":{"line":46,"type":"if","locations":[{"start":{"line":46,"column":59},"end":{"line":46,"column":59}},{"start":{"line":46,"column":59},"end":{"line":46,"column":59}}]},"4":{"line":51,"type":"if","locations":[{"start":{"line":51,"column":69},"end":{"line":51,"column":69}},{"start":{"line":51,"column":69},"end":{"line":51,"column":69}}]},"5":{"line":56,"type":"if","locations":[{"start":{"line":56,"column":89},"end":{"line":56,"column":89}},{"start":{"line":56,"column":89},"end":{"line":56,"column":89}}]},"6":{"line":57,"type":"if","locations":[{"start":{"line":57,"column":8},"end":{"line":57,"column":8}},{"start":{"line":57,"column":8},"end":{"line":57,"column":8}}]},"7":{"line":83,"type":"if","locations":[{"start":{"line":83,"column":30},"end":{"line":83,"column":30}},{"start":{"line":83,"column":30},"end":{"line":83,"column":30}}]},"8":{"line":83,"type":"if","locations":[{"start":{"line":83,"column":81},"end":{"line":83,"column":81}},{"start":{"line":83,"column":81},"end":{"line":83,"column":81}}]},"9":{"line":92,"type":"if","locations":[{"start":{"line":92,"column":30},"end":{"line":92,"column":30}},{"start":{"line":92,"column":30},"end":{"line":92,"column":30}}]},"10":{"line":92,"type":"if","locations":[{"start":{"line":92,"column":84},"end":{"line":92,"column":84}},{"start":{"line":92,"column":84},"end":{"line":92,"column":84}}]},"11":{"line":93,"type":"if","locations":[{"start":{"line":93,"column":8},"end":{"line":93,"column":8}},{"start":{"line":93,"column":8},"end":{"line":93,"column":8}}]},"12":{"line":98,"type":"if","locations":[{"start":{"line":98,"column":8},"end":{"line":98,"column":8}},{"start":{"line":98,"column":8},"end":{"line":98,"column":8}}]},"13":{"line":99,"type":"if","locations":[{"start":{"line":99,"column":8},"end":{"line":99,"column":8}},{"start":{"line":99,"column":8},"end":{"line":99,"column":8}}]},"14":{"line":100,"type":"if","locations":[{"start":{"line":100,"column":8},"end":{"line":100,"column":8}},{"start":{"line":100,"column":8},"end":{"line":100,"column":8}}]},"15":{"line":110,"type":"if","locations":[{"start":{"line":110,"column":22},"end":{"line":110,"column":22}},{"start":{"line":110,"column":22},"end":{"line":110,"column":22}}]},"16":{"line":110,"type":"if","locations":[{"start":{"line":110,"column":68},"end":{"line":110,"column":68}},{"start":{"line":110,"column":68},"end":{"line":110,"column":68}}]},"17":{"line":114,"type":"if","locations":[{"start":{"line":114,"column":8},"end":{"line":114,"column":8}},{"start":{"line":114,"column":8},"end":{"line":114,"column":8}}]},"18":{"line":125,"type":"if","locations":[{"start":{"line":125,"column":8},"end":{"line":125,"column":8}},{"start":{"line":125,"column":8},"end":{"line":125,"column":8}}]},"19":{"line":126,"type":"cond-expr","locations":[{"start":{"line":126,"column":12},"end":{"line":126,"column":51}},{"start":{"line":126,"column":56},"end":{"line":126,"column":95}}]},"20":{"line":138,"type":"if","locations":[{"start":{"line":138,"column":8},"end":{"line":138,"column":8}},{"start":{"line":138,"column":8},"end":{"line":138,"column":8}}]},"21":{"line":144,"type":"if","locations":[{"start":{"line":144,"column":8},"end":{"line":144,"column":8}},{"start":{"line":144,"column":8},"end":{"line":144,"column":8}}]},"22":{"line":154,"type":"if","locations":[{"start":{"line":154,"column":8},"end":{"line":154,"column":8}},{"start":{"line":154,"column":8},"end":{"line":154,"column":8}}]},"23":{"line":169,"type":"if","locations":[{"start":{"line":169,"column":8},"end":{"line":169,"column":8}},{"start":{"line":169,"column":8},"end":{"line":169,"column":8}}]},"24":{"line":179,"type":"if","locations":[{"start":{"line":179,"column":70},"end":{"line":179,"column":70}},{"start":{"line":179,"column":70},"end":{"line":179,"column":70}}]},"25":{"line":180,"type":"if","locations":[{"start":{"line":180,"column":8},"end":{"line":180,"column":8}},{"start":{"line":180,"column":8},"end":{"line":180,"column":8}}]}}}}