{
"contracts/base/Factory.sol":{"l":{"7":19,"8":19,"15":19},"path":"/Users/khanhpham/Desktop/untangled/untangled-protocol-open/contracts/base/Factory.sol","s":{"1":19,"2":19},"b":{},"f":{"1":19},"fnMap":{"1":{"name":"deployMinimal","line":6,"loc":{"start":{"line":6,"column":4},"end":{"line":16,"column":4}}}},"statementMap":{"1":{"start":{"line":7,"column":8},"end":{"line":7,"column":45}},"2":{"start":{"line":15,"column":8},"end":{"line":15,"column":20}}},"branchMap":{}},
"contracts/base/UntangledBase.sol":{"l":{"27":482,"31":592,"32":592,"33":592,"35":592,"37":592,"38":592,"40":592,"44":2,"48":2},"path":"/Users/khanhpham/Desktop/untangled/untangled-protocol-open/contracts/base/UntangledBase.sol","s":{"1":482,"2":592,"3":592,"4":592,"5":592,"6":592,"7":592,"8":592,"9":2,"10":2},"b":{"1":[482,0],"2":[592,0],"3":[0,592],"4":[2,0],"5":[2,0]},"f":{"1":482,"2":592,"3":2,"4":2},"fnMap":{"1":{"name":"__UntangledBase__init","line":26,"loc":{"start":{"line":26,"column":4},"end":{"line":28,"column":4}}},"2":{"name":"__UntangledBase__init_unchained","line":30,"loc":{"start":{"line":30,"column":4},"end":{"line":41,"column":4}}},"3":{"name":"pause","line":43,"loc":{"start":{"line":43,"column":4},"end":{"line":45,"column":4}}},"4":{"name":"unpause","line":47,"loc":{"start":{"line":47,"column":4},"end":{"line":49,"column":4}}}},"statementMap":{"1":{"start":{"line":27,"column":8},"end":{"line":27,"column":45}},"2":{"start":{"line":31,"column":8},"end":{"line":31,"column":34}},"3":{"start":{"line":32,"column":8},"end":{"line":32,"column":41}},"4":{"start":{"line":33,"column":8},"end":{"line":33,"column":49}},"5":{"start":{"line":35,"column":8},"end":{"line":35,"column":53}},"6":{"start":{"line":37,"column":8},"end":{"line":37,"column":44}},"7":{"start":{"line":38,"column":8},"end":{"line":38,"column":36}},"8":{"start":{"line":40,"column":8},"end":{"line":40,"column":44}},"9":{"start":{"line":44,"column":8},"end":{"line":44,"column":15}},"10":{"start":{"line":48,"column":8},"end":{"line":48,"column":17}}},"branchMap":{"1":{"line":26,"type":"if","locations":[{"start":{"line":26,"column":59},"end":{"line":26,"column":59}},{"start":{"line":26,"column":59},"end":{"line":26,"column":59}}]},"2":{"line":30,"type":"if","locations":[{"start":{"line":30,"column":69},"end":{"line":30,"column":69}},{"start":{"line":30,"column":69},"end":{"line":30,"column":69}}]},"3":{"line":35,"type":"if","locations":[{"start":{"line":35,"column":8},"end":{"line":35,"column":8}},{"start":{"line":35,"column":8},"end":{"line":35,"column":8}}]},"4":{"line":43,"type":"if","locations":[{"start":{"line":43,"column":28},"end":{"line":43,"column":28}},{"start":{"line":43,"column":28},"end":{"line":43,"column":28}}]},"5":{"line":47,"type":"if","locations":[{"start":{"line":47,"column":30},"end":{"line":47,"column":30}},{"start":{"line":47,"column":30},"end":{"line":47,"column":30}}]}}},
"contracts/interfaces/ICrowdSale.sol":{"l":{},"path":"/Users/khanhpham/Desktop/untangled/untangled-protocol-open/contracts/interfaces/ICrowdSale.sol","s":{},"b":{},"f":{},"fnMap":{},"statementMap":{},"branchMap":{}},
"contracts/interfaces/IDistributionAssessor.sol":{"l":{},"path":"/Users/khanhpham/Desktop/untangled/untangled-protocol-open/contracts/interfaces/IDistributionAssessor.sol","s":{},"b":{},"f":{},"fnMap":{},"statementMap":{},"branchMap":{}},
"contracts/interfaces/IDistributionOperator.sol":{"l":{},"path":"/Users/khanhpham/Desktop/untangled/untangled-protocol-open/contracts/interfaces/IDistributionOperator.sol","s":{},"b":{},"f":{},"fnMap":{},"statementMap":{},"branchMap":{}},
"contracts/interfaces/IDistributionTranche.sol":{"l":{},"path":"/Users/khanhpham/Desktop/untangled/untangled-protocol-open/contracts/interfaces/IDistributionTranche.sol","s":{},"b":{},"f":{},"fnMap":{},"statementMap":{},"branchMap":{}},
"contracts/interfaces/IGo.sol":{"l":{},"path":"/Users/khanhpham/Desktop/untangled/untangled-protocol-open/contracts/interfaces/IGo.sol","s":{},"b":{},"f":{},"fnMap":{},"statementMap":{},"branchMap":{}},
"contracts/interfaces/ILoanInterestTermsContract.sol":{"l":{},"path":"/Users/khanhpham/Desktop/untangled/untangled-protocol-open/contracts/interfaces/ILoanInterestTermsContract.sol","s":{},"b":{},"f":{},"fnMap":{},"statementMap":{},"branchMap":{}},
"contracts/interfaces/ILoanKernel.sol":{"l":{},"path":"/Users/khanhpham/Desktop/untangled/untangled-protocol-open/contracts/interfaces/ILoanKernel.sol","s":{},"b":{},"f":{},"fnMap":{},"statementMap":{},"branchMap":{}},
"contracts/interfaces/ILoanRegistry.sol":{"l":{},"path":"/Users/khanhpham/Desktop/untangled/untangled-protocol-open/contracts/interfaces/ILoanRegistry.sol","s":{},"b":{},"f":{},"fnMap":{},"statementMap":{},"branchMap":{}},
"contracts/interfaces/ILoanRepaymentRouter.sol":{"l":{},"path":"/Users/khanhpham/Desktop/untangled/untangled-protocol-open/contracts/interfaces/ILoanRepaymentRouter.sol","s":{},"b":{},"f":{},"fnMap":{},"statementMap":{},"branchMap":{}},
"contracts/interfaces/IMintedIncreasingInterestTGE.sol":{"l":{},"path":"/Users/khanhpham/Desktop/untangled/untangled-protocol-open/contracts/interfaces/IMintedIncreasingInterestTGE.sol","s":{},"b":{},"f":{},"fnMap":{},"statementMap":{},"branchMap":{}},
"contracts/interfaces/INoteToken.sol":{"l":{},"path":"/Users/khanhpham/Desktop/untangled/untangled-protocol-open/contracts/interfaces/INoteToken.sol","s":{},"b":{},"f":{},"fnMap":{},"statementMap":{},"branchMap":{}},
"contracts/interfaces/INoteTokenFactory.sol":{"l":{},"path":"/Users/khanhpham/Desktop/untangled/untangled-protocol-open/contracts/interfaces/INoteTokenFactory.sol","s":{},"b":{},"f":{},"fnMap":{},"statementMap":{},"branchMap":{}},
"contracts/interfaces/IRequiresUID.sol":{"l":{},"path":"/Users/khanhpham/Desktop/untangled/untangled-protocol-open/contracts/interfaces/IRequiresUID.sol","s":{},"b":{},"f":{},"fnMap":{},"statementMap":{},"branchMap":{}},
"contracts/interfaces/ISecuritizationManager.sol":{"l":{},"path":"/Users/khanhpham/Desktop/untangled/untangled-protocol-open/contracts/interfaces/ISecuritizationManager.sol","s":{},"b":{},"f":{},"fnMap":{},"statementMap":{},"branchMap":{}},
"contracts/interfaces/ISecuritizationPool.sol":{"l":{},"path":"/Users/khanhpham/Desktop/untangled/untangled-protocol-open/contracts/interfaces/ISecuritizationPool.sol","s":{},"b":{},"f":{},"fnMap":{},"statementMap":{},"branchMap":{}},
"contracts/interfaces/ISecuritizationPoolValueService.sol":{"l":{},"path":"/Users/khanhpham/Desktop/untangled/untangled-protocol-open/contracts/interfaces/ISecuritizationPoolValueService.sol","s":{},"b":{},"f":{},"fnMap":{},"statementMap":{},"branchMap":{}},
"contracts/interfaces/ITokenGenerationEventFactory.sol":{"l":{},"path":"/Users/khanhpham/Desktop/untangled/untangled-protocol-open/contracts/interfaces/ITokenGenerationEventFactory.sol","s":{},"b":{},"f":{},"fnMap":{},"statementMap":{},"branchMap":{}},
"contracts/interfaces/IUniqueIdentity.sol":{"l":{},"path":"/Users/khanhpham/Desktop/untangled/untangled-protocol-open/contracts/interfaces/IUniqueIdentity.sol","s":{},"b":{},"f":{},"fnMap":{},"statementMap":{},"branchMap":{}},
"contracts/interfaces/IUntangledERC721.sol":{"l":{"15":193,"23":193,"27":1,"31":13},"path":"/Users/khanhpham/Desktop/untangled/untangled-protocol-open/contracts/interfaces/IUntangledERC721.sol","s":{"1":193,"2":193,"3":1,"4":13},"b":{"1":[193,0],"2":[193,0],"3":[1,3],"4":[13,0]},"f":{"1":193,"2":193,"3":1,"4":13},"fnMap":{"1":{"name":"__UntangledERC721__init","line":14,"loc":{"start":{"line":10,"column":4},"end":{"line":16,"column":4}}},"2":{"name":"__UntangledERC721__init_unchained","line":22,"loc":{"start":{"line":18,"column":4},"end":{"line":24,"column":4}}},"3":{"name":"mint","line":26,"loc":{"start":{"line":26,"column":4},"end":{"line":28,"column":4}}},"4":{"name":"safeMint","line":30,"loc":{"start":{"line":30,"column":4},"end":{"line":32,"column":4}}}},"statementMap":{"1":{"start":{"line":15,"column":8},"end":{"line":15,"column":68}},"2":{"start":{"line":23,"column":8},"end":{"line":23,"column":82}},"3":{"start":{"line":27,"column":8},"end":{"line":27,"column":25}},"4":{"start":{"line":31,"column":8},"end":{"line":31,"column":29}}},"branchMap":{"1":{"line":14,"type":"if","locations":[{"start":{"line":14,"column":15},"end":{"line":14,"column":15}},{"start":{"line":14,"column":15},"end":{"line":14,"column":15}}]},"2":{"line":22,"type":"if","locations":[{"start":{"line":22,"column":15},"end":{"line":22,"column":15}},{"start":{"line":22,"column":15},"end":{"line":22,"column":15}}]},"3":{"line":26,"type":"if","locations":[{"start":{"line":26,"column":62},"end":{"line":26,"column":62}},{"start":{"line":26,"column":62},"end":{"line":26,"column":62}}]},"4":{"line":30,"type":"if","locations":[{"start":{"line":30,"column":66},"end":{"line":30,"column":66}},{"start":{"line":30,"column":66},"end":{"line":30,"column":66}}]}}},
"contracts/libraries/ConfigHelper.sol":{"l":{"33":1861,"37":77,"41":11,"45":14,"49":12,"56":12,"60":57,"64":12,"68":1025,"72":380,"77":11,"81":191,"85":9,"93":18,"100":15,"104":4,"111":4,"118":9},"path":"/Users/khanhpham/Desktop/untangled/untangled-protocol-open/contracts/libraries/ConfigHelper.sol","s":{"1":1861,"2":77,"3":11,"4":14,"5":12,"6":12,"7":57,"8":12,"9":1025,"10":380,"11":11,"12":191,"13":9,"14":18,"15":15,"16":4,"17":4,"18":9},"b":{},"f":{"1":1861,"2":77,"3":11,"4":14,"5":12,"6":12,"7":57,"8":12,"9":1025,"10":380,"11":11,"12":191,"13":9,"14":18,"15":15,"16":4,"17":4,"18":9},"fnMap":{"1":{"name":"getAddress","line":32,"loc":{"start":{"line":32,"column":4},"end":{"line":34,"column":4}}},"2":{"name":"getSecuritizationManager","line":36,"loc":{"start":{"line":36,"column":4},"end":{"line":38,"column":4}}},"3":{"name":"getSecuritizationPool","line":40,"loc":{"start":{"line":40,"column":4},"end":{"line":42,"column":4}}},"4":{"name":"getNoteTokenFactory","line":44,"loc":{"start":{"line":44,"column":4},"end":{"line":46,"column":4}}},"5":{"name":"getTokenGenerationEventFactory","line":48,"loc":{"start":{"line":48,"column":4},"end":{"line":53,"column":4}}},"6":{"name":"getDistributionOperator","line":55,"loc":{"start":{"line":55,"column":4},"end":{"line":57,"column":4}}},"7":{"name":"getLoanAssetToken","line":59,"loc":{"start":{"line":59,"column":4},"end":{"line":61,"column":4}}},"8":{"name":"getAcceptedInvoiceToken","line":63,"loc":{"start":{"line":63,"column":4},"end":{"line":65,"column":4}}},"9":{"name":"getLoanRegistry","line":67,"loc":{"start":{"line":67,"column":4},"end":{"line":69,"column":4}}},"10":{"name":"getLoanInterestTermsContract","line":71,"loc":{"start":{"line":71,"column":4},"end":{"line":74,"column":4}}},"11":{"name":"getLoanRepaymentRouter","line":76,"loc":{"start":{"line":76,"column":4},"end":{"line":78,"column":4}}},"12":{"name":"getLoanKernel","line":80,"loc":{"start":{"line":80,"column":4},"end":{"line":82,"column":4}}},"13":{"name":"getDistributionTranche","line":84,"loc":{"start":{"line":84,"column":4},"end":{"line":86,"column":4}}},"14":{"name":"getSecuritizationPoolValueService","line":88,"loc":{"start":{"line":88,"column":4},"end":{"line":97,"column":4}}},"15":{"name":"getDistributionAssessor","line":99,"loc":{"start":{"line":99,"column":4},"end":{"line":101,"column":4}}},"16":{"name":"getMintedIncreasingInterestTGE","line":103,"loc":{"start":{"line":103,"column":4},"end":{"line":108,"column":4}}},"17":{"name":"getMintedNormalTGE","line":110,"loc":{"start":{"line":110,"column":4},"end":{"line":115,"column":4}}},"18":{"name":"getGo","line":117,"loc":{"start":{"line":117,"column":4},"end":{"line":119,"column":4}}}},"statementMap":{"1":{"start":{"line":33,"column":8},"end":{"line":33,"column":55}},"2":{"start":{"line":37,"column":8},"end":{"line":37,"column":111}},"3":{"start":{"line":41,"column":8},"end":{"line":41,"column":105}},"4":{"start":{"line":45,"column":8},"end":{"line":45,"column":102}},"5":{"start":{"line":49,"column":8},"end":{"line":49,"column":2179}},"6":{"start":{"line":56,"column":8},"end":{"line":56,"column":109}},"7":{"start":{"line":60,"column":8},"end":{"line":60,"column":99}},"8":{"start":{"line":64,"column":8},"end":{"line":64,"column":109}},"9":{"start":{"line":68,"column":8},"end":{"line":68,"column":93}},"10":{"start":{"line":72,"column":8},"end":{"line":72,"column":3408}},"11":{"start":{"line":77,"column":8},"end":{"line":77,"column":108}},"12":{"start":{"line":81,"column":8},"end":{"line":81,"column":89}},"13":{"start":{"line":85,"column":8},"end":{"line":85,"column":107}},"14":{"start":{"line":93,"column":8},"end":{"line":93,"column":4216}},"15":{"start":{"line":100,"column":8},"end":{"line":100,"column":109}},"16":{"start":{"line":104,"column":8},"end":{"line":104,"column":4737}},"17":{"start":{"line":111,"column":8},"end":{"line":111,"column":5001}},"18":{"start":{"line":118,"column":8},"end":{"line":118,"column":72}}},"branchMap":{}},
"contracts/libraries/Configuration.sol":{"l":{},"path":"/Users/khanhpham/Desktop/untangled/untangled-protocol-open/contracts/libraries/Configuration.sol","s":{},"b":{},"f":{},"fnMap":{},"statementMap":{},"branchMap":{}},
"contracts/libraries/UnpackLoanParamtersLib.sol":{"l":{"29":1840,"47":368,"50":368,"52":368,"56":368,"59":368,"62":368,"85":368},"path":"/Users/khanhpham/Desktop/untangled/untangled-protocol-open/contracts/libraries/UnpackLoanParamtersLib.sol","s":{"1":1840,"2":368,"3":368,"4":368,"5":368,"6":368,"7":368,"8":368},"b":{},"f":{"1":1840,"2":368,"3":368},"fnMap":{"1":{"name":"_bitShiftRight","line":28,"loc":{"start":{"line":28,"column":4},"end":{"line":30,"column":4}}},"2":{"name":"_unpackLoanTermsParametersFromBytes","line":35,"loc":{"start":{"line":35,"column":4},"end":{"line":69,"column":4}}},"3":{"name":"unpackParametersFromBytes","line":74,"loc":{"start":{"line":74,"column":4},"end":{"line":86,"column":4}}}},"statementMap":{"1":{"start":{"line":29,"column":8},"end":{"line":29,"column":41}},"2":{"start":{"line":47,"column":8},"end":{"line":47,"column":1466}},"3":{"start":{"line":50,"column":8},"end":{"line":50,"column":117}},"4":{"start":{"line":52,"column":8},"end":{"line":52,"column":1882}},"5":{"start":{"line":56,"column":8},"end":{"line":56,"column":2140}},"6":{"start":{"line":59,"column":8},"end":{"line":59,"column":2289}},"7":{"start":{"line":62,"column":8},"end":{"line":62,"column":2357}},"8":{"start":{"line":85,"column":8},"end":{"line":85,"column":62}}},"branchMap":{}},
"contracts/libraries/UntangledMath.sol":{"l":{"14":234,"65":138,"66":138},"path":"/Users/khanhpham/Desktop/untangled/untangled-protocol-open/contracts/libraries/UntangledMath.sol","s":{},"b":{},"f":{"1":234,"2":138},"fnMap":{"1":{"name":"rpow","line":9,"loc":{"start":{"line":9,"column":4},"end":{"line":62,"column":4}}},"2":{"name":"uncheckedInc","line":64,"loc":{"start":{"line":64,"column":4},"end":{"line":68,"column":4}}}},"statementMap":{},"branchMap":{}},
"contracts/protocol/Go.sol":{"l":{"25":3,"26":2,"33":47,"37":47,"38":47,"39":47,"40":47,"41":47,"46":1,"50":48,"51":48,"52":48,"53":48,"54":48,"55":48,"56":48,"57":48,"58":48,"59":48,"60":48,"80":14,"82":14,"83":1,"86":13,"87":23,"89":23,"90":23,"91":10,"103":13,"104":13,"105":1,"110":2,"118":2,"119":2,"120":22,"123":2,"132":1,"136":1},"path":"/Users/khanhpham/Desktop/untangled/untangled-protocol-open/contracts/protocol/Go.sol","s":{"1":3,"2":47,"3":47,"4":47,"5":47,"6":47,"7":1,"8":14,"9":14,"10":1,"11":13,"12":23,"13":23,"14":23,"15":10,"16":13,"17":13,"18":1,"19":2,"20":2,"21":2,"22":2,"23":1,"24":1},"b":{"1":[2,1],"2":[47,0],"3":[47,0],"4":[1,0],"5":[14,0],"6":[1,13],"7":[10,13],"8":[1,12],"9":[1,1]},"f":{"1":3,"2":47,"3":1,"4":48,"5":14,"6":2,"7":1,"8":1},"fnMap":{"1":{"name":"onlyAdmin","line":24,"loc":{"start":{"line":24,"column":2},"end":{"line":27,"column":2}}},"2":{"name":"initialize","line":32,"loc":{"start":{"line":29,"column":2},"end":{"line":42,"column":2}}},"3":{"name":"performUpgrade","line":45,"loc":{"start":{"line":45,"column":2},"end":{"line":47,"column":2}}},"4":{"name":"_performUpgrade","line":49,"loc":{"start":{"line":49,"column":2},"end":{"line":61,"column":2}}},"5":{"name":"goOnlyIdTypes","line":76,"loc":{"start":{"line":76,"column":2},"end":{"line":111,"column":2}}},"6":{"name":"getAllIdTypes","line":116,"loc":{"start":{"line":116,"column":2},"end":{"line":124,"column":2}}},"7":{"name":"go","line":131,"loc":{"start":{"line":131,"column":2},"end":{"line":133,"column":2}}},"8":{"name":"initZapperRole","line":135,"loc":{"start":{"line":135,"column":2},"end":{"line":137,"column":2}}}},"statementMap":{"1":{"start":{"line":25,"column":4},"end":{"line":25,"column":92}},"2":{"start":{"line":33,"column":4},"end":{"line":33,"column":1041}},"3":{"start":{"line":37,"column":4},"end":{"line":37,"column":35}},"4":{"start":{"line":38,"column":4},"end":{"line":38,"column":32}},"5":{"start":{"line":39,"column":4},"end":{"line":39,"column":40}},"6":{"start":{"line":40,"column":4},"end":{"line":40,"column":20}},"7":{"start":{"line":46,"column":4},"end":{"line":46,"column":28}},"8":{"start":{"line":80,"column":4},"end":{"line":80,"column":66}},"9":{"start":{"line":82,"column":4},"end":{"line":82,"column":2898}},"10":{"start":{"line":83,"column":6},"end":{"line":83,"column":17}},"11":{"start":{"line":86,"column":4},"end":{"line":86,"column":2965}},"12":{"start":{"line":87,"column":6},"end":{"line":87,"column":37}},"13":{"start":{"line":89,"column":6},"end":{"line":89,"column":74}},"14":{"start":{"line":90,"column":6},"end":{"line":90,"column":3140}},"15":{"start":{"line":91,"column":8},"end":{"line":91,"column":19}},"16":{"start":{"line":103,"column":6},"end":{"line":103,"column":77}},"17":{"start":{"line":104,"column":6},"end":{"line":104,"column":3877}},"18":{"start":{"line":105,"column":8},"end":{"line":105,"column":66}},"19":{"start":{"line":110,"column":4},"end":{"line":110,"column":16}},"20":{"start":{"line":118,"column":4},"end":{"line":118,"column":67}},"21":{"start":{"line":119,"column":4},"end":{"line":119,"column":4349}},"22":{"start":{"line":123,"column":4},"end":{"line":123,"column":22}},"23":{"start":{"line":132,"column":4},"end":{"line":132,"column":50}},"24":{"start":{"line":136,"column":4},"end":{"line":136,"column":41}}},"branchMap":{"1":{"line":25,"type":"if","locations":[{"start":{"line":25,"column":4},"end":{"line":25,"column":4}},{"start":{"line":25,"column":4},"end":{"line":25,"column":4}}]},"2":{"line":32,"type":"if","locations":[{"start":{"line":32,"column":11},"end":{"line":32,"column":11}},{"start":{"line":32,"column":11},"end":{"line":32,"column":11}}]},"3":{"line":33,"type":"if","locations":[{"start":{"line":33,"column":4},"end":{"line":33,"column":4}},{"start":{"line":33,"column":4},"end":{"line":33,"column":4}}]},"4":{"line":45,"type":"if","locations":[{"start":{"line":45,"column":37},"end":{"line":45,"column":37}},{"start":{"line":45,"column":37},"end":{"line":45,"column":37}}]},"5":{"line":80,"type":"if","locations":[{"start":{"line":80,"column":4},"end":{"line":80,"column":4}},{"start":{"line":80,"column":4},"end":{"line":80,"column":4}}]},"6":{"line":82,"type":"if","locations":[{"start":{"line":82,"column":4},"end":{"line":82,"column":4}},{"start":{"line":82,"column":4},"end":{"line":82,"column":4}}]},"7":{"line":90,"type":"if","locations":[{"start":{"line":90,"column":6},"end":{"line":90,"column":6}},{"start":{"line":90,"column":6},"end":{"line":90,"column":6}}]},"8":{"line":104,"type":"if","locations":[{"start":{"line":104,"column":6},"end":{"line":104,"column":6}},{"start":{"line":104,"column":6},"end":{"line":104,"column":6}}]},"9":{"line":135,"type":"if","locations":[{"start":{"line":135,"column":37},"end":{"line":135,"column":37}},{"start":{"line":135,"column":37},"end":{"line":135,"column":37}}]}}},
"contracts/protocol/loan/LoanInterestTermsContract.sol":{"l":{"40":47,"42":47,"71":20,"72":18,"76":6,"80":5,"84":12,"85":11,"89":5,"93":5,"97":5,"110":11,"111":11,"123":6,"125":5,"127":5,"128":5,"148":5,"149":5,"153":5,"154":5,"156":5,"158":5,"159":5,"161":5,"165":5,"168":5,"169":5,"170":5,"171":5,"173":5,"176":0,"177":0,"180":0,"181":0,"184":0,"190":5,"194":5,"196":5,"201":1,"206":1,"207":1,"208":1,"209":1,"211":1,"225":232,"227":232,"229":232,"230":232,"231":232,"233":232,"234":232,"235":232,"236":0,"239":232,"257":1,"258":1,"259":1,"260":1,"261":1,"265":1,"266":1,"268":1,"273":136,"283":368,"284":1,"286":367,"288":0,"290":0,"292":0,"294":0,"296":0,"308":368,"309":368,"310":368,"311":368,"312":368,"314":368,"316":368,"318":368,"320":368,"321":368,"323":368,"331":368,"336":368,"339":368,"356":152,"383":232,"385":232,"387":232,"388":0,"390":232,"414":232,"415":80,"417":152,"418":152,"419":152,"422":152,"424":147,"425":0,"427":147,"429":0,"436":147,"445":5,"446":0,"452":5,"455":0,"457":152},"path":"/Users/khanhpham/Desktop/untangled/untangled-protocol-open/contracts/protocol/loan/LoanInterestTermsContract.sol","s":{"1":47,"2":20,"3":6,"4":12,"5":11,"6":6,"7":5,"8":5,"9":5,"10":5,"11":5,"12":5,"13":5,"14":5,"15":5,"16":5,"17":5,"18":5,"19":5,"20":5,"21":5,"22":0,"23":0,"24":0,"25":0,"26":0,"27":5,"28":5,"29":5,"30":1,"31":1,"32":1,"33":1,"34":1,"35":232,"36":232,"37":232,"38":232,"39":232,"40":232,"41":232,"42":232,"43":1,"44":1,"45":1,"46":1,"47":1,"48":1,"49":136,"50":368,"51":1,"52":367,"53":367,"54":0,"55":0,"56":0,"57":0,"58":0,"59":0,"60":0,"61":0,"62":0,"63":368,"64":368,"65":368,"66":368,"67":368,"68":368,"69":368,"70":368,"71":368,"72":368,"73":368,"74":152,"75":232,"76":232,"77":232,"78":80,"79":152,"80":152,"81":152,"82":152,"83":147,"84":147,"85":5,"86":5,"87":152},"b":{"1":[47,0],"2":[18,2],"3":[5,1],"4":[11,1],"5":[13,0],"6":[12,1],"7":[11,1],"8":[7,0],"9":[7,0],"10":[6,1],"11":[5,1],"12":[5,1],"13":[5,0],"14":[5,0],"15":[5,0],"16":[5,0],"17":[5,0],"18":[0,0],"19":[0,0],"20":[0,232],"21":[1,367],"22":[367,0],"23":[0,0],"24":[0,0],"25":[0,0],"26":[0,0],"27":[0,232],"28":[80,152],"29":[147,5],"30":[0,147],"31":[0,147],"32":[5,0],"33":[0,5]},"f":{"1":47,"2":20,"3":6,"4":12,"5":5,"6":5,"7":5,"8":11,"9":6,"10":5,"11":1,"12":1,"13":232,"14":1,"15":136,"16":368,"17":368,"18":152,"19":232,"20":232},"fnMap":{"1":{"name":"initialize","line":39,"loc":{"start":{"line":39,"column":4},"end":{"line":43,"column":4}}},"2":{"name":"onlyKernel","line":70,"loc":{"start":{"line":70,"column":4},"end":{"line":73,"column":4}}},"3":{"name":"onlyRouter","line":75,"loc":{"start":{"line":75,"column":4},"end":{"line":81,"column":4}}},"4":{"name":"onlyHaventStartedLoan","line":83,"loc":{"start":{"line":83,"column":4},"end":{"line":86,"column":4}}},"5":{"name":"_addRepaidPrincipalAmount","line":88,"loc":{"start":{"line":88,"column":4},"end":{"line":90,"column":4}}},"6":{"name":"_addRepaidInterestAmount","line":92,"loc":{"start":{"line":92,"column":4},"end":{"line":94,"column":4}}},"7":{"name":"_setCompletedRepayment","line":96,"loc":{"start":{"line":96,"column":4},"end":{"line":98,"column":4}}},"8":{"name":"registerTermStart","line":107,"loc":{"start":{"line":102,"column":4},"end":{"line":112,"column":4}}},"9":{"name":"registerConcludeLoan","line":120,"loc":{"start":{"line":115,"column":4},"end":{"line":129,"column":4}}},"10":{"name":"registerRepayment","line":147,"loc":{"start":{"line":141,"column":4},"end":{"line":197,"column":4}}},"11":{"name":"getValueRepaidToDate","line":200,"loc":{"start":{"line":200,"column":4},"end":{"line":202,"column":4}}},"12":{"name":"isCompletedRepayments","line":205,"loc":{"start":{"line":205,"column":4},"end":{"line":212,"column":4}}},"13":{"name":"getExpectedRepaymentValues","line":219,"loc":{"start":{"line":219,"column":4},"end":{"line":248,"column":4}}},"14":{"name":"getMultiExpectedRepaymentValues","line":251,"loc":{"start":{"line":251,"column":4},"end":{"line":269,"column":4}}},"15":{"name":"getInterestRate","line":272,"loc":{"start":{"line":272,"column":4},"end":{"line":274,"column":4}}},"16":{"name":"_getAmortizationUnitLengthInSeconds","line":278,"loc":{"start":{"line":278,"column":4},"end":{"line":298,"column":4}}},"17":{"name":"_unpackParamsForAgreementID","line":303,"loc":{"start":{"line":303,"column":4},"end":{"line":348,"column":4}}},"18":{"name":"_calculateInterestForDuration","line":351,"loc":{"start":{"line":351,"column":4},"end":{"line":367,"column":4}}},"19":{"name":"_getExpectedRepaymentValuesToTimestamp","line":374,"loc":{"start":{"line":374,"column":4},"end":{"line":401,"column":4}}},"20":{"name":"_calculateInterestAmountToTimestamp","line":404,"loc":{"start":{"line":404,"column":4},"end":{"line":458,"column":4}}}},"statementMap":{"1":{"start":{"line":40,"column":8},"end":{"line":40,"column":52}},"2":{"start":{"line":71,"column":8},"end":{"line":71,"column":116}},"3":{"start":{"line":76,"column":8},"end":{"line":76,"column":2934}},"4":{"start":{"line":84,"column":8},"end":{"line":84,"column":89}},"5":{"start":{"line":111,"column":8},"end":{"line":111,"column":19}},"6":{"start":{"line":123,"column":8},"end":{"line":123,"column":90}},"7":{"start":{"line":125,"column":8},"end":{"line":125,"column":63}},"8":{"start":{"line":127,"column":8},"end":{"line":127,"column":49}},"9":{"start":{"line":128,"column":8},"end":{"line":128,"column":19}},"10":{"start":{"line":148,"column":8},"end":{"line":148,"column":63}},"11":{"start":{"line":149,"column":8},"end":{"line":149,"column":5615}},"12":{"start":{"line":153,"column":8},"end":{"line":153,"column":95}},"13":{"start":{"line":154,"column":8},"end":{"line":154,"column":88}},"14":{"start":{"line":156,"column":8},"end":{"line":156,"column":50}},"15":{"start":{"line":158,"column":8},"end":{"line":158,"column":33}},"16":{"start":{"line":159,"column":8},"end":{"line":159,"column":32}},"17":{"start":{"line":165,"column":8},"end":{"line":165,"column":111}},"18":{"start":{"line":168,"column":8},"end":{"line":168,"column":6698}},"19":{"start":{"line":169,"column":12},"end":{"line":169,"column":46}},"20":{"start":{"line":170,"column":12},"end":{"line":170,"column":66}},"21":{"start":{"line":171,"column":12},"end":{"line":171,"column":68}},"22":{"start":{"line":176,"column":12},"end":{"line":176,"column":7172}},"23":{"start":{"line":177,"column":16},"end":{"line":177,"column":71}},"24":{"start":{"line":180,"column":16},"end":{"line":180,"column":70}},"25":{"start":{"line":181,"column":16},"end":{"line":181,"column":7474}},"26":{"start":{"line":184,"column":20},"end":{"line":184,"column":94}},"27":{"start":{"line":190,"column":8},"end":{"line":190,"column":79}},"28":{"start":{"line":194,"column":8},"end":{"line":194,"column":98}},"29":{"start":{"line":196,"column":8},"end":{"line":196,"column":22}},"30":{"start":{"line":201,"column":8},"end":{"line":201,"column":88}},"31":{"start":{"line":206,"column":8},"end":{"line":206,"column":62}},"32":{"start":{"line":207,"column":8},"end":{"line":207,"column":57}},"33":{"start":{"line":208,"column":8},"end":{"line":208,"column":8743}},"34":{"start":{"line":211,"column":8},"end":{"line":211,"column":21}},"35":{"start":{"line":225,"column":8},"end":{"line":225,"column":102}},"36":{"start":{"line":227,"column":8},"end":{"line":227,"column":63}},"37":{"start":{"line":229,"column":8},"end":{"line":229,"column":75}},"38":{"start":{"line":230,"column":8},"end":{"line":230,"column":73}},"39":{"start":{"line":231,"column":8},"end":{"line":231,"column":92}},"40":{"start":{"line":233,"column":8},"end":{"line":233,"column":80}},"41":{"start":{"line":234,"column":8},"end":{"line":234,"column":40}},"42":{"start":{"line":235,"column":8},"end":{"line":235,"column":9849}},"43":{"start":{"line":257,"column":8},"end":{"line":257,"column":80}},"44":{"start":{"line":258,"column":8},"end":{"line":258,"column":79}},"45":{"start":{"line":259,"column":8},"end":{"line":259,"column":56}},"46":{"start":{"line":260,"column":8},"end":{"line":260,"column":10779}},"47":{"start":{"line":261,"column":12},"end":{"line":261,"column":10847}},"48":{"start":{"line":268,"column":8},"end":{"line":268,"column":54}},"49":{"start":{"line":273,"column":8},"end":{"line":273,"column":68}},"50":{"start":{"line":283,"column":8},"end":{"line":283,"column":11706}},"51":{"start":{"line":284,"column":12},"end":{"line":284,"column":43}},"52":{"start":{"line":285,"column":15},"end":{"line":285,"column":11849}},"53":{"start":{"line":286,"column":12},"end":{"line":286,"column":41}},"54":{"start":{"line":287,"column":15},"end":{"line":287,"column":11988}},"55":{"start":{"line":288,"column":12},"end":{"line":288,"column":40}},"56":{"start":{"line":289,"column":15},"end":{"line":289,"column":12125}},"57":{"start":{"line":290,"column":12},"end":{"line":290,"column":41}},"58":{"start":{"line":291,"column":15},"end":{"line":291,"column":12264}},"59":{"start":{"line":292,"column":12},"end":{"line":292,"column":42}},"60":{"start":{"line":293,"column":15},"end":{"line":293,"column":12405}},"61":{"start":{"line":294,"column":12},"end":{"line":294,"column":41}},"62":{"start":{"line":296,"column":12},"end":{"line":296,"column":52}},"63":{"start":{"line":308,"column":8},"end":{"line":308,"column":26}},"64":{"start":{"line":309,"column":8},"end":{"line":309,"column":42}},"65":{"start":{"line":310,"column":8},"end":{"line":310,"column":63}},"66":{"start":{"line":314,"column":8},"end":{"line":314,"column":31}},"67":{"start":{"line":316,"column":8},"end":{"line":316,"column":28}},"68":{"start":{"line":318,"column":8},"end":{"line":318,"column":39}},"69":{"start":{"line":320,"column":8},"end":{"line":320,"column":45}},"70":{"start":{"line":321,"column":8},"end":{"line":321,"column":33}},"71":{"start":{"line":331,"column":8},"end":{"line":331,"column":13924}},"72":{"start":{"line":336,"column":8},"end":{"line":336,"column":14222}},"73":{"start":{"line":339,"column":8},"end":{"line":339,"column":14309}},"74":{"start":{"line":356,"column":8},"end":{"line":356,"column":15056}},"75":{"start":{"line":383,"column":8},"end":{"line":383,"column":86}},"76":{"start":{"line":387,"column":8},"end":{"line":387,"column":16432}},"77":{"start":{"line":414,"column":8},"end":{"line":414,"column":17404}},"78":{"start":{"line":415,"column":12},"end":{"line":415,"column":20}},"79":{"start":{"line":417,"column":8},"end":{"line":417,"column":28}},"80":{"start":{"line":418,"column":8},"end":{"line":418,"column":74}},"81":{"start":{"line":419,"column":8},"end":{"line":419,"column":70}},"82":{"start":{"line":422,"column":8},"end":{"line":422,"column":17707}},"83":{"start":{"line":424,"column":12},"end":{"line":424,"column":17805}},"84":{"start":{"line":427,"column":16},"end":{"line":427,"column":17939}},"85":{"start":{"line":443,"column":15},"end":{"line":443,"column":18580}},"86":{"start":{"line":445,"column":12},"end":{"line":445,"column":18690}},"87":{"start":{"line":457,"column":8},"end":{"line":457,"column":23}}},"branchMap":{"1":{"line":39,"type":"if","locations":[{"start":{"line":39,"column":51},"end":{"line":39,"column":51}},{"start":{"line":39,"column":51},"end":{"line":39,"column":51}}]},"2":{"line":71,"type":"if","locations":[{"start":{"line":71,"column":8},"end":{"line":71,"column":8}},{"start":{"line":71,"column":8},"end":{"line":71,"column":8}}]},"3":{"line":76,"type":"if","locations":[{"start":{"line":76,"column":8},"end":{"line":76,"column":8}},{"start":{"line":76,"column":8},"end":{"line":76,"column":8}}]},"4":{"line":84,"type":"if","locations":[{"start":{"line":84,"column":8},"end":{"line":84,"column":8}},{"start":{"line":84,"column":8},"end":{"line":84,"column":8}}]},"5":{"line":105,"type":"if","locations":[{"start":{"line":105,"column":8},"end":{"line":105,"column":8}},{"start":{"line":105,"column":8},"end":{"line":105,"column":8}}]},"6":{"line":106,"type":"if","locations":[{"start":{"line":106,"column":8},"end":{"line":106,"column":8}},{"start":{"line":106,"column":8},"end":{"line":106,"column":8}}]},"7":{"line":107,"type":"if","locations":[{"start":{"line":107,"column":8},"end":{"line":107,"column":8}},{"start":{"line":107,"column":8},"end":{"line":107,"column":8}}]},"8":{"line":118,"type":"if","locations":[{"start":{"line":118,"column":8},"end":{"line":118,"column":8}},{"start":{"line":118,"column":8},"end":{"line":118,"column":8}}]},"9":{"line":119,"type":"if","locations":[{"start":{"line":119,"column":8},"end":{"line":119,"column":8}},{"start":{"line":119,"column":8},"end":{"line":119,"column":8}}]},"10":{"line":120,"type":"if","locations":[{"start":{"line":120,"column":8},"end":{"line":120,"column":8}},{"start":{"line":120,"column":8},"end":{"line":120,"column":8}}]},"11":{"line":123,"type":"if","locations":[{"start":{"line":123,"column":8},"end":{"line":123,"column":8}},{"start":{"line":123,"column":8},"end":{"line":123,"column":8}}]},"12":{"line":147,"type":"if","locations":[{"start":{"line":147,"column":22},"end":{"line":147,"column":22}},{"start":{"line":147,"column":22},"end":{"line":147,"column":22}}]},"13":{"line":149,"type":"if","locations":[{"start":{"line":149,"column":8},"end":{"line":149,"column":8}},{"start":{"line":149,"column":8},"end":{"line":149,"column":8}}]},"14":{"line":153,"type":"if","locations":[{"start":{"line":153,"column":8},"end":{"line":153,"column":8}},{"start":{"line":153,"column":8},"end":{"line":153,"column":8}}]},"15":{"line":154,"type":"if","locations":[{"start":{"line":154,"column":8},"end":{"line":154,"column":8}},{"start":{"line":154,"column":8},"end":{"line":154,"column":8}}]},"16":{"line":165,"type":"if","locations":[{"start":{"line":165,"column":8},"end":{"line":165,"column":8}},{"start":{"line":165,"column":8},"end":{"line":165,"column":8}}]},"17":{"line":168,"type":"if","locations":[{"start":{"line":168,"column":8},"end":{"line":168,"column":8}},{"start":{"line":168,"column":8},"end":{"line":168,"column":8}}]},"18":{"line":176,"type":"if","locations":[{"start":{"line":176,"column":12},"end":{"line":176,"column":12}},{"start":{"line":176,"column":12},"end":{"line":176,"column":12}}]},"19":{"line":181,"type":"if","locations":[{"start":{"line":181,"column":16},"end":{"line":181,"column":16}},{"start":{"line":181,"column":16},"end":{"line":181,"column":16}}]},"20":{"line":235,"type":"if","locations":[{"start":{"line":235,"column":8},"end":{"line":235,"column":8}},{"start":{"line":235,"column":8},"end":{"line":235,"column":8}}]},"21":{"line":283,"type":"if","locations":[{"start":{"line":283,"column":8},"end":{"line":283,"column":8}},{"start":{"line":283,"column":8},"end":{"line":283,"column":8}}]},"22":{"line":285,"type":"if","locations":[{"start":{"line":285,"column":15},"end":{"line":285,"column":15}},{"start":{"line":285,"column":15},"end":{"line":285,"column":15}}]},"23":{"line":287,"type":"if","locations":[{"start":{"line":287,"column":15},"end":{"line":287,"column":15}},{"start":{"line":287,"column":15},"end":{"line":287,"column":15}}]},"24":{"line":289,"type":"if","locations":[{"start":{"line":289,"column":15},"end":{"line":289,"column":15}},{"start":{"line":289,"column":15},"end":{"line":289,"column":15}}]},"25":{"line":291,"type":"if","locations":[{"start":{"line":291,"column":15},"end":{"line":291,"column":15}},{"start":{"line":291,"column":15},"end":{"line":291,"column":15}}]},"26":{"line":293,"type":"if","locations":[{"start":{"line":293,"column":15},"end":{"line":293,"column":15}},{"start":{"line":293,"column":15},"end":{"line":293,"column":15}}]},"27":{"line":387,"type":"if","locations":[{"start":{"line":387,"column":8},"end":{"line":387,"column":8}},{"start":{"line":387,"column":8},"end":{"line":387,"column":8}}]},"28":{"line":414,"type":"if","locations":[{"start":{"line":414,"column":8},"end":{"line":414,"column":8}},{"start":{"line":414,"column":8},"end":{"line":414,"column":8}}]},"29":{"line":422,"type":"if","locations":[{"start":{"line":422,"column":8},"end":{"line":422,"column":8}},{"start":{"line":422,"column":8},"end":{"line":422,"column":8}}]},"30":{"line":424,"type":"if","locations":[{"start":{"line":424,"column":12},"end":{"line":424,"column":12}},{"start":{"line":424,"column":12},"end":{"line":424,"column":12}}]},"31":{"line":427,"type":"if","locations":[{"start":{"line":427,"column":16},"end":{"line":427,"column":16}},{"start":{"line":427,"column":16},"end":{"line":427,"column":16}}]},"32":{"line":443,"type":"if","locations":[{"start":{"line":443,"column":15},"end":{"line":443,"column":15}},{"start":{"line":443,"column":15},"end":{"line":443,"column":15}}]},"33":{"line":445,"type":"if","locations":[{"start":{"line":445,"column":12},"end":{"line":445,"column":12}},{"start":{"line":445,"column":12},"end":{"line":445,"column":12}}]}}},
"contracts/protocol/loan/LoanKernel.sol":{"l":{"16":47,"18":47,"22":16,"23":15,"27":14,"31":13,"35":12,"52":11,"67":11,"71":11,"72":11,"73":11,"74":16,"82":11,"92":11,"93":11,"107":11,"108":11,"125":13,"127":10,"147":11,"148":11,"149":16,"151":11,"160":11,"161":11,"162":16,"164":11,"172":11,"173":11,"174":16,"176":11,"184":11,"185":11,"186":16,"188":11,"196":11,"197":11,"198":16,"200":11,"204":13,"205":13,"206":13,"207":13,"211":5,"215":7,"219":6,"229":10,"230":9,"231":8,"233":7,"234":1,"237":5,"238":5,"250":5,"251":5,"252":5,"270":12,"272":11,"273":11,"281":11,"282":11,"283":14,"285":13,"297":10,"299":10,"315":16,"335":11,"336":11,"337":16,"341":11},"path":"/Users/khanhpham/Desktop/untangled/untangled-protocol-open/contracts/protocol/loan/LoanKernel.sol","s":{"1":47,"2":16,"3":15,"4":14,"5":13,"6":11,"7":11,"8":11,"9":11,"10":11,"11":11,"12":11,"13":11,"14":11,"15":13,"16":10,"17":11,"18":11,"19":11,"20":11,"21":11,"22":11,"23":11,"24":11,"25":11,"26":11,"27":11,"28":11,"29":11,"30":11,"31":11,"32":13,"33":13,"34":5,"35":7,"36":6,"37":10,"38":9,"39":8,"40":7,"41":1,"42":5,"43":5,"44":5,"45":5,"46":5,"47":12,"48":11,"49":11,"50":11,"51":11,"52":14,"53":13,"54":10,"55":10,"56":16,"57":11,"58":11,"59":11},"b":{"1":[47,0],"2":[15,1],"3":[14,1],"4":[13,1],"5":[12,1],"6":[10,0],"7":[9,1],"8":[8,1],"9":[7,1],"10":[1,5],"11":[0,1],"12":[5,0],"13":[5,0],"14":[16,0],"15":[16,0],"16":[12,4],"17":[11,1],"18":[13,1]},"f":{"1":47,"2":16,"3":11,"4":11,"5":11,"6":13,"7":11,"8":11,"9":11,"10":11,"11":11,"12":13,"13":5,"14":7,"15":6,"16":10,"17":5,"18":12,"19":16,"20":11},"fnMap":{"1":{"name":"initialize","line":15,"loc":{"start":{"line":15,"column":4},"end":{"line":19,"column":4}}},"2":{"name":"validFillingOrderAddresses","line":21,"loc":{"start":{"line":21,"column":4},"end":{"line":36,"column":4}}},"3":{"name":"_getIssuance","line":46,"loc":{"start":{"line":46,"column":4},"end":{"line":68,"column":4}}},"4":{"name":"_getDebtOrderHashes","line":70,"loc":{"start":{"line":70,"column":4},"end":{"line":83,"column":4}}},"5":{"name":"_getLoanOrder","line":85,"loc":{"start":{"line":85,"column":4},"end":{"line":109,"column":4}}},"6":{"name":"_issueDebtAgreements","line":112,"loc":{"start":{"line":112,"column":4},"end":{"line":137,"column":4}}},"7":{"name":"_debtorsFromOrderAddresses","line":142,"loc":{"start":{"line":142,"column":4},"end":{"line":152,"column":4}}},"8":{"name":"_principalAmountsFromOrderValues","line":155,"loc":{"start":{"line":155,"column":4},"end":{"line":165,"column":4}}},"9":{"name":"_expirationTimestampsFromOrderValues","line":167,"loc":{"start":{"line":167,"column":4},"end":{"line":177,"column":4}}},"10":{"name":"_saltFromOrderValues","line":179,"loc":{"start":{"line":179,"column":4},"end":{"line":189,"column":4}}},"11":{"name":"_riskScoresFromOrderValues","line":191,"loc":{"start":{"line":191,"column":4},"end":{"line":201,"column":4}}},"12":{"name":"_getAssetPurposeAndRiskScore","line":203,"loc":{"start":{"line":203,"column":4},"end":{"line":208,"column":4}}},"13":{"name":"_burnLoanAssetToken","line":210,"loc":{"start":{"line":210,"column":4},"end":{"line":212,"column":4}}},"14":{"name":"_assertDebtExisting","line":214,"loc":{"start":{"line":214,"column":4},"end":{"line":216,"column":4}}},"15":{"name":"_assertCompletedRepayment","line":218,"loc":{"start":{"line":218,"column":4},"end":{"line":220,"column":4}}},"16":{"name":"concludeLoan","line":228,"loc":{"start":{"line":224,"column":4},"end":{"line":239,"column":4}}},"17":{"name":"concludeLoans","line":249,"loc":{"start":{"line":245,"column":4},"end":{"line":254,"column":4}}},"18":{"name":"fillDebtOrder","line":269,"loc":{"start":{"line":264,"column":4},"end":{"line":306,"column":4}}},"19":{"name":"_getDebtOrderHash","line":308,"loc":{"start":{"line":308,"column":4},"end":{"line":326,"column":4}}},"20":{"name":"_genLoanAgreementIds","line":328,"loc":{"start":{"line":328,"column":4},"end":{"line":342,"column":4}}}},"statementMap":{"1":{"start":{"line":16,"column":8},"end":{"line":16,"column":52}},"2":{"start":{"line":22,"column":8},"end":{"line":22,"column":115}},"3":{"start":{"line":23,"column":8},"end":{"line":23,"column":777}},"4":{"start":{"line":27,"column":8},"end":{"line":27,"column":945}},"5":{"start":{"line":31,"column":8},"end":{"line":31,"column":1107}},"6":{"start":{"line":52,"column":8},"end":{"line":52,"column":1751}},"7":{"start":{"line":67,"column":8},"end":{"line":67,"column":23}},"8":{"start":{"line":71,"column":8},"end":{"line":71,"column":59}},"9":{"start":{"line":72,"column":8},"end":{"line":72,"column":62}},"10":{"start":{"line":73,"column":8},"end":{"line":73,"column":2680}},"11":{"start":{"line":82,"column":8},"end":{"line":82,"column":27}},"12":{"start":{"line":92,"column":8},"end":{"line":92,"column":78}},"13":{"start":{"line":93,"column":8},"end":{"line":93,"column":3473}},"14":{"start":{"line":108,"column":8},"end":{"line":108,"column":24}},"15":{"start":{"line":125,"column":8},"end":{"line":125,"column":75}},"16":{"start":{"line":127,"column":8},"end":{"line":127,"column":5016}},"17":{"start":{"line":147,"column":8},"end":{"line":147,"column":57}},"18":{"start":{"line":148,"column":8},"end":{"line":148,"column":5586}},"19":{"start":{"line":151,"column":8},"end":{"line":151,"column":22}},"20":{"start":{"line":160,"column":8},"end":{"line":160,"column":66}},"21":{"start":{"line":161,"column":8},"end":{"line":161,"column":6043}},"22":{"start":{"line":164,"column":8},"end":{"line":164,"column":31}},"23":{"start":{"line":172,"column":8},"end":{"line":172,"column":70}},"24":{"start":{"line":173,"column":8},"end":{"line":173,"column":6472}},"25":{"start":{"line":176,"column":8},"end":{"line":176,"column":35}},"26":{"start":{"line":184,"column":8},"end":{"line":184,"column":55}},"27":{"start":{"line":185,"column":8},"end":{"line":185,"column":6902}},"28":{"start":{"line":188,"column":8},"end":{"line":188,"column":20}},"29":{"start":{"line":196,"column":8},"end":{"line":196,"column":56}},"30":{"start":{"line":197,"column":8},"end":{"line":197,"column":7315}},"31":{"start":{"line":200,"column":8},"end":{"line":200,"column":25}},"32":{"start":{"line":204,"column":8},"end":{"line":204,"column":64}},"33":{"start":{"line":207,"column":8},"end":{"line":207,"column":39}},"34":{"start":{"line":211,"column":8},"end":{"line":211,"column":62}},"35":{"start":{"line":215,"column":8},"end":{"line":215,"column":87}},"36":{"start":{"line":219,"column":8},"end":{"line":219,"column":86}},"37":{"start":{"line":229,"column":8},"end":{"line":229,"column":67}},"38":{"start":{"line":230,"column":8},"end":{"line":230,"column":66}},"39":{"start":{"line":231,"column":8},"end":{"line":231,"column":69}},"40":{"start":{"line":233,"column":8},"end":{"line":233,"column":8827}},"41":{"start":{"line":234,"column":12},"end":{"line":234,"column":81}},"42":{"start":{"line":237,"column":8},"end":{"line":237,"column":81}},"43":{"start":{"line":238,"column":8},"end":{"line":238,"column":39}},"44":{"start":{"line":250,"column":8},"end":{"line":250,"column":50}},"45":{"start":{"line":251,"column":8},"end":{"line":251,"column":9470}},"46":{"start":{"line":252,"column":12},"end":{"line":252,"column":68}},"47":{"start":{"line":270,"column":8},"end":{"line":270,"column":94}},"48":{"start":{"line":272,"column":8},"end":{"line":272,"column":98}},"49":{"start":{"line":273,"column":8},"end":{"line":273,"column":10655}},"50":{"start":{"line":281,"column":8},"end":{"line":281,"column":75}},"51":{"start":{"line":282,"column":8},"end":{"line":282,"column":10991}},"52":{"start":{"line":283,"column":12},"end":{"line":283,"column":105}},"53":{"start":{"line":285,"column":12},"end":{"line":285,"column":11197}},"54":{"start":{"line":297,"column":12},"end":{"line":297,"column":102}},"55":{"start":{"line":299,"column":12},"end":{"line":299,"column":11846}},"56":{"start":{"line":315,"column":8},"end":{"line":315,"column":12350}},"57":{"start":{"line":335,"column":8},"end":{"line":335,"column":68}},"58":{"start":{"line":336,"column":8},"end":{"line":336,"column":13008}},"59":{"start":{"line":341,"column":8},"end":{"line":341,"column":27}}},"branchMap":{"1":{"line":15,"type":"if","locations":[{"start":{"line":15,"column":51},"end":{"line":15,"column":51}},{"start":{"line":15,"column":51},"end":{"line":15,"column":51}}]},"2":{"line":22,"type":"if","locations":[{"start":{"line":22,"column":8},"end":{"line":22,"column":8}},{"start":{"line":22,"column":8},"end":{"line":22,"column":8}}]},"3":{"line":23,"type":"if","locations":[{"start":{"line":23,"column":8},"end":{"line":23,"column":8}},{"start":{"line":23,"column":8},"end":{"line":23,"column":8}}]},"4":{"line":27,"type":"if","locations":[{"start":{"line":27,"column":8},"end":{"line":27,"column":8}},{"start":{"line":27,"column":8},"end":{"line":27,"column":8}}]},"5":{"line":31,"type":"if","locations":[{"start":{"line":31,"column":8},"end":{"line":31,"column":8}},{"start":{"line":31,"column":8},"end":{"line":31,"column":8}}]},"6":{"line":228,"type":"if","locations":[{"start":{"line":228,"column":22},"end":{"line":228,"column":22}},{"start":{"line":228,"column":22},"end":{"line":228,"column":22}}]},"7":{"line":229,"type":"if","locations":[{"start":{"line":229,"column":8},"end":{"line":229,"column":8}},{"start":{"line":229,"column":8},"end":{"line":229,"column":8}}]},"8":{"line":230,"type":"if","locations":[{"start":{"line":230,"column":8},"end":{"line":230,"column":8}},{"start":{"line":230,"column":8},"end":{"line":230,"column":8}}]},"9":{"line":231,"type":"if","locations":[{"start":{"line":231,"column":8},"end":{"line":231,"column":8}},{"start":{"line":231,"column":8},"end":{"line":231,"column":8}}]},"10":{"line":233,"type":"if","locations":[{"start":{"line":233,"column":8},"end":{"line":233,"column":8}},{"start":{"line":233,"column":8},"end":{"line":233,"column":8}}]},"11":{"line":233,"type":"cond-expr","locations":[{"start":{"line":233,"column":12},"end":{"line":233,"column":44}},{"start":{"line":233,"column":49},"end":{"line":233,"column":87}}]},"12":{"line":249,"type":"if","locations":[{"start":{"line":249,"column":15},"end":{"line":249,"column":15}},{"start":{"line":249,"column":15},"end":{"line":249,"column":15}}]},"13":{"line":249,"type":"if","locations":[{"start":{"line":249,"column":29},"end":{"line":249,"column":29}},{"start":{"line":249,"column":29},"end":{"line":249,"column":29}}]},"14":{"line":269,"type":"if","locations":[{"start":{"line":269,"column":15},"end":{"line":269,"column":15}},{"start":{"line":269,"column":15},"end":{"line":269,"column":15}}]},"15":{"line":269,"type":"if","locations":[{"start":{"line":269,"column":29},"end":{"line":269,"column":29}},{"start":{"line":269,"column":29},"end":{"line":269,"column":29}}]},"16":{"line":269,"type":"if","locations":[{"start":{"line":269,"column":42},"end":{"line":269,"column":42}},{"start":{"line":269,"column":42},"end":{"line":269,"column":42}}]},"17":{"line":270,"type":"if","locations":[{"start":{"line":270,"column":8},"end":{"line":270,"column":8}},{"start":{"line":270,"column":8},"end":{"line":270,"column":8}}]},"18":{"line":283,"type":"if","locations":[{"start":{"line":283,"column":12},"end":{"line":283,"column":12}},{"start":{"line":283,"column":12},"end":{"line":283,"column":12}}]}}},
"contracts/protocol/loan/LoanRegistry.sol":{"l":{"16":47,"17":47,"21":10,"22":10,"26":10,"30":10,"47":10,"48":10,"60":10,"61":10,"66":1,"71":1,"72":1,"77":5,"82":1,"87":5,"92":133,"97":135,"105":368,"110":232,"118":368,"124":132,"134":5,"144":1,"145":1,"146":1,"151":5},"path":"/Users/khanhpham/Desktop/untangled/untangled-protocol-open/contracts/protocol/loan/LoanRegistry.sol","s":{"1":47,"2":10,"3":10,"4":10,"5":10,"6":10,"7":1,"8":1,"9":1,"10":5,"11":1,"12":5,"13":133,"14":135,"15":368,"16":232,"17":368,"18":132,"19":1},"b":{"1":[47,0],"2":[10,0],"3":[10,0],"4":[10,0],"5":[10,0],"6":[10,0],"7":[10,0],"8":[5,0],"9":[5,0],"10":[5,0],"11":[5,0]},"f":{"1":47,"2":10,"3":10,"4":10,"5":1,"6":1,"7":5,"8":1,"9":5,"10":133,"11":135,"12":368,"13":232,"14":368,"15":132,"16":5,"17":1,"18":5},"fnMap":{"1":{"name":"initialize","line":15,"loc":{"start":{"line":15,"column":4},"end":{"line":18,"column":4}}},"2":{"name":"onlyLoanKernel","line":20,"loc":{"start":{"line":20,"column":4},"end":{"line":23,"column":4}}},"3":{"name":"onlyLoanInterestTermsContract","line":25,"loc":{"start":{"line":25,"column":4},"end":{"line":31,"column":4}}},"4":{"name":"insert","line":46,"loc":{"start":{"line":37,"column":4},"end":{"line":62,"column":4}}},"5":{"name":"getLoanDebtor","line":65,"loc":{"start":{"line":65,"column":4},"end":{"line":67,"column":4}}},"6":{"name":"getLoanTermParams","line":70,"loc":{"start":{"line":70,"column":4},"end":{"line":73,"column":4}}},"7":{"name":"getPrincipalTokenAddress","line":76,"loc":{"start":{"line":76,"column":4},"end":{"line":78,"column":4}}},"8":{"name":"getDebtor","line":81,"loc":{"start":{"line":81,"column":4},"end":{"line":83,"column":4}}},"9":{"name":"getTermContract","line":86,"loc":{"start":{"line":86,"column":4},"end":{"line":88,"column":4}}},"10":{"name":"getRiskScore","line":91,"loc":{"start":{"line":91,"column":4},"end":{"line":93,"column":4}}},"11":{"name":"getAssetPurpose","line":96,"loc":{"start":{"line":96,"column":4},"end":{"line":98,"column":4}}},"12":{"name":"getIssuanceBlockTimestamp","line":104,"loc":{"start":{"line":104,"column":4},"end":{"line":106,"column":4}}},"13":{"name":"getLastRepaymentTimestamp","line":109,"loc":{"start":{"line":109,"column":4},"end":{"line":111,"column":4}}},"14":{"name":"getTermsContractParameters","line":117,"loc":{"start":{"line":117,"column":4},"end":{"line":119,"column":4}}},"15":{"name":"getExpirationTimestamp","line":122,"loc":{"start":{"line":122,"column":4},"end":{"line":125,"column":4}}},"16":{"name":"updateLastRepaymentTimestamp","line":132,"loc":{"start":{"line":129,"column":4},"end":{"line":135,"column":4}}},"17":{"name":"principalPaymentInfo","line":138,"loc":{"start":{"line":138,"column":4},"end":{"line":147,"column":4}}},"18":{"name":"setCompletedLoan","line":150,"loc":{"start":{"line":150,"column":4},"end":{"line":152,"column":4}}}},"statementMap":{"1":{"start":{"line":16,"column":8},"end":{"line":16,"column":42}},"2":{"start":{"line":21,"column":8},"end":{"line":21,"column":98}},"3":{"start":{"line":26,"column":8},"end":{"line":26,"column":766}},"4":{"start":{"line":47,"column":8},"end":{"line":47,"column":83}},"5":{"start":{"line":48,"column":8},"end":{"line":48,"column":1558}},"6":{"start":{"line":61,"column":8},"end":{"line":61,"column":19}},"7":{"start":{"line":66,"column":8},"end":{"line":66,"column":38}},"8":{"start":{"line":71,"column":8},"end":{"line":71,"column":49}},"9":{"start":{"line":72,"column":8},"end":{"line":72,"column":31}},"10":{"start":{"line":77,"column":8},"end":{"line":77,"column":57}},"11":{"start":{"line":82,"column":8},"end":{"line":82,"column":42}},"12":{"start":{"line":87,"column":8},"end":{"line":87,"column":52}},"13":{"start":{"line":92,"column":8},"end":{"line":92,"column":45}},"14":{"start":{"line":97,"column":8},"end":{"line":97,"column":48}},"15":{"start":{"line":105,"column":8},"end":{"line":105,"column":58}},"16":{"start":{"line":110,"column":8},"end":{"line":110,"column":54}},"17":{"start":{"line":118,"column":8},"end":{"line":118,"column":46}},"18":{"start":{"line":124,"column":8},"end":{"line":124,"column":55}},"19":{"start":{"line":144,"column":8},"end":{"line":144,"column":53}}},"branchMap":{"1":{"line":15,"type":"if","locations":[{"start":{"line":15,"column":60},"end":{"line":15,"column":60}},{"start":{"line":15,"column":60},"end":{"line":15,"column":60}}]},"2":{"line":21,"type":"if","locations":[{"start":{"line":21,"column":8},"end":{"line":21,"column":8}},{"start":{"line":21,"column":8},"end":{"line":21,"column":8}}]},"3":{"line":26,"type":"if","locations":[{"start":{"line":26,"column":8},"end":{"line":26,"column":8}},{"start":{"line":26,"column":8},"end":{"line":26,"column":8}}]},"4":{"line":46,"type":"if","locations":[{"start":{"line":46,"column":24},"end":{"line":46,"column":24}},{"start":{"line":46,"column":24},"end":{"line":46,"column":24}}]},"5":{"line":46,"type":"if","locations":[{"start":{"line":46,"column":38},"end":{"line":46,"column":38}},{"start":{"line":46,"column":38},"end":{"line":46,"column":38}}]},"6":{"line":46,"type":"if","locations":[{"start":{"line":46,"column":51},"end":{"line":46,"column":51}},{"start":{"line":46,"column":51},"end":{"line":46,"column":51}}]},"7":{"line":47,"type":"if","locations":[{"start":{"line":47,"column":8},"end":{"line":47,"column":8}},{"start":{"line":47,"column":8},"end":{"line":47,"column":8}}]},"8":{"line":132,"type":"if","locations":[{"start":{"line":132,"column":8},"end":{"line":132,"column":8}},{"start":{"line":132,"column":8},"end":{"line":132,"column":8}}]},"9":{"line":150,"type":"if","locations":[{"start":{"line":150,"column":67},"end":{"line":150,"column":67}},{"start":{"line":150,"column":67},"end":{"line":150,"column":67}}]},"10":{"line":150,"type":"if","locations":[{"start":{"line":150,"column":81},"end":{"line":150,"column":81}},{"start":{"line":150,"column":81},"end":{"line":150,"column":81}}]},"11":{"line":150,"type":"if","locations":[{"start":{"line":150,"column":94},"end":{"line":150,"column":94}},{"start":{"line":150,"column":94},"end":{"line":150,"column":94}}]}}},
"contracts/protocol/loan/LoanRepaymentRouter.sol":{"l":{"18":47,"19":47,"30":5,"31":5,"34":5,"35":0,"36":0,"40":5,"44":0,"45":0,"47":5,"61":5,"62":5,"63":5,"65":5,"74":5,"75":5,"76":5,"77":5,"78":5,"82":5,"84":5,"86":5,"88":5,"92":5,"93":5,"102":5,"103":5,"104":5,"108":5,"113":5,"114":5},"path":"/Users/khanhpham/Desktop/untangled/untangled-protocol-open/contracts/protocol/loan/LoanRepaymentRouter.sol","s":{"1":47,"2":5,"3":5,"4":5,"5":0,"6":0,"7":5,"8":0,"9":0,"10":5,"11":5,"12":5,"13":5,"14":5,"15":5,"16":5,"17":5,"18":5,"19":5,"20":5,"21":5,"22":5,"23":5,"24":5,"25":5,"26":5,"27":5,"28":5,"29":5,"30":5,"31":5},"b":{"1":[47,0],"2":[5,0],"3":[5,0],"4":[0,5],"5":[0,5],"6":[0,0],"7":[5,0],"8":[5,0],"9":[5,0],"10":[5,0],"11":[5,0],"12":[5,0],"13":[5,0],"14":[5,0]},"f":{"1":47,"2":5,"3":5,"4":5},"fnMap":{"1":{"name":"initialize","line":17,"loc":{"start":{"line":17,"column":4},"end":{"line":20,"column":4}}},"2":{"name":"_assertRepaymentRequest","line":24,"loc":{"start":{"line":24,"column":4},"end":{"line":48,"column":4}}},"3":{"name":"_doRepay","line":53,"loc":{"start":{"line":53,"column":4},"end":{"line":94,"column":4}}},"4":{"name":"repayInBatch","line":101,"loc":{"start":{"line":97,"column":4},"end":{"line":115,"column":4}}}},"statementMap":{"1":{"start":{"line":18,"column":8},"end":{"line":18,"column":42}},"2":{"start":{"line":30,"column":8},"end":{"line":30,"column":86}},"3":{"start":{"line":31,"column":8},"end":{"line":31,"column":58}},"4":{"start":{"line":34,"column":8},"end":{"line":34,"column":1274}},"5":{"start":{"line":35,"column":12},"end":{"line":35,"column":81}},"6":{"start":{"line":36,"column":12},"end":{"line":36,"column":24}},"7":{"start":{"line":40,"column":8},"end":{"line":40,"column":1574}},"8":{"start":{"line":44,"column":12},"end":{"line":44,"column":94}},"9":{"start":{"line":45,"column":12},"end":{"line":45,"column":24}},"10":{"start":{"line":47,"column":8},"end":{"line":47,"column":19}},"11":{"start":{"line":61,"column":8},"end":{"line":61,"column":63}},"12":{"start":{"line":62,"column":8},"end":{"line":62,"column":74}},"13":{"start":{"line":63,"column":8},"end":{"line":63,"column":89}},"14":{"start":{"line":65,"column":8},"end":{"line":65,"column":2580}},"15":{"start":{"line":74,"column":8},"end":{"line":74,"column":2835}},"16":{"start":{"line":75,"column":12},"end":{"line":75,"column":79}},"17":{"start":{"line":76,"column":12},"end":{"line":76,"column":114}},"18":{"start":{"line":77,"column":12},"end":{"line":77,"column":51}},"19":{"start":{"line":78,"column":12},"end":{"line":78,"column":3131}},"20":{"start":{"line":82,"column":12},"end":{"line":82,"column":69}},"21":{"start":{"line":84,"column":8},"end":{"line":84,"column":93}},"22":{"start":{"line":86,"column":8},"end":{"line":86,"column":3498}},"23":{"start":{"line":88,"column":12},"end":{"line":88,"column":90}},"24":{"start":{"line":92,"column":8},"end":{"line":92,"column":84}},"25":{"start":{"line":93,"column":8},"end":{"line":93,"column":19}},"26":{"start":{"line":102,"column":8},"end":{"line":102,"column":56}},"27":{"start":{"line":103,"column":8},"end":{"line":103,"column":4168}},"28":{"start":{"line":104,"column":12},"end":{"line":104,"column":4235}},"29":{"start":{"line":108,"column":12},"end":{"line":108,"column":4434}},"30":{"start":{"line":113,"column":8},"end":{"line":113,"column":63}},"31":{"start":{"line":114,"column":8},"end":{"line":114,"column":19}}},"branchMap":{"1":{"line":17,"type":"if","locations":[{"start":{"line":17,"column":60},"end":{"line":17,"column":60}},{"start":{"line":17,"column":60},"end":{"line":17,"column":60}}]},"2":{"line":30,"type":"if","locations":[{"start":{"line":30,"column":8},"end":{"line":30,"column":8}},{"start":{"line":30,"column":8},"end":{"line":30,"column":8}}]},"3":{"line":31,"type":"if","locations":[{"start":{"line":31,"column":8},"end":{"line":31,"column":8}},{"start":{"line":31,"column":8},"end":{"line":31,"column":8}}]},"4":{"line":34,"type":"if","locations":[{"start":{"line":34,"column":8},"end":{"line":34,"column":8}},{"start":{"line":34,"column":8},"end":{"line":34,"column":8}}]},"5":{"line":40,"type":"if","locations":[{"start":{"line":40,"column":8},"end":{"line":40,"column":8}},{"start":{"line":40,"column":8},"end":{"line":40,"column":8}}]},"6":{"line":41,"type":"cond-expr","locations":[{"start":{"line":41,"column":12},"end":{"line":41,"column":60}},{"start":{"line":42,"column":12},"end":{"line":42,"column":75}}]},"7":{"line":74,"type":"if","locations":[{"start":{"line":74,"column":8},"end":{"line":74,"column":8}},{"start":{"line":74,"column":8},"end":{"line":74,"column":8}}]},"8":{"line":76,"type":"if","locations":[{"start":{"line":76,"column":12},"end":{"line":76,"column":12}},{"start":{"line":76,"column":12},"end":{"line":76,"column":12}}]},"9":{"line":78,"type":"if","locations":[{"start":{"line":78,"column":12},"end":{"line":78,"column":12}},{"start":{"line":78,"column":12},"end":{"line":78,"column":12}}]},"10":{"line":86,"type":"if","locations":[{"start":{"line":86,"column":8},"end":{"line":86,"column":8}},{"start":{"line":86,"column":8},"end":{"line":86,"column":8}}]},"11":{"line":101,"type":"if","locations":[{"start":{"line":101,"column":24},"end":{"line":101,"column":24}},{"start":{"line":101,"column":24},"end":{"line":101,"column":24}}]},"12":{"line":101,"type":"if","locations":[{"start":{"line":101,"column":38},"end":{"line":101,"column":38}},{"start":{"line":101,"column":38},"end":{"line":101,"column":38}}]},"13":{"line":104,"type":"if","locations":[{"start":{"line":104,"column":12},"end":{"line":104,"column":12}},{"start":{"line":104,"column":12},"end":{"line":104,"column":12}}]},"14":{"line":108,"type":"if","locations":[{"start":{"line":108,"column":12},"end":{"line":108,"column":12}},{"start":{"line":108,"column":12},"end":{"line":108,"column":12}}]}}},
"contracts/protocol/loan/LoanTyping.sol":{"l":{},"path":"/Users/khanhpham/Desktop/untangled/untangled-protocol-open/contracts/protocol/loan/LoanTyping.sol","s":{},"b":{},"f":{},"fnMap":{},"statementMap":{},"branchMap":{}},
"contracts/protocol/note-sale/base/LongSaleInterest.sol":{"l":{},"path":"/Users/khanhpham/Desktop/untangled/untangled-protocol-open/contracts/protocol/note-sale/base/LongSaleInterest.sol","s":{},"b":{},"f":{},"fnMap":{},"statementMap":{},"branchMap":{}},
"contracts/protocol/note-sale/crowdsale/Crowdsale.sol":{"l":{"50":10,"51":10,"52":10,"53":10,"54":10,"58":3,"59":3,"63":9,"64":9,"69":0,"70":0,"72":0,"74":0,"79":8,"81":8,"82":8,"95":9,"97":9,"100":9,"101":9,"103":9,"105":9,"106":9,"107":9,"109":9,"111":9,"116":2,"121":0,"126":0,"143":9,"145":9,"146":9,"154":9,"159":9,"164":0,"168":9,"173":9,"177":0,"178":0,"179":0,"186":9,"191":8,"192":8,"194":8,"196":8,"201":0,"206":9},"path":"/Users/khanhpham/Desktop/untangled/untangled-protocol-open/contracts/protocol/note-sale/crowdsale/Crowdsale.sol","s":{"1":10,"2":3,"3":9,"4":0,"5":0,"6":0,"7":8,"8":9,"9":9,"10":9,"11":9,"12":9,"13":9,"14":9,"15":2,"16":0,"17":0,"18":9,"19":9,"20":9,"21":9,"22":9,"23":0,"24":9,"25":9,"26":0,"27":0,"28":0,"29":9,"30":8,"31":8,"32":8,"33":0,"34":9},"b":{"1":[10,0],"2":[3,0],"3":[9,0],"4":[0,0],"5":[0,0],"6":[0,0],"7":[0,0],"8":[0,0],"9":[8,0],"10":[9,0],"11":[9,0],"12":[9,0],"13":[9,0],"14":[9,0],"15":[9,0],"16":[9,0],"17":[0,0],"18":[9,0],"19":[8,0],"20":[8,0]},"f":{"1":10,"2":3,"3":9,"4":0,"5":8,"6":9,"7":2,"8":0,"9":0,"10":9,"11":9,"12":9,"13":0,"14":9,"15":9,"16":0,"17":9,"18":8,"19":0,"20":9},"fnMap":{"1":{"name":"__Crowdsale__init","line":49,"loc":{"start":{"line":44,"column":4},"end":{"line":55,"column":4}}},"2":{"name":"securitizationPoolRestricted","line":57,"loc":{"start":{"line":57,"column":4},"end":{"line":60,"column":4}}},"3":{"name":"smpRestricted","line":62,"loc":{"start":{"line":62,"column":4},"end":{"line":65,"column":4}}},"4":{"name":"addFunding","line":68,"loc":{"start":{"line":68,"column":4},"end":{"line":75,"column":4}}},"5":{"name":"_newSaleRound","line":78,"loc":{"start":{"line":78,"column":4},"end":{"line":83,"column":4}}},"6":{"name":"buyTokens","line":94,"loc":{"start":{"line":90,"column":4},"end":{"line":112,"column":4}}},"7":{"name":"isDistributedFully","line":115,"loc":{"start":{"line":115,"column":4},"end":{"line":117,"column":4}}},"8":{"name":"getTokenRemainAmount","line":120,"loc":{"start":{"line":120,"column":4},"end":{"line":122,"column":4}}},"9":{"name":"getCurrencyRemainAmount","line":125,"loc":{"start":{"line":125,"column":4},"end":{"line":127,"column":4}}},"10":{"name":"_defaultPreValidatePurchase","line":138,"loc":{"start":{"line":138,"column":4},"end":{"line":147,"column":4}}},"11":{"name":"_preValidatePurchase","line":149,"loc":{"start":{"line":149,"column":4},"end":{"line":155,"column":4}}},"12":{"name":"_deliverTokens","line":158,"loc":{"start":{"line":158,"column":4},"end":{"line":160,"column":4}}},"13":{"name":"_ejectTokens","line":163,"loc":{"start":{"line":163,"column":4},"end":{"line":165,"column":4}}},"14":{"name":"_processPurchase","line":167,"loc":{"start":{"line":167,"column":4},"end":{"line":169,"column":4}}},"15":{"name":"_claimPayment","line":172,"loc":{"start":{"line":172,"column":4},"end":{"line":174,"column":4}}},"16":{"name":"_getTokenAmount","line":176,"loc":{"start":{"line":176,"column":4},"end":{"line":182,"column":4}}},"17":{"name":"_forwardFunds","line":185,"loc":{"start":{"line":185,"column":4},"end":{"line":187,"column":4}}},"18":{"name":"_setTotalCap","line":190,"loc":{"start":{"line":190,"column":4},"end":{"line":197,"column":4}}},"19":{"name":"totalCapReached","line":200,"loc":{"start":{"line":200,"column":4},"end":{"line":202,"column":4}}},"20":{"name":"isUnderTotalCap","line":205,"loc":{"start":{"line":205,"column":4},"end":{"line":207,"column":4}}}},"statementMap":{"1":{"start":{"line":50,"column":8},"end":{"line":50,"column":52}},"2":{"start":{"line":58,"column":8},"end":{"line":58,"column":70}},"3":{"start":{"line":63,"column":8},"end":{"line":63,"column":110}},"4":{"start":{"line":69,"column":8},"end":{"line":69,"column":156}},"5":{"start":{"line":70,"column":8},"end":{"line":70,"column":62}},"6":{"start":{"line":74,"column":8},"end":{"line":74,"column":37}},"7":{"start":{"line":79,"column":8},"end":{"line":79,"column":61}},"8":{"start":{"line":95,"column":8},"end":{"line":95,"column":60}},"9":{"start":{"line":97,"column":8},"end":{"line":97,"column":69}},"10":{"start":{"line":105,"column":8},"end":{"line":105,"column":43}},"11":{"start":{"line":106,"column":8},"end":{"line":106,"column":49}},"12":{"start":{"line":107,"column":8},"end":{"line":107,"column":84}},"13":{"start":{"line":109,"column":8},"end":{"line":109,"column":69}},"14":{"start":{"line":111,"column":8},"end":{"line":111,"column":26}},"15":{"start":{"line":116,"column":8},"end":{"line":116,"column":41}},"16":{"start":{"line":121,"column":8},"end":{"line":121,"column":53}},"17":{"start":{"line":126,"column":8},"end":{"line":126,"column":40}},"18":{"start":{"line":143,"column":8},"end":{"line":143,"column":83}},"19":{"start":{"line":145,"column":8},"end":{"line":145,"column":64}},"20":{"start":{"line":146,"column":8},"end":{"line":146,"column":74}},"21":{"start":{"line":154,"column":8},"end":{"line":154,"column":76}},"22":{"start":{"line":159,"column":8},"end":{"line":159,"column":55}},"23":{"start":{"line":164,"column":8},"end":{"line":164,"column":42}},"24":{"start":{"line":168,"column":8},"end":{"line":168,"column":47}},"25":{"start":{"line":173,"column":8},"end":{"line":173,"column":135}},"26":{"start":{"line":177,"column":8},"end":{"line":177,"column":48}},"27":{"start":{"line":178,"column":8},"end":{"line":178,"column":24}},"28":{"start":{"line":179,"column":8},"end":{"line":179,"column":6612}},"29":{"start":{"line":186,"column":8},"end":{"line":186,"column":114}},"30":{"start":{"line":191,"column":8},"end":{"line":191,"column":46}},"31":{"start":{"line":192,"column":8},"end":{"line":192,"column":81}},"32":{"start":{"line":196,"column":8},"end":{"line":196,"column":37}},"33":{"start":{"line":201,"column":8},"end":{"line":201,"column":41}},"34":{"start":{"line":206,"column":8},"end":{"line":206,"column":58}}},"branchMap":{"1":{"line":49,"type":"if","locations":[{"start":{"line":49,"column":15},"end":{"line":49,"column":15}},{"start":{"line":49,"column":15},"end":{"line":49,"column":15}}]},"2":{"line":58,"type":"if","locations":[{"start":{"line":58,"column":8},"end":{"line":58,"column":8}},{"start":{"line":58,"column":8},"end":{"line":58,"column":8}}]},"3":{"line":63,"type":"if","locations":[{"start":{"line":63,"column":8},"end":{"line":63,"column":8}},{"start":{"line":63,"column":8},"end":{"line":63,"column":8}}]},"4":{"line":68,"type":"if","locations":[{"start":{"line":68,"column":54},"end":{"line":68,"column":54}},{"start":{"line":68,"column":54},"end":{"line":68,"column":54}}]},"5":{"line":68,"type":"if","locations":[{"start":{"line":68,"column":67},"end":{"line":68,"column":67}},{"start":{"line":68,"column":67},"end":{"line":68,"column":67}}]},"6":{"line":69,"type":"if","locations":[{"start":{"line":69,"column":8},"end":{"line":69,"column":8}},{"start":{"line":69,"column":8},"end":{"line":69,"column":8}}]},"7":{"line":69,"type":"cond-expr","locations":[{"start":{"line":69,"column":16},"end":{"line":69,"column":48}},{"start":{"line":69,"column":53},"end":{"line":69,"column":112}}]},"8":{"line":70,"type":"if","locations":[{"start":{"line":70,"column":8},"end":{"line":70,"column":8}},{"start":{"line":70,"column":8},"end":{"line":70,"column":8}}]},"9":{"line":79,"type":"if","locations":[{"start":{"line":79,"column":8},"end":{"line":79,"column":8}},{"start":{"line":79,"column":8},"end":{"line":79,"column":8}}]},"10":{"line":94,"type":"if","locations":[{"start":{"line":94,"column":15},"end":{"line":94,"column":15}},{"start":{"line":94,"column":15},"end":{"line":94,"column":15}}]},"11":{"line":94,"type":"if","locations":[{"start":{"line":94,"column":29},"end":{"line":94,"column":29}},{"start":{"line":94,"column":29},"end":{"line":94,"column":29}}]},"12":{"line":94,"type":"if","locations":[{"start":{"line":94,"column":42},"end":{"line":94,"column":42}},{"start":{"line":94,"column":42},"end":{"line":94,"column":42}}]},"13":{"line":143,"type":"if","locations":[{"start":{"line":143,"column":8},"end":{"line":143,"column":8}},{"start":{"line":143,"column":8},"end":{"line":143,"column":8}}]},"14":{"line":145,"type":"if","locations":[{"start":{"line":145,"column":8},"end":{"line":145,"column":8}},{"start":{"line":145,"column":8},"end":{"line":145,"column":8}}]},"15":{"line":146,"type":"if","locations":[{"start":{"line":146,"column":8},"end":{"line":146,"column":8}},{"start":{"line":146,"column":8},"end":{"line":146,"column":8}}]},"16":{"line":173,"type":"if","locations":[{"start":{"line":173,"column":8},"end":{"line":173,"column":8}},{"start":{"line":173,"column":8},"end":{"line":173,"column":8}}]},"17":{"line":177,"type":"if","locations":[{"start":{"line":177,"column":8},"end":{"line":177,"column":8}},{"start":{"line":177,"column":8},"end":{"line":177,"column":8}}]},"18":{"line":186,"type":"if","locations":[{"start":{"line":186,"column":8},"end":{"line":186,"column":8}},{"start":{"line":186,"column":8},"end":{"line":186,"column":8}}]},"19":{"line":191,"type":"if","locations":[{"start":{"line":191,"column":8},"end":{"line":191,"column":8}},{"start":{"line":191,"column":8},"end":{"line":191,"column":8}}]},"20":{"line":192,"type":"if","locations":[{"start":{"line":192,"column":8},"end":{"line":192,"column":8}},{"start":{"line":192,"column":8},"end":{"line":192,"column":8}}]}}},
"contracts/protocol/note-sale/crowdsale/FinalizableCrowdsale.sol":{"l":{"23":2,"24":2,"26":2,"27":0,"28":0,"30":0,"31":0,"33":0,"37":2,"39":2,"40":2},"path":"/Users/khanhpham/Desktop/untangled/untangled-protocol-open/contracts/protocol/note-sale/crowdsale/FinalizableCrowdsale.sol","s":{"1":2,"2":2,"3":2,"4":0,"5":0,"6":0,"7":0,"8":2,"9":2},"b":{"1":[2,0],"2":[2,0],"3":[2,0],"4":[2,0],"5":[2,0],"6":[2,0],"7":[0,2],"8":[0,0]},"f":{"1":2,"2":2},"fnMap":{"1":{"name":"finalize","line":21,"loc":{"start":{"line":17,"column":4},"end":{"line":41,"column":4}}},"2":{"name":"_finalization","line":44,"loc":{"start":{"line":44,"column":4},"end":{"line":46,"column":4}}}},"statementMap":{"1":{"start":{"line":23,"column":8},"end":{"line":23,"column":69}},"2":{"start":{"line":24,"column":8},"end":{"line":24,"column":84}},"3":{"start":{"line":26,"column":8},"end":{"line":26,"column":938}},"4":{"start":{"line":27,"column":12},"end":{"line":27,"column":35}},"5":{"start":{"line":30,"column":12},"end":{"line":30,"column":1108}},"6":{"start":{"line":31,"column":16},"end":{"line":31,"column":66}},"7":{"start":{"line":33,"column":16},"end":{"line":33,"column":40}},"8":{"start":{"line":39,"column":8},"end":{"line":39,"column":22}},"9":{"start":{"line":40,"column":8},"end":{"line":40,"column":33}}},"branchMap":{"1":{"line":19,"type":"if","locations":[{"start":{"line":19,"column":8},"end":{"line":19,"column":8}},{"start":{"line":19,"column":8},"end":{"line":19,"column":8}}]},"2":{"line":20,"type":"if","locations":[{"start":{"line":20,"column":8},"end":{"line":20,"column":8}},{"start":{"line":20,"column":8},"end":{"line":20,"column":8}}]},"3":{"line":21,"type":"if","locations":[{"start":{"line":21,"column":8},"end":{"line":21,"column":8}},{"start":{"line":21,"column":8},"end":{"line":21,"column":8}}]},"4":{"line":23,"type":"if","locations":[{"start":{"line":23,"column":8},"end":{"line":23,"column":8}},{"start":{"line":23,"column":8},"end":{"line":23,"column":8}}]},"5":{"line":24,"type":"if","locations":[{"start":{"line":24,"column":8},"end":{"line":24,"column":8}},{"start":{"line":24,"column":8},"end":{"line":24,"column":8}}]},"6":{"line":24,"type":"cond-expr","locations":[{"start":{"line":24,"column":16},"end":{"line":24,"column":26}},{"start":{"line":24,"column":31},"end":{"line":24,"column":47}}]},"7":{"line":26,"type":"if","locations":[{"start":{"line":26,"column":8},"end":{"line":26,"column":8}},{"start":{"line":26,"column":8},"end":{"line":26,"column":8}}]},"8":{"line":30,"type":"if","locations":[{"start":{"line":30,"column":12},"end":{"line":30,"column":12}},{"start":{"line":30,"column":12},"end":{"line":30,"column":12}}]}}},
"contracts/protocol/note-sale/crowdsale/IncreasingInterestCrowdsale.sol":{"l":{"26":4,"27":4,"28":4,"32":4,"34":4,"35":4,"36":4,"37":4,"39":4,"48":1,"49":0,"53":1,"54":1,"56":1,"58":1,"59":0,"61":1,"67":1,"69":1,"70":1,"78":4,"79":4},"path":"/Users/khanhpham/Desktop/untangled/untangled-protocol-open/contracts/protocol/note-sale/crowdsale/IncreasingInterestCrowdsale.sol","s":{"1":4,"2":4,"3":4,"4":4,"5":4,"6":1,"7":0,"8":1,"9":1,"10":1,"11":1,"12":0,"13":1,"14":1,"15":1,"16":4,"17":4},"b":{"1":[4,0],"2":[4,0],"3":[4,0],"4":[0,4],"5":[4,0],"6":[4,0],"7":[4,0],"8":[0,1],"9":[0,1],"10":[4,0]},"f":{"1":4,"2":1,"3":1,"4":4},"fnMap":{"1":{"name":"setInterestRange","line":25,"loc":{"start":{"line":20,"column":4},"end":{"line":45,"column":4}}},"2":{"name":"getCurrentInterest","line":47,"loc":{"start":{"line":47,"column":4},"end":{"line":63,"column":4}}},"3":{"name":"_finalization","line":66,"loc":{"start":{"line":66,"column":4},"end":{"line":71,"column":4}}},"4":{"name":"_preValidatePurchase","line":73,"loc":{"start":{"line":73,"column":4},"end":{"line":80,"column":4}}}},"statementMap":{"1":{"start":{"line":26,"column":8},"end":{"line":26,"column":174}},"2":{"start":{"line":27,"column":8},"end":{"line":27,"column":80}},"3":{"start":{"line":28,"column":8},"end":{"line":28,"column":1068}},"4":{"start":{"line":32,"column":8},"end":{"line":32,"column":84}},"5":{"start":{"line":39,"column":8},"end":{"line":39,"column":1510}},"6":{"start":{"line":48,"column":8},"end":{"line":48,"column":1745}},"7":{"start":{"line":49,"column":12},"end":{"line":49,"column":20}},"8":{"start":{"line":53,"column":8},"end":{"line":53,"column":59}},"9":{"start":{"line":54,"column":8},"end":{"line":54,"column":59}},"10":{"start":{"line":56,"column":8},"end":{"line":56,"column":100}},"11":{"start":{"line":58,"column":8},"end":{"line":58,"column":2103}},"12":{"start":{"line":59,"column":12},"end":{"line":59,"column":32}},"13":{"start":{"line":61,"column":12},"end":{"line":61,"column":34}},"14":{"start":{"line":67,"column":8},"end":{"line":67,"column":28}},"15":{"start":{"line":70,"column":8},"end":{"line":70,"column":70}},"16":{"start":{"line":78,"column":8},"end":{"line":78,"column":75}},"17":{"start":{"line":79,"column":8},"end":{"line":79,"column":86}}},"branchMap":{"1":{"line":25,"type":"if","locations":[{"start":{"line":25,"column":13},"end":{"line":25,"column":13}},{"start":{"line":25,"column":13},"end":{"line":25,"column":13}}]},"2":{"line":25,"type":"if","locations":[{"start":{"line":25,"column":27},"end":{"line":25,"column":27}},{"start":{"line":25,"column":27},"end":{"line":25,"column":27}}]},"3":{"line":26,"type":"if","locations":[{"start":{"line":26,"column":8},"end":{"line":26,"column":8}},{"start":{"line":26,"column":8},"end":{"line":26,"column":8}}]},"4":{"line":26,"type":"cond-expr","locations":[{"start":{"line":26,"column":16},"end":{"line":26,"column":48}},{"start":{"line":26,"column":53},"end":{"line":26,"column":112}}]},"5":{"line":27,"type":"if","locations":[{"start":{"line":27,"column":8},"end":{"line":27,"column":8}},{"start":{"line":27,"column":8},"end":{"line":27,"column":8}}]},"6":{"line":28,"type":"if","locations":[{"start":{"line":28,"column":8},"end":{"line":28,"column":8}},{"start":{"line":28,"column":8},"end":{"line":28,"column":8}}]},"7":{"line":32,"type":"if","locations":[{"start":{"line":32,"column":8},"end":{"line":32,"column":8}},{"start":{"line":32,"column":8},"end":{"line":32,"column":8}}]},"8":{"line":48,"type":"if","locations":[{"start":{"line":48,"column":8},"end":{"line":48,"column":8}},{"start":{"line":48,"column":8},"end":{"line":48,"column":8}}]},"9":{"line":58,"type":"if","locations":[{"start":{"line":58,"column":8},"end":{"line":58,"column":8}},{"start":{"line":58,"column":8},"end":{"line":58,"column":8}}]},"10":{"line":79,"type":"if","locations":[{"start":{"line":79,"column":8},"end":{"line":79,"column":8}},{"start":{"line":79,"column":8},"end":{"line":79,"column":8}}]}}},
"contracts/protocol/note-sale/crowdsale/TimedCrowdsale.sol":{"l":{"26":1,"28":1,"32":1,"33":0,"37":3,"38":1,"41":2,"46":12,"51":2,"53":1,"54":1,"59":11,"60":10,"62":9,"63":0,"66":9,"67":0,"70":9,"71":9,"73":9,"78":1,"79":1},"path":"/Users/khanhpham/Desktop/untangled/untangled-protocol-open/contracts/protocol/note-sale/crowdsale/TimedCrowdsale.sol","s":{"1":1,"2":1,"3":3,"4":1,"5":2,"6":12,"7":2,"8":1,"9":11,"10":10,"11":9,"12":9,"13":9,"14":1},"b":{"1":[1,0],"2":[0,1],"3":[0,0],"4":[1,2],"5":[2,0],"6":[2,0],"7":[2,0],"8":[1,1],"9":[11,0],"10":[10,1],"11":[2,8],"12":[9,1],"13":[0,9],"14":[0,9],"15":[1,0],"16":[1,0],"17":[1,0]},"f":{"1":1,"2":1,"3":3,"4":12,"5":2,"6":11,"7":1},"fnMap":{"1":{"name":"__TimedCrowdsale__init","line":25,"loc":{"start":{"line":20,"column":4},"end":{"line":29,"column":4}}},"2":{"name":"onlyWhileOpen","line":31,"loc":{"start":{"line":31,"column":4},"end":{"line":34,"column":4}}},"3":{"name":"isOpen","line":36,"loc":{"start":{"line":36,"column":4},"end":{"line":42,"column":4}}},"4":{"name":"hasClosed","line":44,"loc":{"start":{"line":44,"column":4},"end":{"line":47,"column":4}}},"5":{"name":"extendTime","line":50,"loc":{"start":{"line":50,"column":4},"end":{"line":55,"column":4}}},"6":{"name":"newSaleRoundTime","line":58,"loc":{"start":{"line":58,"column":4},"end":{"line":74,"column":4}}},"7":{"name":"setUsingTimeLimit","line":77,"loc":{"start":{"line":77,"column":4},"end":{"line":80,"column":4}}}},"statementMap":{"1":{"start":{"line":26,"column":8},"end":{"line":26,"column":61}},"2":{"start":{"line":32,"column":8},"end":{"line":32,"column":68}},"3":{"start":{"line":37,"column":8},"end":{"line":37,"column":1061}},"4":{"start":{"line":38,"column":12},"end":{"line":38,"column":23}},"5":{"start":{"line":41,"column":8},"end":{"line":41,"column":79}},"6":{"start":{"line":46,"column":8},"end":{"line":46,"column":44}},"7":{"start":{"line":51,"column":8},"end":{"line":51,"column":111}},"8":{"start":{"line":53,"column":8},"end":{"line":53,"column":64}},"9":{"start":{"line":59,"column":8},"end":{"line":59,"column":156}},"10":{"start":{"line":60,"column":8},"end":{"line":60,"column":107}},"11":{"start":{"line":62,"column":8},"end":{"line":62,"column":2320}},"12":{"start":{"line":66,"column":8},"end":{"line":66,"column":2425}},"13":{"start":{"line":73,"column":8},"end":{"line":73,"column":64}},"14":{"start":{"line":79,"column":8},"end":{"line":79,"column":49}}},"branchMap":{"1":{"line":25,"type":"if","locations":[{"start":{"line":25,"column":15},"end":{"line":25,"column":15}},{"start":{"line":25,"column":15},"end":{"line":25,"column":15}}]},"2":{"line":32,"type":"if","locations":[{"start":{"line":32,"column":8},"end":{"line":32,"column":8}},{"start":{"line":32,"column":8},"end":{"line":32,"column":8}}]},"3":{"line":32,"type":"cond-expr","locations":[{"start":{"line":32,"column":16},"end":{"line":32,"column":23}},{"start":{"line":32,"column":28},"end":{"line":32,"column":39}}]},"4":{"line":37,"type":"if","locations":[{"start":{"line":37,"column":8},"end":{"line":37,"column":8}},{"start":{"line":37,"column":8},"end":{"line":37,"column":8}}]},"5":{"line":50,"type":"if","locations":[{"start":{"line":50,"column":57},"end":{"line":50,"column":57}},{"start":{"line":50,"column":57},"end":{"line":50,"column":57}}]},"6":{"line":50,"type":"if","locations":[{"start":{"line":50,"column":71},"end":{"line":50,"column":71}},{"start":{"line":50,"column":71},"end":{"line":50,"column":71}}]},"7":{"line":50,"type":"if","locations":[{"start":{"line":50,"column":84},"end":{"line":50,"column":84}},{"start":{"line":50,"column":84},"end":{"line":50,"column":84}}]},"8":{"line":51,"type":"if","locations":[{"start":{"line":51,"column":8},"end":{"line":51,"column":8}},{"start":{"line":51,"column":8},"end":{"line":51,"column":8}}]},"9":{"line":58,"type":"if","locations":[{"start":{"line":58,"column":85},"end":{"line":58,"column":85}},{"start":{"line":58,"column":85},"end":{"line":58,"column":85}}]},"10":{"line":59,"type":"if","locations":[{"start":{"line":59,"column":8},"end":{"line":59,"column":8}},{"start":{"line":59,"column":8},"end":{"line":59,"column":8}}]},"11":{"line":59,"type":"cond-expr","locations":[{"start":{"line":59,"column":16},"end":{"line":59,"column":48}},{"start":{"line":59,"column":53},"end":{"line":59,"column":112}}]},"12":{"line":60,"type":"if","locations":[{"start":{"line":60,"column":8}
[...]
ne":119,"column":99},"end":{"line":119,"column":99}}]},"41":{"line":125,"type":"if","locations":[{"start":{"line":125,"column":8},"end":{"line":125,"column":8}},{"start":{"line":125,"column":8},"end":{"line":125,"column":8}}]},"42":{"line":126,"type":"if","locations":[{"start":{"line":126,"column":8},"end":{"line":126,"column":8}},{"start":{"line":126,"column":8},"end":{"line":126,"column":8}}]},"43":{"line":127,"type":"if","locations":[{"start":{"line":127,"column":8},"end":{"line":127,"column":8}},{"start":{"line":127,"column":8},"end":{"line":127,"column":8}}]},"44":{"line":132,"type":"if","locations":[{"start":{"line":132,"column":63},"end":{"line":132,"column":63}},{"start":{"line":132,"column":63},"end":{"line":132,"column":63}}]},"45":{"line":132,"type":"if","locations":[{"start":{"line":132,"column":92},"end":{"line":132,"column":92}},{"start":{"line":132,"column":92},"end":{"line":132,"column":92}}]},"46":{"line":132,"type":"if","locations":[{"start":{"line":132,"column":106},"end":{"line":132,"column":106}},{"start":{"line":132,"column":106},"end":{"line":132,"column":106}}]},"47":{"line":136,"type":"if","locations":[{"start":{"line":136,"column":54},"end":{"line":136,"column":54}},{"start":{"line":136,"column":54},"end":{"line":136,"column":54}}]},"48":{"line":136,"type":"if","locations":[{"start":{"line":136,"column":83},"end":{"line":136,"column":83}},{"start":{"line":136,"column":83},"end":{"line":136,"column":83}}]},"49":{"line":136,"type":"if","locations":[{"start":{"line":136,"column":97},"end":{"line":136,"column":97}},{"start":{"line":136,"column":97},"end":{"line":136,"column":97}}]},"50":{"line":140,"type":"if","locations":[{"start":{"line":140,"column":46},"end":{"line":140,"column":46}},{"start":{"line":140,"column":46},"end":{"line":140,"column":46}}]},"51":{"line":140,"type":"if","locations":[{"start":{"line":140,"column":75},"end":{"line":140,"column":75}},{"start":{"line":140,"column":75},"end":{"line":140,"column":75}}]},"52":{"line":140,"type":"if","locations":[{"start":{"line":140,"column":89},"end":{"line":140,"column":89}},{"start":{"line":140,"column":89},"end":{"line":140,"column":89}}]}}},
"contracts/tokens/ERC20/NoteToken.sol":{"l":{"17":11,"18":11,"19":11,"23":65},"path":"/Users/khanhpham/Desktop/untangled/untangled-protocol-open/contracts/tokens/ERC20/NoteToken.sol","s":{"1":65},"b":{},"f":{"1":11,"2":65},"fnMap":{"1":{"name":"constructor","line":16,"loc":{"start":{"line":10,"column":4},"end":{"line":20,"column":4}}},"2":{"name":"decimals","line":22,"loc":{"start":{"line":22,"column":4},"end":{"line":24,"column":4}}}},"statementMap":{"1":{"start":{"line":23,"column":8},"end":{"line":23,"column":17}}},"branchMap":{}},
"contracts/tokens/ERC721/invoice/AcceptedInvoiceToken.sol":{"l":{"39":47,"40":47,"55":1,"64":2,"65":2,"77":2,"80":1,"83":1,"84":1,"98":2,"99":2,"101":2,"102":2,"104":2,"106":2,"108":2,"110":2,"111":2,"112":1,"115":2,"117":2,"119":2,"120":1,"121":1,"123":1,"126":2,"129":2,"130":2,"146":1,"148":1,"159":1,"161":1,"165":2,"174":1,"175":1,"176":1,"177":1,"181":1,"185":1,"189":1,"193":1,"197":1,"201":4},"path":"/Users/khanhpham/Desktop/untangled/untangled-protocol-open/contracts/tokens/ERC721/invoice/AcceptedInvoiceToken.sol","s":{"1":47,"2":1,"3":2,"4":2,"5":2,"6":1,"7":1,"8":1,"9":2,"10":2,"11":2,"12":2,"13":2,"14":2,"15":2,"16":2,"17":2,"18":2,"19":2,"20":2,"21":1,"22":2,"23":2,"24":2,"25":1,"26":1,"27":1,"28":2,"29":1,"30":1,"31":1,"32":1,"33":1,"34":1,"35":1,"36":4},"b":{"1":[47,0],"2":[0,2],"3":[2,0],"4":[1,1],"5":[2,0],"6":[2,0],"7":[2,0],"8":[1,1],"9":[1,1]},"f":{"1":47,"2":1,"3":2,"4":2,"5":2,"6":1,"7":2,"8":1,"9":1,"10":1,"11":1,"12":1,"13":1,"14":4},"fnMap":{"1":{"name":"initialize","line":38,"loc":{"start":{"line":33,"column":4},"end":{"line":41,"column":4}}},"2":{"name":"_generateEntryHash","line":48,"loc":{"start":{"line":48,"column":4},"end":{"line":56,"column":4}}},"3":{"name":"_transferTokensFrom","line":58,"loc":{"start":{"line":58,"column":4},"end":{"line":66,"column":4}}},"4":{"name":"createBatch","line":76,"loc":{"start":{"line":68,"column":4},"end":{"line":95,"column":4}}},"5":{"name":"payInBatch","line":97,"loc":{"start":{"line":97,"column":4},"end":{"line":131,"column":4}}},"6":{"name":"_createAIT","line":136,"loc":{"start":{"line":136,"column":4},"end":{"line":162,"column":4}}},"7":{"name":"getExpectedRepaymentValues","line":164,"loc":{"start":{"line":164,"column":4},"end":{"line":166,"column":4}}},"8":{"name":"getTotalExpectedRepaymentValue","line":168,"loc":{"start":{"line":168,"column":4},"end":{"line":178,"column":4}}},"9":{"name":"getExpirationTimestamp","line":180,"loc":{"start":{"line":180,"column":4},"end":{"line":182,"column":4}}},"10":{"name":"getInterestRate","line":184,"loc":{"start":{"line":184,"column":4},"end":{"line":186,"column":4}}},"11":{"name":"getAssetPurpose","line":188,"loc":{"start":{"line":188,"column":4},"end":{"line":190,"column":4}}},"12":{"name":"getRiskScore","line":192,"loc":{"start":{"line":192,"column":4},"end":{"line":194,"column":4}}},"13":{"name":"getFiatAmount","line":196,"loc":{"start":{"line":196,"column":4},"end":{"line":198,"column":4}}},"14":{"name":"isPaid","line":200,"loc":{"start":{"line":200,"column":4},"end":{"line":202,"column":4}}}},"statementMap":{"1":{"start":{"line":39,"column":8},"end":{"line":39,"column":58}},"2":{"start":{"line":55,"column":8},"end":{"line":55,"column":91}},"3":{"start":{"line":64,"column":8},"end":{"line":64,"column":103}},"4":{"start":{"line":65,"column":8},"end":{"line":65,"column":59}},"5":{"start":{"line":77,"column":8},"end":{"line":77,"column":93}},"6":{"start":{"line":80,"column":8},"end":{"line":80,"column":2707}},"7":{"start":{"line":83,"column":8},"end":{"line":83,"column":2862}},"8":{"start":{"line":84,"column":12},"end":{"line":84,"column":2929}},"9":{"start":{"line":98,"column":8},"end":{"line":98,"column":48}},"10":{"start":{"line":99,"column":8},"end":{"line":99,"column":72}},"11":{"start":{"line":101,"column":8},"end":{"line":101,"column":3524}},"12":{"start":{"line":102,"column":12},"end":{"line":102,"column":72}},"13":{"start":{"line":104,"column":12},"end":{"line":104,"column":76}},"14":{"start":{"line":106,"column":12},"end":{"line":106,"column":115}},"15":{"start":{"line":108,"column":12},"end":{"line":108,"column":86}},"16":{"start":{"line":110,"column":12},"end":{"line":110,"column":40}},"17":{"start":{"line":111,"column":12},"end":{"line":111,"column":3992}},"18":{"start":{"line":115,"column":12},"end":{"line":115,"column":51}},"19":{"start":{"line":117,"column":12},"end":{"line":117,"column":94}},"20":{"start":{"line":119,"column":12},"end":{"line":119,"column":4332}},"21":{"start":{"line":121,"column":16},"end":{"line":121,"column":39}},"22":{"start":{"line":126,"column":12},"end":{"line":126,"column":106}},"23":{"start":{"line":129,"column":8},"end":{"line":129,"column":60}},"24":{"start":{"line":130,"column":8},"end":{"line":130,"column":19}},"25":{"start":{"line":146,"column":8},"end":{"line":146,"column":92}},"26":{"start":{"line":159,"column":8},"end":{"line":159,"column":41}},"27":{"start":{"line":161,"column":8},"end":{"line":161,"column":33}},"28":{"start":{"line":165,"column":8},"end":{"line":165,"column":95}},"29":{"start":{"line":174,"column":8},"end":{"line":174,"column":31}},"30":{"start":{"line":175,"column":8},"end":{"line":175,"column":30}},"31":{"start":{"line":181,"column":8},"end":{"line":181,"column":49}},"32":{"start":{"line":185,"column":8},"end":{"line":185,"column":16}},"33":{"start":{"line":189,"column":8},"end":{"line":189,"column":54}},"34":{"start":{"line":193,"column":8},"end":{"line":193,"column":54}},"35":{"start":{"line":197,"column":8},"end":{"line":197,"column":51}},"36":{"start":{"line":201,"column":8},"end":{"line":201,"column":91}}},"branchMap":{"1":{"line":38,"type":"if","locations":[{"start":{"line":38,"column":13},"end":{"line":38,"column":13}},{"start":{"line":38,"column":13},"end":{"line":38,"column":13}}]},"2":{"line":64,"type":"if","locations":[{"start":{"line":64,"column":8},"end":{"line":64,"column":8}},{"start":{"line":64,"column":8},"end":{"line":64,"column":8}}]},"3":{"line":76,"type":"if","locations":[{"start":{"line":76,"column":15},"end":{"line":76,"column":15}},{"start":{"line":76,"column":15},"end":{"line":76,"column":15}}]},"4":{"line":77,"type":"if","locations":[{"start":{"line":77,"column":8},"end":{"line":77,"column":8}},{"start":{"line":77,"column":8},"end":{"line":77,"column":8}}]},"5":{"line":99,"type":"if","locations":[{"start":{"line":99,"column":8},"end":{"line":99,"column":8}},{"start":{"line":99,"column":8},"end":{"line":99,"column":8}}]},"6":{"line":102,"type":"if","locations":[{"start":{"line":102,"column":12},"end":{"line":102,"column":12}},{"start":{"line":102,"column":12},"end":{"line":102,"column":12}}]},"7":{"line":108,"type":"if","locations":[{"start":{"line":108,"column":12},"end":{"line":108,"column":12}},{"start":{"line":108,"column":12},"end":{"line":108,"column":12}}]},"8":{"line":111,"type":"if","locations":[{"start":{"line":111,"column":12},"end":{"line":111,"column":12}},{"start":{"line":111,"column":12},"end":{"line":111,"column":12}}]},"9":{"line":119,"type":"if","locations":[{"start":{"line":119,"column":12},"end":{"line":119,"column":12}},{"start":{"line":119,"column":12},"end":{"line":119,"column":12}}]}}},
"contracts/tokens/ERC721/LoanAssetToken.sol":{"l":{"22":146,"24":146,"26":146,"27":144,"35":224,"36":224,"43":132,"47":133,"51":135,"55":135,"64":223,"65":223,"66":223,"67":223},"path":"/Users/khanhpham/Desktop/untangled/untangled-protocol-open/contracts/tokens/ERC721/LoanAssetToken.sol","s":{"1":146,"2":146,"3":144,"4":224,"5":132,"6":133,"7":135,"8":135,"9":223,"10":223},"b":{"1":[146,0]},"f":{"1":146,"2":224,"3":132,"4":133,"5":135,"6":135,"7":223},"fnMap":{"1":{"name":"initialize","line":21,"loc":{"start":{"line":16,"column":4},"end":{"line":28,"column":4}}},"2":{"name":"getExpectedRepaymentValues","line":30,"loc":{"start":{"line":30,"column":4},"end":{"line":40,"column":4}}},"3":{"name":"getExpirationTimestamp","line":42,"loc":{"start":{"line":42,"column":4},"end":{"line":44,"column":4}}},"4":{"name":"getRiskScore","line":46,"loc":{"start":{"line":46,"column":4},"end":{"line":48,"column":4}}},"5":{"name":"getAssetPurpose","line":50,"loc":{"start":{"line":50,"column":4},"end":{"line":52,"column":4}}},"6":{"name":"getInterestRate","line":54,"loc":{"start":{"line":54,"column":4},"end":{"line":56,"column":4}}},"7":{"name":"getTotalExpectedRepaymentValue","line":58,"loc":{"start":{"line":58,"column":4},"end":{"line":68,"column":4}}}},"statementMap":{"1":{"start":{"line":22,"column":8},"end":{"line":22,"column":58}},"2":{"start":{"line":26,"column":8},"end":{"line":26,"column":65}},"3":{"start":{"line":27,"column":8},"end":{"line":27,"column":46}},"4":{"start":{"line":35,"column":8},"end":{"line":35,"column":46}},"5":{"start":{"line":43,"column":8},"end":{"line":43,"column":83}},"6":{"start":{"line":47,"column":8},"end":{"line":47,"column":73}},"7":{"start":{"line":51,"column":8},"end":{"line":51,"column":76}},"8":{"start":{"line":55,"column":8},"end":{"line":55,"column":89}},"9":{"start":{"line":64,"column":8},"end":{"line":64,"column":31}},"10":{"start":{"line":65,"column":8},"end":{"line":65,"column":30}}},"branchMap":{"1":{"line":21,"type":"if","locations":[{"start":{"line":21,"column":13},"end":{"line":21,"column":13}},{"start":{"line":21,"column":13},"end":{"line":21,"column":13}}]}}},
"contracts/uid/UniqueIdentity.sol":{"l":{"38":47,"40":47,"41":47,"46":47,"51":47,"52":47,"56":23,"57":23,"58":92,"67":1,"75":1,"83":6,"92":1,"93":1,"97":7,"98":7,"99":7,"101":7,"110":1,"112":1,"113":1,"124":9,"128":8,"137":7,"139":7,"142":7,"143":7,"144":7,"153":1,"155":1,"167":1,"168":1,"169":1,"173":8,"174":8},"path":"/Users/khanhpham/Desktop/untangled/untangled-protocol-open/contracts/uid/UniqueIdentity.sol","s":{"1":47,"2":47,"3":47,"4":47,"5":47,"6":47,"7":23,"8":23,"9":1,"10":1,"11":6,"12":1,"13":1,"14":7,"15":7,"16":7,"17":7,"18":1,"19":1,"20":1,"21":9,"22":8,"23":7,"24":7,"25":7,"26":7,"27":1,"28":1,"29":1,"30":1},"b":{"1":[47,0],"2":[47,0],"3":[47,0],"4":[47,0],"5":[23,0],"6":[23,0],"7":[6,0],"8":[6,0],"9":[1,0],"10":[1,0],"11":[1,0],"12":[7,0],"13":[7,0],"14":[7,0],"15":[1,0],"16":[1,0],"17":[1,0],"18":[8,1],"19":[7,1],"20":[7,0],"21":[7,0],"22":[1,0],"23":[1,0]},"f":{"1":47,"2":47,"3":47,"4":23,"5":1,"6":1,"7":6,"8":1,"9":7,"10":1,"11":9,"12":7,"13":1,"14":8},"fnMap":{"1":{"name":"initialize","line":37,"loc":{"start":{"line":37,"column":4},"end":{"line":42,"column":4}}},"2":{"name":"__UniqueIdentity_init","line":45,"loc":{"start":{"line":45,"column":4},"end":{"line":47,"column":4}}},"3":{"name":"__UniqueIdentity_init_unchained","line":50,"loc":{"start":{"line":50,"column":4},"end":{"line":53,"column":4}}},"4":{"name":"setSupportedUIDTypes","line":55,"loc":{"start":{"line":55,"column":4},"end":{"line":60,"column":4}}},"5":{"name":"name","line":66,"loc":{"start":{"line":66,"column":4},"end":{"line":68,"column":4}}},"6":{"name":"symbol","line":74,"loc":{"start":{"line":74,"column":4},"end":{"line":76,"column":4}}},"7":{"name":"mint","line":82,"loc":{"start":{"line":78,"column":4},"end":{"line":84,"column":4}}},"8":{"name":"mintTo","line":91,"loc":{"start":{"line":86,"column":4},"end":{"line":94,"column":4}}},"9":{"name":"_mintTo","line":96,"loc":{"start":{"line":96,"column":4},"end":{"line":102,"column":4}}},"10":{"name":"burn","line":109,"loc":{"start":{"line":104,"column":4},"end":{"line":114,"column":4}}},"11":{"name":"_beforeTokenTransfer","line":116,"loc":{"start":{"line":116,"column":4},"end":{"line":129,"column":4}}},"12":{"name":"onlySigner","line":131,"loc":{"start":{"line":131,"column":4},"end":{"line":145,"column":4}}},"13":{"name":"onlySignerMintTo","line":147,"loc":{"start":{"line":147,"column":4},"end":{"line":170,"column":4}}},"14":{"name":"incrementNonce","line":172,"loc":{"start":{"line":172,"column":4},"end":{"line":175,"column":4}}}},"statementMap":{"1":{"start":{"line":38,"column":8},"end":{"line":38,"column":68}},"2":{"start":{"line":40,"column":8},"end":{"line":40,"column":45}},"3":{"start":{"line":41,"column":8},"end":{"line":41,"column":35}},"4":{"start":{"line":46,"column":8},"end":{"line":46,"column":45}},"5":{"start":{"line":51,"column":8},"end":{"line":51,"column":37}},"6":{"start":{"line":52,"column":8},"end":{"line":52,"column":45}},"7":{"start":{"line":56,"column":8},"end":{"line":56,"column":79}},"8":{"start":{"line":57,"column":8},"end":{"line":57,"column":2384}},"9":{"start":{"line":67,"column":8},"end":{"line":67,"column":32}},"10":{"start":{"line":75,"column":8},"end":{"line":75,"column":20}},"11":{"start":{"line":83,"column":8},"end":{"line":83,"column":32}},"12":{"start":{"line":92,"column":8},"end":{"line":92,"column":78}},"13":{"start":{"line":93,"column":8},"end":{"line":93,"column":29}},"14":{"start":{"line":97,"column":8},"end":{"line":97,"column":83}},"15":{"start":{"line":98,"column":8},"end":{"line":98,"column":71}},"16":{"start":{"line":99,"column":8},"end":{"line":99,"column":82}},"17":{"start":{"line":101,"column":8},"end":{"line":101,"column":38}},"18":{"start":{"line":110,"column":8},"end":{"line":110,"column":28}},"19":{"start":{"line":112,"column":8},"end":{"line":112,"column":55}},"20":{"start":{"line":113,"column":8},"end":{"line":113,"column":67}},"21":{"start":{"line":124,"column":8},"end":{"line":124,"column":4504}},"22":{"start":{"line":128,"column":8},"end":{"line":128,"column":73}},"23":{"start":{"line":137,"column":8},"end":{"line":137,"column":68}},"24":{"start":{"line":139,"column":8},"end":{"line":139,"column":4978}},"25":{"start":{"line":142,"column":8},"end":{"line":142,"column":80}},"26":{"start":{"line":143,"column":8},"end":{"line":143,"column":109}},"27":{"start":{"line":153,"column":8},"end":{"line":153,"column":68}},"28":{"start":{"line":155,"column":8},"end":{"line":155,"column":5557}},"29":{"start":{"line":167,"column":8},"end":{"line":167,"column":80}},"30":{"start":{"line":168,"column":8},"end":{"line":168,"column":109}}},"branchMap":{"1":{"line":37,"type":"if","locations":[{"start":{"line":37,"column":65},"end":{"line":37,"column":65}},{"start":{"line":37,"column":65},"end":{"line":37,"column":65}}]},"2":{"line":38,"type":"if","locations":[{"start":{"line":38,"column":8},"end":{"line":38,"column":8}},{"start":{"line":38,"column":8},"end":{"line":38,"column":8}}]},"3":{"line":45,"type":"if","locations":[{"start":{"line":45,"column":59},"end":{"line":45,"column":59}},{"start":{"line":45,"column":59},"end":{"line":45,"column":59}}]},"4":{"line":50,"type":"if","locations":[{"start":{"line":50,"column":69},"end":{"line":50,"column":69}},{"start":{"line":50,"column":69},"end":{"line":50,"column":69}}]},"5":{"line":55,"type":"if","locations":[{"start":{"line":55,"column":89},"end":{"line":55,"column":89}},{"start":{"line":55,"column":89},"end":{"line":55,"column":89}}]},"6":{"line":56,"type":"if","locations":[{"start":{"line":56,"column":8},"end":{"line":56,"column":8}},{"start":{"line":56,"column":8},"end":{"line":56,"column":8}}]},"7":{"line":82,"type":"if","locations":[{"start":{"line":82,"column":30},"end":{"line":82,"column":30}},{"start":{"line":82,"column":30},"end":{"line":82,"column":30}}]},"8":{"line":82,"type":"if","locations":[{"start":{"line":82,"column":81},"end":{"line":82,"column":81}},{"start":{"line":82,"column":81},"end":{"line":82,"column":81}}]},"9":{"line":91,"type":"if","locations":[{"start":{"line":91,"column":30},"end":{"line":91,"column":30}},{"start":{"line":91,"column":30},"end":{"line":91,"column":30}}]},"10":{"line":91,"type":"if","locations":[{"start":{"line":91,"column":84},"end":{"line":91,"column":84}},{"start":{"line":91,"column":84},"end":{"line":91,"column":84}}]},"11":{"line":92,"type":"if","locations":[{"start":{"line":92,"column":8},"end":{"line":92,"column":8}},{"start":{"line":92,"column":8},"end":{"line":92,"column":8}}]},"12":{"line":97,"type":"if","locations":[{"start":{"line":97,"column":8},"end":{"line":97,"column":8}},{"start":{"line":97,"column":8},"end":{"line":97,"column":8}}]},"13":{"line":98,"type":"if","locations":[{"start":{"line":98,"column":8},"end":{"line":98,"column":8}},{"start":{"line":98,"column":8},"end":{"line":98,"column":8}}]},"14":{"line":99,"type":"if","locations":[{"start":{"line":99,"column":8},"end":{"line":99,"column":8}},{"start":{"line":99,"column":8},"end":{"line":99,"column":8}}]},"15":{"line":109,"type":"if","locations":[{"start":{"line":109,"column":22},"end":{"line":109,"column":22}},{"start":{"line":109,"column":22},"end":{"line":109,"column":22}}]},"16":{"line":109,"type":"if","locations":[{"start":{"line":109,"column":68},"end":{"line":109,"column":68}},{"start":{"line":109,"column":68},"end":{"line":109,"column":68}}]},"17":{"line":113,"type":"if","locations":[{"start":{"line":113,"column":8},"end":{"line":113,"column":8}},{"start":{"line":113,"column":8},"end":{"line":113,"column":8}}]},"18":{"line":124,"type":"if","locations":[{"start":{"line":124,"column":8},"end":{"line":124,"column":8}},{"start":{"line":124,"column":8},"end":{"line":124,"column":8}}]},"19":{"line":125,"type":"cond-expr","locations":[{"start":{"line":125,"column":12},"end":{"line":125,"column":51}},{"start":{"line":125,"column":56},"end":{"line":125,"column":95}}]},"20":{"line":137,"type":"if","locations":[{"start":{"line":137,"column":8},"end":{"line":137,"column":8}},{"start":{"line":137,"column":8},"end":{"line":137,"column":8}}]},"21":{"line":143,"type":"if","locations":[{"start":{"line":143,"column":8},"end":{"line":143,"column":8}},{"start":{"line":143,"column":8},"end":{"line":143,"column":8}}]},"22":{"line":153,"type":"if","locations":[{"start":{"line":153,"column":8},"end":{"line":153,"column":8}},{"start":{"line":153,"column":8},"end":{"line":153,"column":8}}]},"23":{"line":168,"type":"if","locations":[{"start":{"line":168,"column":8},"end":{"line":168,"column":8}},{"start":{"line":168,"column":8},"end":{"line":168,"column":8}}]}}}}
