TN:
SF:/Users/khanhpham/Desktop/untangled/untangled-protocol-open/contracts/base/Factory.sol
FN:6,deployMinimal
FNF:1
FNH:1
FNDA:28,deployMinimal
DA:7,28
DA:8,28
DA:15,28
LF:3
LH:3
BRF:0
BRH:0
end_of_record
TN:
SF:/Users/khanhpham/Desktop/untangled/untangled-protocol-open/contracts/base/UntangledBase.sol
FN:26,__UntangledBase__init
FN:30,__UntangledBase__init_unchained
FN:43,pause
FN:47,unpause
FNF:4
FNH:4
FNDA:546,__UntangledBase__init
FNDA:674,__UntangledBase__init_unchained
FNDA:3,pause
FNDA:3,unpause
DA:27,546
DA:31,674
DA:32,674
DA:33,674
DA:35,674
DA:37,674
DA:38,674
DA:40,674
DA:44,3
DA:48,3
LF:10
LH:10
BRDA:26,1,0,546
BRDA:26,1,1,0
BRDA:30,2,0,674
BRDA:30,2,1,0
BRDA:35,3,0,0
BRDA:35,3,1,674
BRDA:43,4,0,3
BRDA:43,4,1,0
BRDA:47,5,0,3
BRDA:47,5,1,0
BRF:10
BRH:5
end_of_record
TN:
SF:/Users/khanhpham/Desktop/untangled/untangled-protocol-open/contracts/interfaces/ICrowdSale.sol
FNF:0
FNH:0
LF:0
LH:0
BRF:0
BRH:0
end_of_record
TN:
SF:/Users/khanhpham/Desktop/untangled/untangled-protocol-open/contracts/interfaces/IDistributionAssessor.sol
FNF:0
FNH:0
LF:0
LH:0
BRF:0
BRH:0
end_of_record
TN:
SF:/Users/khanhpham/Desktop/untangled/untangled-protocol-open/contracts/interfaces/IDistributionOperator.sol
FNF:0
FNH:0
LF:0
LH:0
BRF:0
BRH:0
end_of_record
TN:
SF:/Users/khanhpham/Desktop/untangled/untangled-protocol-open/contracts/interfaces/IDistributionTranche.sol
FNF:0
FNH:0
LF:0
LH:0
BRF:0
BRH:0
end_of_record
TN:
SF:/Users/khanhpham/Desktop/untangled/untangled-protocol-open/contracts/interfaces/IGo.sol
FNF:0
FNH:0
LF:0
LH:0
BRF:0
BRH:0
end_of_record
TN:
SF:/Users/khanhpham/Desktop/untangled/untangled-protocol-open/contracts/interfaces/ILoanInterestTermsContract.sol
FNF:0
FNH:0
LF:0
LH:0
BRF:0
BRH:0
end_of_record
TN:
SF:/Users/khanhpham/Desktop/untangled/untangled-protocol-open/contracts/interfaces/ILoanKernel.sol
FNF:0
FNH:0
LF:0
LH:0
BRF:0
BRH:0
end_of_record
TN:
SF:/Users/khanhpham/Desktop/untangled/untangled-protocol-open/contracts/interfaces/ILoanRegistry.sol
FNF:0
FNH:0
LF:0
LH:0
BRF:0
BRH:0
end_of_record
TN:
SF:/Users/khanhpham/Desktop/untangled/untangled-protocol-open/contracts/interfaces/ILoanRepaymentRouter.sol
FNF:0
FNH:0
LF:0
LH:0
BRF:0
BRH:0
end_of_record
TN:
SF:/Users/khanhpham/Desktop/untangled/untangled-protocol-open/contracts/interfaces/IMintedIncreasingInterestTGE.sol
FNF:0
FNH:0
LF:0
LH:0
BRF:0
BRH:0
end_of_record
TN:
SF:/Users/khanhpham/Desktop/untangled/untangled-protocol-open/contracts/interfaces/INoteToken.sol
FNF:0
FNH:0
LF:0
LH:0
BRF:0
BRH:0
end_of_record
TN:
SF:/Users/khanhpham/Desktop/untangled/untangled-protocol-open/contracts/interfaces/INoteTokenFactory.sol
FNF:0
FNH:0
LF:0
LH:0
BRF:0
BRH:0
end_of_record
TN:
SF:/Users/khanhpham/Desktop/untangled/untangled-protocol-open/contracts/interfaces/IRequiresUID.sol
FNF:0
FNH:0
LF:0
LH:0
BRF:0
BRH:0
end_of_record
TN:
SF:/Users/khanhpham/Desktop/untangled/untangled-protocol-open/contracts/interfaces/ISecuritizationManager.sol
FNF:0
FNH:0
LF:0
LH:0
BRF:0
BRH:0
end_of_record
TN:
SF:/Users/khanhpham/Desktop/untangled/untangled-protocol-open/contracts/interfaces/ISecuritizationPool.sol
FNF:0
FNH:0
LF:0
LH:0
BRF:0
BRH:0
end_of_record
TN:
SF:/Users/khanhpham/Desktop/untangled/untangled-protocol-open/contracts/interfaces/ISecuritizationPoolValueService.sol
FNF:0
FNH:0
LF:0
LH:0
BRF:0
BRH:0
end_of_record
TN:
SF:/Users/khanhpham/Desktop/untangled/untangled-protocol-open/contracts/interfaces/ITokenGenerationEventFactory.sol
FNF:0
FNH:0
LF:0
LH:0
BRF:0
BRH:0
end_of_record
TN:
SF:/Users/khanhpham/Desktop/untangled/untangled-protocol-open/contracts/interfaces/IUniqueIdentity.sol
FNF:0
FNH:0
LF:0
LH:0
BRF:0
BRH:0
end_of_record
TN:
SF:/Users/khanhpham/Desktop/untangled/untangled-protocol-open/contracts/interfaces/IUntangledERC721.sol
FN:14,__UntangledERC721__init
FN:22,__UntangledERC721__init_unchained
FN:26,mint
FN:30,safeMint
FNF:4
FNH:4
FNDA:223,__UntangledERC721__init
FNDA:223,__UntangledERC721__init_unchained
FNDA:1,mint
FNDA:16,safeMint
DA:15,223
DA:23,223
DA:27,1
DA:31,16
LF:4
LH:4
BRDA:14,1,0,223
BRDA:14,1,1,0
BRDA:22,2,0,223
BRDA:22,2,1,0
BRDA:26,3,0,1
BRDA:26,3,1,3
BRDA:30,4,0,16
BRDA:30,4,1,0
BRF:8
BRH:5
end_of_record
TN:
SF:/Users/khanhpham/Desktop/untangled/untangled-protocol-open/contracts/libraries/ConfigHelper.sol
FN:32,getAddress
FN:36,getSecuritizationManager
FN:40,getSecuritizationPool
FN:44,getNoteTokenFactory
FN:48,getTokenGenerationEventFactory
FN:55,getDistributionOperator
FN:59,getLoanAssetToken
FN:63,getAcceptedInvoiceToken
FN:67,getLoanRegistry
FN:71,getLoanInterestTermsContract
FN:76,getLoanRepaymentRouter
FN:80,getLoanKernel
FN:84,getDistributionTranche
FN:88,getSecuritizationPoolValueService
FN:99,getDistributionAssessor
FN:103,getMintedIncreasingInterestTGE
FN:110,getMintedNormalTGE
FN:117,getGo
FNF:18
FNH:18
FNDA:1932,getAddress
FNDA:117,getSecuritizationManager
FNDA:15,getSecuritizationPool
FNDA:26,getNoteTokenFactory
FNDA:20,getTokenGenerationEventFactory
FNDA:28,getDistributionOperator
FNDA:69,getLoanAssetToken
FNDA:15,getAcceptedInvoiceToken
FNDA:946,getLoanRegistry
FNDA:350,getLoanInterestTermsContract
FNDA:13,getLoanRepaymentRouter
FNDA:225,getLoanKernel
FNDA:21,getDistributionTranche
FNDA:32,getSecuritizationPoolValueService
FNDA:29,getDistributionAssessor
FNDA:7,getMintedIncreasingInterestTGE
FNDA:6,getMintedNormalTGE
FNDA:13,getGo
DA:33,1932
DA:37,117
DA:41,15
DA:45,26
DA:49,20
DA:56,28
DA:60,69
DA:64,15
DA:68,946
DA:72,350
DA:77,13
DA:81,225
DA:85,21
DA:93,32
DA:100,29
DA:104,7
DA:111,6
DA:118,13
LF:18
LH:18
BRF:0
BRH:0
end_of_record
TN:
SF:/Users/khanhpham/Desktop/untangled/untangled-protocol-open/contracts/libraries/Configuration.sol
FNF:0
FNH:0
LF:0
LH:0
BRF:0
BRH:0
end_of_record
TN:
SF:/Users/khanhpham/Desktop/untangled/untangled-protocol-open/contracts/libraries/UnpackLoanParamtersLib.sol
FN:28,_bitShiftRight
FN:35,_unpackLoanTermsParametersFromBytes
FN:74,unpackParametersFromBytes
FNF:3
FNH:3
FNDA:1690,_bitShiftRight
FNDA:338,_unpackLoanTermsParametersFromBytes
FNDA:338,unpackParametersFromBytes
DA:29,1690
DA:47,338
DA:50,338
DA:52,338
DA:56,338
DA:59,338
DA:62,338
DA:85,338
LF:8
LH:8
BRF:0
BRH:0
end_of_record
TN:
SF:/Users/khanhpham/Desktop/untangled/untangled-protocol-open/contracts/libraries/UntangledMath.sol
FN:9,rpow
FN:64,uncheckedInc
FNF:2
FNH:2
FNDA:216,rpow
FNDA:177,uncheckedInc
DA:14,216
DA:65,177
DA:66,177
LF:3
LH:3
BRF:0
BRH:0
end_of_record
TN:
SF:/Users/khanhpham/Desktop/untangled/untangled-protocol-open/contracts/protocol/Go.sol
FN:24,onlyAdmin
FN:32,initialize
FN:45,performUpgrade
FN:49,_performUpgrade
FN:76,goOnlyIdTypes
FN:116,getAllIdTypes
FN:131,go
FN:135,initZapperRole
FNF:8
FNH:8
FNDA:3,onlyAdmin
FNDA:53,initialize
FNDA:1,performUpgrade
FNDA:54,_performUpgrade
FNDA:18,goOnlyIdTypes
FNDA:2,getAllIdTypes
FNDA:1,go
FNDA:1,initZapperRole
DA:25,3
DA:26,2
DA:33,53
DA:37,53
DA:38,53
DA:39,53
DA:40,53
DA:41,53
DA:46,1
DA:50,54
DA:51,54
DA:52,54
DA:53,54
DA:54,54
DA:55,54
DA:56,54
DA:57,54
DA:58,54
DA:59,54
DA:60,54
DA:80,18
DA:82,18
DA:83,1
DA:86,17
DA:87,30
DA:89,30
DA:90,30
DA:91,13
DA:103,17
DA:104,17
DA:105,1
DA:110,3
DA:118,2
DA:119,2
DA:120,22
DA:123,2
DA:132,1
DA:136,1
LF:38
LH:38
BRDA:25,1,0,2
BRDA:25,1,1,1
BRDA:32,2,0,53
BRDA:32,2,1,0
BRDA:33,3,0,53
BRDA:33,3,1,0
BRDA:45,4,0,1
BRDA:45,4,1,0
BRDA:80,5,0,18
BRDA:80,5,1,0
BRDA:82,6,0,1
BRDA:82,6,1,17
BRDA:90,7,0,13
BRDA:90,7,1,17
BRDA:104,8,0,1
BRDA:104,8,1,16
BRDA:135,9,0,1
BRDA:135,9,1,1
BRF:18
BRH:14
end_of_record
TN:
SF:/Users/khanhpham/Desktop/untangled/untangled-protocol-open/contracts/protocol/loan/LoanInterestTermsContract.sol
FN:39,initialize
FN:70,onlyKernel
FN:75,onlyRouter
FN:83,onlyHaventStartedLoan
FN:88,_addRepaidPrincipalAmount
FN:92,_addRepaidInterestAmount
FN:96,_setCompletedRepayment
FN:107,registerTermStart
FN:120,registerConcludeLoan
FN:147,registerRepayment
FN:200,getValueRepaidToDate
FN:205,isCompletedRepayments
FN:219,getExpectedRepaymentValues
FN:251,getMultiExpectedRepaymentValues
FN:272,getInterestRate
FN:278,_getAmortizationUnitLengthInSeconds
FN:303,_unpackParamsForAgreementID
FN:351,_calculateInterestForDuration
FN:377,_getExpectedRepaymentValuesToTimestamp
FN:407,_calculateInterestAmountToTimestamp
FNF:20
FNH:20
FNDA:53,initialize
FNDA:23,onlyKernel
FNDA:7,onlyRouter
FNDA:15,onlyHaventStartedLoan
FNDA:6,_addRepaidPrincipalAmount
FNDA:6,_addRepaidInterestAmount
FNDA:5,_setCompletedRepayment
FNDA:14,registerTermStart
FNDA:6,registerConcludeLoan
FNDA:6,registerRepayment
FNDA:4,getValueRepaidToDate
FNDA:2,isCompletedRepayments
FNDA:214,getExpectedRepaymentValues
FNDA:1,getMultiExpectedRepaymentValues
FNDA:124,getInterestRate
FNDA:338,_getAmortizationUnitLengthInSeconds
FNDA:338,_unpackParamsForAgreementID
FNDA:142,_calculateInterestForDuration
FNDA:214,_getExpectedRepaymentValuesToTimestamp
FNDA:214,_calculateInterestAmountToTimestamp
DA:40,53
DA:42,53
DA:71,23
DA:72,21
DA:76,7
DA:80,6
DA:84,15
DA:85,14
DA:89,6
DA:93,6
DA:97,5
DA:110,14
DA:111,14
DA:123,6
DA:125,5
DA:127,5
DA:128,5
DA:148,6
DA:149,6
DA:153,6
DA:154,6
DA:156,6
DA:158,6
DA:159,6
DA:161,6
DA:165,6
DA:168,6
DA:169,5
DA:170,5
DA:171,5
DA:173,5
DA:176,1
DA:177,0
DA:180,1
DA:181,1
DA:184,1
DA:190,6
DA:194,6
DA:196,6
DA:201,4
DA:206,2
DA:207,2
DA:208,2
DA:209,6
DA:211,2
DA:225,214
DA:227,214
DA:229,214
DA:230,214
DA:231,214
DA:233,214
DA:234,214
DA:235,214
DA:236,0
DA:239,214
DA:257,1
DA:258,1
DA:259,1
DA:260,1
DA:261,1
DA:265,1
DA:266,1
DA:268,1
DA:273,124
DA:283,338
DA:284,1
DA:286,335
DA:288,0
DA:290,2
DA:292,0
DA:294,0
DA:296,0
DA:308,338
DA:309,338
DA:310,338
DA:311,338
DA:312,338
DA:314,338
DA:316,338
DA:318,338
DA:320,338
DA:321,338
DA:323,338
DA:331,338
DA:336,338
DA:339,338
DA:358,142
DA:362,142
DA:386,214
DA:388,214
DA:390,214
DA:391,0
DA:393,214
DA:417,214
DA:418,72
DA:420,142
DA:423,142
DA:424,142
DA:427,142
DA:429,137
DA:430,0
DA:432,137
DA:434,0
DA:441,137
DA:450,5
DA:451,0
DA:457,5
DA:460,0
DA:463,142
LF:109
LH:98
BRDA:39,1,0,53
BRDA:39,1,1,0
BRDA:71,2,0,21
BRDA:71,2,1,2
BRDA:76,3,0,6
BRDA:76,3,1,1
BRDA:84,4,0,14
BRDA:84,4,1,1
BRDA:105,5,0,16
BRDA:105,5,1,0
BRDA:106,6,0,15
BRDA:106,6,1,1
BRDA:107,7,0,14
BRDA:107,7,1,1
BRDA:118,8,0,7
BRDA:118,8,1,0
BRDA:119,9,0,7
BRDA:119,9,1,0
BRDA:120,10,0,6
BRDA:120,10,1,1
BRDA:123,11,0,5
BRDA:123,11,1,1
BRDA:147,12,0,6
BRDA:147,12,1,1
BRDA:149,13,0,6
BRDA:149,13,1,0
BRDA:153,14,0,6
BRDA:153,14,1,0
BRDA:154,15,0,6
BRDA:154,15,1,0
BRDA:165,16,0,6
BRDA:165,16,1,0
BRDA:168,17,0,5
BRDA:168,17,1,1
BRDA:176,18,0,0
BRDA:176,18,1,1
BRDA:181,19,0,1
BRDA:181,19,1,0
BRDA:235,20,0,0
BRDA:235,20,1,214
BRDA:283,21,0,1
BRDA:283,21,1,337
BRDA:285,22,0,335
BRDA:285,22,1,2
BRDA:287,23,0,0
BRDA:287,23,1,2
BRDA:289,24,0,2
BRDA:289,24,1,0
BRDA:291,25,0,0
BRDA:291,25,1,0
BRDA:293,26,0,0
BRDA:293,26,1,0
BRDA:390,27,0,0
BRDA:390,27,1,214
BRDA:417,28,0,72
BRDA:417,28,1,142
BRDA:423,29,0,0
BRDA:423,29,1,142
BRDA:424,30,0,0
BRDA:424,30,1,142
BRDA:427,31,0,137
BRDA:427,31,1,5
BRDA:429,32,0,0
BRDA:429,32,1,137
BRDA:432,33,0,0
BRDA:432,33,1,137
BRDA:448,34,0,5
BRDA:448,34,1,0
BRDA:450,35,0,0
BRDA:450,35,1,5
BRF:70
BRH:46
end_of_record
TN:
SF:/Users/khanhpham/Desktop/untangled/untangled-protocol-open/contracts/protocol/loan/LoanKernel.sol
FN:15,initialize
FN:21,validFillingOrderAddresses
FN:46,_getIssuance
FN:70,_getDebtOrderHashes
FN:85,_getLoanOrder
FN:112,_issueDebtAgreements
FN:145,_debtorsFromOrderAddresses
FN:158,_principalAmountsFromOrderValues
FN:170,_expirationTimestampsFromOrderValues
FN:182,_saltFromOrderValues
FN:194,_riskScoresFromOrderValues
FN:206,_getAssetPurposeAndRiskScore
FN:213,_burnLoanAssetToken
FN:217,_assertDebtExisting
FN:221,_assertCompletedRepayment
FN:231,concludeLoan
FN:255,concludeLoans
FN:275,fillDebtOrder
FN:317,_getDebtOrderHash
FN:337,_genLoanAgreementIds
FNF:20
FNH:20
FNDA:53,initialize
FNDA:16,validFillingOrderAddresses
FNDA:11,_getIssuance
FNDA:11,_getDebtOrderHashes
FNDA:11,_getLoanOrder
FNDA:16,_issueDebtAgreements
FNDA:11,_debtorsFromOrderAddresses
FNDA:11,_principalAmountsFromOrderValues
FNDA:11,_expirationTimestampsFromOrderValues
FNDA:11,_saltFromOrderValues
FNDA:11,_riskScoresFromOrderValues
FNDA:16,_getAssetPurposeAndRiskScore
FNDA:5,_burnLoanAssetToken
FNDA:7,_assertDebtExisting
FNDA:6,_assertCompletedRepayment
FNDA:10,concludeLoan
FNDA:5,concludeLoans
FNDA:12,fillDebtOrder
FNDA:19,_getDebtOrderHash
FNDA:11,_genLoanAgreementIds
DA:16,53
DA:18,53
DA:22,16
DA:23,15
DA:27,14
DA:31,13
DA:35,12
DA:52,11
DA:67,11
DA:71,11
DA:72,11
DA:73,11
DA:74,19
DA:82,11
DA:92,11
DA:93,11
DA:107,11
DA:108,11
DA:125,16
DA:127,13
DA:150,11
DA:151,11
DA:152,19
DA:154,11
DA:163,11
DA:164,11
DA:165,19
DA:167,11
DA:175,11
DA:176,11
DA:177,19
DA:179,11
DA:187,11
DA:188,11
DA:189,19
DA:191,11
DA:199,11
DA:200,11
DA:201,19
DA:203,11
DA:207,16
DA:208,16
DA:209,16
DA:210,16
DA:214,5
DA:218,7
DA:222,6
DA:232,10
DA:233,9
DA:234,8
DA:236,7
DA:237,1
DA:240,5
DA:244,5
DA:256,5
DA:257,5
DA:258,5
DA:276,12
DA:278,11
DA:279,11
DA:287,11
DA:288,11
DA:289,17
DA:291,16
DA:303,13
DA:308,13
DA:324,19
DA:344,11
DA:345,11
DA:346,19
DA:350,11
LF:71
LH:71
BRDA:15,1,0,53
BRDA:15,1,1,0
BRDA:22,2,0,15
BRDA:22,2,1,1
BRDA:23,3,0,14
BRDA:23,3,1,1
BRDA:27,4,0,13
BRDA:27,4,1,1
BRDA:31,5,0,12
BRDA:31,5,1,1
BRDA:127,6,0,13
BRDA:127,6,1,0
BRDA:231,7,0,10
BRDA:231,7,1,0
BRDA:232,8,0,9
BRDA:232,8,1,1
BRDA:233,9,0,8
BRDA:233,9,1,1
BRDA:234,10,0,7
BRDA:234,10,1,1
BRDA:236,11,0,1
BRDA:236,11,1,5
BRDA:236,12,0,0
BRDA:236,12,1,1
BRDA:240,13,0,5
BRDA:240,13,1,0
BRDA:255,14,0,5
BRDA:255,14,1,0
BRDA:255,15,0,5
BRDA:255,15,1,0
BRDA:275,16,0,16
BRDA:275,16,1,0
BRDA:275,17,0,16
BRDA:275,17,1,0
BRDA:275,18,0,12
BRDA:275,18,1,4
BRDA:276,19,0,11
BRDA:276,19,1,1
BRDA:289,20,0,16
BRDA:289,20,1,1
BRDA:303,21,0,13
BRDA:303,21,1,0
BRF:42
BRH:32
end_of_record
TN:
SF:/Users/khanhpham/Desktop/untangled/untangled-protocol-open/contracts/protocol/loan/LoanRegistry.sol
FN:15,initialize
FN:20,onlyLoanKernel
FN:25,onlyLoanInterestTermsContract
FN:46,insert
FN:65,getLoanDebtor
FN:70,getLoanTermParams
FN:76,getPrincipalTokenAddress
FN:81,getDebtor
FN:86,getTermContract
FN:91,getRiskScore
FN:96,getAssetPurpose
FN:104,getIssuanceBlockTimestamp
FN:109,getLastRepaymentTimestamp
FN:117,getTermsContractParameters
FN:122,getExpirationTimestamp
FN:132,updateLastRepaymentTimestamp
FN:138,principalPaymentInfo
FN:150,setCompletedLoan
FNF:18
FNH:18
FNDA:53,initialize
FNDA:13,onlyLoanKernel
FNDA:11,onlyLoanInterestTermsContract
FNDA:13,insert
FNDA:1,getLoanDebtor
FNDA:1,getLoanTermParams
FNDA:6,getPrincipalTokenAddress
FNDA:1,getDebtor
FNDA:6,getTermContract
FNDA:121,getRiskScore
FNDA:123,getAssetPurpose
FNDA:338,getIssuanceBlockTimestamp
FNDA:214,getLastRepaymentTimestamp
FNDA:338,getTermsContractParameters
FNDA:120,getExpirationTimestamp
FNDA:6,updateLastRepaymentTimestamp
FNDA:1,principalPaymentInfo
FNDA:5,setCompletedLoan
DA:16,53
DA:17,53
DA:21,13
DA:22,13
DA:26,11
DA:30,11
DA:47,13
DA:48,13
DA:60,13
DA:61,13
DA:66,1
DA:71,1
DA:72,1
DA:77,6
DA:82,1
DA:87,6
DA:92,121
DA:97,123
DA:105,338
DA:110,214
DA:118,338
DA:124,120
DA:134,6
DA:144,1
DA:145,1
DA:146,1
DA:151,5
LF:27
LH:27
BRDA:15,1,0,53
BRDA:15,1,1,0
BRDA:21,2,0,13
BRDA:21,2,1,0
BRDA:26,3,0,11
BRDA:26,3,1,0
BRDA:46,4,0,13
BRDA:46,4,1,0
BRDA:46,5,0,13
BRDA:46,5,1,0
BRDA:46,6,0,13
BRDA:46,6,1,0
BRDA:47,7,0,13
BRDA:47,7,1,0
BRDA:132,8,0,6
BRDA:132,8,1,0
BRDA:150,9,0,5
BRDA:150,9,1,0
BRDA:150,10,0,5
BRDA:150,10,1,0
BRDA:150,11,0,5
BRDA:150,11,1,0
BRF:22
BRH:11
end_of_record
TN:
SF:/Users/khanhpham/Desktop/untangled/untangled-protocol-open/contracts/protocol/loan/LoanRepaymentRouter.sol
FN:17,initialize
FN:24,_assertRepaymentRequest
FN:53,_doRepay
FN:101,repayInBatch
FNF:4
FNH:4
FNDA:53,initialize
FNDA:6,_assertRepaymentRequest
FNDA:6,_doRepay
FNDA:6,repayInBatch
DA:18,53
DA:19,53
DA:30,6
DA:31,6
DA:34,6
DA:35,0
DA:36,0
DA:40,6
DA:44,0
DA:45,0
DA:47,6
DA:61,6
DA:62,6
DA:63,6
DA:65,6
DA:74,6
DA:75,6
DA:76,6
DA:77,6
DA:78,6
DA:82,6
DA:84,6
DA:86,6
DA:88,5
DA:92,6
DA:93,6
DA:102,6
DA:103,6
DA:104,6
DA:108,6
DA:113,6
DA:114,6
LF:32
LH:28
BRDA:17,1,0,53
BRDA:17,1,1,0
BRDA:30,2,0,6
BRDA:30,2,1,0
BRDA:31,3,0,6
BRDA:31,3,1,0
BRDA:34,4,0,0
BRDA:34,4,1,6
BRDA:40,5,0,0
BRDA:40,5,1,6
BRDA:41,6,0,0
BRDA:41,6,1,0
BRDA:74,7,0,6
BRDA:74,7,1,0
BRDA:76,8,0,6
BRDA:76,8,1,0
BRDA:78,9,0,6
BRDA:78,9,1,0
BRDA:86,10,0,5
BRDA:86,10,1,1
BRDA:101,11,0,6
BRDA:101,11,1,0
BRDA:101,12,0,6
BRDA:101,12,1,0
BRDA:104,13,0,6
BRDA:104,13,1,0
BRDA:108,14,0,6
BRDA:108,14,1,0
BRF:28
BRH:14
end_of_record
TN:
SF:/Users/khanhpham/Desktop/untangled/untangled-protocol-open/contracts/protocol/loan/LoanTyping.sol
FNF:0
FNH:0
LF:0
LH:0
BRF:0
BRH:0
end_of_record
TN:
SF:/Users/khanhpham/Desktop/untangled/untangled-protocol-open/contracts/protocol/note-sale/base/LongSaleInterest.sol
FNF:0
FNH:0
LF:0
LH:0
BRF:0
BRH:0
end_of_record
TN:
SF:/Users/khanhpham/Desktop/untangled/untangled-protocol-open/contracts/protocol/note-sale/crowdsale/Crowdsale.sol
FN:49,__Crowdsale__init
FN:57,securitizationPoolRestricted
FN:62,smpRestricted
FN:71,addFunding
FN:84,_newSaleRound
FN:99,buyTokens
FN:120,isDistributedFully
FN:125,getTokenRemainAmount
FN:130,getCurrencyRemainAmount
FN:143,_defaultPreValidatePurchase
FN:154,_preValidatePurchase
FN:163,_deliverTokens
FN:168,_ejectTokens
FN:172,_processPurchase
FN:177,_claimPayment
FN:193,_forwardFunds
FN:198,_setTotalCap
FN:208,totalCapReached
FN:213,isUnderTotalCap
FNF:19
FNH:18
FNDA:16,__Crowdsale__init
FNDA:3,securitizationPoolRestricted
FNDA:12,smpRestricted
FNDA:2,addFunding
FNDA:12,_newSaleRound
FNDA:12,buyTokens
FNDA:3,isDistributedFully
FNDA:1,getTokenRemainAmount
FNDA:1,getCurrencyRemainAmount
FNDA:12,_defaultPreValidatePurchase
FNDA:12,_preValidatePurchase
FNDA:12,_deliverTokens
FNDA:0,_ejectTokens
FNDA:12,_processPurchase
FNDA:12,_claimPayment
FNDA:12,_forwardFunds
FNDA:12,_setTotalCap
FNDA:1,totalCapReached
FNDA:12,isUnderTotalCap
DA:50,16
DA:51,16
DA:52,16
DA:53,16
DA:54,16
DA:58,3
DA:59,3
DA:63,12
DA:67,12
DA:72,2
DA:76,2
DA:78,2
DA:80,2
DA:85,12
DA:87,12
DA:88,12
DA:100,12
DA:102,12
DA:105,12
DA:106,12
DA:108,12
DA:110,12
DA:111,12
DA:112,12
DA:114,12
DA:116,12
DA:121,3
DA:126,1
DA:131,1
DA:148,12
DA:150,12
DA:151,12
DA:159,12
DA:164,12
DA:169,0
DA:173,12
DA:178,12
DA:194,12
DA:199,12
DA:200,12
DA:202,12
DA:204,12
DA:209,1
DA:214,12
LF:44
LH:43
BRDA:49,1,0,16
BRDA:49,1,1,0
BRDA:58,2,0,3
BRDA:58,2,1,0
BRDA:63,3,0,12
BRDA:63,3,1,0
BRDA:71,4,0,2
BRDA:71,4,1,0
BRDA:71,5,0,2
BRDA:71,5,1,0
BRDA:72,6,0,2
BRDA:72,6,1,0
BRDA:73,7,0,2
BRDA:73,7,1,0
BRDA:76,8,0,2
BRDA:76,8,1,0
BRDA:85,9,0,12
BRDA:85,9,1,0
BRDA:99,10,0,12
BRDA:99,10,1,0
BRDA:99,11,0,12
BRDA:99,11,1,0
BRDA:99,12,0,12
BRDA:99,12,1,0
BRDA:148,13,0,12
BRDA:148,13,1,0
BRDA:150,14,0,12
BRDA:150,14,1,0
BRDA:151,15,0,12
BRDA:151,15,1,0
BRDA:178,16,0,12
BRDA:178,16,1,0
BRDA:194,17,0,12
BRDA:194,17,1,0
BRDA:199,18,0,12
BRDA:199,18,1,0
BRDA:200,19,0,12
BRDA:200,19,1,0
BRF:38
BRH:19
end_of_record
TN:
SF:/Users/khanhpham/Desktop/untangled/untangled-protocol-open/contracts/protocol/note-sale/crowdsale/FinalizableCrowdsale.sol
FN:21,finalize
FN:43,_finalization
FNF:2
FNH:2
FNDA:3,finalize
FNDA:3,_finalization
DA:23,3
DA:24,3
DA:25,3
DA:27,3
DA:28,0
DA:29,0
DA:31,0
DA:32,0
DA:34,0
DA:38,3
DA:39,3
LF:11
LH:6
BRDA:19,1,0,3
BRDA:19,1,1,0
BRDA:20,2,0,3
BRDA:20,2,1,0
BRDA:21,3,0,3
BRDA:21,3,1,0
BRDA:23,4,0,3
BRDA:23,4,1,0
BRDA:24,5,0,3
BRDA:24,5,1,0
BRDA:24,6,0,3
BRDA:24,6,1,0
BRDA:27,7,0,0
BRDA:27,7,1,3
BRDA:31,8,0,0
BRDA:31,8,1,0
BRF:16
BRH:7
end_of_record
TN:
SF:/Users/khanhpham/Desktop/untangled/untangled-protocol-open/contracts/protocol/note-sale/crowdsale/IncreasingInterestCrowdsale.sol
FN:25,setInterestRange
FN:47,getCurrentInterest
FN:66,_finalization
FN:73,_preValidatePurchase
FNF:4
FNH:4
FNDA:6,setInterestRange
FNDA:1,getCurrentInterest
FNDA:1,_finalization
FNDA:7,_preValidatePurchase
DA:26,6
DA:27,6
DA:28,6
DA:32,6
DA:34,6
DA:35,6
DA:36,6
DA:37,6
DA:39,6
DA:48,1
DA:49,0
DA:53,1
DA:56,1
DA:58,1
DA:59,0
DA:61,1
DA:67,1
DA:69,1
DA:70,1
DA:78,7
DA:79,7
LF:21
LH:19
BRDA:25,1,0,6
BRDA:25,1,1,0
BRDA:25,2,0,6
BRDA:25,2,1,0
BRDA:26,3,0,6
BRDA:26,3,1,0
BRDA:26,4,0,0
BRDA:26,4,1,6
BRDA:27,5,0,6
BRDA:27,5,1,0
BRDA:28,6,0,6
BRDA:28,6,1,0
BRDA:32,7,0,6
BRDA:32,7,1,0
BRDA:48,8,0,0
BRDA:48,8,1,1
BRDA:58,9,0,0
BRDA:58,9,1,1
BRDA:79,10,0,7
BRDA:79,10,1,0
BRF:20
BRH:10
end_of_record
TN:
SF:/Users/khanhpham/Desktop/untangled/untangled-protocol-open/contracts/protocol/note-sale/crowdsale/TimedCrowdsale.sol
FN:25,__TimedCrowdsale__init
FN:31,onlyWhileOpen
FN:36,isOpen
FN:44,hasClosed
FN:50,extendTime
FN:58,newSaleRoundTime
FN:77,setUsingTimeLimit
FNF:7
FNH:7
FNDA:2,__TimedCrowdsale__init
FNDA:1,onlyWhileOpen
FNDA:3,isOpen
FNDA:17,hasClosed
FNDA:2,extendTime
FNDA:15,newSaleRoundTime
FNDA:1,setUsingTimeLimit
DA:26,2
DA:28,2
DA:32,1
DA:33,0
DA:37,3
DA:38,1
DA:41,2
DA:46,17
DA:51,2
DA:53,1
DA:54,1
DA:59,15
DA:60,14
DA:62,13
DA:63,0
DA:66,13
DA:67,0
DA:70,13
DA:71,13
DA:73,13
DA:78,1
DA:79,1
LF:22
LH:19
BRDA:25,1,0,2
BRDA:25,1,1,0
BRDA:32,2,0,0
BRDA:32,2,1,1
BRDA:32,3,0,0
BRDA:32,3,1,0
BRDA:37,4,0,1
BRDA:37,4,1,2
BRDA:50,5,0,2
BRDA:50,5,1,0
BRDA:50,6,0,2
BRDA:50,6,1,0
BRDA:50,7,0,2
BRDA:50,7,1,0
BRDA:51,8,0,1
BRDA:51,8,1,1
BRDA:58,9,0,15
BRDA:58,9,1,0
BRDA:59,10,0,14
BRDA:59,10,1,1
BRDA:59,11,0,2
BRDA:59,11,1,12
BRDA:60,12,0,13
BRDA:60,12,1,1
BRDA:62,13,0,0
BRDA:62,13,1,13
BRDA:66,14,0,0
BRDA:66,14,1,13
BRDA:77,15,0,1
BRDA:77,15,1,0
BRDA:77,16,0,1
BRDA:77,16,1,0
BRDA:77,17,0,1
BRDA:77,17,1,0
BRF:34
BRH:21
end_of_record
TN:
SF:/Users/khanhpham/Desktop/untangled/untangled-protocol-open/contracts/protocol/note-sale/fab/NoteTokenFactory.sol
FN:12,onlySecuritizationManager
FN:20,initialize
FN:26,changeMinterRole
FN:36,createToken
FN:62,pauseUnpauseToken
FN:72,pauseAllTokens
FN:79,unPauseAllTokens
FNF:7
FNH:7
FNDA:30,onlySecuritizationManager
FNDA:54,initialize
FNDA:13,changeMinterRole
FNDA:17,createToken
FNDA:1,pauseUnpauseToken
FNDA:1,pauseAllTokens
FNDA:1,unPauseAllTokens
DA:13,30
DA:17,30
DA:21,54
DA:23,54
DA:27,13
DA:28,13
DA:37,17
DA:38,17
DA:39,17
DA:40,11
DA:41,11
DA:43,6
DA:44,6
DA:46,17
DA:48,17
DA:49,17
DA:51,17
DA:59,17
DA:63,1
DA:64,1
DA:65,1
DA:66,0
DA:68,1
DA:73,1
DA:74,1
DA:75,3
DA:80,1
DA:81,1
DA:82,4
LF:29
LH:28
BRDA:13,1,0,30
BRDA:13,1,1,0
BRDA:20,2,0,54
BRDA:20,2,1,0
BRDA:26,3,0,13
BRDA:26,3,1,0
BRDA:36,4,0,17
BRDA:36,4,1,0
BRDA:36,5,0,17
BRDA:36,5,1,0
BRDA:36,6,0,17
BRDA:36,6,1,0
BRDA:39,7,0,11
BRDA:39,7,1,6
BRDA:62,8,0,1
BRDA:62,8,1,0
BRDA:62,9,0,1
BRDA:62,9,1,0
BRDA:62,10,0,1
BRDA:62,10,1,0
BRDA:63,11,0,1
BRDA:63,11,1,0
BRDA:65,12,0,0
BRDA:65,12,1,1
BRDA:72,13,0,1
BRDA:72,13,1,0
BRDA:72,14,0,1
BRDA:72,14,1,0
BRDA:72,15,0,1
BRDA:72,15,1,0
BRDA:75,16,0,2
BRDA:75,16,1,1
BRDA:79,17,0,1
BRDA:79,17,1,0
BRDA:79,18,0,1
BRDA:79,18,1,0
BRDA:79,19,0,1
BRDA:79,19,1,0
BRDA:82,20,0,3
BRDA:82,20,1,1
BRF:40
BRH:23
end_of_record
TN:
SF:/Users/khanhpham/Desktop/untangled/untangled-protocol-open/contracts/protocol/note-sale/fab/TokenGenerationEventFactory.sol
FN:18,initialize
FN:24,onlySecuritizationManager
FN:39,createNewSaleInstance
FN:54,_newMintedIncreasingInterestSale
FN:76,_newNormalSale
FN:98,pauseUnpauseTge
FN:108,pauseUnpauseAllTges
FNF:7
FNH:7
FNDA:53,initialize
FNDA:13,onlySecuritizationManager
FNDA:13,createNewSaleInstance
FNDA:7,_newMintedIncreasingInterestSale
FNDA:6,_newNormalSale
FNDA:1,pauseUnpauseTge
FNDA:1,pauseUnpauseAllTges
DA:19,53
DA:21,53
DA:25,13
DA:29,13
DA:40,13
DA:42,13
DA:43,7
DA:45,6
DA:48,0
DA:51,13
DA:61,7
DA:62,7
DA:64,7
DA:65,7
DA:66,7
DA:68,7
DA:69,7
DA:71,7
DA:73,7
DA:83,6
DA:84,6
DA:86,6
DA:87,6
DA:88,6
DA:90,6
DA:91,6
DA:93,6
DA:95,6
DA:99,1
DA:100,1
DA:101,1
DA:102,0
DA:104,1
DA:109,1
DA:110,1
DA:111,1
DA:112,1
DA:113,1
DA:115,0
LF:39
LH:36
BRDA:18,1,0,53
BRDA:18,1,1,0
BRDA:25,2,0,13
BRDA:25,2,1,0
BRDA:39,3,0,13
BRDA:39,3,1,0
BRDA:39,4,0,13
BRDA:39,4,1,0
BRDA:42,5,0,7
BRDA:42,5,1,6
BRDA:44,6,0,6
BRDA:44,6,1,0
BRDA:98,7,0,1
BRDA:98,7,1,0
BRDA:98,8,0,1
BRDA:98,8,1,0
BRDA:98,9,0,1
BRDA:98,9,1,0
BRDA:99,10,0,1
BRDA:99,10,1,0
BRDA:101,11,0,0
BRDA:101,11,1,1
BRDA:108,12,0,1
BRDA:108,12,1,0
BRDA:108,13,0,1
BRDA:108,13,1,0
BRDA:108,14,0,1
BRDA:108,14,1,0
BRDA:112,15,0,1
BRDA:112,15,1,0
BRF:30
BRH:16
end_of_record
TN:
SF:/Users/khanhpham/Desktop/untangled/untangled-protocol-open/contracts/protocol/note-sale/MintedIncreasingInterestTGE.sol
FN:25,initialize
FN:32,isLongSale
FN:37,setYield
FN:45,setupLongSale
FN:56,getTokenPrice
FN:63,getTokenAmount
FN:76,startNewRoundSale
FN:87,_preValidateNewSaleRound
FNF:8
FNH:7
FNDA:7,initialize
FNDA:3,isLongSale
FNDA:0,setYield
FNDA:2,setupLongSale
FNDA:7,getTokenPrice
FNDA:7,getTokenAmount
FNDA:6,startNewRoundSale
FNDA:6,_preValidateNewSaleRound
DA:26,7
DA:28,7
DA:33,3
DA:38,0
DA:46,2
DA:47,2
DA:48,2
DA:49,2
DA:50,2
DA:57,7
DA:64,7
DA:77,6
DA:78,6
DA:81,6
DA:82,6
DA:83,6
DA:88,6
DA:89,6
LF:18
LH:17
BRDA:25,1,0,7
BRDA:25,1,1,0
BRDA:37,2,0,0
BRDA:37,2,1,0
BRDA:37,3,0,0
BRDA:37,3,1,0
BRDA:45,4,0,2
BRDA:45,4,1,0
BRDA:45,5,0,2
BRDA:45,5,1,0
BRDA:45,6,0,2
BRDA:45,6,1,0
BRDA:46,7,0,2
BRDA:46,7,1,0
BRDA:76,8,0,6
BRDA:76,8,1,0
BRDA:76,9,0,6
BRDA:76,9,1,0
BRDA:77,10,0,6
BRDA:77,10,1,0
BRDA:77,11,0,0
BRDA:77,11,1,6
BRDA:88,12,0,6
BRDA:88,12,1,0
BRDA:88,13,0,6
BRDA:88,13,1,0
BRDA:89,14,0,6
BRDA:89,14,1,0
BRF:28
BRH:12
end_of_record
TN:
SF:/Users/khanhpham/Desktop/untangled/untangled-protocol-open/contracts/protocol/note-sale/MintedNormalTGE.sol
FN:29,initialize
FN:36,isLongSale
FN:41,setYield
FN:50,setupLongSale
FN:61,getTokenPrice
FN:67,getTokenAmount
FN:80,startNewRoundSale
FN:91,_preValidateNewSaleRound
FNF:8
FNH:8
FNDA:7,initialize
FNDA:3,isLongSale
FNDA:1,setYield
FNDA:1,setupLongSale
FNDA:5,getTokenPrice
FNDA:5,getTokenAmount
FNDA:6,startNewRoundSale
FNDA:6,_preValidateNewSaleRound
DA:30,7
DA:32,7
DA:37,3
DA:42,1
DA:43,1
DA:51,1
DA:52,1
DA:53,1
DA:54,1
DA:55,1
DA:56,1
DA:57,1
DA:62,5
DA:68,5
DA:81,6
DA:82,6
DA:85,6
DA:86,6
DA:87,6
DA:92,6
LF:20
LH:20
BRDA:29,1,0,7
BRDA:29,1,1,0
BRDA:41,2,0,1
BRDA:41,2,1,0
BRDA:41,3,0,1
BRDA:41,3,1,0
BRDA:41,4,0,1
BRDA:41,4,1,0
BRDA:50,5,0,1
BRDA:50,5,1,0
BRDA:50,6,0,1
BRDA:50,6,1,0
BRDA:50,7,0,1
BRDA:50,7,1,0
BRDA:51,8,0,1
BRDA:51,8,1,0
BRDA:80,9,0,6
BRDA:80,9,1,0
BRDA:80,10,0,6
BRDA:80,10,1,0
BRDA:81,11,0,6
BRDA:81,11,1,0
BRDA:81,12,0,0
BRDA:81,12,1,6
BRDA:92,13,0,6
BRDA:92,13,1,0
BRDA:92,14,0,6
BRDA:92,14,1,0
BRF:28
BRH:14
end_of_record
TN:
SF:/Users/khanhpham/Desktop/untangled/untangled-protocol-open/contracts/protocol/pool/base/NAVCalculation.sol
FN:34,_calculateAssetValue
FNF:1
FNH:1
FNDA:120,_calculateAssetValue
DA:41,120
DA:43,120
DA:45,120
DA:47,120
DA:48,37
DA:58,37
DA:60,37
DA:69,37
DA:70,37
DA:72,37
DA:74,0
DA:85,120
LF:12
LH:11
BRDA:43,1,0,41
BRDA:43,1,1,79
BRDA:47,2,0,37
BRDA:47,2,1,83
BRDA:70,3,0,37
BRDA:70,3,1,0
BRDA:73,4,0,0
BRDA:73,4,1,83
BRF:8
BRH:6
end_of_record
TN:
SF:/Users/khanhpham/Desktop/untangled/untangled-protocol-open/contracts/protocol/pool/base/SecuritizationPoolServiceBase.sol
FN:12,initialize
FNF:1
FNH:1
FNDA:212,initialize
DA:13,212
DA:15,212
LF:2
LH:2
BRDA:12,1,0,212
BRDA:12,1,1,0
BRF:2
BRH:1
end_of_record
TN:
SF:/Users/khanhpham/Desktop/untangled/untangled-protocol-open/contracts/protocol/pool/DistributionAssessor.sol
FN:17,getSOTTokenPrice
FN:35,calcCorrespondingTotalAssetValue
FN:48,_calcCorrespondingAssetValue
FN:66,calcCorrespondingAssetValue
FN:80,calcTokenPrice
FN:88,getJOTTokenPrice
FN:105,getCashBalance
FNF:7
FNH:7
FNDA:25,getSOTTokenPrice
FNDA:12,calcCorrespondingTotalAssetValue
FNDA:13,_calcCorrespondingAssetValue
FNDA:1,calcCorrespondingAssetValue
FNDA:3,calcTokenPrice
FNDA:11,getJOTTokenPrice
FNDA:1,getCashBalance
DA:18,25
DA:19,25
DA:21,25
DA:22,25
DA:23,25
DA:25,25
DA:27,25
DA:28,7
DA:29,18
DA:30,18
DA:31,18
DA:41,12
DA:49,13
DA:50,13
DA:52,13
DA:53,11
DA:54,11
DA:55,11
DA:56,11
DA:58,2
DA:59,2
DA:60,2
DA:61,2
DA:71,1
DA:72,1
DA:74,1
DA:75,1
DA:81,3
DA:82,3
DA:84,1
DA:89,11
DA:92,11
DA:93,11
DA:94,11
DA:95,11
DA:97,11
DA:99,6
DA:100,6
DA:101,6
DA:106,1
DA:107,1
LF:41
LH:41
BRDA:18,1,0,25
BRDA:18,1,1,0
BRDA:25,2,0,25
BRDA:25,2,1,0
BRDA:27,3,0,7
BRDA:27,3,1,18
BRDA:52,4,0,11
BRDA:52,4,1,2
BRDA:82,5,0,1
BRDA:82,5,1,2
BRDA:83,6,0,1
BRDA:83,6,1,1
BRDA:89,7,0,11
BRDA:89,7,1,0
BRDA:95,8,0,11
BRDA:95,8,1,0
BRDA:97,9,0,5
BRDA:97,9,1,6
BRF:18
BRH:14
end_of_record
TN:
SF:/Users/khanhpham/Desktop/untangled/untangled-protocol-open/contracts/protocol/pool/DistributionOperator.sol
FN:38,_makeRedeemRequest
FN:103,_redeem
FN:130,makeRedeemRequestAndRedeem
FN:140,makeRedeemRequestAndRedeemBatch
FN:148,_redeem
FNF:5
FNH:4
FNDA:7,_makeRedeemRequest
FNDA:7,_redeem
FNDA:7,makeRedeemRequestAndRedeem
FNDA:0,makeRedeemRequestAndRedeemBatch
FNDA:7,_redeem
DA:39,7
DA:40,7
DA:45,7
DA:47,7
DA:48,7
DA:53,7
DA:54,7
DA:55,7
DA:56,7
DA:57,5
DA:59,5
DA:63,5
DA:65,5
DA:72,5
DA:74,2
DA:76,2
DA:81,2
DA:83,2
DA:90,2
DA:104,7
DA:106,7
DA:107,7
DA:108,7
DA:109,7
DA:120,7
DA:122,7
DA:131,7
DA:132,7
DA:133,7
DA:141,0
DA:142,0
DA:143,0
DA:144,0
DA:157,7
DA:159,7
LF:35
LH:31
BRDA:40,1,0,7
BRDA:40,1,1,0
BRDA:45,2,0,7
BRDA:45,2,1,0
BRDA:48,3,0,7
BRDA:48,3,1,0
BRDA:56,4,0,5
BRDA:56,4,1,2
BRDA:73,5,0,2
BRDA:73,5,1,0
BRDA:103,6,0,7
BRDA:103,6,1,0
BRDA:103,7,0,7
BRDA:103,7,1,0
BRDA:108,8,0,7
BRDA:108,8,1,0
BRDA:130,9,0,7
BRDA:130,9,1,0
BRDA:140,10,0,0
BRDA:140,10,1,0
BRF:20
BRH:10
end_of_record
TN:
SF:/Users/khanhpham/Desktop/untangled/untangled-protocol-open/contracts/protocol/pool/DistributionTranche.sol
FN:13,onlyOperator
FN:25,redeem
FN:37,redeemToken
FNF:3
FNH:3
FNDA:14,onlyOperator
FNDA:7,redeem
FNDA:7,redeemToken
DA:14,14
DA:15,14
DA:26,7
DA:27,7
DA:29,7
DA:38,7
LF:6
LH:6
BRDA:14,1,0,14
BRDA:14,1,1,0
BRDA:25,2,0,7
BRDA:25,2,1,0
BRDA:25,3,0,7
BRDA:25,3,1,0
BRDA:25,4,0,7
BRDA:25,4,1,0
BRDA:26,5,0,7
BRDA:26,5,1,0
BRDA:27,6,0,7
BRDA:27,6,1,0
BRDA:37,7,0,7
BRDA:37,7,1,0
BRDA:37,8,0,7
BRDA:37,8,1,0
BRDA:38,9,0,7
BRDA:38,9,1,0
BRF:18
BRH:9
end_of_record
TN:
SF:/Users/khanhpham/Desktop/untangled/untangled-protocol-open/contracts/protocol/pool/SecuritizationManager.sol
FN:24,initialize
FN:37,onlyPoolExisted
FN:42,onlyManager
FN:50,doesSOTExist
FN:54,doesJOTExist
FN:59,getPoolsLength
FN:71,newPoolInstance
FN:102,initialTGEForSOT
FN:146,setUpTGEForSOT
FN:171,setUpTGEForJOT
FN:196,initialTGEForJOT
FN:230,buyTokens
FN:241,setAllowedUIDTypes
FN:246,hasAllowedUID
FN:250,pausePool
FN:256,unpausePool
FN:262,pauseAllPools
FN:269,unpauseAllPools
FNF:18
FNH:18
FNDA:53,initialize
FNDA:13,onlyPoolExisted
FNDA:13,onlyManager
FNDA:7,doesSOTExist
FNDA:6,doesJOTExist
FNDA:1,getPoolsLength
FNDA:15,newPoolInstance
FNDA:7,initialTGEForSOT
FNDA:6,setUpTGEForSOT
FNDA:6,setUpTGEForJOT
FNDA:6,initialTGEForJOT
FNDA:13,buyTokens
FNDA:25,setAllowedUIDTypes
FNDA:13,hasAllowedUID
FNDA:1,pausePool
FNDA:1,unpausePool
FNDA:1,pauseAllPools
FNDA:1,unpauseAllPools
DA:25,53
DA:27,53
DA:38,13
DA:39,13
DA:43,13
DA:47,13
DA:51,7
DA:52,7
DA:55,6
DA:56,6
DA:60,1
DA:74,15
DA:75,15
DA:77,15
DA:78,15
DA:79,14
DA:80,14
DA:82,14
DA:83,14
DA:85,14
DA:87,14
DA:103,7
DA:104,7
DA:105,7
DA:107,7
DA:113,7
DA:114,7
DA:116,7
DA:124,7
DA:126,7
DA:128,7
DA:130,7
DA:131,7
DA:132,7
DA:158,6
DA:159,6
DA:160,6
DA:161,6
DA:179,6
DA:180,6
DA:181,6
DA:197,6
DA:198,6
DA:205,6
DA:206,6
DA:208,6
DA:216,6
DA:218,6
DA:220,6
DA:222,6
DA:223,6
DA:224,6
DA:231,13
DA:232,13
DA:234,12
DA:235,12
DA:237,12
DA:238,10
DA:242,25
DA:247,13
DA:251,1
DA:252,1
DA:253,1
DA:257,1
DA:258,1
DA:259,1
DA:263,1
DA:264,1
DA:265,1
DA:270,1
DA:271,1
DA:272,1
LF:72
LH:72
BRDA:24,1,0,53
BRDA:24,1,1,0
BRDA:38,2,0,13
BRDA:38,2,1,0
BRDA:43,3,0,13
BRDA:43,3,1,0
BRDA:51,4,0,7
BRDA:51,4,1,0
BRDA:55,5,0,6
BRDA:55,5,1,0
BRDA:69,6,0,16
BRDA:69,6,1,0
BRDA:70,7,0,16
BRDA:70,7,1,0
BRDA:71,8,0,15
BRDA:71,8,1,1
BRDA:102,9,0,7
BRDA:102,9,1,0
BRDA:102,10,0,7
BRDA:102,10,1,0
BRDA:102,11,0,7
BRDA:102,11,1,0
BRDA:102,12,0,7
BRDA:102,12,1,0
BRDA:102,13,0,7
BRDA:102,13,1,0
BRDA:104,14,0,7
BRDA:104,14,1,0
BRDA:105,15,0,7
BRDA:105,15,1,0
BRDA:114,16,0,7
BRDA:114,16,1,0
BRDA:196,17,0,6
BRDA:196,17,1,0
BRDA:196,18,0,6
BRDA:196,18,1,0
BRDA:196,19,0,6
BRDA:196,19,1,0
BRDA:196,20,0,6
BRDA:196,20,1,0
BRDA:196,21,0,6
BRDA:196,21,1,0
BRDA:206,22,0,6
BRDA:206,22,1,0
BRDA:230,23,0,13
BRDA:230,23,1,0
BRDA:230,24,0,13
BRDA:230,24,1,0
BRDA:231,25,0,13
BRDA:231,25,1,0
BRDA:232,26,0,12
BRDA:232,26,1,1
BRDA:241,27,0,25
BRDA:241,27,1,0
BRDA:250,28,0,1
BRDA:250,28,1,0
BRDA:250,29,0,1
BRDA:250,29,1,0
BRDA:250,30,0,1
BRDA:250,30,1,0
BRDA:251,31,0,1
BRDA:251,31,1,0
BRDA:256,32,0,1
BRDA:256,32,1,0
BRDA:256,33,0,1
BRDA:256,33,1,0
BRDA:256,34,0,1
BRDA:256,34,1,0
BRDA:257,35,0,1
BRDA:257,35,1,0
BRDA:262,36,0,1
BRDA:262,36,1,0
BRDA:262,37,0,1
BRDA:262,37,1,0
BRDA:262,38,0,1
BRDA:262,38,1,0
BRDA:269,39,0,1
BRDA:269,39,1,0
BRDA:269,40,0,1
BRDA:269,40,1,0
BRDA:269,41,0,1
BRDA:269,41,1,0
BRF:82
BRH:43
end_of_record
TN:
SF:/Users/khanhpham/Desktop/untangled/untangled-protocol-open/contracts/protocol/pool/SecuritizationPool.sol
FN:26,initialize
FN:42,onlyIssuingTokenStage
FN:47,notClosingStage
FN:52,finishRedemptionValidator
FN:57,onlySecuritizationManager
FN:65,onlyDistributionOperator
FN:73,onlyLoanRepaymentRouter
FN:82,getNFTAssetsLength
FN:86,getTokenAssetAddresses
FN:90,getTokenAssetAddressesLength
FN:94,getRiskScoresLength
FN:98,isClosedState
FN:102,hasFinishedRedemption
FN:114,_removeNFTAsset
FN:127,_removeNFTAssetIndex
FN:132,_pushTokenAssetAddress
FN:137,onERC721Received
FN:153,setPot
FN:167,setupRiskScores
FN:203,exportAssets
FN:216,withdrawAssets
FN:234,collectAssets
FN:242,withdraw
FN:251,checkMinFirstLost
FN:261,collectERC20Assets
FN:285,withdrawERC20Assets
FN:299,claimERC20Assets
FN:322,claimCashRemain
FN:336,injectTGEAddress
FN:355,startCycle
FN:386,setInterestRateForSOT
FN:398,increaseLockedDistributeBalance
FN:414,decreaseLockedDistributeBalance
FN:430,increaseTotalAssetRepaidCurrency
FN:442,redeem
FN:467,onBuyNoteToken
FNF:36
FNH:36
FNDA:15,initialize
FNDA:16,onlyIssuingTokenStage
FNDA:18,notClosingStage
FNDA:3,finishRedemptionValidator
FNDA:23,onlySecuritizationManager
FNDA:14,onlyDistributionOperator
FNDA:6,onlyLoanRepaymentRouter
FNDA:276,getNFTAssetsLength
FNDA:1,getTokenAssetAddresses
FNDA:175,getTokenAssetAddressesLength
FNDA:131,getRiskScoresLength
FNDA:18,isClosedState
FNDA:3,hasFinishedRedemption
FNDA:3,_removeNFTAsset
FNDA:2,_removeNFTAssetIndex
FNDA:6,_pushTokenAssetAddress
FNDA:15,onERC721Received
FNDA:6,setPot
FNDA:5,setupRiskScores
FNDA:2,exportAssets
FNDA:1,withdrawAssets
FNDA:1,collectAssets
FNDA:1,withdraw
FNDA:8,checkMinFirstLost
FNDA:5,collectERC20Assets
FNDA:6,withdrawERC20Assets
FNDA:1,claimERC20Assets
FNDA:1,claimCashRemain
FNDA:13,injectTGEAddress
FNDA:3,startCycle
FNDA:1,setInterestRateForSOT
FNDA:7,increaseLockedDistributeBalance
FNDA:7,decreaseLockedDistributeBalance
FNDA:6,increaseTotalAssetRepaidCurrency
FNDA:7,redeem
FNDA:10,onBuyNoteToken
DA:27,15
DA:28,14
DA:29,14
DA:30,14
DA:31,14
DA:33,14
DA:34,14
DA:35,14
DA:37,14
DA:38,14
DA:39,14
DA:43,16
DA:44,16
DA:48,18
DA:49,18
DA:53,3
DA:54,1
DA:58,23
DA:62,23
DA:66,14
DA:70,14
DA:74,6
DA:78,6
DA:83,276
DA:87,1
DA:91,175
DA:95,131
DA:99,18
DA:103,3
DA:104,3
DA:106,2
DA:107,2
DA:110,1
DA:115,3
DA:116,3
DA:117,5
DA:119,2
DA:120,2
DA:124,1
DA:128,2
DA:129,2
DA:133,6
DA:134,6
DA:143,15
DA:148,15
DA:149,15
DA:154,6
DA:155,6
DA:156,6
DA:157,6
DA:158,1
DA:168,5
DA:169,5
DA:174,5
DA:176,5
DA:177,7
DA:181,5
DA:204,2
DA:205,2
DA:206,2
DA:207,1
DA:217,1
DA:218,1
DA:219,1
DA:223,1
DA:224,1
DA:225,1
DA:235,1
DA:236,1
DA:237,1
DA:243,1
DA:244,1
DA:245,1
DA:252,8
DA:253,8
DA:262,5
DA:263,5
DA:267,5
DA:268,5
DA:272,5
DA:273,5
DA:286,6
DA:287,6
DA:288,6
DA:289,6
DA:290,6
DA:291,6
DA:300,1
DA:301,1
DA:302,1
DA:306,1
DA:310,1
DA:324,1
DA:325,1
DA:337,13
DA:339,13
DA:340,7
DA:341,7
DA:343,6
DA:344,6
DA:346,13
DA:356,3
DA:358,3
DA:359,3
DA:361,3
DA:362,3
DA:363,1
DA:366,3
DA:368,3
DA:369,3
DA:370,3
DA:371,2
DA:377,2
DA:378,2
DA:387,1
DA:388,1
DA:399,7
DA:400,7
DA:402,7
DA:403,7
DA:415,7
DA:416,7
DA:418,7
DA:419,7
DA:420,7
DA:432,6
DA:433,6
DA:443,7
DA:447,7
DA:448,5
DA:450,7
DA:451,7
DA:453,7
DA:454,7
DA:455,7
DA:469,10
LF:136
LH:136
BRDA:26,1,0,15
BRDA:26,1,1,0
BRDA:27,2,0,14
BRDA:27,2,1,1
BRDA:28,3,0,14
BRDA:28,3,1,0
BRDA:34,4,0,14
BRDA:34,4,1,0
BRDA:43,5,0,16
BRDA:43,5,1,0
BRDA:48,6,0,18
BRDA:48,6,1,0
BRDA:53,7,0,1
BRDA:53,7,1,2
BRDA:58,8,0,23
BRDA:58,8,1,0
BRDA:66,9,0,14
BRDA:66,9,1,0
BRDA:74,10,0,6
BRDA:74,10,1,0
BRDA:103,11,0,3
BRDA:103,11,1,0
BRDA:104,12,0,2
BRDA:104,12,1,1
BRDA:106,13,0,2
BRDA:106,13,1,0
BRDA:107,14,0,1
BRDA:107,14,1,1
BRDA:117,15,0,2
BRDA:117,15,1,3
BRDA:133,16,0,5
BRDA:133,16,1,1
BRDA:143,17,0,15
BRDA:143,17,1,0
BRDA:144,18,0,0
BRDA:144,18,1,15
BRDA:153,19,0,6
BRDA:153,19,1,0
BRDA:153,20,0,6
BRDA:153,20,1,0
BRDA:153,21,0,6
BRDA:153,21,1,0
BRDA:153,22,0,6
BRDA:153,22,1,0
BRDA:154,23,0,6
BRDA:154,23,1,0
BRDA:155,24,0,6
BRDA:155,24,1,0
BRDA:157,25,0,1
BRDA:157,25,1,5
BRDA:158,26,0,1
BRDA:158,26,1,0
BRDA:167,27,0,5
BRDA:167,27,1,0
BRDA:167,28,0,5
BRDA:167,28,1,0
BRDA:167,29,0,5
BRDA:167,29,1,0
BRDA:169,30,0,5
BRDA:169,30,1,0
BRDA:177,31,0,5
BRDA:177,31,1,2
BRDA:178,32,0,5
BRDA:178,32,1,0
BRDA:203,33,0,2
BRDA:203,33,1,0
BRDA:203,34,0,2
BRDA:203,34,1,0
BRDA:203,35,0,2
BRDA:203,35,1,0
BRDA:203,36,0,2
BRDA:203,36,1,0
BRDA:206,37,0,1
BRDA:206,37,1,1
BRDA:216,38,0,1
BRDA:216,38,1,0
BRDA:216,39,0,1
BRDA:216,39,1,0
BRDA:216,40,0,1
BRDA:216,40,1,0
BRDA:218,41,0,1
BRDA:218,41,1,0
BRDA:219,42,0,1
BRDA:219,42,1,0
BRDA:224,43,0,1
BRDA:224,43,1,0
BRDA:234,44,0,1
BRDA:234,44,1,0
BRDA:234,45,0,1
BRDA:234,45,1,0
BRDA:234,46,0,1
BRDA:234,46,1,0
BRDA:242,47,0,1
BRDA:242,47,1,0
BRDA:242,48,0,1
BRDA:242,48,1,0
BRDA:242,49,0,1
BRDA:242,49,1,0
BRDA:244,50,0,1
BRDA:244,50,1,0
BRDA:245,51,0,1
BRDA:245,51,1,0
BRDA:261,52,0,5
BRDA:261,52,1,0
BRDA:261,53,0,5
BRDA:261,53,1,0
BRDA:261,54,0,5
BRDA:261,54,1,0
BRDA:261,55,0,5
BRDA:261,55,1,0
BRDA:263,56,0,5
BRDA:263,56,1,0
BRDA:268,57,0,5
BRDA:268,57,1,0
BRDA:273,58,0,5
BRDA:273,58,1,0
BRDA:285,59,0,6
BRDA:285,59,1,0
BRDA:285,60,0,6
BRDA:285,60,1,0
BRDA:285,61,0,6
BRDA:285,61,1,0
BRDA:287,62,0,6
BRDA:287,62,1,0
BRDA:288,63,0,6
BRDA:288,63,1,0
BRDA:290,64,0,6
BRDA:290,64,1,0
BRDA:291,65,0,6
BRDA:291,65,1,0
BRDA:299,66,0,1
BRDA:299,66,1,0
BRDA:299,67,0,1
BRDA:299,67,1,0
BRDA:302,68,0,1
BRDA:302,68,1,0
BRDA:306,69,0,1
BRDA:306,69,1,0
BRDA:319,70,0,3
BRDA:319,70,1,0
BRDA:320,71,0,3
BRDA:320,71,1,0
BRDA:321,72,0,3
BRDA:321,72,1,0
BRDA:322,73,0,1
BRDA:322,73,1,2
BRDA:325,74,0,1
BRDA:325,74,1,0
BRDA:336,75,0,13
BRDA:336,75,1,0
BRDA:336,76,0,13
BRDA:336,76,1,0
BRDA:336,77,0,13
BRDA:336,77,1,0
BRDA:336,78,0,13
BRDA:336,78,1,0
BRDA:337,79,0,13
BRDA:337,79,1,0
BRDA:339,80,0,7
BRDA:339,80,1,6
BRDA:355,81,0,3
BRDA:355,81,1,0
BRDA:355,82,0,3
BRDA:355,82,1,0
BRDA:355,83,0,3
BRDA:355,83,1,0
BRDA:355,84,0,3
BRDA:355,84,1,0
BRDA:356,85,0,3
BRDA:356,85,1,0
BRDA:362,86,0,1
BRDA:362,86,1,2
BRDA:368,87,0,3
BRDA:368,87,1,0
BRDA:370,88,0,2
BRDA:370,88,1,1
BRDA:377,89,0,2
BRDA:377,89,1,0
BRDA:378,90,0,1
BRDA:378,90,1,1
BRDA:386,91,0,1
BRDA:386,91,1,0
BRDA:387,92,0,1
BRDA:387,92,1,0
BRDA:398,93,0,7
BRDA:398,93,1,0
BRDA:398,94,0,7
BRDA:398,94,1,0
BRDA:414,95,0,7
BRDA:414,95,1,0
BRDA:414,96,0,7
BRDA:414,96,1,0
BRDA:414,97,0,7
BRDA:414,97,1,0
BRDA:428,98,0,6
BRDA:428,98,1,0
BRDA:429,99,0,6
BRDA:429,99,1,0
BRDA:430,100,0,6
BRDA:430,100,1,0
BRDA:442,101,0,7
BRDA:442,101,1,0
BRDA:442,102,0,7
BRDA:442,102,1,0
BRDA:443,103,0,7
BRDA:443,103,1,0
BRDA:447,104,0,5
BRDA:447,104,1,2
BRDA:450,105,0,7
BRDA:450,105,1,0
BRDA:454,106,0,7
BRDA:454,106,1,0
BRDA:455,107,0,7
BRDA:455,107,1,0
BRDA:465,108,0,10
BRDA:465,108,1,2
BRDA:466,109,0,10
BRDA:466,109,1,0
BRDA:467,110,0,10
BRDA:467,110,1,0
BRF:220
BRH:126
end_of_record
TN:
SF:/Users/khanhpham/Desktop/untangled/untangled-protocol-open/contracts/protocol/pool/SecuritizationPoolValueService.sol
FN:25,getPresentValueWithNAVCalculation
FN:44,getExpectedAssetValue
FN:72,getExpectedAssetValues
FN:86,getAssetInterestRate
FN:118,getAssetInterestRates
FN:132,getExpectedERC20AssetValue
FN:166,getExpectedAssetsValue
FN:200,getAssetRiskScoreIdx
FN:219,getDaysPastDueByIdx
FN:224,getAdvanceRateByIdx
FN:229,getPenaltyRateByIdx
FN:234,getInterestRateByIdx
FN:239,getProbabilityOfDefaultByIdx
FN:248,getLossGivenDefaultByIdx
FN:257,getGracePeriodByIdx
FN:262,getCollectionPeriodByIdx
FN:271,getWriteOffAfterGracePeriodByIdx
FN:280,getWriteOffAfterCollectionPeriodByIdx
FN:289,getRiskScoreByIdx
FN:308,getOutstandingPrincipalCurrencyByInvestor
FN:317,getOutstandingPrincipalCurrencyByInvestors
FN:330,getOutstandingPrincipalCurrency
FN:338,getPoolValue
FN:354,getBeginningSeniorAsset
FN:365,getBeginningSeniorDebt
FN:377,getSeniorDebt
FN:395,getSeniorBalance
FN:416,getReserve
FN:448,getSeniorAsset
FN:465,getJuniorAsset
FN:477,getJuniorRatio
FN:484,getSeniorRatio
FN:494,getExpectedSeniorAssets
FNF:33
FNH:33
FNDA:128,getPresentValueWithNAVCalculation
FNDA:119,getExpectedAssetValue
FNDA:1,getExpectedAssetValues
FNDA:3,getAssetInterestRate
FNDA:1,getAssetInterestRates
FNDA:9,getExpectedERC20AssetValue
FNDA:158,getExpectedAssetsValue
FNDA:2,getAssetRiskScoreIdx
FNDA:123,getDaysPastDueByIdx
FNDA:121,getAdvanceRateByIdx
FNDA:121,getPenaltyRateByIdx
FNDA:121,getInterestRateByIdx
FNDA:121,getProbabilityOfDefaultByIdx
FNDA:121,getLossGivenDefaultByIdx
FNDA:121,getGracePeriodByIdx
FNDA:121,getCollectionPeriodByIdx
FNDA:121,getWriteOffAfterGracePeriodByIdx
FNDA:121,getWriteOffAfterCollectionPeriodByIdx
FNDA:121,getRiskScoreByIdx
FNDA:2,getOutstandingPrincipalCurrencyByInvestor
FNDA:1,getOutstandingPrincipalCurrencyByInvestors
FNDA:1,getOutstandingPrincipalCurrency
FNDA:121,getPoolValue
FNDA:66,getBeginningSeniorAsset
FNDA:35,getBeginningSeniorDebt
FNDA:35,getSeniorDebt
FNDA:35,getSeniorBalance
FNDA:1,getReserve
FNDA:35,getSeniorAsset
FNDA:7,getJuniorAsset
FNDA:9,getJuniorRatio
FNDA:9,getSeniorRatio
FNDA:35,getExpectedSeniorAssets
DA:33,128
DA:34,128
DA:35,128
DA:36,120
DA:39,128
DA:40,120
DA:41,120
DA:50,119
DA:51,119
DA:53,119
DA:54,119
DA:56,119
DA:65,119
DA:66,83
DA:69,119
DA:78,1
DA:79,1
DA:80,1
DA:81,1
DA:83,1
DA:92,3
DA:93,3
DA:95,3
DA:96,1
DA:98,1
DA:99,1
DA:100,1
DA:102,1
DA:103,0
DA:104,0
DA:105,0
DA:108,1
DA:109,1
DA:110,1
DA:115,2
DA:124,1
DA:125,1
DA:126,1
DA:127,1
DA:129,1
DA:139,9
DA:142,9
DA:144,9
DA:149,9
DA:158,9
DA:159,0
DA:162,9
DA:171,158
DA:172,158
DA:174,158
DA:175,118
DA:176,118
DA:180,158
DA:181,17
DA:182,17
DA:183,17
DA:184,8
DA:205,2
DA:206,2
DA:207,2
DA:208,2
DA:209,2
DA:211,2
DA:213,0
DA:214,0
DA:220,123
DA:221,123
DA:225,121
DA:226,121
DA:230,121
DA:231,121
DA:235,121
DA:236,121
DA:244,121
DA:245,121
DA:253,121
DA:254,121
DA:258,121
DA:259,121
DA:267,121
DA:268,121
DA:276,121
DA:277,121
DA:285,121
DA:286,121
DA:290,121
DA:291,121
DA:292,121
DA:309,2
DA:310,2
DA:312,2
DA:322,1
DA:323,1
DA:324,1
DA:325,1
DA:327,1
DA:331,1
DA:332,1
DA:333,1
DA:335,1
DA:339,121
DA:340,121
DA:341,121
DA:342,121
DA:347,121
DA:348,121
DA:350,121
DA:355,66
DA:356,66
DA:357,66
DA:358,66
DA:359,66
DA:360,66
DA:361,66
DA:366,35
DA:367,35
DA:369,31
DA:370,31
DA:371,31
DA:373,31
DA:378,35
DA:379,35
DA:380,10
DA:381,10
DA:382,10
DA:383,10
DA:384,10
DA:385,10
DA:386,10
DA:388,10
DA:391,10
DA:396,35
DA:397,35
DA:398,35
DA:400,35
DA:402,35
DA:403,35
DA:405,35
DA:406,35
DA:411,31
DA:413,31
DA:422,1
DA:423,1
DA:424,1
DA:426,1
DA:427,1
DA:428,1
DA:429,1
DA:431,1
DA:432,1
DA:437,1
DA:444,1
DA:450,35
DA:451,35
DA:452,35
DA:454,35
DA:455,22
DA:458,13
DA:461,35
DA:466,7
DA:467,7
DA:468,7
DA:469,7
DA:470,7
DA:473,7
DA:478,9
DA:479,9
DA:481,9
DA:485,9
DA:486,9
DA:487,9
DA:488,4
DA:491,5
DA:495,35
DA:496,35
DA:497,35
LF:176
LH:170
BRDA:35,1,0,120
BRDA:35,1,1,8
BRDA:36,2,0,1
BRDA:36,2,1,119
BRDA:37,3,0,119
BRDA:37,3,1,0
BRDA:39,4,0,8
BRDA:39,4,1,120
BRDA:53,5,0,36
BRDA:53,5,1,83
BRDA:65,6,0,83
BRDA:65,6,1,36
BRDA:69,7,0,119
BRDA:69,7,1,0
BRDA:95,8,0,1
BRDA:95,8,1,2
BRDA:99,9,0,1
BRDA:99,9,1,0
BRDA:102,10,0,0
BRDA:102,10,1,1
BRDA:104,11,0,0
BRDA:104,11,1,0
BRDA:106,12,0,1
BRDA:106,12,1,0
BRDA:108,13,0,1
BRDA:108,13,1,0
BRDA:142,14,0,9
BRDA:142,14,1,0
BRDA:158,15,0,0
BRDA:158,15,1,9
BRDA:162,16,0,0
BRDA:162,16,1,9
BRDA:183,17,0,8
BRDA:183,17,1,9
BRDA:209,18,0,0
BRDA:209,18,1,2
BRDA:210,19,0,2
BRDA:210,19,1,0
BRDA:214,20,0,0
BRDA:214,20,1,0
BRDA:291,21,0,121
BRDA:291,21,1,0
BRDA:332,22,0,1
BRDA:332,22,1,0
BRDA:340,23,0,121
BRDA:340,23,1,0
BRDA:355,24,0,66
BRDA:355,24,1,0
BRDA:358,25,0,66
BRDA:358,25,1,0
BRDA:367,26,0,4
BRDA:367,26,1,31
BRDA:379,27,0,25
BRDA:379,27,1,10
BRDA:381,28,0,10
BRDA:381,28,1,0
BRDA:383,29,0,10
BRDA:383,29,1,0
BRDA:397,30,0,35
BRDA:397,30,1,0
BRDA:406,31,0,4
BRDA:406,31,1,31
BRDA:423,32,0,1
BRDA:423,32,1,0
BRDA:426,33,0,1
BRDA:426,33,1,0
BRDA:454,34,0,22
BRDA:454,34,1,13
BRDA:469,35,0,7
BRDA:469,35,1,0
BRDA:479,36,0,9
BRDA:479,36,1,0
BRDA:487,37,0,4
BRDA:487,37,1,5
BRF:74
BRH:47
end_of_record
TN:
SF:/Users/khanhpham/Desktop/untangled/untangled-protocol-open/contracts/storage/Registry.sol
FN:18,initialize
FN:22,_setAddress
FN:27,getAddress
FN:35,setSecuritizationManager
FN:40,setSecuritizationPool
FN:44,setNoteTokenFactory
FN:52,setTokenGenerationEventFactory
FN:61,setMintedIncreasingInterestTGE
FN:70,setMintedNormalTGE
FN:79,setDistributionOperator
FN:88,setDistributionAssessor
FN:93,setLoanAssetToken
FN:101,setAcceptedInvoiceToken
FN:106,setDistributionTranche
FN:114,setSecuritizationPoolValueService
FN:119,setLoanRegistry
FN:127,setLoanInterestTermsContract
FN:132,setLoanRepaymentRouter
FN:136,setLoanKernel
FN:140,setGo
FNF:20
FNH:20
FNDA:54,initialize
FNDA:428,_setAddress
FNDA:1932,getAddress
FNDA:26,setSecuritizationManager
FNDA:25,setSecuritizationPool
FNDA:25,setNoteTokenFactory
FNDA:25,setTokenGenerationEventFactory
FNDA:25,setMintedIncreasingInterestTGE
FNDA:25,setMintedNormalTGE
FNDA:25,setDistributionOperator
FNDA:25,setDistributionAssessor
FNDA:25,setLoanAssetToken
FNDA:25,setAcceptedInvoiceToken
FNDA:25,setDistributionTranche
FNDA:25,setSecuritizationPoolValueService
FNDA:25,setLoanRegistry
FNDA:25,setLoanInterestTermsContract
FNDA:25,setLoanRepaymentRouter
FNDA:27,setLoanKernel
FNDA:25,setGo
DA:19,54
DA:23,428
DA:24,428
DA:28,1932
DA:37,26
DA:41,25
DA:45,25
DA:54,25
DA:63,25
DA:72,25
DA:81,25
DA:90,25
DA:94,25
DA:103,25
DA:107,25
DA:116,25
DA:120,25
DA:129,25
DA:133,25
DA:137,27
DA:141,25
LF:21
LH:21
BRDA:18,1,0,54
BRDA:18,1,1,0
BRDA:33,2,0,26
BRDA:33,2,1,0
BRDA:34,3,0,26
BRDA:34,3,1,0
BRDA:35,4,0,26
BRDA:35,4,1,0
BRDA:40,5,0,25
BRDA:40,5,1,0
BRDA:40,6,0,25
BRDA:40,6,1,0
BRDA:40,7,0,25
BRDA:40,7,1,0
BRDA:44,8,0,25
BRDA:44,8,1,0
BRDA:44,9,0,25
BRDA:44,9,1,0
BRDA:44,10,0,25
BRDA:44,10,1,0
BRDA:50,11,0,25
BRDA:50,11,1,0
BRDA:51,12,0,25
BRDA:51,12,1,0
BRDA:52,13,0,25
BRDA:52,13,1,0
BRDA:59,14,0,25
BRDA:59,14,1,0
BRDA:60,15,0,25
BRDA:60,15,1,0
BRDA:61,16,0,25
BRDA:61,16,1,0
BRDA:68,17,0,25
BRDA:68,17,1,0
BRDA:69,18,0,25
BRDA:69,18,1,0
BRDA:70,19,0,25
BRDA:70,19,1,0
BRDA:77,20,0,25
BRDA:77,20,1,0
BRDA:78,21,0,25
BRDA:78,21,1,0
BRDA:79,22,0,25
BRDA:79,22,1,0
BRDA:86,23,0,25
BRDA:86,23,1,0
BRDA:87,24,0,25
BRDA:87,24,1,0
BRDA:88,25,0,25
BRDA:88,25,1,0
BRDA:93,26,0,25
BRDA:93,26,1,0
BRDA:93,27,0,25
BRDA:93,27,1,0
BRDA:93,28,0,25
BRDA:93,28,1,0
BRDA:99,29,0,25
BRDA:99,29,1,0
BRDA:100,30,0,25
BRDA:100,30,1,0
BRDA:101,31,0,25
BRDA:101,31,1,0
BRDA:106,32,0,25
BRDA:106,32,1,0
BRDA:106,33,0,25
BRDA:106,33,1,0
BRDA:106,34,0,25
BRDA:106,34,1,0
BRDA:112,35,0,25
BRDA:112,35,1,0
BRDA:113,36,0,25
BRDA:113,36,1,0
BRDA:114,37,0,25
BRDA:114,37,1,0
BRDA:119,38,0,25
BRDA:119,38,1,0
BRDA:119,39,0,25
BRDA:119,39,1,0
BRDA:119,40,0,25
BRDA:119,40,1,0
BRDA:125,41,0,25
BRDA:125,41,1,0
BRDA:126,42,0,25
BRDA:126,42,1,0
BRDA:127,43,0,25
BRDA:127,43,1,0
BRDA:132,44,0,25
BRDA:132,44,1,0
BRDA:132,45,0,25
BRDA:132,45,1,0
BRDA:132,46,0,25
BRDA:132,46,1,0
BRDA:136,47,0,27
BRDA:136,47,1,0
BRDA:136,48,0,27
BRDA:136,48,1,0
BRDA:136,49,0,27
BRDA:136,49,1,0
BRDA:140,50,0,25
BRDA:140,50,1,0
BRDA:140,51,0,25
BRDA:140,51,1,0
BRDA:140,52,0,25
BRDA:140,52,1,0
BRF:104
BRH:52
end_of_record
TN:
SF:/Users/khanhpham/Desktop/untangled/untangled-protocol-open/contracts/tokens/ERC20/NoteToken.sol
FN:16,constructor
FN:24,decimals
FNF:2
FNH:2
FNDA:20,constructor
FNDA:102,decimals
DA:17,20
DA:19,20
DA:20,20
DA:21,20
DA:25,102
LF:5
LH:5
BRDA:17,1,0,20
BRDA:17,1,1,0
BRF:2
BRH:1
end_of_record
TN:
SF:/Users/khanhpham/Desktop/untangled/untangled-protocol-open/contracts/tokens/ERC721/invoice/AcceptedInvoiceToken.sol
FN:38,initialize
FN:48,_generateEntryHash
FN:58,_transferTokensFrom
FN:76,createBatch
FN:97,payInBatch
FN:136,_createAIT
FN:164,getExpectedRepaymentValues
FN:168,getTotalExpectedRepaymentValue
FN:180,getExpirationTimestamp
FN:184,getInterestRate
FN:188,getAssetPurpose
FN:192,getRiskScore
FN:196,getFiatAmount
FN:200,isPaid
FNF:14
FNH:14
FNDA:53,initialize
FNDA:1,_generateEntryHash
FNDA:2,_transferTokensFrom
FNDA:2,createBatch
FNDA:2,payInBatch
FNDA:1,_createAIT
FNDA:2,getExpectedRepaymentValues
FNDA:1,getTotalExpectedRepaymentValue
FNDA:1,getExpirationTimestamp
FNDA:1,getInterestRate
FNDA:1,getAssetPurpose
FNDA:1,getRiskScore
FNDA:1,getFiatAmount
FNDA:4,isPaid
DA:39,53
DA:40,53
DA:55,1
DA:64,2
DA:65,2
DA:77,2
DA:80,1
DA:83,1
DA:84,1
DA:98,2
DA:99,2
DA:101,2
DA:102,2
DA:104,2
DA:106,2
DA:108,2
DA:110,2
DA:111,2
DA:112,1
DA:115,2
DA:117,2
DA:119,2
DA:120,1
DA:121,1
DA:123,1
DA:126,2
DA:129,2
DA:130,2
DA:146,1
DA:148,1
DA:159,1
DA:161,1
DA:165,2
DA:174,1
DA:175,1
DA:176,1
DA:177,1
DA:181,1
DA:185,1
DA:189,1
DA:193,1
DA:197,1
DA:201,4
LF:43
LH:43
BRDA:38,1,0,53
BRDA:38,1,1,0
BRDA:64,2,0,0
BRDA:64,2,1,2
BRDA:65,3,0,2
BRDA:65,3,1,0
BRDA:76,4,0,2
BRDA:76,4,1,0
BRDA:77,5,0,1
BRDA:77,5,1,1
BRDA:99,6,0,2
BRDA:99,6,1,0
BRDA:102,7,0,2
BRDA:102,7,1,0
BRDA:108,8,0,2
BRDA:108,8,1,0
BRDA:111,9,0,1
BRDA:111,9,1,1
BRDA:119,10,0,1
BRDA:119,10,1,1
BRF:20
BRH:13
end_of_record
TN:
SF:/Users/khanhpham/Desktop/untangled/untangled-protocol-open/contracts/tokens/ERC721/LoanAssetToken.sol
FN:21,initialize
FN:30,getExpectedRepaymentValues
FN:42,getExpirationTimestamp
FN:46,getRiskScore
FN:50,getAssetPurpose
FN:54,getInterestRate
FN:58,getTotalExpectedRepaymentValue
FNF:7
FNH:7
FNDA:170,initialize
FNDA:204,getExpectedRepaymentValues
FNDA:120,getExpirationTimestamp
FNDA:121,getRiskScore
FNDA:123,getAssetPurpose
FNDA:123,getInterestRate
FNDA:203,getTotalExpectedRepaymentValue
DA:22,170
DA:24,170
DA:26,170
DA:27,168
DA:35,204
DA:36,204
DA:43,120
DA:47,121
DA:51,123
DA:55,123
DA:64,203
DA:65,203
DA:66,203
DA:67,203
LF:14
LH:14
BRDA:21,1,0,170
BRDA:21,1,1,0
BRF:2
BRH:1
end_of_record
TN:
SF:/Users/khanhpham/Desktop/untangled/untangled-protocol-open/contracts/uid/UniqueIdentity.sol
FN:38,initialize
FN:46,__UniqueIdentity_init
FN:51,__UniqueIdentity_init_unchained
FN:56,setSupportedUIDTypes
FN:67,name
FN:75,symbol
FN:83,mint
FN:92,mintTo
FN:97,_mintTo
FN:110,burn
FN:117,_beforeTokenTransfer
FN:132,onlySigner
FN:148,onlySignerMintTo
FN:173,incrementNonce
FN:179,unlockWrongToken
FNF:15
FNH:14
FNDA:53,initialize
FNDA:53,__UniqueIdentity_init
FNDA:53,__UniqueIdentity_init_unchained
FNDA:25,setSupportedUIDTypes
FNDA:1,name
FNDA:1,symbol
FNDA:8,mint
FNDA:1,mintTo
FNDA:9,_mintTo
FNDA:1,burn
FNDA:11,_beforeTokenTransfer
FNDA:9,onlySigner
FNDA:1,onlySignerMintTo
FNDA:10,incrementNonce
FNDA:0,unlockWrongToken
DA:39,53
DA:41,53
DA:42,53
DA:47,53
DA:52,53
DA:53,53
DA:57,25
DA:58,25
DA:59,100
DA:68,1
DA:76,1
DA:84,8
DA:93,1
DA:94,1
DA:98,9
DA:99,9
DA:100,9
DA:102,9
DA:111,1
DA:113,1
DA:114,1
DA:125,11
DA:129,10
DA:138,9
DA:140,9
DA:143,9
DA:144,9
DA:145,9
DA:154,1
DA:156,1
DA:168,1
DA:169,1
DA:170,1
DA:174,10
DA:175,10
DA:180,0
DA:181,0
DA:183,0
LF:38
LH:35
BRDA:38,1,0,53
BRDA:38,1,1,0
BRDA:39,2,0,53
BRDA:39,2,1,0
BRDA:46,3,0,53
BRDA:46,3,1,0
BRDA:51,4,0,53
BRDA:51,4,1,0
BRDA:56,5,0,25
BRDA:56,5,1,0
BRDA:57,6,0,25
BRDA:57,6,1,0
BRDA:83,7,0,8
BRDA:83,7,1,0
BRDA:83,8,0,8
BRDA:83,8,1,0
BRDA:92,9,0,1
BRDA:92,9,1,0
BRDA:92,10,0,1
BRDA:92,10,1,0
BRDA:93,11,0,1
BRDA:93,11,1,0
BRDA:98,12,0,9
BRDA:98,12,1,0
BRDA:99,13,0,9
BRDA:99,13,1,0
BRDA:100,14,0,9
BRDA:100,14,1,0
BRDA:110,15,0,1
BRDA:110,15,1,0
BRDA:110,16,0,1
BRDA:110,16,1,0
BRDA:114,17,0,1
BRDA:114,17,1,0
BRDA:125,18,0,10
BRDA:125,18,1,1
BRDA:126,19,0,9
BRDA:126,19,1,1
BRDA:138,20,0,9
BRDA:138,20,1,0
BRDA:144,21,0,9
BRDA:144,21,1,0
BRDA:154,22,0,1
BRDA:154,22,1,0
BRDA:169,23,0,1
BRDA:169,23,1,0
BRDA:179,24,0,0
BRDA:179,24,1,0
BRDA:180,25,0,0
BRDA:180,25,1,0
BRF:50
BRH:25
end_of_record
